<IPython.core.display.HTML object>
INFO:numexpr.utils:Note: detected 96 virtual cores but NumExpr set to maximum of 64, check "NUMEXPR_MAX_THREADS" environment variable.
INFO:numexpr.utils:Note: NumExpr detected 96 cores but "NUMEXPR_MAX_THREADS" not set, so enforcing safe limit of 8.
Figure(500x500)
15175766.545004
Figure(500x500)
Figure(500x500)
Figure(500x500)
Figure(500x500)
Figure(500x500)
Saved data to:  /groups/douglase/kians-data-files/roman-cgi-iefc-data/response-data/hlc_iefc_2dm_weight_map_20230717.fits
Figure(1250x500)
Calibrating iEFC...
	Calibrated mode 1/1804 in 5.274s
	Calibrated mode 2/1804 in 10.071s
	Calibrated mode 3/1804 in 14.893s
	Calibrated mode 4/1804 in 19.715s
	Calibrated mode 5/1804 in 24.583s
	Calibrated mode 6/1804 in 29.359s
	Calibrated mode 7/1804 in 34.130s
	Calibrated mode 8/1804 in 38.911s
	Calibrated mode 9/1804 in 43.685s
	Calibrated mode 10/1804 in 48.458s
	Calibrated mode 11/1804 in 53.246s
	Calibrated mode 12/1804 in 58.026s
	Calibrated mode 13/1804 in 62.866s
	Calibrated mode 14/1804 in 67.645s
	Calibrated mode 15/1804 in 72.420s
	Calibrated mode 16/1804 in 77.193s
	Calibrated mode 17/1804 in 81.977s
	Calibrated mode 18/1804 in 86.762s
	Calibrated mode 19/1804 in 91.543s
	Calibrated mode 20/1804 in 96.378s
	Calibrated mode 21/1804 in 101.143s
	Calibrated mode 22/1804 in 105.923s
	Calibrated mode 23/1804 in 110.699s
	Calibrated mode 24/1804 in 115.487s
	Calibrated mode 25/1804 in 120.290s
	Calibrated mode 26/1804 in 125.100s
	Calibrated mode 27/1804 in 129.906s
	Calibrated mode 28/1804 in 134.724s
	Calibrated mode 29/1804 in 139.619s
	Calibrated mode 30/1804 in 144.412s
	Calibrated mode 31/1804 in 149.240s
	Calibrated mode 32/1804 in 154.046s
	Calibrated mode 33/1804 in 158.828s
	Calibrated mode 34/1804 in 163.604s
	Calibrated mode 35/1804 in 168.386s
	Calibrated mode 36/1804 in 173.175s
	Calibrated mode 37/1804 in 177.968s
	Calibrated mode 38/1804 in 182.813s
	Calibrated mode 39/1804 in 187.595s
	Calibrated mode 40/1804 in 192.382s
	Calibrated mode 41/1804 in 197.166s
	Calibrated mode 42/1804 in 201.950s
	Calibrated mode 43/1804 in 206.758s
	Calibrated mode 44/1804 in 211.560s
	Calibrated mode 45/1804 in 216.423s
	Calibrated mode 46/1804 in 221.210s
	Calibrated mode 47/1804 in 225.990s
	Calibrated mode 48/1804 in 230.784s
	Calibrated mode 49/1804 in 235.584s
	Calibrated mode 50/1804 in 240.381s
	Calibrated mode 51/1804 in 245.171s
	Calibrated mode 52/1804 in 250.025s
	Calibrated mode 53/1804 in 254.806s
	Calibrated mode 54/1804 in 259.614s
	Calibrated mode 55/1804 in 264.395s
	Calibrated mode 56/1804 in 269.181s
	Calibrated mode 57/1804 in 273.966s
	Calibrated mode 58/1804 in 278.792s
	Calibrated mode 59/1804 in 283.576s
	Calibrated mode 60/1804 in 288.359s
	Calibrated mode 61/1804 in 293.150s
	Calibrated mode 62/1804 in 298.001s
	Calibrated mode 63/1804 in 302.786s
	Calibrated mode 64/1804 in 307.587s
	Calibrated mode 65/1804 in 312.365s
	Calibrated mode 66/1804 in 317.164s
	Calibrated mode 67/1804 in 321.956s
	Calibrated mode 68/1804 in 326.746s
	Calibrated mode 69/1804 in 331.533s
	Calibrated mode 70/1804 in 336.377s
	Calibrated mode 71/1804 in 341.153s
	Calibrated mode 72/1804 in 345.930s
	Calibrated mode 73/1804 in 350.708s
	Calibrated mode 74/1804 in 355.490s
	Calibrated mode 75/1804 in 360.281s
	Calibrated mode 76/1804 in 365.068s
	Calibrated mode 77/1804 in 369.852s
	Calibrated mode 78/1804 in 374.703s
	Calibrated mode 79/1804 in 379.494s
	Calibrated mode 80/1804 in 384.297s
	Calibrated mode 81/1804 in 389.083s
	Calibrated mode 82/1804 in 393.868s
	Calibrated mode 83/1804 in 398.662s
	Calibrated mode 84/1804 in 403.454s
	Calibrated mode 85/1804 in 408.292s
	Calibrated mode 86/1804 in 413.070s
	Calibrated mode 87/1804 in 417.859s
	Calibrated mode 88/1804 in 422.649s
	Calibrated mode 89/1804 in 427.434s
	Calibrated mode 90/1804 in 432.223s
	Calibrated mode 91/1804 in 437.022s
	Calibrated mode 92/1804 in 441.801s
	Calibrated mode 93/1804 in 446.588s
	Calibrated mode 94/1804 in 451.455s
	Calibrated mode 95/1804 in 456.232s
	Calibrated mode 96/1804 in 461.014s
	Calibrated mode 97/1804 in 465.797s
	Calibrated mode 98/1804 in 470.587s
	Calibrated mode 99/1804 in 475.372s
	Calibrated mode 100/1804 in 480.167s
	Calibrated mode 101/1804 in 484.961s
	Calibrated mode 102/1804 in 489.761s
	Calibrated mode 103/1804 in 494.609s
	Calibrated mode 104/1804 in 499.398s
	Calibrated mode 105/1804 in 504.207s
	Calibrated mode 106/1804 in 509.005s
	Calibrated mode 107/1804 in 513.793s
	Calibrated mode 108/1804 in 518.580s
	Calibrated mode 109/1804 in 523.367s
	Calibrated mode 110/1804 in 528.153s
	Calibrated mode 111/1804 in 532.996s
	Calibrated mode 112/1804 in 537.788s
	Calibrated mode 113/1804 in 542.576s
	Calibrated mode 114/1804 in 547.363s
	Calibrated mode 115/1804 in 552.145s
	Calibrated mode 116/1804 in 556.934s
	Calibrated mode 117/1804 in 561.783s
	Calibrated mode 118/1804 in 566.566s
	Calibrated mode 119/1804 in 571.356s
	Calibrated mode 120/1804 in 576.159s
	Calibrated mode 121/1804 in 580.961s
	Calibrated mode 122/1804 in 585.751s
	Calibrated mode 123/1804 in 590.541s
	Calibrated mode 124/1804 in 595.318s
	Calibrated mode 125/1804 in 600.111s
	Calibrated mode 126/1804 in 604.918s
	Calibrated mode 127/1804 in 609.767s
	Calibrated mode 128/1804 in 614.558s
	Calibrated mode 129/1804 in 619.344s
	Calibrated mode 130/1804 in 624.130s
	Calibrated mode 131/1804 in 628.910s
	Calibrated mode 132/1804 in 633.698s
	Calibrated mode 133/1804 in 638.500s
	Calibrated mode 134/1804 in 643.299s
	Calibrated mode 135/1804 in 648.155s
	Calibrated mode 136/1804 in 652.939s
	Calibrated mode 137/1804 in 657.731s
	Calibrated mode 138/1804 in 662.515s
	Calibrated mode 139/1804 in 667.302s
	Calibrated mode 140/1804 in 672.086s
	Calibrated mode 141/1804 in 676.873s
	Calibrated mode 142/1804 in 681.675s
	Calibrated mode 143/1804 in 686.512s
	Calibrated mode 144/1804 in 691.293s
	Calibrated mode 145/1804 in 696.063s
	Calibrated mode 146/1804 in 700.842s
	Calibrated mode 147/1804 in 705.615s
	Calibrated mode 148/1804 in 710.401s
	Calibrated mode 149/1804 in 715.195s
	Calibrated mode 150/1804 in 720.048s
	Calibrated mode 151/1804 in 724.826s
	Calibrated mode 152/1804 in 729.607s
	Calibrated mode 153/1804 in 734.395s
	Calibrated mode 154/1804 in 739.176s
	Calibrated mode 155/1804 in 743.952s
	Calibrated mode 156/1804 in 748.731s
	Calibrated mode 157/1804 in 753.521s
	Calibrated mode 158/1804 in 758.313s
	Calibrated mode 159/1804 in 763.138s
	Calibrated mode 160/1804 in 768.183s
	Calibrated mode 161/1804 in 773.059s
	Calibrated mode 162/1804 in 777.844s
	Calibrated mode 163/1804 in 782.629s
	Calibrated mode 164/1804 in 787.417s
	Calibrated mode 165/1804 in 792.201s
	Calibrated mode 166/1804 in 796.990s
	Calibrated mode 167/1804 in 801.794s
	Calibrated mode 168/1804 in 808.554s
	Calibrated mode 169/1804 in 813.373s
	Calibrated mode 170/1804 in 818.148s
	Calibrated mode 171/1804 in 822.930s
	Calibrated mode 172/1804 in 827.712s
	Calibrated mode 173/1804 in 832.487s
	Calibrated mode 174/1804 in 837.268s
	Calibrated mode 175/1804 in 842.044s
	Calibrated mode 176/1804 in 846.879s
	Calibrated mode 177/1804 in 851.655s
	Calibrated mode 178/1804 in 856.427s
	Calibrated mode 179/1804 in 861.201s
	Calibrated mode 180/1804 in 865.977s
	Calibrated mode 181/1804 in 870.757s
	Calibrated mode 182/1804 in 875.536s
	Calibrated mode 183/1804 in 880.377s
	Calibrated mode 184/1804 in 885.165s
	Calibrated mode 185/1804 in 890.038s
	Calibrated mode 186/1804 in 894.828s
	Calibrated mode 187/1804 in 899.732s
	Calibrated mode 188/1804 in 904.633s
	Calibrated mode 189/1804 in 910.497s
	Calibrated mode 190/1804 in 915.272s
	Calibrated mode 191/1804 in 920.048s
	Calibrated mode 192/1804 in 924.825s
	Calibrated mode 193/1804 in 929.660s
	Calibrated mode 194/1804 in 934.428s
	Calibrated mode 195/1804 in 939.198s
	Calibrated mode 196/1804 in 943.975s
	Calibrated mode 197/1804 in 948.752s
	Calibrated mode 198/1804 in 953.534s
	Calibrated mode 199/1804 in 958.320s
	Calibrated mode 200/1804 in 963.109s
	Calibrated mode 201/1804 in 967.950s
	Calibrated mode 202/1804 in 972.725s
	Calibrated mode 203/1804 in 977.500s
	Calibrated mode 204/1804 in 982.279s
	Calibrated mode 205/1804 in 987.061s
	Calibrated mode 206/1804 in 991.844s
	Calibrated mode 207/1804 in 996.626s
	Calibrated mode 208/1804 in 1001.406s
	Calibrated mode 209/1804 in 1006.251s
	Calibrated mode 210/1804 in 1011.023s
	Calibrated mode 211/1804 in 1015.802s
	Calibrated mode 212/1804 in 1020.579s
	Calibrated mode 213/1804 in 1025.365s
	Calibrated mode 214/1804 in 1030.140s
	Calibrated mode 215/1804 in 1034.925s
	Calibrated mode 216/1804 in 1039.764s
	Calibrated mode 217/1804 in 1044.533s
	Calibrated mode 218/1804 in 1049.308s
	Calibrated mode 219/1804 in 1054.087s
	Calibrated mode 220/1804 in 1058.868s
	Calibrated mode 221/1804 in 1063.645s
	Calibrated mode 222/1804 in 1068.429s
	Calibrated mode 223/1804 in 1073.214s
	Calibrated mode 224/1804 in 1077.997s
	Calibrated mode 225/1804 in 1082.783s
	Calibrated mode 226/1804 in 1087.628s
	Calibrated mode 227/1804 in 1092.408s
	Calibrated mode 228/1804 in 1097.187s
	Calibrated mode 229/1804 in 1101.968s
	Calibrated mode 230/1804 in 1106.752s
	Calibrated mode 231/1804 in 1111.539s
	Calibrated mode 232/1804 in 1116.313s
	Calibrated mode 233/1804 in 1121.099s
	Calibrated mode 234/1804 in 1125.945s
	Calibrated mode 235/1804 in 1130.724s
	Calibrated mode 236/1804 in 1135.501s
	Calibrated mode 237/1804 in 1140.284s
	Calibrated mode 238/1804 in 1145.063s
	Calibrated mode 239/1804 in 1149.841s
	Calibrated mode 240/1804 in 1154.618s
	Calibrated mode 241/1804 in 1159.399s
	Calibrated mode 242/1804 in 1164.243s
	Calibrated mode 243/1804 in 1169.006s
	Calibrated mode 244/1804 in 1173.778s
	Calibrated mode 245/1804 in 1178.547s
	Calibrated mode 246/1804 in 1183.320s
	Calibrated mode 247/1804 in 1188.094s
	Calibrated mode 248/1804 in 1192.874s
	Calibrated mode 249/1804 in 1197.715s
	Calibrated mode 250/1804 in 1202.487s
	Calibrated mode 251/1804 in 1207.256s
	Calibrated mode 252/1804 in 1212.032s
	Calibrated mode 253/1804 in 1216.801s
	Calibrated mode 254/1804 in 1221.572s
	Calibrated mode 255/1804 in 1226.350s
	Calibrated mode 256/1804 in 1231.133s
	Calibrated mode 257/1804 in 1235.912s
	Calibrated mode 258/1804 in 1240.688s
	Calibrated mode 259/1804 in 1245.518s
	Calibrated mode 260/1804 in 1250.291s
	Calibrated mode 261/1804 in 1255.066s
	Calibrated mode 262/1804 in 1259.840s
	Calibrated mode 263/1804 in 1264.611s
	Calibrated mode 264/1804 in 1269.383s
	Calibrated mode 265/1804 in 1274.164s
	Calibrated mode 266/1804 in 1278.941s
	Calibrated mode 267/1804 in 1283.779s
	Calibrated mode 268/1804 in 1288.548s
	Calibrated mode 269/1804 in 1293.325s
	Calibrated mode 270/1804 in 1298.102s
	Calibrated mode 271/1804 in 1302.877s
	Calibrated mode 272/1804 in 1307.652s
	Calibrated mode 273/1804 in 1312.433s
	Calibrated mode 274/1804 in 1317.213s
	Calibrated mode 275/1804 in 1322.051s
	Calibrated mode 276/1804 in 1326.816s
	Calibrated mode 277/1804 in 1331.591s
	Calibrated mode 278/1804 in 1336.362s
	Calibrated mode 279/1804 in 1341.137s
	Calibrated mode 280/1804 in 1345.908s
	Calibrated mode 281/1804 in 1350.689s
	Calibrated mode 282/1804 in 1355.523s
	Calibrated mode 283/1804 in 1360.293s
	Calibrated mode 284/1804 in 1365.063s
	Calibrated mode 285/1804 in 1369.836s
	Calibrated mode 286/1804 in 1374.610s
	Calibrated mode 287/1804 in 1379.383s
	Calibrated mode 288/1804 in 1384.166s
	Calibrated mode 289/1804 in 1388.943s
	Calibrated mode 290/1804 in 1393.722s
	Calibrated mode 291/1804 in 1398.498s
	Calibrated mode 292/1804 in 1403.334s
	Calibrated mode 293/1804 in 1408.102s
	Calibrated mode 294/1804 in 1412.876s
	Calibrated mode 295/1804 in 1417.652s
	Calibrated mode 296/1804 in 1422.431s
	Calibrated mode 297/1804 in 1427.209s
	Calibrated mode 298/1804 in 1431.989s
	Calibrated mode 299/1804 in 1436.771s
	Calibrated mode 300/1804 in 1441.611s
	Calibrated mode 301/1804 in 1446.387s
	Calibrated mode 302/1804 in 1451.158s
	Calibrated mode 303/1804 in 1455.935s
	Calibrated mode 304/1804 in 1460.710s
	Calibrated mode 305/1804 in 1465.491s
	Calibrated mode 306/1804 in 1470.276s
	Calibrated mode 307/1804 in 1475.063s
	Calibrated mode 308/1804 in 1479.909s
	Calibrated mode 309/1804 in 1484.678s
	Calibrated mode 310/1804 in 1489.454s
	Calibrated mode 311/1804 in 1494.236s
	Calibrated mode 312/1804 in 1499.045s
	Calibrated mode 313/1804 in 1503.826s
	Calibrated mode 314/1804 in 1508.613s
	Calibrated mode 315/1804 in 1513.455s
	Calibrated mode 316/1804 in 1518.236s
	Calibrated mode 317/1804 in 1523.011s
	Calibrated mode 318/1804 in 1527.786s
	Calibrated mode 319/1804 in 1532.562s
	Calibrated mode 320/1804 in 1537.347s
	Calibrated mode 321/1804 in 1542.130s
	Calibrated mode 322/1804 in 1546.913s
	Calibrated mode 323/1804 in 1551.691s
	Calibrated mode 324/1804 in 1556.468s
	Calibrated mode 325/1804 in 1561.304s
	Calibrated mode 326/1804 in 1566.074s
	Calibrated mode 327/1804 in 1570.841s
	Calibrated mode 328/1804 in 1575.617s
	Calibrated mode 329/1804 in 1580.395s
	Calibrated mode 330/1804 in 1585.179s
	Calibrated mode 331/1804 in 1589.959s
	Calibrated mode 332/1804 in 1594.736s
	Calibrated mode 333/1804 in 1599.514s
	Calibrated mode 334/1804 in 1604.349s
	Calibrated mode 335/1804 in 1609.129s
	Calibrated mode 336/1804 in 1613.905s
	Calibrated mode 337/1804 in 1618.687s
	Calibrated mode 338/1804 in 1623.465s
	Calibrated mode 339/1804 in 1628.252s
	Calibrated mode 340/1804 in 1633.032s
	Calibrated mode 341/1804 in 1637.820s
	Calibrated mode 342/1804 in 1642.661s
	Calibrated mode 343/1804 in 1647.443s
	Calibrated mode 344/1804 in 1652.223s
	Calibrated mode 345/1804 in 1657.002s
	Calibrated mode 346/1804 in 1661.781s
	Calibrated mode 347/1804 in 1666.567s
	Calibrated mode 348/1804 in 1671.358s
	Calibrated mode 349/1804 in 1676.200s
	Calibrated mode 350/1804 in 1680.975s
	Calibrated mode 351/1804 in 1685.748s
	Calibrated mode 352/1804 in 1690.523s
	Calibrated mode 353/1804 in 1695.300s
	Calibrated mode 354/1804 in 1700.079s
	Calibrated mode 355/1804 in 1704.862s
	Calibrated mode 356/1804 in 1709.642s
	Calibrated mode 357/1804 in 1714.494s
	Calibrated mode 358/1804 in 1719.325s
	Calibrated mode 359/1804 in 1724.232s
	Calibrated mode 360/1804 in 1729.087s
	Calibrated mode 361/1804 in 1733.960s
	Calibrated mode 362/1804 in 1738.827s
	Calibrated mode 363/1804 in 1743.695s
	Calibrated mode 364/1804 in 1748.555s
	Calibrated mode 365/1804 in 1753.389s
	Calibrated mode 366/1804 in 1758.225s
	Calibrated mode 367/1804 in 1763.124s
	Calibrated mode 368/1804 in 1767.959s
	Calibrated mode 369/1804 in 1772.793s
	Calibrated mode 370/1804 in 1777.627s
	Calibrated mode 371/1804 in 1782.469s
	Calibrated mode 372/1804 in 1787.313s
	Calibrated mode 373/1804 in 1792.158s
	Calibrated mode 374/1804 in 1797.004s
	Calibrated mode 375/1804 in 1801.910s
	Calibrated mode 376/1804 in 1806.743s
	Calibrated mode 377/1804 in 1811.579s
	Calibrated mode 378/1804 in 1816.428s
	Calibrated mode 379/1804 in 1821.278s
	Calibrated mode 380/1804 in 1826.128s
	Calibrated mode 381/1804 in 1830.977s
	Calibrated mode 382/1804 in 1835.876s
	Calibrated mode 383/1804 in 1840.707s
	Calibrated mode 384/1804 in 1845.535s
	Calibrated mode 385/1804 in 1850.363s
	Calibrated mode 386/1804 in 1855.193s
	Calibrated mode 387/1804 in 1860.030s
	Calibrated mode 388/1804 in 1864.872s
	Calibrated mode 389/1804 in 1869.711s
	Calibrated mode 390/1804 in 1874.549s
	Calibrated mode 391/1804 in 1879.381s
	Calibrated mode 392/1804 in 1884.286s
	Calibrated mode 393/1804 in 1889.123s
	Calibrated mode 394/1804 in 1893.964s
	Calibrated mode 395/1804 in 1898.804s
	Calibrated mode 396/1804 in 1903.647s
	Calibrated mode 397/1804 in 1908.487s
	Calibrated mode 398/1804 in 1913.333s
	Calibrated mode 399/1804 in 1918.176s
	Calibrated mode 400/1804 in 1923.092s
	Calibrated mode 401/1804 in 1927.931s
	Calibrated mode 402/1804 in 1932.766s
	Calibrated mode 403/1804 in 1937.609s
	Calibrated mode 404/1804 in 1942.457s
	Calibrated mode 405/1804 in 1947.317s
	Calibrated mode 406/1804 in 1952.173s
	Calibrated mode 407/1804 in 1957.029s
	Calibrated mode 408/1804 in 1961.882s
	Calibrated mode 409/1804 in 1966.802s
	Calibrated mode 410/1804 in 1971.652s
	Calibrated mode 411/1804 in 1976.495s
	Calibrated mode 412/1804 in 1981.341s
	Calibrated mode 413/1804 in 1986.194s
	Calibrated mode 414/1804 in 1991.046s
	Calibrated mode 415/1804 in 1995.897s
	Calibrated mode 416/1804 in 2000.814s
	Calibrated mode 417/1804 in 2005.655s
	Calibrated mode 418/1804 in 2010.494s
	Calibrated mode 419/1804 in 2015.345s
	Calibrated mode 420/1804 in 2020.186s
	Calibrated mode 421/1804 in 2025.031s
	Calibrated mode 422/1804 in 2029.876s
	Calibrated mode 423/1804 in 2034.722s
	Calibrated mode 424/1804 in 2039.565s
	Calibrated mode 425/1804 in 2044.407s
	Calibrated mode 426/1804 in 2049.324s
	Calibrated mode 427/1804 in 2054.164s
	Calibrated mode 428/1804 in 2059.005s
	Calibrated mode 429/1804 in 2063.848s
	Calibrated mode 430/1804 in 2068.695s
	Calibrated mode 431/1804 in 2073.540s
	Calibrated mode 432/1804 in 2078.385s
	Calibrated mode 433/1804 in 2083.230s
	Calibrated mode 434/1804 in 2088.156s
	Calibrated mode 435/1804 in 2092.994s
	Calibrated mode 436/1804 in 2097.857s
	Calibrated mode 437/1804 in 2102.711s
	Calibrated mode 438/1804 in 2107.569s
	Calibrated mode 439/1804 in 2112.419s
	Calibrated mode 440/1804 in 2117.276s
	Calibrated mode 441/1804 in 2122.132s
	Calibrated mode 442/1804 in 2126.984s
	Calibrated mode 443/1804 in 2131.917s
	Calibrated mode 444/1804 in 2136.772s
	Calibrated mode 445/1804 in 2141.625s
	Calibrated mode 446/1804 in 2146.479s
	Calibrated mode 447/1804 in 2151.333s
	Calibrated mode 448/1804 in 2156.188s
	Calibrated mode 449/1804 in 2161.044s
	Calibrated mode 450/1804 in 2165.969s
	Calibrated mode 451/1804 in 2170.818s
	Calibrated mode 452/1804 in 2175.668s
	Calibrated mode 453/1804 in 2180.512s
	Calibrated mode 454/1804 in 2185.352s
	Calibrated mode 455/1804 in 2190.197s
	Calibrated mode 456/1804 in 2195.041s
	Calibrated mode 457/1804 in 2199.886s
	Calibrated mode 458/1804 in 2204.738s
	Calibrated mode 459/1804 in 2209.590s
	Calibrated mode 460/1804 in 2214.500s
	Calibrated mode 461/1804 in 2219.339s
	Calibrated mode 462/1804 in 2224.187s
	Calibrated mode 463/1804 in 2229.040s
	Calibrated mode 464/1804 in 2233.898s
	Calibrated mode 465/1804 in 2238.757s
	Calibrated mode 466/1804 in 2243.612s
	Calibrated mode 467/1804 in 2248.470s
	Calibrated mode 468/1804 in 2253.399s
	Calibrated mode 469/1804 in 2258.245s
	Calibrated mode 470/1804 in 2263.098s
	Calibrated mode 471/1804 in 2267.941s
	Calibrated mode 472/1804 in 2272.792s
	Calibrated mode 473/1804 in 2277.650s
	Calibrated mode 474/1804 in 2282.505s
	Calibrated mode 475/1804 in 2287.366s
	Calibrated mode 476/1804 in 2292.223s
	Calibrated mode 477/1804 in 2297.152s
	Calibrated mode 478/1804 in 2302.013s
	Calibrated mode 479/1804 in 2306.872s
	Calibrated mode 480/1804 in 2311.733s
	Calibrated mode 481/1804 in 2316.599s
	Calibrated mode 482/1804 in 2321.461s
	Calibrated mode 483/1804 in 2326.327s
	Calibrated mode 484/1804 in 2331.263s
	Calibrated mode 485/1804 in 2336.125s
	Calibrated mode 486/1804 in 2340.987s
	Calibrated mode 487/1804 in 2345.843s
	Calibrated mode 488/1804 in 2350.700s
	Calibrated mode 489/1804 in 2355.555s
	Calibrated mode 490/1804 in 2360.415s
	Calibrated mode 491/1804 in 2365.280s
	Calibrated mode 492/1804 in 2370.147s
	Calibrated mode 493/1804 in 2375.016s
	Calibrated mode 494/1804 in 2379.946s
	Calibrated mode 495/1804 in 2384.809s
	Calibrated mode 496/1804 in 2389.665s
	Calibrated mode 497/1804 in 2394.524s
	Calibrated mode 498/1804 in 2399.383s
	Calibrated mode 499/1804 in 2404.241s
	Calibrated mode 500/1804 in 2409.103s
	Calibrated mode 501/1804 in 2413.965s
	Calibrated mode 502/1804 in 2418.898s
	Calibrated mode 503/1804 in 2423.753s
	Calibrated mode 504/1804 in 2428.610s
	Calibrated mode 505/1804 in 2433.476s
	Calibrated mode 506/1804 in 2438.336s
	Calibrated mode 507/1804 in 2443.192s
	Calibrated mode 508/1804 in 2448.052s
	Calibrated mode 509/1804 in 2452.907s
	Calibrated mode 510/1804 in 2457.768s
	Calibrated mode 511/1804 in 2462.694s
	Calibrated mode 512/1804 in 2467.559s
	Calibrated mode 513/1804 in 2472.422s
	Calibrated mode 514/1804 in 2477.283s
	Calibrated mode 515/1804 in 2482.147s
	Calibrated mode 516/1804 in 2487.021s
	Calibrated mode 517/1804 in 2491.892s
	Calibrated mode 518/1804 in 2496.829s
	Calibrated mode 519/1804 in 2501.694s
	Calibrated mode 520/1804 in 2506.559s
	Calibrated mode 521/1804 in 2511.421s
	Calibrated mode 522/1804 in 2516.291s
	Calibrated mode 523/1804 in 2521.151s
	Calibrated mode 524/1804 in 2526.021s
	Calibrated mode 525/1804 in 2530.895s
	Calibrated mode 526/1804 in 2535.757s
	Calibrated mode 527/1804 in 2540.629s
	Calibrated mode 528/1804 in 2545.564s
	Calibrated mode 529/1804 in 2550.399s
	Calibrated mode 530/1804 in 2555.247s
	Calibrated mode 531/1804 in 2560.093s
	Calibrated mode 532/1804 in 2564.938s
	Calibrated mode 533/1804 in 2569.786s
	Calibrated mode 534/1804 in 2574.637s
	Calibrated mode 535/1804 in 2579.483s
	Calibrated mode 536/1804 in 2584.331s
	Calibrated mode 537/1804 in 2589.242s
	Calibrated mode 538/1804 in 2594.079s
	Calibrated mode 539/1804 in 2598.922s
	Calibrated mode 540/1804 in 2603.761s
	Calibrated mode 541/1804 in 2608.608s
	Calibrated mode 542/1804 in 2613.454s
	Calibrated mode 543/1804 in 2618.305s
	Calibrated mode 544/1804 in 2623.152s
	Calibrated mode 545/1804 in 2628.067s
	Calibrated mode 546/1804 in 2632.900s
	Calibrated mode 547/1804 in 2637.742s
	Calibrated mode 548/1804 in 2642.580s
	Calibrated mode 549/1804 in 2647.417s
	Calibrated mode 550/1804 in 2652.253s
	Calibrated mode 551/1804 in 2657.090s
	Calibrated mode 552/1804 in 2661.997s
	Calibrated mode 553/1804 in 2666.822s
	Calibrated mode 554/1804 in 2671.652s
	Calibrated mode 555/1804 in 2676.485s
	Calibrated mode 556/1804 in 2681.321s
	Calibrated mode 557/1804 in 2686.154s
	Calibrated mode 558/1804 in 2690.975s
	Calibrated mode 559/1804 in 2695.792s
	Calibrated mode 560/1804 in 2700.642s
	Calibrated mode 561/1804 in 2705.470s
	Calibrated mode 562/1804 in 2710.360s
	Calibrated mode 563/1804 in 2715.170s
	Calibrated mode 564/1804 in 2719.987s
	Calibrated mode 565/1804 in 2724.803s
	Calibrated mode 566/1804 in 2729.624s
	Calibrated mode 567/1804 in 2734.441s
	Calibrated mode 568/1804 in 2739.263s
	Calibrated mode 569/1804 in 2744.085s
	Calibrated mode 570/1804 in 2748.900s
	Calibrated mode 571/1804 in 2753.779s
	Calibrated mode 572/1804 in 2758.593s
	Calibrated mode 573/1804 in 2763.408s
	Calibrated mode 574/1804 in 2768.225s
	Calibrated mode 575/1804 in 2773.037s
	Calibrated mode 576/1804 in 2777.851s
	Calibrated mode 577/1804 in 2782.660s
	Calibrated mode 578/1804 in 2787.470s
	Calibrated mode 579/1804 in 2792.276s
	Calibrated mode 580/1804 in 2797.150s
	Calibrated mode 581/1804 in 2801.957s
	Calibrated mode 582/1804 in 2806.772s
	Calibrated mode 583/1804 in 2811.589s
	Calibrated mode 584/1804 in 2816.410s
	Calibrated mode 585/1804 in 2821.220s
	Calibrated mode 586/1804 in 2826.036s
	Calibrated mode 587/1804 in 2830.914s
	Calibrated mode 588/1804 in 2835.717s
	Calibrated mode 589/1804 in 2840.526s
	Calibrated mode 590/1804 in 2845.336s
	Calibrated mode 591/1804 in 2850.150s
	Calibrated mode 592/1804 in 2854.966s
	Calibrated mode 593/1804 in 2859.778s
	Calibrated mode 594/1804 in 2864.591s
	Calibrated mode 595/1804 in 2869.399s
	Calibrated mode 596/1804 in 2874.212s
	Calibrated mode 597/1804 in 2879.085s
	Calibrated mode 598/1804 in 2883.888s
	Calibrated mode 599/1804 in 2888.701s
	Calibrated mode 600/1804 in 2893.512s
	Calibrated mode 601/1804 in 2898.328s
	Calibrated mode 602/1804 in 2903.148s
	Calibrated mode 603/1804 in 2907.977s
	Calibrated mode 604/1804 in 2912.798s
	Calibrated mode 605/1804 in 2917.625s
	Calibrated mode 606/1804 in 2922.515s
	Calibrated mode 607/1804 in 2927.330s
	Calibrated mode 608/1804 in 2932.138s
	Calibrated mode 609/1804 in 2936.952s
	Calibrated mode 610/1804 in 2941.766s
	Calibrated mode 611/1804 in 2946.584s
	Calibrated mode 612/1804 in 2951.408s
	Calibrated mode 613/1804 in 2956.232s
	Calibrated mode 614/1804 in 2961.124s
	Calibrated mode 615/1804 in 2965.945s
	Calibrated mode 616/1804 in 2970.773s
	Calibrated mode 617/1804 in 2975.610s
	Calibrated mode 618/1804 in 2980.441s
	Calibrated mode 619/1804 in 2985.269s
	Calibrated mode 620/1804 in 2990.108s
	Calibrated mode 621/1804 in 2994.944s
	Calibrated mode 622/1804 in 2999.838s
	Calibrated mode 623/1804 in 3004.659s
	Calibrated mode 624/1804 in 3009.485s
	Calibrated mode 625/1804 in 3014.304s
	Calibrated mode 626/1804 in 3019.128s
	Calibrated mode 627/1804 in 3023.950s
	Calibrated mode 628/1804 in 3028.780s
	Calibrated mode 629/1804 in 3033.607s
	Calibrated mode 630/1804 in 3038.431s
	Calibrated mode 631/1804 in 3043.256s
	Calibrated mode 632/1804 in 3048.150s
	Calibrated mode 633/1804 in 3052.967s
	Calibrated mode 634/1804 in 3057.797s
	Calibrated mode 635/1804 in 3062.624s
	Calibrated mode 636/1804 in 3067.454s
	Calibrated mode 637/1804 in 3072.285s
	Calibrated mode 638/1804 in 3077.118s
	Calibrated mode 639/1804 in 3081.952s
	Calibrated mode 640/1804 in 3086.857s
	Calibrated mode 641/1804 in 3091.683s
	Calibrated mode 642/1804 in 3096.512s
	Calibrated mode 643/1804 in 3101.340s
	Calibrated mode 644/1804 in 3106.161s
	Calibrated mode 645/1804 in 3110.984s
	Calibrated mode 646/1804 in 3115.812s
	Calibrated mode 647/1804 in 3120.630s
	Calibrated mode 648/1804 in 3125.459s
	Calibrated mode 649/1804 in 3130.347s
	Calibrated mode 650/1804 in 3135.163s
	Calibrated mode 651/1804 in 3139.998s
	Calibrated mode 652/1804 in 3144.833s
	Calibrated mode 653/1804 in 3149.664s
	Calibrated mode 654/1804 in 3154.496s
	Calibrated mode 655/1804 in 3159.330s
	Calibrated mode 656/1804 in 3164.226s
	Calibrated mode 657/1804 in 3169.044s
	Calibrated mode 658/1804 in 3173.865s
	Calibrated mode 659/1804 in 3178.686s
	Calibrated mode 660/1804 in 3183.505s
	Calibrated mode 661/1804 in 3188.322s
	Calibrated mode 662/1804 in 3193.140s
	Calibrated mode 663/1804 in 3197.961s
	Calibrated mode 664/1804 in 3202.783s
	Calibrated mode 665/1804 in 3207.606s
	Calibrated mode 666/1804 in 3212.489s
	Calibrated mode 667/1804 in 3217.305s
	Calibrated mode 668/1804 in 3222.126s
	Calibrated mode 669/1804 in 3226.955s
	Calibrated mode 670/1804 in 3231.779s
	Calibrated mode 671/1804 in 3236.600s
	Calibrated mode 672/1804 in 3241.425s
	Calibrated mode 673/1804 in 3246.247s
	Calibrated mode 674/1804 in 3251.072s
	Calibrated mode 675/1804 in 3255.964s
	Calibrated mode 676/1804 in 3260.771s
	Calibrated mode 677/1804 in 3265.590s
	Calibrated mode 678/1804 in 3270.410s
	Calibrated mode 679/1804 in 3275.232s
	Calibrated mode 680/1804 in 3280.056s
	Calibrated mode 681/1804 in 3284.881s
	Calibrated mode 682/1804 in 3289.705s
	Calibrated mode 683/1804 in 3294.533s
	Calibrated mode 684/1804 in 3299.445s
	Calibrated mode 685/1804 in 3304.270s
	Calibrated mode 686/1804 in 3309.098s
	Calibrated mode 687/1804 in 3313.924s
	Calibrated mode 688/1804 in 3318.742s
	Calibrated mode 689/1804 in 3323.571s
	Calibrated mode 690/1804 in 3328.401s
	Calibrated mode 691/1804 in 3333.292s
	Calibrated mode 692/1804 in 3338.113s
	Calibrated mode 693/1804 in 3342.927s
	Calibrated mode 694/1804 in 3347.741s
	Calibrated mode 695/1804 in 3352.564s
	Calibrated mode 696/1804 in 3357.389s
	Calibrated mode 697/1804 in 3362.215s
	Calibrated mode 698/1804 in 3367.053s
	Calibrated mode 699/1804 in 3371.878s
	Calibrated mode 700/1804 in 3376.707s
	Calibrated mode 701/1804 in 3381.604s
	Calibrated mode 702/1804 in 3386.420s
	Calibrated mode 703/1804 in 3391.245s
	Calibrated mode 704/1804 in 3396.067s
	Calibrated mode 705/1804 in 3400.888s
	Calibrated mode 706/1804 in 3405.707s
	Calibrated mode 707/1804 in 3410.535s
	Calibrated mode 708/1804 in 3415.366s
	Calibrated mode 709/1804 in 3420.196s
	Calibrated mode 710/1804 in 3425.089s
	Calibrated mode 711/1804 in 3429.900s
	Calibrated mode 712/1804 in 3434.719s
	Calibrated mode 713/1804 in 3439.542s
	Calibrated mode 714/1804 in 3444.365s
	Calibrated mode 715/1804 in 3449.187s
	Calibrated mode 716/1804 in 3454.016s
	Calibrated mode 717/1804 in 3458.842s
	Calibrated mode 718/1804 in 3463.670s
	Calibrated mode 719/1804 in 3468.566s
	Calibrated mode 720/1804 in 3473.392s
	Calibrated mode 721/1804 in 3478.220s
	Calibrated mode 722/1804 in 3483.054s
	Calibrated mode 723/1804 in 3487.881s
	Calibrated mode 724/1804 in 3492.710s
	Calibrated mode 725/1804 in 3497.542s
	Calibrated mode 726/1804 in 3502.439s
	Calibrated mode 727/1804 in 3507.256s
	Calibrated mode 728/1804 in 3512.075s
	Calibrated mode 729/1804 in 3516.903s
	Calibrated mode 730/1804 in 3521.731s
	Calibrated mode 731/1804 in 3526.557s
	Calibrated mode 732/1804 in 3531.390s
	Calibrated mode 733/1804 in 3536.219s
	Calibrated mode 734/1804 in 3541.048s
	Calibrated mode 735/1804 in 3545.881s
	Calibrated mode 736/1804 in 3550.706s
	Calibrated mode 737/1804 in 3555.594s
	Calibrated mode 738/1804 in 3560.417s
	Calibrated mode 739/1804 in 3565.235s
	Calibrated mode 740/1804 in 3570.055s
	Calibrated mode 741/1804 in 3574.881s
	Calibrated mode 742/1804 in 3579.710s
	Calibrated mode 743/1804 in 3584.539s
	Calibrated mode 744/1804 in 3589.375s
	Calibrated mode 745/1804 in 3594.272s
	Calibrated mode 746/1804 in 3599.092s
	Calibrated mode 747/1804 in 3603.910s
	Calibrated mode 748/1804 in 3608.736s
	Calibrated mode 749/1804 in 3613.552s
	Calibrated mode 750/1804 in 3618.372s
	Calibrated mode 751/1804 in 3623.192s
	Calibrated mode 752/1804 in 3628.012s
	Calibrated mode 753/1804 in 3632.834s
	Calibrated mode 754/1804 in 3637.727s
	Calibrated mode 755/1804 in 3642.549s
	Calibrated mode 756/1804 in 3647.370s
	Calibrated mode 757/1804 in 3652.188s
	Calibrated mode 758/1804 in 3657.006s
	Calibrated mode 759/1804 in 3661.826s
	Calibrated mode 760/1804 in 3666.654s
	Calibrated mode 761/1804 in 3671.484s
	Calibrated mode 762/1804 in 3676.370s
	Calibrated mode 763/1804 in 3681.186s
	Calibrated mode 764/1804 in 3686.008s
	Calibrated mode 765/1804 in 3690.829s
	Calibrated mode 766/1804 in 3695.646s
	Calibrated mode 767/1804 in 3700.471s
	Calibrated mode 768/1804 in 3705.290s
	Calibrated mode 769/1804 in 3710.114s
	Calibrated mode 770/1804 in 3714.935s
	Calibrated mode 771/1804 in 3719.756s
	Calibrated mode 772/1804 in 3724.642s
	Calibrated mode 773/1804 in 3729.458s
	Calibrated mode 774/1804 in 3734.274s
	Calibrated mode 775/1804 in 3739.102s
	Calibrated mode 776/1804 in 3743.928s
	Calibrated mode 777/1804 in 3748.753s
	Calibrated mode 778/1804 in 3753.578s
	Calibrated mode 779/1804 in 3758.411s
	Calibrated mode 780/1804 in 3763.235s
	Calibrated mode 781/1804 in 3768.130s
	Calibrated mode 782/1804 in 3772.956s
	Calibrated mode 783/1804 in 3777.783s
	Calibrated mode 784/1804 in 3782.611s
	Calibrated mode 785/1804 in 3787.436s
	Calibrated mode 786/1804 in 3792.263s
	Calibrated mode 787/1804 in 3797.091s
	Calibrated mode 788/1804 in 3801.917s
	Calibrated mode 789/1804 in 3806.817s
	Calibrated mode 790/1804 in 3811.637s
	Calibrated mode 791/1804 in 3816.461s
	Calibrated mode 792/1804 in 3821.283s
	Calibrated mode 793/1804 in 3826.109s
	Calibrated mode 794/1804 in 3830.935s
	Calibrated mode 795/1804 in 3835.769s
	Calibrated mode 796/1804 in 3840.604s
	Calibrated mode 797/1804 in 3845.501s
	Calibrated mode 798/1804 in 3850.324s
	Calibrated mode 799/1804 in 3855.148s
	Calibrated mode 800/1804 in 3859.976s
	Calibrated mode 801/1804 in 3864.797s
	Calibrated mode 802/1804 in 3869.621s
	Calibrated mode 803/1804 in 3874.448s
	Calibrated mode 804/1804 in 3879.273s
	Calibrated mode 805/1804 in 3884.104s
	Calibrated mode 806/1804 in 3888.929s
	Calibrated mode 807/1804 in 3893.826s
	Calibrated mode 808/1804 in 3898.672s
	Calibrated mode 809/1804 in 3903.496s
	Calibrated mode 810/1804 in 3908.323s
	Calibrated mode 811/1804 in 3913.154s
	Calibrated mode 812/1804 in 3917.988s
	Calibrated mode 813/1804 in 3922.819s
	Calibrated mode 814/1804 in 3927.646s
	Calibrated mode 815/1804 in 3932.485s
	Calibrated mode 816/1804 in 3937.383s
	Calibrated mode 817/1804 in 3942.205s
	Calibrated mode 818/1804 in 3947.027s
	Calibrated mode 819/1804 in 3951.853s
	Calibrated mode 820/1804 in 3956.679s
	Calibrated mode 821/1804 in 3961.512s
	Calibrated mode 822/1804 in 3966.355s
	Calibrated mode 823/1804 in 3971.193s
	Calibrated mode 824/1804 in 3976.027s
	Calibrated mode 825/1804 in 3980.921s
	Calibrated mode 826/1804 in 3985.755s
	Calibrated mode 827/1804 in 3990.589s
	Calibrated mode 828/1804 in 3995.422s
	Calibrated mode 829/1804 in 4000.263s
	Calibrated mode 830/1804 in 4005.097s
	Calibrated mode 831/1804 in 4009.942s
	Calibrated mode 832/1804 in 4014.847s
	Calibrated mode 833/1804 in 4019.672s
	Calibrated mode 834/1804 in 4024.510s
	Calibrated mode 835/1804 in 4029.347s
	Calibrated mode 836/1804 in 4034.192s
	Calibrated mode 837/1804 in 4039.019s
	Calibrated mode 838/1804 in 4043.842s
	Calibrated mode 839/1804 in 4048.687s
	Calibrated mode 840/1804 in 4053.522s
	Calibrated mode 841/1804 in 4058.366s
	Calibrated mode 842/1804 in 4063.264s
	Calibrated mode 843/1804 in 4068.085s
	Calibrated mode 844/1804 in 4072.914s
	Calibrated mode 845/1804 in 4077.739s
	Calibrated mode 846/1804 in 4082.566s
	Calibrated mode 847/1804 in 4087.401s
	Calibrated mode 848/1804 in 4092.233s
	Calibrated mode 849/1804 in 4097.063s
	Calibrated mode 850/1804 in 4101.895s
	Calibrated mode 851/1804 in 4106.801s
	Calibrated mode 852/1804 in 4111.621s
	Calibrated mode 853/1804 in 4116.441s
	Calibrated mode 854/1804 in 4121.259s
	Calibrated mode 855/1804 in 4126.076s
	Calibrated mode 856/1804 in 4130.894s
	Calibrated mode 857/1804 in 4135.724s
	Calibrated mode 858/1804 in 4140.555s
	Calibrated mode 859/1804 in 4145.385s
	Calibrated mode 860/1804 in 4150.279s
	Calibrated mode 861/1804 in 4155.097s
	Calibrated mode 862/1804 in 4159.930s
	Calibrated mode 863/1804 in 4164.760s
	Calibrated mode 864/1804 in 4169.596s
	Calibrated mode 865/1804 in 4174.423s
	Calibrated mode 866/1804 in 4179.259s
	Calibrated mode 867/1804 in 4184.171s
	Calibrated mode 868/1804 in 4188.995s
	Calibrated mode 869/1804 in 4193.829s
	Calibrated mode 870/1804 in 4198.669s
	Calibrated mode 871/1804 in 4203.502s
	Calibrated mode 872/1804 in 4208.339s
	Calibrated mode 873/1804 in 4213.181s
	Calibrated mode 874/1804 in 4218.025s
	Calibrated mode 875/1804 in 4222.864s
	Calibrated mode 876/1804 in 4227.711s
	Calibrated mode 877/1804 in 4232.546s
	Calibrated mode 878/1804 in 4237.448s
	Calibrated mode 879/1804 in 4242.276s
	Calibrated mode 880/1804 in 4247.111s
	Calibrated mode 881/1804 in 4251.949s
	Calibrated mode 882/1804 in 4256.791s
	Calibrated mode 883/1804 in 4261.629s
	Calibrated mode 884/1804 in 4266.463s
	Calibrated mode 885/1804 in 4271.296s
	Calibrated mode 886/1804 in 4276.131s
	Calibrated mode 887/1804 in 4281.026s
	Calibrated mode 888/1804 in 4285.851s
	Calibrated mode 889/1804 in 4290.682s
	Calibrated mode 890/1804 in 4295.512s
	Calibrated mode 891/1804 in 4300.348s
	Calibrated mode 892/1804 in 4305.174s
	Calibrated mode 893/1804 in 4310.005s
	Calibrated mode 894/1804 in 4314.846s
	Calibrated mode 895/1804 in 4319.749s
	Calibrated mode 896/1804 in 4324.563s
	Calibrated mode 897/1804 in 4329.380s
	Calibrated mode 898/1804 in 4334.202s
	Calibrated mode 899/1804 in 4339.027s
	Calibrated mode 900/1804 in 4343.861s
	Calibrated mode 901/1804 in 4348.694s
	Calibrated mode 902/1804 in 4353.525s
	Calibrated mode 903/1804 in 4358.427s
	Calibrated mode 904/1804 in 4363.249s
	Calibrated mode 905/1804 in 4368.078s
	Calibrated mode 906/1804 in 4372.910s
	Calibrated mode 907/1804 in 4377.731s
	Calibrated mode 908/1804 in 4382.561s
	Calibrated mode 909/1804 in 4387.390s
	Calibrated mode 910/1804 in 4392.219s
	Calibrated mode 911/1804 in 4397.045s
	Calibrated mode 912/1804 in 4401.870s
	Calibrated mode 913/1804 in 4406.769s
	Calibrated mode 914/1804 in 4411.594s
	Calibrated mode 915/1804 in 4416.421s
	Calibrated mode 916/1804 in 4421.249s
	Calibrated mode 917/1804 in 4426.074s
	Calibrated mode 918/1804 in 4430.900s
	Calibrated mode 919/1804 in 4435.732s
	Calibrated mode 920/1804 in 4440.568s
	Calibrated mode 921/1804 in 4445.403s
	Calibrated mode 922/1804 in 4450.303s
	Calibrated mode 923/1804 in 4455.127s
	Calibrated mode 924/1804 in 4459.961s
	Calibrated mode 925/1804 in 4464.786s
	Calibrated mode 926/1804 in 4469.617s
	Calibrated mode 927/1804 in 4474.448s
	Calibrated mode 928/1804 in 4479.281s
	Calibrated mode 929/1804 in 4484.114s
	Calibrated mode 930/1804 in 4488.941s
	Calibrated mode 931/1804 in 4493.825s
	Calibrated mode 932/1804 in 4498.675s
	Calibrated mode 933/1804 in 4503.509s
	Calibrated mode 934/1804 in 4508.345s
	Calibrated mode 935/1804 in 4513.180s
	Calibrated mode 936/1804 in 4518.011s
	Calibrated mode 937/1804 in 4522.844s
	Calibrated mode 938/1804 in 4527.750s
	Calibrated mode 939/1804 in 4532.591s
	Calibrated mode 940/1804 in 4537.429s
	Calibrated mode 941/1804 in 4542.270s
	Calibrated mode 942/1804 in 4547.117s
	Calibrated mode 943/1804 in 4551.963s
	Calibrated mode 944/1804 in 4556.807s
	Calibrated mode 945/1804 in 4561.653s
	Calibrated mode 946/1804 in 4566.495s
	Calibrated mode 947/1804 in 4571.334s
	Calibrated mode 948/1804 in 4576.251s
	Calibrated mode 949/1804 in 4581.086s
	Calibrated mode 950/1804 in 4585.921s
	Calibrated mode 951/1804 in 4590.767s
	Calibrated mode 952/1804 in 4595.611s
	Calibrated mode 953/1804 in 4600.459s
	Calibrated mode 954/1804 in 4605.304s
	Calibrated mode 955/1804 in 4610.158s
	Calibrated mode 956/1804 in 4615.002s
	Calibrated mode 957/1804 in 4619.911s
	Calibrated mode 958/1804 in 4624.750s
	Calibrated mode 959/1804 in 4629.593s
	Calibrated mode 960/1804 in 4634.430s
	Calibrated mode 961/1804 in 4639.248s
	Calibrated mode 962/1804 in 4644.061s
	Calibrated mode 963/1804 in 4648.889s
	Calibrated mode 964/1804 in 4653.716s
	Calibrated mode 965/1804 in 4658.539s
	Calibrated mode 966/1804 in 4663.432s
	Calibrated mode 967/1804 in 4668.254s
	Calibrated mode 968/1804 in 4673.084s
	Calibrated mode 969/1804 in 4677.920s
	Calibrated mode 970/1804 in 4682.747s
	Calibrated mode 971/1804 in 4687.573s
	Calibrated mode 972/1804 in 4692.404s
	Calibrated mode 973/1804 in 4697.228s
	Calibrated mode 974/1804 in 4702.113s
	Calibrated mode 975/1804 in 4706.935s
	Calibrated mode 976/1804 in 4711.756s
	Calibrated mode 977/1804 in 4716.572s
	Calibrated mode 978/1804 in 4721.394s
	Calibrated mode 979/1804 in 4726.210s
	Calibrated mode 980/1804 in 4731.029s
	Calibrated mode 981/1804 in 4735.848s
	Calibrated mode 982/1804 in 4740.670s
	Calibrated mode 983/1804 in 4745.498s
	Calibrated mode 984/1804 in 4750.387s
	Calibrated mode 985/1804 in 4755.205s
	Calibrated mode 986/1804 in 4760.023s
	Calibrated mode 987/1804 in 4764.845s
	Calibrated mode 988/1804 in 4769.674s
	Calibrated mode 989/1804 in 4774.505s
	Calibrated mode 990/1804 in 4779.348s
	Calibrated mode 991/1804 in 4784.188s
	Calibrated mode 992/1804 in 4789.029s
	Calibrated mode 993/1804 in 4793.937s
	Calibrated mode 994/1804 in 4798.755s
	Calibrated mode 995/1804 in 4803.577s
	Calibrated mode 996/1804 in 4808.398s
	Calibrated mode 997/1804 in 4813.221s
	Calibrated mode 998/1804 in 4818.049s
	Calibrated mode 999/1804 in 4822.881s
	Calibrated mode 1000/1804 in 4827.713s
	Calibrated mode 1001/1804 in 4832.615s
	Calibrated mode 1002/1804 in 4837.441s
	Calibrated mode 1003/1804 in 4842.272s
	Calibrated mode 1004/1804 in 4847.095s
	Calibrated mode 1005/1804 in 4851.920s
	Calibrated mode 1006/1804 in 4856.749s
	Calibrated mode 1007/1804 in 4861.575s
	Calibrated mode 1008/1804 in 4866.406s
	Calibrated mode 1009/1804 in 4871.308s
	Calibrated mode 1010/1804 in 4876.125s
	Calibrated mode 1011/1804 in 4880.951s
	Calibrated mode 1012/1804 in 4885.770s
	Calibrated mode 1013/1804 in 4890.589s
	Calibrated mode 1014/1804 in 4895.402s
	Calibrated mode 1015/1804 in 4900.214s
	Calibrated mode 1016/1804 in 4905.040s
	Calibrated mode 1017/1804 in 4909.860s
	Calibrated mode 1018/1804 in 4914.682s
	Calibrated mode 1019/1804 in 4919.574s
	Calibrated mode 1020/1804 in 4924.382s
	Calibrated mode 1021/1804 in 4929.199s
	Calibrated mode 1022/1804 in 4934.020s
	Calibrated mode 1023/1804 in 4938.841s
	Calibrated mode 1024/1804 in 4943.670s
	Calibrated mode 1025/1804 in 4948.506s
	Calibrated mode 1026/1804 in 4953.341s
	Calibrated mode 1027/1804 in 4958.173s
	Calibrated mode 1028/1804 in 4963.080s
	Calibrated mode 1029/1804 in 4967.904s
	Calibrated mode 1030/1804 in 4972.736s
	Calibrated mode 1031/1804 in 4977.565s
	Calibrated mode 1032/1804 in 4982.393s
	Calibrated mode 1033/1804 in 4987.218s
	Calibrated mode 1034/1804 in 4992.047s
	Calibrated mode 1035/1804 in 4996.882s
	Calibrated mode 1036/1804 in 5001.718s
	Calibrated mode 1037/1804 in 5006.629s
	Calibrated mode 1038/1804 in 5011.454s
	Calibrated mode 1039/1804 in 5016.278s
	Calibrated mode 1040/1804 in 5021.110s
	Calibrated mode 1041/1804 in 5025.938s
	Calibrated mode 1042/1804 in 5030.775s
	Calibrated mode 1043/1804 in 5035.609s
	Calibrated mode 1044/1804 in 5040.442s
	Calibrated mode 1045/1804 in 5045.338s
	Calibrated mode 1046/1804 in 5050.158s
	Calibrated mode 1047/1804 in 5054.971s
	Calibrated mode 1048/1804 in 5059.788s
	Calibrated mode 1049/1804 in 5064.613s
	Calibrated mode 1050/1804 in 5069.438s
	Calibrated mode 1051/1804 in 5074.267s
	Calibrated mode 1052/1804 in 5079.094s
	Calibrated mode 1053/1804 in 5083.914s
	Calibrated mode 1054/1804 in 5088.731s
	Calibrated mode 1055/1804 in 5093.623s
	Calibrated mode 1056/1804 in 5098.477s
	Calibrated mode 1057/1804 in 5103.294s
	Calibrated mode 1058/1804 in 5108.112s
	Calibrated mode 1059/1804 in 5112.925s
	Calibrated mode 1060/1804 in 5117.743s
	Calibrated mode 1061/1804 in 5122.570s
	Calibrated mode 1062/1804 in 5127.402s
	Calibrated mode 1063/1804 in 5132.223s
	Calibrated mode 1064/1804 in 5137.114s
	Calibrated mode 1065/1804 in 5141.932s
	Calibrated mode 1066/1804 in 5146.755s
	Calibrated mode 1067/1804 in 5151.574s
	Calibrated mode 1068/1804 in 5156.392s
	Calibrated mode 1069/1804 in 5161.212s
	Calibrated mode 1070/1804 in 5166.041s
	Calibrated mode 1071/1804 in 5170.863s
	Calibrated mode 1072/1804 in 5175.686s
	Calibrated mode 1073/1804 in 5180.578s
	Calibrated mode 1074/1804 in 5185.396s
	Calibrated mode 1075/1804 in 5190.213s
	Calibrated mode 1076/1804 in 5195.032s
	Calibrated mode 1077/1804 in 5199.865s
	Calibrated mode 1078/1804 in 5204.689s
	Calibrated mode 1079/1804 in 5209.519s
	Calibrated mode 1080/1804 in 5214.348s
	Calibrated mode 1081/1804 in 5219.243s
	Calibrated mode 1082/1804 in 5224.062s
	Calibrated mode 1083/1804 in 5228.877s
	Calibrated mode 1084/1804 in 5233.688s
	Calibrated mode 1085/1804 in 5238.508s
	Calibrated mode 1086/1804 in 5243.334s
	Calibrated mode 1087/1804 in 5248.160s
	Calibrated mode 1088/1804 in 5252.986s
	Calibrated mode 1089/1804 in 5257.813s
	Calibrated mode 1090/1804 in 5262.635s
	Calibrated mode 1091/1804 in 5267.538s
	Calibrated mode 1092/1804 in 5272.350s
	Calibrated mode 1093/1804 in 5277.168s
	Calibrated mode 1094/1804 in 5281.998s
	Calibrated mode 1095/1804 in 5286.831s
	Calibrated mode 1096/1804 in 5291.659s
	Calibrated mode 1097/1804 in 5296.492s
	Calibrated mode 1098/1804 in 5301.320s
	Calibrated mode 1099/1804 in 5306.152s
	Calibrated mode 1100/1804 in 5310.989s
	Calibrated mode 1101/1804 in 5315.887s
	Calibrated mode 1102/1804 in 5320.709s
	Calibrated mode 1103/1804 in 5325.537s
	Calibrated mode 1104/1804 in 5330.362s
	Calibrated mode 1105/1804 in 5335.187s
	Calibrated mode 1106/1804 in 5340.013s
	Calibrated mode 1107/1804 in 5344.843s
	Calibrated mode 1108/1804 in 5349.675s
	Calibrated mode 1109/1804 in 5354.577s
	Calibrated mode 1110/1804 in 5359.404s
	Calibrated mode 1111/1804 in 5364.225s
	Calibrated mode 1112/1804 in 5369.050s
	Calibrated mode 1113/1804 in 5373.878s
	Calibrated mode 1114/1804 in 5378.704s
	Calibrated mode 1115/1804 in 5383.533s
	Calibrated mode 1116/1804 in 5388.366s
	Calibrated mode 1117/1804 in 5393.253s
	Calibrated mode 1118/1804 in 5398.063s
	Calibrated mode 1119/1804 in 5402.882s
	Calibrated mode 1120/1804 in 5407.707s
	Calibrated mode 1121/1804 in 5412.527s
	Calibrated mode 1122/1804 in 5417.350s
	Calibrated mode 1123/1804 in 5422.170s
	Calibrated mode 1124/1804 in 5426.993s
	Calibrated mode 1125/1804 in 5431.820s
	Calibrated mode 1126/1804 in 5436.646s
	Calibrated mode 1127/1804 in 5441.547s
	Calibrated mode 1128/1804 in 5446.366s
	Calibrated mode 1129/1804 in 5451.184s
	Calibrated mode 1130/1804 in 5456.007s
	Calibrated mode 1131/1804 in 5460.827s
	Calibrated mode 1132/1804 in 5465.649s
	Calibrated mode 1133/1804 in 5470.471s
	Calibrated mode 1134/1804 in 5475.291s
	Calibrated mode 1135/1804 in 5480.110s
	Calibrated mode 1136/1804 in 5484.938s
	Calibrated mode 1137/1804 in 5489.824s
	Calibrated mode 1138/1804 in 5494.642s
	Calibrated mode 1139/1804 in 5499.462s
	Calibrated mode 1140/1804 in 5504.283s
	Calibrated mode 1141/1804 in 5509.106s
	Calibrated mode 1142/1804 in 5513.935s
	Calibrated mode 1143/1804 in 5518.756s
	Calibrated mode 1144/1804 in 5523.585s
	Calibrated mode 1145/1804 in 5528.478s
	Calibrated mode 1146/1804 in 5533.293s
	Calibrated mode 1147/1804 in 5538.119s
	Calibrated mode 1148/1804 in 5542.948s
	Calibrated mode 1149/1804 in 5547.776s
	Calibrated mode 1150/1804 in 5552.602s
	Calibrated mode 1151/1804 in 5557.436s
	Calibrated mode 1152/1804 in 5562.265s
	Calibrated mode 1153/1804 in 5567.158s
	Calibrated mode 1154/1804 in 5571.981s
	Calibrated mode 1155/1804 in 5576.808s
	Calibrated mode 1156/1804 in 5581.633s
	Calibrated mode 1157/1804 in 5586.463s
	Calibrated mode 1158/1804 in 5591.296s
	Calibrated mode 1159/1804 in 5596.130s
	Calibrated mode 1160/1804 in 5600.964s
	Calibrated mode 1161/1804 in 5605.796s
	Calibrated mode 1162/1804 in 5610.635s
	Calibrated mode 1163/1804 in 5615.541s
	Calibrated mode 1164/1804 in 5620.360s
	Calibrated mode 1165/1804 in 5625.188s
	Calibrated mode 1166/1804 in 5630.017s
	Calibrated mode 1167/1804 in 5634.850s
	Calibrated mode 1168/1804 in 5639.681s
	Calibrated mode 1169/1804 in 5644.517s
	Calibrated mode 1170/1804 in 5649.358s
	Calibrated mode 1171/1804 in 5654.189s
	Calibrated mode 1172/1804 in 5659.018s
	Calibrated mode 1173/1804 in 5663.920s
	Calibrated mode 1174/1804 in 5668.745s
	Calibrated mode 1175/1804 in 5673.577s
	Calibrated mode 1176/1804 in 5678.410s
	Calibrated mode 1177/1804 in 5683.238s
	Calibrated mode 1178/1804 in 5688.074s
	Calibrated mode 1179/1804 in 5692.912s
	Calibrated mode 1180/1804 in 5697.765s
	Calibrated mode 1181/1804 in 5702.667s
	Calibrated mode 1182/1804 in 5707.492s
	Calibrated mode 1183/1804 in 5712.320s
	Calibrated mode 1184/1804 in 5717.145s
	Calibrated mode 1185/1804 in 5721.975s
	Calibrated mode 1186/1804 in 5726.804s
	Calibrated mode 1187/1804 in 5731.632s
	Calibrated mode 1188/1804 in 5736.463s
	Calibrated mode 1189/1804 in 5741.364s
	Calibrated mode 1190/1804 in 5746.186s
	Calibrated mode 1191/1804 in 5751.013s
	Calibrated mode 1192/1804 in 5755.848s
	Calibrated mode 1193/1804 in 5760.674s
	Calibrated mode 1194/1804 in 5765.509s
	Calibrated mode 1195/1804 in 5770.344s
	Calibrated mode 1196/1804 in 5775.174s
	Calibrated mode 1197/1804 in 5779.999s
	Calibrated mode 1198/1804 in 5784.827s
	Calibrated mode 1199/1804 in 5789.660s
	Calibrated mode 1200/1804 in 5794.550s
	Calibrated mode 1201/1804 in 5799.373s
	Calibrated mode 1202/1804 in 5804.198s
	Calibrated mode 1203/1804 in 5809.029s
	Calibrated mode 1204/1804 in 5813.864s
	Calibrated mode 1205/1804 in 5818.701s
	Calibrated mode 1206/1804 in 5823.537s
	Calibrated mode 1207/1804 in 5828.368s
	Calibrated mode 1208/1804 in 5833.199s
	Calibrated mode 1209/1804 in 5838.316s
	Calibrated mode 1210/1804 in 5843.143s
	Calibrated mode 1211/1804 in 5847.970s
	Calibrated mode 1212/1804 in 5852.799s
	Calibrated mode 1213/1804 in 5857.628s
	Calibrated mode 1214/1804 in 5862.457s
	Calibrated mode 1215/1804 in 5867.289s
	Calibrated mode 1216/1804 in 5872.128s
	Calibrated mode 1217/1804 in 5876.959s
	Calibrated mode 1218/1804 in 5881.853s
	Calibrated mode 1219/1804 in 5886.683s
	Calibrated mode 1220/1804 in 5891.517s
	Calibrated mode 1221/1804 in 5896.350s
	Calibrated mode 1222/1804 in 5901.184s
	Calibrated mode 1223/1804 in 5906.017s
	Calibrated mode 1224/1804 in 5910.854s
	Calibrated mode 1225/1804 in 5915.766s
	Calibrated mode 1226/1804 in 5920.596s
	Calibrated mode 1227/1804 in 5925.436s
	Calibrated mode 1228/1804 in 5930.275s
	Calibrated mode 1229/1804 in 5935.113s
	Calibrated mode 1230/1804 in 5939.949s
	Calibrated mode 1231/1804 in 5944.790s
	Calibrated mode 1232/1804 in 5949.627s
	Calibrated mode 1233/1804 in 5954.469s
	Calibrated mode 1234/1804 in 5959.310s
	Calibrated mode 1235/1804 in 5964.151s
	Calibrated mode 1236/1804 in 5969.055s
	Calibrated mode 1237/1804 in 5973.894s
	Calibrated mode 1238/1804 in 5978.731s
	Calibrated mode 1239/1804 in 5983.566s
	Calibrated mode 1240/1804 in 5988.397s
	Calibrated mode 1241/1804 in 5993.231s
	Calibrated mode 1242/1804 in 5998.067s
	Calibrated mode 1243/1804 in 6002.904s
	Calibrated mode 1244/1804 in 6007.740s
	Calibrated mode 1245/1804 in 6012.642s
	Calibrated mode 1246/1804 in 6017.472s
	Calibrated mode 1247/1804 in 6022.294s
	Calibrated mode 1248/1804 in 6027.123s
	Calibrated mode 1249/1804 in 6031.961s
	Calibrated mode 1250/1804 in 6036.794s
	Calibrated mode 1251/1804 in 6041.633s
	Calibrated mode 1252/1804 in 6046.466s
	Calibrated mode 1253/1804 in 6051.304s
	Calibrated mode 1254/1804 in 6056.209s
	Calibrated mode 1255/1804 in 6061.045s
	Calibrated mode 1256/1804 in 6065.879s
	Calibrated mode 1257/1804 in 6070.716s
	Calibrated mode 1258/1804 in 6075.552s
	Calibrated mode 1259/1804 in 6080.396s
	Calibrated mode 1260/1804 in 6085.242s
	Calibrated mode 1261/1804 in 6090.157s
	Calibrated mode 1262/1804 in 6094.986s
	Calibrated mode 1263/1804 in 6099.817s
	Calibrated mode 1264/1804 in 6104.651s
	Calibrated mode 1265/1804 in 6109.487s
	Calibrated mode 1266/1804 in 6114.324s
	Calibrated mode 1267/1804 in 6119.156s
	Calibrated mode 1268/1804 in 6123.992s
	Calibrated mode 1269/1804 in 6128.831s
	Calibrated mode 1270/1804 in 6133.667s
	Calibrated mode 1271/1804 in 6138.506s
	Calibrated mode 1272/1804 in 6143.413s
	Calibrated mode 1273/1804 in 6148.240s
	Calibrated mode 1274/1804 in 6153.073s
	Calibrated mode 1275/1804 in 6157.917s
	Calibrated mode 1276/1804 in 6162.755s
	Calibrated mode 1277/1804 in 6167.593s
	Calibrated mode 1278/1804 in 6172.433s
	Calibrated mode 1279/1804 in 6177.281s
	Calibrated mode 1280/1804 in 6182.133s
	Calibrated mode 1281/1804 in 6187.048s
	Calibrated mode 1282/1804 in 6191.882s
	Calibrated mode 1283/1804 in 6196.715s
	Calibrated mode 1284/1804 in 6201.554s
	Calibrated mode 1285/1804 in 6206.390s
	Calibrated mode 1286/1804 in 6211.224s
	Calibrated mode 1287/1804 in 6216.061s
	Calibrated mode 1288/1804 in 6220.900s
	Calibrated mode 1289/1804 in 6225.742s
	Calibrated mode 1290/1804 in 6230.655s
	Calibrated mode 1291/1804 in 6235.494s
	Calibrated mode 1292/1804 in 6240.335s
	Calibrated mode 1293/1804 in 6245.174s
	Calibrated mode 1294/1804 in 6250.015s
	Calibrated mode 1295/1804 in 6254.856s
	Calibrated mode 1296/1804 in 6259.699s
	Calibrated mode 1297/1804 in 6264.543s
	Calibrated mode 1298/1804 in 6269.444s
	Calibrated mode 1299/1804 in 6274.270s
	Calibrated mode 1300/1804 in 6279.102s
	Calibrated mode 1301/1804 in 6283.937s
	Calibrated mode 1302/1804 in 6288.769s
	Calibrated mode 1303/1804 in 6293.603s
	Calibrated mode 1304/1804 in 6298.466s
	Calibrated mode 1305/1804 in 6303.301s
	Calibrated mode 1306/1804 in 6308.138s
	Calibrated mode 1307/1804 in 6312.976s
	Calibrated mode 1308/1804 in 6317.883s
	Calibrated mode 1309/1804 in 6322.712s
	Calibrated mode 1310/1804 in 6327.541s
	Calibrated mode 1311/1804 in 6332.369s
	Calibrated mode 1312/1804 in 6337.201s
	Calibrated mode 1313/1804 in 6342.027s
	Calibrated mode 1314/1804 in 6346.857s
	Calibrated mode 1315/1804 in 6351.689s
	Calibrated mode 1316/1804 in 6356.519s
	Calibrated mode 1317/1804 in 6361.344s
	Calibrated mode 1318/1804 in 6366.235s
	Calibrated mode 1319/1804 in 6371.054s
	Calibrated mode 1320/1804 in 6375.874s
	Calibrated mode 1321/1804 in 6380.701s
	Calibrated mode 1322/1804 in 6385.530s
	Calibrated mode 1323/1804 in 6390.355s
	Calibrated mode 1324/1804 in 6395.179s
	Calibrated mode 1325/1804 in 6400.013s
	Calibrated mode 1326/1804 in 6404.836s
	Calibrated mode 1327/1804 in 6409.735s
	Calibrated mode 1328/1804 in 6414.562s
	Calibrated mode 1329/1804 in 6419.389s
	Calibrated mode 1330/1804 in 6424.222s
	Calibrated mode 1331/1804 in 6429.055s
	Calibrated mode 1332/1804 in 6433.888s
	Calibrated mode 1333/1804 in 6438.728s
	Calibrated mode 1334/1804 in 6443.567s
	Calibrated mode 1335/1804 in 6448.470s
	Calibrated mode 1336/1804 in 6453.290s
	Calibrated mode 1337/1804 in 6458.117s
	Calibrated mode 1338/1804 in 6462.950s
	Calibrated mode 1339/1804 in 6467.784s
	Calibrated mode 1340/1804 in 6472.615s
	Calibrated mode 1341/1804 in 6477.444s
	Calibrated mode 1342/1804 in 6482.275s
	Calibrated mode 1343/1804 in 6487.110s
	Calibrated mode 1344/1804 in 6491.954s
	Calibrated mode 1345/1804 in 6496.854s
	Calibrated mode 1346/1804 in 6501.689s
	Calibrated mode 1347/1804 in 6506.519s
	Calibrated mode 1348/1804 in 6511.350s
	Calibrated mode 1349/1804 in 6516.184s
	Calibrated mode 1350/1804 in 6521.024s
	Calibrated mode 1351/1804 in 6525.861s
	Calibrated mode 1352/1804 in 6530.694s
	Calibrated mode 1353/1804 in 6535.523s
	Calibrated mode 1354/1804 in 6540.350s
	Calibrated mode 1355/1804 in 6545.252s
	Calibrated mode 1356/1804 in 6550.083s
	Calibrated mode 1357/1804 in 6554.916s
	Calibrated mode 1358/1804 in 6559.757s
	Calibrated mode 1359/1804 in 6564.597s
	Calibrated mode 1360/1804 in 6569.433s
	Calibrated mode 1361/1804 in 6574.269s
	Calibrated mode 1362/1804 in 6579.098s
	Calibrated mode 1363/1804 in 6583.924s
	Calibrated mode 1364/1804 in 6588.820s
	Calibrated mode 1365/1804 in 6593.643s
	Calibrated mode 1366/1804 in 6598.462s
	Calibrated mode 1367/1804 in 6603.294s
	Calibrated mode 1368/1804 in 6608.129s
	Calibrated mode 1369/1804 in 6612.961s
	Calibrated mode 1370/1804 in 6617.790s
	Calibrated mode 1371/1804 in 6622.623s
	Calibrated mode 1372/1804 in 6627.516s
	Calibrated mode 1373/1804 in 6632.339s
	Calibrated mode 1374/1804 in 6637.166s
	Calibrated mode 1375/1804 in 6641.992s
	Calibrated mode 1376/1804 in 6646.826s
	Calibrated mode 1377/1804 in 6651.657s
	Calibrated mode 1378/1804 in 6656.487s
	Calibrated mode 1379/1804 in 6661.318s
	Calibrated mode 1380/1804 in 6666.152s
	Calibrated mode 1381/1804 in 6670.981s
	Calibrated mode 1382/1804 in 6675.888s
	Calibrated mode 1383/1804 in 6680.719s
	Calibrated mode 1384/1804 in 6685.549s
	Calibrated mode 1385/1804 in 6690.372s
	Calibrated mode 1386/1804 in 6695.199s
	Calibrated mode 1387/1804 in 6700.024s
	Calibrated mode 1388/1804 in 6704.855s
	Calibrated mode 1389/1804 in 6709.687s
	Calibrated mode 1390/1804 in 6714.518s
	Calibrated mode 1391/1804 in 6719.420s
	Calibrated mode 1392/1804 in 6724.241s
	Calibrated mode 1393/1804 in 6729.063s
	Calibrated mode 1394/1804 in 6733.894s
	Calibrated mode 1395/1804 in 6738.724s
	Calibrated mode 1396/1804 in 6743.555s
	Calibrated mode 1397/1804 in 6748.390s
	Calibrated mode 1398/1804 in 6753.233s
	Calibrated mode 1399/1804 in 6758.079s
	Calibrated mode 1400/1804 in 6762.985s
	Calibrated mode 1401/1804 in 6767.811s
	Calibrated mode 1402/1804 in 6772.635s
	Calibrated mode 1403/1804 in 6777.463s
	Calibrated mode 1404/1804 in 6782.303s
	Calibrated mode 1405/1804 in 6787.143s
	Calibrated mode 1406/1804 in 6791.985s
	Calibrated mode 1407/1804 in 6796.834s
	Calibrated mode 1408/1804 in 6801.750s
	Calibrated mode 1409/1804 in 6806.588s
	Calibrated mode 1410/1804 in 6811.428s
	Calibrated mode 1411/1804 in 6816.271s
	Calibrated mode 1412/1804 in 6821.111s
	Calibrated mode 1413/1804 in 6825.954s
	Calibrated mode 1414/1804 in 6830.803s
	Calibrated mode 1415/1804 in 6835.649s
	Calibrated mode 1416/1804 in 6840.494s
	Calibrated mode 1417/1804 in 6845.338s
	Calibrated mode 1418/1804 in 6850.178s
	Calibrated mode 1419/1804 in 6855.096s
	Calibrated mode 1420/1804 in 6859.924s
	Calibrated mode 1421/1804 in 6864.752s
	Calibrated mode 1422/1804 in 6869.580s
	Calibrated mode 1423/1804 in 6874.412s
	Calibrated mode 1424/1804 in 6879.245s
	Calibrated mode 1425/1804 in 6884.083s
	Calibrated mode 1426/1804 in 6888.920s
	Calibrated mode 1427/1804 in 6893.750s
	Calibrated mode 1428/1804 in 6898.686s
	Calibrated mode 1429/1804 in 6903.512s
	Calibrated mode 1430/1804 in 6908.336s
	Calibrated mode 1431/1804 in 6913.171s
	Calibrated mode 1432/1804 in 6918.008s
	Calibrated mode 1433/1804 in 6922.848s
	Calibrated mode 1434/1804 in 6927.686s
	Calibrated mode 1435/1804 in 6932.520s
	Calibrated mode 1436/1804 in 6937.354s
	Calibrated mode 1437/1804 in 6942.265s
	Calibrated mode 1438/1804 in 6947.094s
	Calibrated mode 1439/1804 in 6951.924s
	Calibrated mode 1440/1804 in 6956.758s
	Calibrated mode 1441/1804 in 6961.590s
	Calibrated mode 1442/1804 in 6966.420s
	Calibrated mode 1443/1804 in 6971.246s
	Calibrated mode 1444/1804 in 6976.074s
	Calibrated mode 1445/1804 in 6980.975s
	Calibrated mode 1446/1804 in 6985.791s
	Calibrated mode 1447/1804 in 6990.609s
	Calibrated mode 1448/1804 in 6995.432s
	Calibrated mode 1449/1804 in 7000.250s
	Calibrated mode 1450/1804 in 7005.070s
	Calibrated mode 1451/1804 in 7009.902s
	Calibrated mode 1452/1804 in 7014.733s
	Calibrated mode 1453/1804 in 7019.565s
	Calibrated mode 1454/1804 in 7024.402s
	Calibrated mode 1455/1804 in 7029.241s
	Calibrated mode 1456/1804 in 7034.146s
	Calibrated mode 1457/1804 in 7038.979s
	Calibrated mode 1458/1804 in 7043.815s
	Calibrated mode 1459/1804 in 7048.652s
	Calibrated mode 1460/1804 in 7053.490s
	Calibrated mode 1461/1804 in 7058.334s
	Calibrated mode 1462/1804 in 7063.177s
	Calibrated mode 1463/1804 in 7068.023s
	Calibrated mode 1464/1804 in 7072.856s
	Calibrated mode 1465/1804 in 7077.761s
	Calibrated mode 1466/1804 in 7082.586s
	Calibrated mode 1467/1804 in 7087.411s
	Calibrated mode 1468/1804 in 7092.242s
	Calibrated mode 1469/1804 in 7097.076s
	Calibrated mode 1470/1804 in 7101.917s
	Calibrated mode 1471/1804 in 7106.755s
	Calibrated mode 1472/1804 in 7111.593s
	Calibrated mode 1473/1804 in 7116.431s
	Calibrated mode 1474/1804 in 7121.336s
	Calibrated mode 1475/1804 in 7126.172s
	Calibrated mode 1476/1804 in 7131.006s
	Calibrated mode 1477/1804 in 7135.842s
	Calibrated mode 1478/1804 in 7140.675s
	Calibrated mode 1479/1804 in 7145.512s
	Calibrated mode 1480/1804 in 7150.353s
	Calibrated mode 1481/1804 in 7155.194s
	Calibrated mode 1482/1804 in 7160.103s
	Calibrated mode 1483/1804 in 7164.936s
	Calibrated mode 1484/1804 in 7169.770s
	Calibrated mode 1485/1804 in 7174.603s
	Calibrated mode 1486/1804 in 7179.443s
	Calibrated mode 1487/1804 in 7184.289s
	Calibrated mode 1488/1804 in 7189.127s
	Calibrated mode 1489/1804 in 7193.965s
	Calibrated mode 1490/1804 in 7198.799s
	Calibrated mode 1491/1804 in 7203.638s
	Calibrated mode 1492/1804 in 7208.473s
	Calibrated mode 1493/1804 in 7213.374s
	Calibrated mode 1494/1804 in 7218.200s
	Calibrated mode 1495/1804 in 7223.032s
	Calibrated mode 1496/1804 in 7227.864s
	Calibrated mode 1497/1804 in 7232.707s
	Calibrated mode 1498/1804 in 7237.551s
	Calibrated mode 1499/1804 in 7242.398s
	Calibrated mode 1500/1804 in 7247.244s
	Calibrated mode 1501/1804 in 7252.088s
	Calibrated mode 1502/1804 in 7257.008s
	Calibrated mode 1503/1804 in 7261.844s
	Calibrated mode 1504/1804 in 7266.681s
	Calibrated mode 1505/1804 in 7271.516s
	Calibrated mode 1506/1804 in 7276.346s
	Calibrated mode 1507/1804 in 7281.182s
	Calibrated mode 1508/1804 in 7286.025s
	Calibrated mode 1509/1804 in 7290.867s
	Calibrated mode 1510/1804 in 7295.711s
	Calibrated mode 1511/1804 in 7300.624s
	Calibrated mode 1512/1804 in 7305.455s
	Calibrated mode 1513/1804 in 7310.287s
	Calibrated mode 1514/1804 in 7315.116s
	Calibrated mode 1515/1804 in 7319.949s
	Calibrated mode 1516/1804 in 7324.787s
	Calibrated mode 1517/1804 in 7329.620s
	Calibrated mode 1518/1804 in 7334.458s
	Calibrated mode 1519/1804 in 7339.383s
	Calibrated mode 1520/1804 in 7344.215s
	Calibrated mode 1521/1804 in 7349.048s
	Calibrated mode 1522/1804 in 7353.877s
	Calibrated mode 1523/1804 in 7358.709s
	Calibrated mode 1524/1804 in 7363.536s
	Calibrated mode 1525/1804 in 7368.369s
	Calibrated mode 1526/1804 in 7373.207s
	Calibrated mode 1527/1804 in 7378.045s
	Calibrated mode 1528/1804 in 7382.882s
	Calibrated mode 1529/1804 in 7387.715s
	Calibrated mode 1530/1804 in 7392.617s
	Calibrated mode 1531/1804 in 7397.448s
	Calibrated mode 1532/1804 in 7402.275s
	Calibrated mode 1533/1804 in 7407.106s
	Calibrated mode 1534/1804 in 7411.938s
	Calibrated mode 1535/1804 in 7416.764s
	Calibrated mode 1536/1804 in 7421.599s
	Calibrated mode 1537/1804 in 7426.430s
	Calibrated mode 1538/1804 in 7431.262s
	Calibrated mode 1539/1804 in 7436.155s
	Calibrated mode 1540/1804 in 7440.980s
	Calibrated mode 1541/1804 in 7445.805s
	Calibrated mode 1542/1804 in 7450.627s
	Calibrated mode 1543/1804 in 7455.456s
	Calibrated mode 1544/1804 in 7460.288s
	Calibrated mode 1545/1804 in 7465.118s
	Calibrated mode 1546/1804 in 7469.954s
	Calibrated mode 1547/1804 in 7474.784s
	Calibrated mode 1548/1804 in 7479.679s
	Calibrated mode 1549/1804 in 7484.508s
	Calibrated mode 1550/1804 in 7489.331s
	Calibrated mode 1551/1804 in 7494.161s
	Calibrated mode 1552/1804 in 7499.019s
	Calibrated mode 1553/1804 in 7503.848s
	Calibrated mode 1554/1804 in 7508.681s
	Calibrated mode 1555/1804 in 7513.509s
	Calibrated mode 1556/1804 in 7518.418s
	Calibrated mode 1557/1804 in 7523.251s
	Calibrated mode 1558/1804 in 7528.086s
	Calibrated mode 1559/1804 in 7532.915s
	Calibrated mode 1560/1804 in 7537.743s
	Calibrated mode 1561/1804 in 7542.574s
	Calibrated mode 1562/1804 in 7547.406s
	Calibrated mode 1563/1804 in 7552.238s
	Calibrated mode 1564/1804 in 7557.070s
	Calibrated mode 1565/1804 in 7561.901s
	Calibrated mode 1566/1804 in 7566.729s
	Calibrated mode 1567/1804 in 7571.629s
	Calibrated mode 1568/1804 in 7576.453s
	Calibrated mode 1569/1804 in 7581.276s
	Calibrated mode 1570/1804 in 7586.098s
	Calibrated mode 1571/1804 in 7590.923s
	Calibrated mode 1572/1804 in 7595.749s
	Calibrated mode 1573/1804 in 7600.579s
	Calibrated mode 1574/1804 in 7605.408s
	Calibrated mode 1575/1804 in 7610.233s
	Calibrated mode 1576/1804 in 7615.129s
	Calibrated mode 1577/1804 in 7619.945s
	Calibrated mode 1578/1804 in 7624.764s
	Calibrated mode 1579/1804 in 7629.588s
	Calibrated mode 1580/1804 in 7634.412s
	Calibrated mode 1581/1804 in 7639.239s
	Calibrated mode 1582/1804 in 7644.062s
	Calibrated mode 1583/1804 in 7648.883s
	Calibrated mode 1584/1804 in 7653.703s
	Calibrated mode 1585/1804 in 7658.598s
	Calibrated mode 1586/1804 in 7663.418s
	Calibrated mode 1587/1804 in 7668.244s
	Calibrated mode 1588/1804 in 7673.068s
	Calibrated mode 1589/1804 in 7677.885s
	Calibrated mode 1590/1804 in 7682.711s
	Calibrated mode 1591/1804 in 7687.539s
	Calibrated mode 1592/1804 in 7692.364s
	Calibrated mode 1593/1804 in 7697.257s
	Calibrated mode 1594/1804 in 7702.072s
	Calibrated mode 1595/1804 in 7706.888s
	Calibrated mode 1596/1804 in 7711.711s
	Calibrated mode 1597/1804 in 7716.536s
	Calibrated mode 1598/1804 in 7721.365s
	Calibrated mode 1599/1804 in 7726.186s
	Calibrated mode 1600/1804 in 7731.006s
	Calibrated mode 1601/1804 in 7735.826s
	Calibrated mode 1602/1804 in 7740.652s
	Calibrated mode 1603/1804 in 7745.479s
	Calibrated mode 1604/1804 in 7750.381s
	Calibrated mode 1605/1804 in 7755.207s
	Calibrated mode 1606/1804 in 7760.034s
	Calibrated mode 1607/1804 in 7764.860s
	Calibrated mode 1608/1804 in 7769.690s
	Calibrated mode 1609/1804 in 7774.514s
	Calibrated mode 1610/1804 in 7779.343s
	Calibrated mode 1611/1804 in 7784.169s
	Calibrated mode 1612/1804 in 7789.001s
	Calibrated mode 1613/1804 in 7793.903s
	Calibrated mode 1614/1804 in 7798.724s
	Calibrated mode 1615/1804 in 7803.544s
	Calibrated mode 1616/1804 in 7808.366s
	Calibrated mode 1617/1804 in 7813.197s
	Calibrated mode 1618/1804 in 7818.019s
	Calibrated mode 1619/1804 in 7822.852s
	Calibrated mode 1620/1804 in 7827.676s
	Calibrated mode 1621/1804 in 7832.508s
	Calibrated mode 1622/1804 in 7837.424s
	Calibrated mode 1623/1804 in 7842.256s
	Calibrated mode 1624/1804 in 7847.076s
	Calibrated mode 1625/1804 in 7851.904s
	Calibrated mode 1626/1804 in 7856.733s
	Calibrated mode 1627/1804 in 7861.566s
	Calibrated mode 1628/1804 in 7866.399s
	Calibrated mode 1629/1804 in 7871.240s
	Calibrated mode 1630/1804 in 7876.149s
	Calibrated mode 1631/1804 in 7880.973s
	Calibrated mode 1632/1804 in 7885.797s
	Calibrated mode 1633/1804 in 7890.630s
	Calibrated mode 1634/1804 in 7895.468s
	Calibrated mode 1635/1804 in 7900.303s
	Calibrated mode 1636/1804 in 7905.135s
	Calibrated mode 1637/1804 in 7909.973s
	Calibrated mode 1638/1804 in 7914.814s
	Calibrated mode 1639/1804 in 7919.655s
	Calibrated mode 1640/1804 in 7924.492s
	Calibrated mode 1641/1804 in 7929.402s
	Calibrated mode 1642/1804 in 7934.230s
	Calibrated mode 1643/1804 in 7939.062s
	Calibrated mode 1644/1804 in 7943.893s
	Calibrated mode 1645/1804 in 7948.727s
	Calibrated mode 1646/1804 in 7953.566s
	Calibrated mode 1647/1804 in 7958.405s
	Calibrated mode 1648/1804 in 7963.247s
	Calibrated mode 1649/1804 in 7968.088s
	Calibrated mode 1650/1804 in 7972.928s
	Calibrated mode 1651/1804 in 7977.821s
	Calibrated mode 1652/1804 in 7982.642s
	Calibrated mode 1653/1804 in 7987.468s
	Calibrated mode 1654/1804 in 7992.298s
	Calibrated mode 1655/1804 in 7997.130s
	Calibrated mode 1656/1804 in 8001.966s
	Calibrated mode 1657/1804 in 8006.797s
	Calibrated mode 1658/1804 in 8011.636s
	Calibrated mode 1659/1804 in 8016.474s
	Calibrated mode 1660/1804 in 8021.388s
	Calibrated mode 1661/1804 in 8026.221s
	Calibrated mode 1662/1804 in 8031.055s
	Calibrated mode 1663/1804 in 8035.892s
	Calibrated mode 1664/1804 in 8040.737s
	Calibrated mode 1665/1804 in 8045.580s
	Calibrated mode 1666/1804 in 8050.426s
	Calibrated mode 1667/1804 in 8055.267s
	Calibrated mode 1668/1804 in 8060.174s
	Calibrated mode 1669/1804 in 8064.999s
	Calibrated mode 1670/1804 in 8069.821s
	Calibrated mode 1671/1804 in 8074.654s
	Calibrated mode 1672/1804 in 8079.484s
	Calibrated mode 1673/1804 in 8084.311s
	Calibrated mode 1674/1804 in 8089.146s
	Calibrated mode 1675/1804 in 8093.983s
	Calibrated mode 1676/1804 in 8098.843s
	Calibrated mode 1677/1804 in 8103.672s
	Calibrated mode 1678/1804 in 8108.508s
	Calibrated mode 1679/1804 in 8113.417s
	Calibrated mode 1680/1804 in 8118.246s
	Calibrated mode 1681/1804 in 8123.072s
	Calibrated mode 1682/1804 in 8127.892s
	Calibrated mode 1683/1804 in 8132.719s
	Calibrated mode 1684/1804 in 8137.551s
	Calibrated mode 1685/1804 in 8142.384s
	Calibrated mode 1686/1804 in 8147.217s
	Calibrated mode 1687/1804 in 8152.053s
	Calibrated mode 1688/1804 in 8156.957s
	Calibrated mode 1689/1804 in 8161.781s
	Calibrated mode 1690/1804 in 8166.607s
	Calibrated mode 1691/1804 in 8171.436s
	Calibrated mode 1692/1804 in 8176.267s
	Calibrated mode 1693/1804 in 8181.105s
	Calibrated mode 1694/1804 in 8185.931s
	Calibrated mode 1695/1804 in 8190.765s
	Calibrated mode 1696/1804 in 8195.591s
	Calibrated mode 1697/1804 in 8200.499s
	Calibrated mode 1698/1804 in 8205.326s
	Calibrated mode 1699/1804 in 8210.148s
	Calibrated mode 1700/1804 in 8214.969s
	Calibrated mode 1701/1804 in 8219.796s
	Calibrated mode 1702/1804 in 8224.627s
	Calibrated mode 1703/1804 in 8229.464s
	Calibrated mode 1704/1804 in 8234.296s
	Calibrated mode 1705/1804 in 8239.135s
	Calibrated mode 1706/1804 in 8244.029s
	Calibrated mode 1707/1804 in 8248.852s
	Calibrated mode 1708/1804 in 8253.675s
	Calibrated mode 1709/1804 in 8258.500s
	Calibrated mode 1710/1804 in 8263.335s
	Calibrated mode 1711/1804 in 8268.161s
	Calibrated mode 1712/1804 in 8272.994s
	Calibrated mode 1713/1804 in 8277.823s
	Calibrated mode 1714/1804 in 8282.650s
	Calibrated mode 1715/1804 in 8287.471s
	Calibrated mode 1716/1804 in 8292.368s
	Calibrated mode 1717/1804 in 8297.179s
	Calibrated mode 1718/1804 in 8302.000s
	Calibrated mode 1719/1804 in 8306.823s
	Calibrated mode 1720/1804 in 8311.650s
	Calibrated mode 1721/1804 in 8316.472s
	Calibrated mode 1722/1804 in 8321.301s
	Calibrated mode 1723/1804 in 8326.131s
	Calibrated mode 1724/1804 in 8330.957s
	Calibrated mode 1725/1804 in 8335.786s
	Calibrated mode 1726/1804 in 8340.678s
	Calibrated mode 1727/1804 in 8345.492s
	Calibrated mode 1728/1804 in 8350.305s
	Calibrated mode 1729/1804 in 8355.114s
	Calibrated mode 1730/1804 in 8359.934s
	Calibrated mode 1731/1804 in 8364.757s
	Calibrated mode 1732/1804 in 8369.583s
	Calibrated mode 1733/1804 in 8374.404s
	Calibrated mode 1734/1804 in 8379.227s
	Calibrated mode 1735/1804 in 8384.117s
	Calibrated mode 1736/1804 in 8388.939s
	Calibrated mode 1737/1804 in 8393.756s
	Calibrated mode 1738/1804 in 8398.574s
	Calibrated mode 1739/1804 in 8403.403s
	Calibrated mode 1740/1804 in 8408.228s
	Calibrated mode 1741/1804 in 8413.064s
	Calibrated mode 1742/1804 in 8417.890s
	Calibrated mode 1743/1804 in 8422.788s
	Calibrated mode 1744/1804 in 8427.596s
	Calibrated mode 1745/1804 in 8432.410s
	Calibrated mode 1746/1804 in 8437.227s
	Calibrated mode 1747/1804 in 8442.054s
	Calibrated mode 1748/1804 in 8446.877s
	Calibrated mode 1749/1804 in 8451.707s
	Calibrated mode 1750/1804 in 8456.528s
	Calibrated mode 1751/1804 in 8461.353s
	Calibrated mode 1752/1804 in 8466.181s
	Calibrated mode 1753/1804 in 8471.019s
	Calibrated mode 1754/1804 in 8475.920s
	Calibrated mode 1755/1804 in 8480.750s
	Calibrated mode 1756/1804 in 8485.569s
	Calibrated mode 1757/1804 in 8490.389s
	Calibrated mode 1758/1804 in 8495.215s
	Calibrated mode 1759/1804 in 8500.044s
	Calibrated mode 1760/1804 in 8504.873s
	Calibrated mode 1761/1804 in 8509.698s
	Calibrated mode 1762/1804 in 8514.529s
	Calibrated mode 1763/1804 in 8519.438s
	Calibrated mode 1764/1804 in 8524.264s
	Calibrated mode 1765/1804 in 8529.088s
	Calibrated mode 1766/1804 in 8533.911s
	Calibrated mode 1767/1804 in 8538.743s
	Calibrated mode 1768/1804 in 8543.575s
	Calibrated mode 1769/1804 in 8548.408s
	Calibrated mode 1770/1804 in 8553.235s
	Calibrated mode 1771/1804 in 8558.062s
	Calibrated mode 1772/1804 in 8562.892s
	Calibrated mode 1773/1804 in 8567.792s
	Calibrated mode 1774/1804 in 8572.613s
	Calibrated mode 1775/1804 in 8577.429s
	Calibrated mode 1776/1804 in 8582.254s
	Calibrated mode 1777/1804 in 8587.074s
	Calibrated mode 1778/1804 in 8591.901s
	Calibrated mode 1779/1804 in 8596.726s
	Calibrated mode 1780/1804 in 8601.556s
	Calibrated mode 1781/1804 in 8606.443s
	Calibrated mode 1782/1804 in 8611.262s
	Calibrated mode 1783/1804 in 8616.080s
	Calibrated mode 1784/1804 in 8620.898s
	Calibrated mode 1785/1804 in 8625.715s
	Calibrated mode 1786/1804 in 8630.538s
	Calibrated mode 1787/1804 in 8635.365s
	Calibrated mode 1788/1804 in 8640.199s
	Calibrated mode 1789/1804 in 8645.022s
	Calibrated mode 1790/1804 in 8649.847s
	Calibrated mode 1791/1804 in 8654.678s
	Calibrated mode 1792/1804 in 8659.573s
	Calibrated mode 1793/1804 in 8664.397s
	Calibrated mode 1794/1804 in 8669.229s
	Calibrated mode 1795/1804 in 8674.053s
	Calibrated mode 1796/1804 in 8678.885s
	Calibrated mode 1797/1804 in 8683.720s
	Calibrated mode 1798/1804 in 8688.558s
	Calibrated mode 1799/1804 in 8693.397s
	Calibrated mode 1800/1804 in 8698.259s
	Calibrated mode 1801/1804 in 8703.169s
	Calibrated mode 1802/1804 in 8707.999s
	Calibrated mode 1803/1804 in 8712.831s
	Calibrated mode 1804/1804 in 8717.673s
Calibration complete.
Saved data to:  /groups/douglase/kians-data-files/roman-cgi-iefc-data/response-data/hlc_iefc_2dm_poke_response_matrix_20230717.fits
Saved data to:  /groups/douglase/kians-data-files/roman-cgi-iefc-data/response-data/hlc_iefc_2dm_poke_response_cube_20230717.fits
