<IPython.core.display.HTML object>
INFO:numexpr.utils:Note: NumExpr detected 64 cores but "NUMEXPR_MAX_THREADS" not set, so enforcing safe limit of 8.
INFO:numexpr.utils:NumExpr defaulting to 8 threads.
Figure(500x500)
15167884.4713195
Figure(500x500)
Figure(500x500)
Figure(500x500)
Figure(500x500)
Figure(500x500)
Saved data to:  /home/kianmilani/Projects/roman-cgi-iefc-data/response-data/hlc_iefc_2dm_weight_map_20230710.fits
Figure(1250x500)
Figure(500x500)
Calibrating iEFC...
	Calibrated mode 1/2048 in 7.980s
	Calibrated mode 2/2048 in 15.762s
	Calibrated mode 3/2048 in 23.551s
	Calibrated mode 4/2048 in 31.327s
	Calibrated mode 5/2048 in 39.087s
	Calibrated mode 6/2048 in 46.968s
	Calibrated mode 7/2048 in 54.862s
	Calibrated mode 8/2048 in 62.761s
	Calibrated mode 9/2048 in 70.659s
	Calibrated mode 10/2048 in 76.934s
	Calibrated mode 11/2048 in 81.606s
	Calibrated mode 12/2048 in 86.273s
	Calibrated mode 13/2048 in 90.946s
	Calibrated mode 14/2048 in 95.689s
	Calibrated mode 15/2048 in 100.364s
	Calibrated mode 16/2048 in 105.043s
	Calibrated mode 17/2048 in 109.726s
	Calibrated mode 18/2048 in 114.410s
	Calibrated mode 19/2048 in 119.090s
	Calibrated mode 20/2048 in 123.843s
	Calibrated mode 21/2048 in 128.521s
	Calibrated mode 22/2048 in 133.201s
	Calibrated mode 23/2048 in 137.881s
	Calibrated mode 24/2048 in 142.560s
	Calibrated mode 25/2048 in 147.234s
	Calibrated mode 26/2048 in 151.911s
	Calibrated mode 27/2048 in 156.590s
	Calibrated mode 28/2048 in 161.271s
	Calibrated mode 29/2048 in 165.947s
	Calibrated mode 30/2048 in 170.691s
	Calibrated mode 31/2048 in 175.360s
	Calibrated mode 32/2048 in 180.040s
	Calibrated mode 33/2048 in 184.714s
	Calibrated mode 34/2048 in 189.384s
	Calibrated mode 35/2048 in 194.064s
	Calibrated mode 36/2048 in 198.742s
	Calibrated mode 37/2048 in 203.427s
	Calibrated mode 38/2048 in 208.166s
	Calibrated mode 39/2048 in 212.843s
	Calibrated mode 40/2048 in 217.518s
	Calibrated mode 41/2048 in 222.200s
	Calibrated mode 42/2048 in 226.868s
	Calibrated mode 43/2048 in 231.535s
	Calibrated mode 44/2048 in 236.207s
	Calibrated mode 45/2048 in 240.883s
	Calibrated mode 46/2048 in 245.628s
	Calibrated mode 47/2048 in 250.288s
	Calibrated mode 48/2048 in 254.963s
	Calibrated mode 49/2048 in 259.637s
	Calibrated mode 50/2048 in 264.316s
	Calibrated mode 51/2048 in 268.991s
	Calibrated mode 52/2048 in 273.669s
	Calibrated mode 53/2048 in 278.422s
	Calibrated mode 54/2048 in 283.092s
	Calibrated mode 55/2048 in 287.762s
	Calibrated mode 56/2048 in 292.438s
	Calibrated mode 57/2048 in 297.113s
	Calibrated mode 58/2048 in 301.791s
	Calibrated mode 59/2048 in 306.473s
	Calibrated mode 60/2048 in 311.151s
	Calibrated mode 61/2048 in 315.824s
	Calibrated mode 62/2048 in 320.490s
	Calibrated mode 63/2048 in 325.226s
	Calibrated mode 64/2048 in 329.902s
	Calibrated mode 65/2048 in 334.574s
	Calibrated mode 66/2048 in 339.249s
	Calibrated mode 67/2048 in 343.925s
	Calibrated mode 68/2048 in 348.603s
	Calibrated mode 69/2048 in 353.282s
	Calibrated mode 70/2048 in 357.961s
	Calibrated mode 71/2048 in 362.712s
	Calibrated mode 72/2048 in 367.385s
	Calibrated mode 73/2048 in 372.061s
	Calibrated mode 74/2048 in 376.734s
	Calibrated mode 75/2048 in 381.407s
	Calibrated mode 76/2048 in 386.096s
	Calibrated mode 77/2048 in 390.779s
	Calibrated mode 78/2048 in 395.458s
	Calibrated mode 79/2048 in 400.212s
	Calibrated mode 80/2048 in 404.893s
	Calibrated mode 81/2048 in 409.571s
	Calibrated mode 82/2048 in 414.251s
	Calibrated mode 83/2048 in 418.936s
	Calibrated mode 84/2048 in 423.613s
	Calibrated mode 85/2048 in 428.294s
	Calibrated mode 86/2048 in 433.026s
	Calibrated mode 87/2048 in 437.698s
	Calibrated mode 88/2048 in 442.373s
	Calibrated mode 89/2048 in 447.055s
	Calibrated mode 90/2048 in 451.742s
	Calibrated mode 91/2048 in 456.425s
	Calibrated mode 92/2048 in 461.103s
	Calibrated mode 93/2048 in 465.787s
	Calibrated mode 94/2048 in 470.459s
	Calibrated mode 95/2048 in 475.143s
	Calibrated mode 96/2048 in 479.893s
	Calibrated mode 97/2048 in 484.570s
	Calibrated mode 98/2048 in 489.252s
	Calibrated mode 99/2048 in 493.940s
	Calibrated mode 100/2048 in 498.625s
	Calibrated mode 101/2048 in 503.312s
	Calibrated mode 102/2048 in 507.988s
	Calibrated mode 103/2048 in 512.679s
	Calibrated mode 104/2048 in 517.425s
	Calibrated mode 105/2048 in 522.095s
	Calibrated mode 106/2048 in 526.769s
	Calibrated mode 107/2048 in 531.445s
	Calibrated mode 108/2048 in 536.126s
	Calibrated mode 109/2048 in 540.804s
	Calibrated mode 110/2048 in 545.491s
	Calibrated mode 111/2048 in 550.168s
	Calibrated mode 112/2048 in 554.919s
	Calibrated mode 113/2048 in 559.596s
	Calibrated mode 114/2048 in 564.279s
	Calibrated mode 115/2048 in 568.957s
	Calibrated mode 116/2048 in 573.636s
	Calibrated mode 117/2048 in 578.315s
	Calibrated mode 118/2048 in 582.996s
	Calibrated mode 119/2048 in 587.745s
	Calibrated mode 120/2048 in 592.413s
	Calibrated mode 121/2048 in 597.095s
	Calibrated mode 122/2048 in 601.770s
	Calibrated mode 123/2048 in 606.454s
	Calibrated mode 124/2048 in 611.124s
	Calibrated mode 125/2048 in 615.801s
	Calibrated mode 126/2048 in 620.487s
	Calibrated mode 127/2048 in 625.168s
	Calibrated mode 128/2048 in 629.926s
	Calibrated mode 129/2048 in 634.601s
	Calibrated mode 130/2048 in 639.277s
	Calibrated mode 131/2048 in 643.956s
	Calibrated mode 132/2048 in 648.634s
	Calibrated mode 133/2048 in 653.309s
	Calibrated mode 134/2048 in 657.985s
	Calibrated mode 135/2048 in 662.666s
	Calibrated mode 136/2048 in 667.336s
	Calibrated mode 137/2048 in 672.072s
	Calibrated mode 138/2048 in 676.750s
	Calibrated mode 139/2048 in 681.425s
	Calibrated mode 140/2048 in 686.111s
	Calibrated mode 141/2048 in 690.797s
	Calibrated mode 142/2048 in 695.476s
	Calibrated mode 143/2048 in 700.159s
	Calibrated mode 144/2048 in 704.837s
	Calibrated mode 145/2048 in 709.585s
	Calibrated mode 146/2048 in 714.259s
	Calibrated mode 147/2048 in 718.931s
	Calibrated mode 148/2048 in 723.608s
	Calibrated mode 149/2048 in 728.293s
	Calibrated mode 150/2048 in 732.978s
	Calibrated mode 151/2048 in 737.657s
	Calibrated mode 152/2048 in 742.391s
	Calibrated mode 153/2048 in 747.073s
	Calibrated mode 154/2048 in 751.749s
	Calibrated mode 155/2048 in 756.427s
	Calibrated mode 156/2048 in 761.108s
	Calibrated mode 157/2048 in 765.777s
	Calibrated mode 158/2048 in 770.451s
	Calibrated mode 159/2048 in 775.117s
	Calibrated mode 160/2048 in 779.787s
	Calibrated mode 161/2048 in 784.461s
	Calibrated mode 162/2048 in 789.204s
	Calibrated mode 163/2048 in 793.880s
	Calibrated mode 164/2048 in 798.560s
	Calibrated mode 165/2048 in 803.244s
	Calibrated mode 166/2048 in 807.919s
	Calibrated mode 167/2048 in 812.597s
	Calibrated mode 168/2048 in 817.270s
	Calibrated mode 169/2048 in 821.943s
	Calibrated mode 170/2048 in 826.694s
	Calibrated mode 171/2048 in 831.371s
	Calibrated mode 172/2048 in 836.040s
	Calibrated mode 173/2048 in 840.712s
	Calibrated mode 174/2048 in 845.384s
	Calibrated mode 175/2048 in 850.053s
	Calibrated mode 176/2048 in 854.734s
	Calibrated mode 177/2048 in 859.414s
	Calibrated mode 178/2048 in 864.149s
	Calibrated mode 179/2048 in 868.823s
	Calibrated mode 180/2048 in 873.497s
	Calibrated mode 181/2048 in 878.172s
	Calibrated mode 182/2048 in 882.844s
	Calibrated mode 183/2048 in 887.519s
	Calibrated mode 184/2048 in 892.197s
	Calibrated mode 185/2048 in 896.946s
	Calibrated mode 186/2048 in 901.617s
	Calibrated mode 187/2048 in 906.295s
	Calibrated mode 188/2048 in 910.963s
	Calibrated mode 189/2048 in 915.642s
	Calibrated mode 190/2048 in 920.319s
	Calibrated mode 191/2048 in 925.000s
	Calibrated mode 192/2048 in 929.681s
	Calibrated mode 193/2048 in 934.370s
	Calibrated mode 194/2048 in 939.050s
	Calibrated mode 195/2048 in 943.801s
	Calibrated mode 196/2048 in 948.474s
	Calibrated mode 197/2048 in 953.147s
	Calibrated mode 198/2048 in 957.823s
	Calibrated mode 199/2048 in 962.497s
	Calibrated mode 200/2048 in 967.170s
	Calibrated mode 201/2048 in 971.857s
	Calibrated mode 202/2048 in 976.531s
	Calibrated mode 203/2048 in 981.219s
	Calibrated mode 204/2048 in 985.956s
	Calibrated mode 205/2048 in 990.633s
	Calibrated mode 206/2048 in 995.312s
	Calibrated mode 207/2048 in 999.984s
	Calibrated mode 208/2048 in 1004.663s
	Calibrated mode 209/2048 in 1009.341s
	Calibrated mode 210/2048 in 1014.022s
	Calibrated mode 211/2048 in 1018.703s
	Calibrated mode 212/2048 in 1023.449s
	Calibrated mode 213/2048 in 1028.108s
	Calibrated mode 214/2048 in 1032.786s
	Calibrated mode 215/2048 in 1037.458s
	Calibrated mode 216/2048 in 1042.144s
	Calibrated mode 217/2048 in 1046.830s
	Calibrated mode 218/2048 in 1051.524s
	Calibrated mode 219/2048 in 1056.269s
	Calibrated mode 220/2048 in 1060.953s
	Calibrated mode 221/2048 in 1065.633s
	Calibrated mode 222/2048 in 1070.308s
	Calibrated mode 223/2048 in 1074.989s
	Calibrated mode 224/2048 in 1079.669s
	Calibrated mode 225/2048 in 1084.351s
	Calibrated mode 226/2048 in 1089.028s
	Calibrated mode 227/2048 in 1093.708s
	Calibrated mode 228/2048 in 1098.452s
	Calibrated mode 229/2048 in 1103.128s
	Calibrated mode 230/2048 in 1107.816s
	Calibrated mode 231/2048 in 1112.505s
	Calibrated mode 232/2048 in 1117.178s
	Calibrated mode 233/2048 in 1121.858s
	Calibrated mode 234/2048 in 1126.540s
	Calibrated mode 235/2048 in 1131.218s
	Calibrated mode 236/2048 in 1135.899s
	Calibrated mode 237/2048 in 1140.643s
	Calibrated mode 238/2048 in 1145.320s
	Calibrated mode 239/2048 in 1150.004s
	Calibrated mode 240/2048 in 1154.687s
	Calibrated mode 241/2048 in 1159.373s
	Calibrated mode 242/2048 in 1164.054s
	Calibrated mode 243/2048 in 1168.738s
	Calibrated mode 244/2048 in 1173.427s
	Calibrated mode 245/2048 in 1178.184s
	Calibrated mode 246/2048 in 1182.860s
	Calibrated mode 247/2048 in 1187.532s
	Calibrated mode 248/2048 in 1192.218s
	Calibrated mode 249/2048 in 1196.899s
	Calibrated mode 250/2048 in 1201.581s
	Calibrated mode 251/2048 in 1206.259s
	Calibrated mode 252/2048 in 1210.999s
	Calibrated mode 253/2048 in 1215.670s
	Calibrated mode 254/2048 in 1220.330s
	Calibrated mode 255/2048 in 1225.008s
	Calibrated mode 256/2048 in 1229.683s
	Calibrated mode 257/2048 in 1234.360s
	Calibrated mode 258/2048 in 1239.034s
	Calibrated mode 259/2048 in 1243.705s
	Calibrated mode 260/2048 in 1248.376s
	Calibrated mode 261/2048 in 1253.049s
	Calibrated mode 262/2048 in 1257.800s
	Calibrated mode 263/2048 in 1262.468s
	Calibrated mode 264/2048 in 1267.140s
	Calibrated mode 265/2048 in 1271.818s
	Calibrated mode 266/2048 in 1276.495s
	Calibrated mode 267/2048 in 1281.179s
	Calibrated mode 268/2048 in 1285.864s
	Calibrated mode 269/2048 in 1290.548s
	Calibrated mode 270/2048 in 1295.299s
	Calibrated mode 271/2048 in 1299.972s
	Calibrated mode 272/2048 in 1304.647s
	Calibrated mode 273/2048 in 1309.319s
	Calibrated mode 274/2048 in 1313.993s
	Calibrated mode 275/2048 in 1318.669s
	Calibrated mode 276/2048 in 1323.342s
	Calibrated mode 277/2048 in 1328.019s
	Calibrated mode 278/2048 in 1332.694s
	Calibrated mode 279/2048 in 1337.429s
	Calibrated mode 280/2048 in 1342.094s
	Calibrated mode 281/2048 in 1346.767s
	Calibrated mode 282/2048 in 1351.441s
	Calibrated mode 283/2048 in 1356.111s
	Calibrated mode 284/2048 in 1360.779s
	Calibrated mode 285/2048 in 1365.450s
	Calibrated mode 286/2048 in 1370.197s
	Calibrated mode 287/2048 in 1374.866s
	Calibrated mode 288/2048 in 1379.529s
	Calibrated mode 289/2048 in 1384.192s
	Calibrated mode 290/2048 in 1388.860s
	Calibrated mode 291/2048 in 1393.535s
	Calibrated mode 292/2048 in 1398.208s
	Calibrated mode 293/2048 in 1402.879s
	Calibrated mode 294/2048 in 1407.554s
	Calibrated mode 295/2048 in 1412.232s
	Calibrated mode 296/2048 in 1416.969s
	Calibrated mode 297/2048 in 1421.640s
	Calibrated mode 298/2048 in 1426.308s
	Calibrated mode 299/2048 in 1430.976s
	Calibrated mode 300/2048 in 1435.646s
	Calibrated mode 301/2048 in 1440.324s
	Calibrated mode 302/2048 in 1444.998s
	Calibrated mode 303/2048 in 1449.673s
	Calibrated mode 304/2048 in 1454.408s
	Calibrated mode 305/2048 in 1459.078s
	Calibrated mode 306/2048 in 1463.740s
	Calibrated mode 307/2048 in 1468.413s
	Calibrated mode 308/2048 in 1473.091s
	Calibrated mode 309/2048 in 1477.766s
	Calibrated mode 310/2048 in 1482.431s
	Calibrated mode 311/2048 in 1487.097s
	Calibrated mode 312/2048 in 1491.768s
	Calibrated mode 313/2048 in 1496.508s
	Calibrated mode 314/2048 in 1501.182s
	Calibrated mode 315/2048 in 1505.857s
	Calibrated mode 316/2048 in 1510.529s
	Calibrated mode 317/2048 in 1515.193s
	Calibrated mode 318/2048 in 1519.859s
	Calibrated mode 319/2048 in 1524.537s
	Calibrated mode 320/2048 in 1529.266s
	Calibrated mode 321/2048 in 1533.940s
	Calibrated mode 322/2048 in 1538.615s
	Calibrated mode 323/2048 in 1543.284s
	Calibrated mode 324/2048 in 1547.950s
	Calibrated mode 325/2048 in 1552.617s
	Calibrated mode 326/2048 in 1557.289s
	Calibrated mode 327/2048 in 1561.956s
	Calibrated mode 328/2048 in 1566.622s
	Calibrated mode 329/2048 in 1571.369s
	Calibrated mode 330/2048 in 1576.036s
	Calibrated mode 331/2048 in 1580.702s
	Calibrated mode 332/2048 in 1585.379s
	Calibrated mode 333/2048 in 1590.053s
	Calibrated mode 334/2048 in 1594.727s
	Calibrated mode 335/2048 in 1599.411s
	Calibrated mode 336/2048 in 1604.080s
	Calibrated mode 337/2048 in 1608.751s
	Calibrated mode 338/2048 in 1613.499s
	Calibrated mode 339/2048 in 1618.157s
	Calibrated mode 340/2048 in 1622.822s
	Calibrated mode 341/2048 in 1627.492s
	Calibrated mode 342/2048 in 1632.167s
	Calibrated mode 343/2048 in 1636.836s
	Calibrated mode 344/2048 in 1641.512s
	Calibrated mode 345/2048 in 1646.189s
	Calibrated mode 346/2048 in 1650.923s
	Calibrated mode 347/2048 in 1655.589s
	Calibrated mode 348/2048 in 1660.261s
	Calibrated mode 349/2048 in 1664.931s
	Calibrated mode 350/2048 in 1669.599s
	Calibrated mode 351/2048 in 1674.271s
	Calibrated mode 352/2048 in 1678.944s
	Calibrated mode 353/2048 in 1683.606s
	Calibrated mode 354/2048 in 1688.350s
	Calibrated mode 355/2048 in 1693.017s
	Calibrated mode 356/2048 in 1697.688s
	Calibrated mode 357/2048 in 1702.359s
	Calibrated mode 358/2048 in 1707.041s
	Calibrated mode 359/2048 in 1711.723s
	Calibrated mode 360/2048 in 1716.397s
	Calibrated mode 361/2048 in 1721.066s
	Calibrated mode 362/2048 in 1725.733s
	Calibrated mode 363/2048 in 1730.471s
	Calibrated mode 364/2048 in 1735.130s
	Calibrated mode 365/2048 in 1739.799s
	Calibrated mode 366/2048 in 1744.465s
	Calibrated mode 367/2048 in 1749.133s
	Calibrated mode 368/2048 in 1753.807s
	Calibrated mode 369/2048 in 1758.484s
	Calibrated mode 370/2048 in 1763.158s
	Calibrated mode 371/2048 in 1767.831s
	Calibrated mode 372/2048 in 1772.575s
	Calibrated mode 373/2048 in 1777.243s
	Calibrated mode 374/2048 in 1781.919s
	Calibrated mode 375/2048 in 1786.593s
	Calibrated mode 376/2048 in 1791.270s
	Calibrated mode 377/2048 in 1795.936s
	Calibrated mode 378/2048 in 1800.599s
	Calibrated mode 379/2048 in 1805.264s
	Calibrated mode 380/2048 in 1810.006s
	Calibrated mode 381/2048 in 1814.669s
	Calibrated mode 382/2048 in 1819.336s
	Calibrated mode 383/2048 in 1824.012s
	Calibrated mode 384/2048 in 1828.688s
	Calibrated mode 385/2048 in 1833.366s
	Calibrated mode 386/2048 in 1838.042s
	Calibrated mode 387/2048 in 1842.794s
	Calibrated mode 388/2048 in 1847.467s
	Calibrated mode 389/2048 in 1852.143s
	Calibrated mode 390/2048 in 1856.805s
	Calibrated mode 391/2048 in 1861.469s
	Calibrated mode 392/2048 in 1866.137s
	Calibrated mode 393/2048 in 1870.807s
	Calibrated mode 394/2048 in 1875.478s
	Calibrated mode 395/2048 in 1880.153s
	Calibrated mode 396/2048 in 1884.831s
	Calibrated mode 397/2048 in 1889.561s
	Calibrated mode 398/2048 in 1894.237s
	Calibrated mode 399/2048 in 1898.912s
	Calibrated mode 400/2048 in 1903.582s
	Calibrated mode 401/2048 in 1908.246s
	Calibrated mode 402/2048 in 1912.921s
	Calibrated mode 403/2048 in 1917.590s
	Calibrated mode 404/2048 in 1922.263s
	Calibrated mode 405/2048 in 1926.923s
	Calibrated mode 406/2048 in 1931.658s
	Calibrated mode 407/2048 in 1936.324s
	Calibrated mode 408/2048 in 1940.987s
	Calibrated mode 409/2048 in 1945.659s
	Calibrated mode 410/2048 in 1950.324s
	Calibrated mode 411/2048 in 1955.001s
	Calibrated mode 412/2048 in 1959.666s
	Calibrated mode 413/2048 in 1964.323s
	Calibrated mode 414/2048 in 1969.067s
	Calibrated mode 415/2048 in 1973.727s
	Calibrated mode 416/2048 in 1978.397s
	Calibrated mode 417/2048 in 1983.059s
	Calibrated mode 418/2048 in 1987.725s
	Calibrated mode 419/2048 in 1992.398s
	Calibrated mode 420/2048 in 1997.068s
	Calibrated mode 421/2048 in 2001.744s
	Calibrated mode 422/2048 in 2006.468s
	Calibrated mode 423/2048 in 2011.130s
	Calibrated mode 424/2048 in 2015.800s
	Calibrated mode 425/2048 in 2020.465s
	Calibrated mode 426/2048 in 2025.131s
	Calibrated mode 427/2048 in 2029.796s
	Calibrated mode 428/2048 in 2034.462s
	Calibrated mode 429/2048 in 2039.131s
	Calibrated mode 430/2048 in 2043.793s
	Calibrated mode 431/2048 in 2048.532s
	Calibrated mode 432/2048 in 2053.197s
	Calibrated mode 433/2048 in 2057.872s
	Calibrated mode 434/2048 in 2062.543s
	Calibrated mode 435/2048 in 2067.223s
	Calibrated mode 436/2048 in 2071.898s
	Calibrated mode 437/2048 in 2076.564s
	Calibrated mode 438/2048 in 2081.240s
	Calibrated mode 439/2048 in 2085.910s
	Calibrated mode 440/2048 in 2090.651s
	Calibrated mode 441/2048 in 2095.313s
	Calibrated mode 442/2048 in 2099.979s
	Calibrated mode 443/2048 in 2104.647s
	Calibrated mode 444/2048 in 2109.319s
	Calibrated mode 445/2048 in 2113.986s
	Calibrated mode 446/2048 in 2118.655s
	Calibrated mode 447/2048 in 2123.327s
	Calibrated mode 448/2048 in 2128.003s
	Calibrated mode 449/2048 in 2132.732s
	Calibrated mode 450/2048 in 2137.394s
	Calibrated mode 451/2048 in 2142.070s
	Calibrated mode 452/2048 in 2146.741s
	Calibrated mode 453/2048 in 2151.411s
	Calibrated mode 454/2048 in 2156.079s
	Calibrated mode 455/2048 in 2160.749s
	Calibrated mode 456/2048 in 2165.496s
	Calibrated mode 457/2048 in 2170.159s
	Calibrated mode 458/2048 in 2174.831s
	Calibrated mode 459/2048 in 2179.493s
	Calibrated mode 460/2048 in 2184.160s
	Calibrated mode 461/2048 in 2188.824s
	Calibrated mode 462/2048 in 2193.495s
	Calibrated mode 463/2048 in 2198.163s
	Calibrated mode 464/2048 in 2202.826s
	Calibrated mode 465/2048 in 2207.491s
	Calibrated mode 466/2048 in 2212.230s
	Calibrated mode 467/2048 in 2216.894s
	Calibrated mode 468/2048 in 2221.558s
	Calibrated mode 469/2048 in 2226.227s
	Calibrated mode 470/2048 in 2230.897s
	Calibrated mode 471/2048 in 2235.563s
	Calibrated mode 472/2048 in 2240.230s
	Calibrated mode 473/2048 in 2244.901s
	Calibrated mode 474/2048 in 2249.633s
	Calibrated mode 475/2048 in 2254.299s
	Calibrated mode 476/2048 in 2258.962s
	Calibrated mode 477/2048 in 2263.619s
	Calibrated mode 478/2048 in 2268.281s
	Calibrated mode 479/2048 in 2272.943s
	Calibrated mode 480/2048 in 2277.605s
	Calibrated mode 481/2048 in 2282.266s
	Calibrated mode 482/2048 in 2286.935s
	Calibrated mode 483/2048 in 2291.684s
	Calibrated mode 484/2048 in 2296.350s
	Calibrated mode 485/2048 in 2301.014s
	Calibrated mode 486/2048 in 2305.688s
	Calibrated mode 487/2048 in 2310.355s
	Calibrated mode 488/2048 in 2315.026s
	Calibrated mode 489/2048 in 2319.702s
	Calibrated mode 490/2048 in 2324.442s
	Calibrated mode 491/2048 in 2329.105s
	Calibrated mode 492/2048 in 2333.767s
	Calibrated mode 493/2048 in 2338.433s
	Calibrated mode 494/2048 in 2343.091s
	Calibrated mode 495/2048 in 2347.751s
	Calibrated mode 496/2048 in 2352.420s
	Calibrated mode 497/2048 in 2357.087s
	Calibrated mode 498/2048 in 2361.746s
	Calibrated mode 499/2048 in 2366.416s
	Calibrated mode 500/2048 in 2371.141s
	Calibrated mode 501/2048 in 2375.803s
	Calibrated mode 502/2048 in 2380.467s
	Calibrated mode 503/2048 in 2385.131s
	Calibrated mode 504/2048 in 2389.799s
	Calibrated mode 505/2048 in 2394.468s
	Calibrated mode 506/2048 in 2399.141s
	Calibrated mode 507/2048 in 2403.811s
	Calibrated mode 508/2048 in 2408.478s
	Calibrated mode 509/2048 in 2413.220s
	Calibrated mode 510/2048 in 2417.883s
	Calibrated mode 511/2048 in 2422.545s
	Calibrated mode 512/2048 in 2427.215s
	Calibrated mode 513/2048 in 2431.891s
	Calibrated mode 514/2048 in 2436.560s
	Calibrated mode 515/2048 in 2441.233s
	Calibrated mode 516/2048 in 2445.896s
	Calibrated mode 517/2048 in 2450.628s
	Calibrated mode 518/2048 in 2455.287s
	Calibrated mode 519/2048 in 2459.946s
	Calibrated mode 520/2048 in 2464.605s
	Calibrated mode 521/2048 in 2469.269s
	Calibrated mode 522/2048 in 2473.932s
	Calibrated mode 523/2048 in 2478.597s
	Calibrated mode 524/2048 in 2483.261s
	Calibrated mode 525/2048 in 2487.983s
	Calibrated mode 526/2048 in 2492.647s
	Calibrated mode 527/2048 in 2497.305s
	Calibrated mode 528/2048 in 2501.967s
	Calibrated mode 529/2048 in 2506.623s
	Calibrated mode 530/2048 in 2511.276s
	Calibrated mode 531/2048 in 2515.931s
	Calibrated mode 532/2048 in 2520.594s
	Calibrated mode 533/2048 in 2525.256s
	Calibrated mode 534/2048 in 2529.914s
	Calibrated mode 535/2048 in 2534.649s
	Calibrated mode 536/2048 in 2539.307s
	Calibrated mode 537/2048 in 2543.963s
	Calibrated mode 538/2048 in 2548.625s
	Calibrated mode 539/2048 in 2553.288s
	Calibrated mode 540/2048 in 2557.945s
	Calibrated mode 541/2048 in 2562.612s
	Calibrated mode 542/2048 in 2567.276s
	Calibrated mode 543/2048 in 2571.938s
	Calibrated mode 544/2048 in 2576.673s
	Calibrated mode 545/2048 in 2581.336s
	Calibrated mode 546/2048 in 2585.999s
	Calibrated mode 547/2048 in 2590.661s
	Calibrated mode 548/2048 in 2595.324s
	Calibrated mode 549/2048 in 2599.991s
	Calibrated mode 550/2048 in 2604.659s
	Calibrated mode 551/2048 in 2609.328s
	Calibrated mode 552/2048 in 2614.060s
	Calibrated mode 553/2048 in 2618.719s
	Calibrated mode 554/2048 in 2623.388s
	Calibrated mode 555/2048 in 2628.053s
	Calibrated mode 556/2048 in 2632.714s
	Calibrated mode 557/2048 in 2637.373s
	Calibrated mode 558/2048 in 2642.034s
	Calibrated mode 559/2048 in 2646.774s
	Calibrated mode 560/2048 in 2651.436s
	Calibrated mode 561/2048 in 2656.101s
	Calibrated mode 562/2048 in 2660.767s
	Calibrated mode 563/2048 in 2665.429s
	Calibrated mode 564/2048 in 2670.095s
	Calibrated mode 565/2048 in 2674.769s
	Calibrated mode 566/2048 in 2679.436s
	Calibrated mode 567/2048 in 2684.095s
	Calibrated mode 568/2048 in 2688.760s
	Calibrated mode 569/2048 in 2693.498s
	Calibrated mode 570/2048 in 2698.157s
	Calibrated mode 571/2048 in 2702.826s
	Calibrated mode 572/2048 in 2707.491s
	Calibrated mode 573/2048 in 2712.164s
	Calibrated mode 574/2048 in 2716.830s
	Calibrated mode 575/2048 in 2721.499s
	Calibrated mode 576/2048 in 2726.171s
	Calibrated mode 577/2048 in 2730.850s
	Calibrated mode 578/2048 in 2735.597s
	Calibrated mode 579/2048 in 2740.264s
	Calibrated mode 580/2048 in 2744.927s
	Calibrated mode 581/2048 in 2749.593s
	Calibrated mode 582/2048 in 2754.260s
	Calibrated mode 583/2048 in 2758.924s
	Calibrated mode 584/2048 in 2763.590s
	Calibrated mode 585/2048 in 2768.257s
	Calibrated mode 586/2048 in 2772.924s
	Calibrated mode 587/2048 in 2777.658s
	Calibrated mode 588/2048 in 2782.332s
	Calibrated mode 589/2048 in 2787.005s
	Calibrated mode 590/2048 in 2791.667s
	Calibrated mode 591/2048 in 2796.344s
	Calibrated mode 592/2048 in 2801.018s
	Calibrated mode 593/2048 in 2805.682s
	Calibrated mode 594/2048 in 2810.425s
	Calibrated mode 595/2048 in 2815.080s
	Calibrated mode 596/2048 in 2819.744s
	Calibrated mode 597/2048 in 2824.405s
	Calibrated mode 598/2048 in 2829.074s
	Calibrated mode 599/2048 in 2833.742s
	Calibrated mode 600/2048 in 2838.409s
	Calibrated mode 601/2048 in 2843.078s
	Calibrated mode 602/2048 in 2847.749s
	Calibrated mode 603/2048 in 2852.420s
	Calibrated mode 604/2048 in 2857.163s
	Calibrated mode 605/2048 in 2861.832s
	Calibrated mode 606/2048 in 2866.498s
	Calibrated mode 607/2048 in 2871.166s
	Calibrated mode 608/2048 in 2875.833s
	Calibrated mode 609/2048 in 2880.506s
	Calibrated mode 610/2048 in 2885.184s
	Calibrated mode 611/2048 in 2889.860s
	Calibrated mode 612/2048 in 2894.534s
	Calibrated mode 613/2048 in 2899.269s
	Calibrated mode 614/2048 in 2903.937s
	Calibrated mode 615/2048 in 2908.609s
	Calibrated mode 616/2048 in 2913.280s
	Calibrated mode 617/2048 in 2917.945s
	Calibrated mode 618/2048 in 2922.614s
	Calibrated mode 619/2048 in 2927.280s
	Calibrated mode 620/2048 in 2931.942s
	Calibrated mode 621/2048 in 2936.682s
	Calibrated mode 622/2048 in 2941.337s
	Calibrated mode 623/2048 in 2945.998s
	Calibrated mode 624/2048 in 2950.661s
	Calibrated mode 625/2048 in 2955.327s
	Calibrated mode 626/2048 in 2959.996s
	Calibrated mode 627/2048 in 2964.671s
	Calibrated mode 628/2048 in 2969.342s
	Calibrated mode 629/2048 in 2974.070s
	Calibrated mode 630/2048 in 2978.727s
	Calibrated mode 631/2048 in 2983.388s
	Calibrated mode 632/2048 in 2988.047s
	Calibrated mode 633/2048 in 2992.714s
	Calibrated mode 634/2048 in 2997.379s
	Calibrated mode 635/2048 in 3002.046s
	Calibrated mode 636/2048 in 3006.708s
	Calibrated mode 637/2048 in 3011.362s
	Calibrated mode 638/2048 in 3016.030s
	Calibrated mode 639/2048 in 3020.766s
	Calibrated mode 640/2048 in 3025.422s
	Calibrated mode 641/2048 in 3030.079s
	Calibrated mode 642/2048 in 3034.745s
	Calibrated mode 643/2048 in 3039.406s
	Calibrated mode 644/2048 in 3044.065s
	Calibrated mode 645/2048 in 3048.718s
	Calibrated mode 646/2048 in 3053.377s
	Calibrated mode 647/2048 in 3058.038s
	Calibrated mode 648/2048 in 3062.775s
	Calibrated mode 649/2048 in 3067.431s
	Calibrated mode 650/2048 in 3072.087s
	Calibrated mode 651/2048 in 3076.748s
	Calibrated mode 652/2048 in 3081.410s
	Calibrated mode 653/2048 in 3086.073s
	Calibrated mode 654/2048 in 3090.741s
	Calibrated mode 655/2048 in 3095.417s
	Calibrated mode 656/2048 in 3100.159s
	Calibrated mode 657/2048 in 3104.816s
	Calibrated mode 658/2048 in 3109.476s
	Calibrated mode 659/2048 in 3114.138s
	Calibrated mode 660/2048 in 3118.804s
	Calibrated mode 661/2048 in 3123.471s
	Calibrated mode 662/2048 in 3128.135s
	Calibrated mode 663/2048 in 3132.804s
	Calibrated mode 664/2048 in 3137.539s
	Calibrated mode 665/2048 in 3142.201s
	Calibrated mode 666/2048 in 3146.869s
	Calibrated mode 667/2048 in 3151.534s
	Calibrated mode 668/2048 in 3156.203s
	Calibrated mode 669/2048 in 3160.870s
	Calibrated mode 670/2048 in 3165.537s
	Calibrated mode 671/2048 in 3170.199s
	Calibrated mode 672/2048 in 3174.863s
	Calibrated mode 673/2048 in 3179.529s
	Calibrated mode 674/2048 in 3184.273s
	Calibrated mode 675/2048 in 3188.936s
	Calibrated mode 676/2048 in 3193.604s
	Calibrated mode 677/2048 in 3198.273s
	Calibrated mode 678/2048 in 3202.945s
	Calibrated mode 679/2048 in 3207.616s
	Calibrated mode 680/2048 in 3212.282s
	Calibrated mode 681/2048 in 3216.956s
	Calibrated mode 682/2048 in 3221.624s
	Calibrated mode 683/2048 in 3226.368s
	Calibrated mode 684/2048 in 3231.034s
	Calibrated mode 685/2048 in 3235.701s
	Calibrated mode 686/2048 in 3240.368s
	Calibrated mode 687/2048 in 3245.032s
	Calibrated mode 688/2048 in 3249.697s
	Calibrated mode 689/2048 in 3254.362s
	Calibrated mode 690/2048 in 3259.033s
	Calibrated mode 691/2048 in 3263.763s
	Calibrated mode 692/2048 in 3268.421s
	Calibrated mode 693/2048 in 3273.088s
	Calibrated mode 694/2048 in 3277.743s
	Calibrated mode 695/2048 in 3282.408s
	Calibrated mode 696/2048 in 3287.076s
	Calibrated mode 697/2048 in 3291.738s
	Calibrated mode 698/2048 in 3296.397s
	Calibrated mode 699/2048 in 3301.144s
	Calibrated mode 700/2048 in 3305.799s
	Calibrated mode 701/2048 in 3310.458s
	Calibrated mode 702/2048 in 3315.121s
	Calibrated mode 703/2048 in 3319.788s
	Calibrated mode 704/2048 in 3324.458s
	Calibrated mode 705/2048 in 3329.132s
	Calibrated mode 706/2048 in 3333.807s
	Calibrated mode 707/2048 in 3338.474s
	Calibrated mode 708/2048 in 3343.138s
	Calibrated mode 709/2048 in 3347.877s
	Calibrated mode 710/2048 in 3352.537s
	Calibrated mode 711/2048 in 3357.202s
	Calibrated mode 712/2048 in 3361.873s
	Calibrated mode 713/2048 in 3366.538s
	Calibrated mode 714/2048 in 3371.205s
	Calibrated mode 715/2048 in 3375.877s
	Calibrated mode 716/2048 in 3380.545s
	Calibrated mode 717/2048 in 3385.216s
	Calibrated mode 718/2048 in 3389.944s
	Calibrated mode 719/2048 in 3394.613s
	Calibrated mode 720/2048 in 3399.279s
	Calibrated mode 721/2048 in 3403.953s
	Calibrated mode 722/2048 in 3408.621s
	Calibrated mode 723/2048 in 3413.287s
	Calibrated mode 724/2048 in 3417.952s
	Calibrated mode 725/2048 in 3422.618s
	Calibrated mode 726/2048 in 3427.287s
	Calibrated mode 727/2048 in 3432.032s
	Calibrated mode 728/2048 in 3436.699s
	Calibrated mode 729/2048 in 3441.373s
	Calibrated mode 730/2048 in 3446.049s
	Calibrated mode 731/2048 in 3450.723s
	Calibrated mode 732/2048 in 3455.401s
	Calibrated mode 733/2048 in 3460.066s
	Calibrated mode 734/2048 in 3464.808s
	Calibrated mode 735/2048 in 3469.477s
	Calibrated mode 736/2048 in 3474.144s
	Calibrated mode 737/2048 in 3478.818s
	Calibrated mode 738/2048 in 3483.486s
	Calibrated mode 739/2048 in 3488.159s
	Calibrated mode 740/2048 in 3492.835s
	Calibrated mode 741/2048 in 3497.507s
	Calibrated mode 742/2048 in 3502.180s
	Calibrated mode 743/2048 in 3506.851s
	Calibrated mode 744/2048 in 3511.581s
	Calibrated mode 745/2048 in 3516.249s
	Calibrated mode 746/2048 in 3520.910s
	Calibrated mode 747/2048 in 3525.572s
	Calibrated mode 748/2048 in 3530.241s
	Calibrated mode 749/2048 in 3534.918s
	Calibrated mode 750/2048 in 3539.587s
	Calibrated mode 751/2048 in 3544.257s
	Calibrated mode 752/2048 in 3548.936s
	Calibrated mode 753/2048 in 3553.681s
	Calibrated mode 754/2048 in 3558.343s
	Calibrated mode 755/2048 in 3563.018s
	Calibrated mode 756/2048 in 3567.692s
	Calibrated mode 757/2048 in 3572.374s
	Calibrated mode 758/2048 in 3577.057s
	Calibrated mode 759/2048 in 3581.729s
	Calibrated mode 760/2048 in 3586.400s
	Calibrated mode 761/2048 in 3591.064s
	Calibrated mode 762/2048 in 3595.811s
	Calibrated mode 763/2048 in 3600.478s
	Calibrated mode 764/2048 in 3605.155s
	Calibrated mode 765/2048 in 3609.832s
	Calibrated mode 766/2048 in 3614.510s
	Calibrated mode 767/2048 in 3619.186s
	Calibrated mode 768/2048 in 3623.872s
	Calibrated mode 769/2048 in 3628.615s
	Calibrated mode 770/2048 in 3633.285s
	Calibrated mode 771/2048 in 3637.960s
	Calibrated mode 772/2048 in 3642.632s
	Calibrated mode 773/2048 in 3647.311s
	Calibrated mode 774/2048 in 3651.984s
	Calibrated mode 775/2048 in 3656.655s
	Calibrated mode 776/2048 in 3661.329s
	Calibrated mode 777/2048 in 3666.007s
	Calibrated mode 778/2048 in 3670.686s
	Calibrated mode 779/2048 in 3675.360s
	Calibrated mode 780/2048 in 3680.118s
	Calibrated mode 781/2048 in 3684.797s
	Calibrated mode 782/2048 in 3689.481s
	Calibrated mode 783/2048 in 3694.170s
	Calibrated mode 784/2048 in 3698.845s
	Calibrated mode 785/2048 in 3703.522s
	Calibrated mode 786/2048 in 3708.198s
	Calibrated mode 787/2048 in 3712.870s
	Calibrated mode 788/2048 in 3717.547s
	Calibrated mode 789/2048 in 3722.302s
	Calibrated mode 790/2048 in 3726.976s
	Calibrated mode 791/2048 in 3731.653s
	Calibrated mode 792/2048 in 3736.332s
	Calibrated mode 793/2048 in 3741.015s
	Calibrated mode 794/2048 in 3745.696s
	Calibrated mode 795/2048 in 3750.375s
	Calibrated mode 796/2048 in 3755.061s
	Calibrated mode 797/2048 in 3759.810s
	Calibrated mode 798/2048 in 3764.493s
	Calibrated mode 799/2048 in 3769.172s
	Calibrated mode 800/2048 in 3773.842s
	Calibrated mode 801/2048 in 3778.522s
	Calibrated mode 802/2048 in 3783.203s
	Calibrated mode 803/2048 in 3787.882s
	Calibrated mode 804/2048 in 3792.558s
	Calibrated mode 805/2048 in 3797.301s
	Calibrated mode 806/2048 in 3801.975s
	Calibrated mode 807/2048 in 3806.648s
	Calibrated mode 808/2048 in 3811.331s
	Calibrated mode 809/2048 in 3816.017s
	Calibrated mode 810/2048 in 3820.695s
	Calibrated mode 811/2048 in 3825.369s
	Calibrated mode 812/2048 in 3830.045s
	Calibrated mode 813/2048 in 3834.716s
	Calibrated mode 814/2048 in 3839.387s
	Calibrated mode 815/2048 in 3844.133s
	Calibrated mode 816/2048 in 3848.800s
	Calibrated mode 817/2048 in 3853.473s
	Calibrated mode 818/2048 in 3858.147s
	Calibrated mode 819/2048 in 3862.816s
	Calibrated mode 820/2048 in 3867.485s
	Calibrated mode 821/2048 in 3872.160s
	Calibrated mode 822/2048 in 3876.837s
	Calibrated mode 823/2048 in 3881.511s
	Calibrated mode 824/2048 in 3886.256s
	Calibrated mode 825/2048 in 3890.926s
	Calibrated mode 826/2048 in 3895.594s
	Calibrated mode 827/2048 in 3900.271s
	Calibrated mode 828/2048 in 3904.944s
	Calibrated mode 829/2048 in 3909.616s
	Calibrated mode 830/2048 in 3914.288s
	Calibrated mode 831/2048 in 3918.962s
	Calibrated mode 832/2048 in 3923.707s
	Calibrated mode 833/2048 in 3928.384s
	Calibrated mode 834/2048 in 3933.056s
	Calibrated mode 835/2048 in 3937.728s
	Calibrated mode 836/2048 in 3942.400s
	Calibrated mode 837/2048 in 3947.069s
	Calibrated mode 838/2048 in 3951.743s
	Calibrated mode 839/2048 in 3956.418s
	Calibrated mode 840/2048 in 3961.166s
	Calibrated mode 841/2048 in 3965.835s
	Calibrated mode 842/2048 in 3970.508s
	Calibrated mode 843/2048 in 3975.184s
	Calibrated mode 844/2048 in 3979.861s
	Calibrated mode 845/2048 in 3984.541s
	Calibrated mode 846/2048 in 3989.222s
	Calibrated mode 847/2048 in 3993.896s
	Calibrated mode 848/2048 in 3998.575s
	Calibrated mode 849/2048 in 4003.252s
	Calibrated mode 850/2048 in 4008.007s
	Calibrated mode 851/2048 in 4012.677s
	Calibrated mode 852/2048 in 4017.355s
	Calibrated mode 853/2048 in 4022.035s
	Calibrated mode 854/2048 in 4026.713s
	Calibrated mode 855/2048 in 4031.392s
	Calibrated mode 856/2048 in 4036.075s
	Calibrated mode 857/2048 in 4040.762s
	Calibrated mode 858/2048 in 4045.446s
	Calibrated mode 859/2048 in 4050.189s
	Calibrated mode 860/2048 in 4054.875s
	Calibrated mode 861/2048 in 4059.546s
	Calibrated mode 862/2048 in 4064.223s
	Calibrated mode 863/2048 in 4068.900s
	Calibrated mode 864/2048 in 4073.574s
	Calibrated mode 865/2048 in 4078.247s
	Calibrated mode 866/2048 in 4082.924s
	Calibrated mode 867/2048 in 4087.605s
	Calibrated mode 868/2048 in 4092.352s
	Calibrated mode 869/2048 in 4097.027s
	Calibrated mode 870/2048 in 4101.710s
	Calibrated mode 871/2048 in 4106.393s
	Calibrated mode 872/2048 in 4111.074s
	Calibrated mode 873/2048 in 4115.764s
	Calibrated mode 874/2048 in 4120.444s
	Calibrated mode 875/2048 in 4125.205s
	Calibrated mode 876/2048 in 4129.882s
	Calibrated mode 877/2048 in 4134.558s
	Calibrated mode 878/2048 in 4139.233s
	Calibrated mode 879/2048 in 4143.920s
	Calibrated mode 880/2048 in 4148.604s
	Calibrated mode 881/2048 in 4153.288s
	Calibrated mode 882/2048 in 4157.969s
	Calibrated mode 883/2048 in 4162.654s
	Calibrated mode 884/2048 in 4167.336s
	Calibrated mode 885/2048 in 4172.082s
	Calibrated mode 886/2048 in 4176.768s
	Calibrated mode 887/2048 in 4181.449s
	Calibrated mode 888/2048 in 4186.137s
	Calibrated mode 889/2048 in 4190.821s
	Calibrated mode 890/2048 in 4195.505s
	Calibrated mode 891/2048 in 4200.186s
	Calibrated mode 892/2048 in 4204.865s
	Calibrated mode 893/2048 in 4209.547s
	Calibrated mode 894/2048 in 4214.298s
	Calibrated mode 895/2048 in 4218.967s
	Calibrated mode 896/2048 in 4223.640s
	Calibrated mode 897/2048 in 4228.313s
	Calibrated mode 898/2048 in 4233.000s
	Calibrated mode 899/2048 in 4237.687s
	Calibrated mode 900/2048 in 4242.373s
	Calibrated mode 901/2048 in 4247.058s
	Calibrated mode 902/2048 in 4251.740s
	Calibrated mode 903/2048 in 4256.504s
	Calibrated mode 904/2048 in 4261.178s
	Calibrated mode 905/2048 in 4265.836s
	Calibrated mode 906/2048 in 4270.521s
	Calibrated mode 907/2048 in 4275.184s
	Calibrated mode 908/2048 in 4279.851s
	Calibrated mode 909/2048 in 4284.515s
	Calibrated mode 910/2048 in 4289.179s
	Calibrated mode 911/2048 in 4293.924s
	Calibrated mode 912/2048 in 4298.610s
	Calibrated mode 913/2048 in 4303.289s
	Calibrated mode 914/2048 in 4307.949s
	Calibrated mode 915/2048 in 4312.609s
	Calibrated mode 916/2048 in 4317.279s
	Calibrated mode 917/2048 in 4321.951s
	Calibrated mode 918/2048 in 4326.624s
	Calibrated mode 919/2048 in 4331.299s
	Calibrated mode 920/2048 in 4335.983s
	Calibrated mode 921/2048 in 4340.736s
	Calibrated mode 922/2048 in 4345.411s
	Calibrated mode 923/2048 in 4350.090s
	Calibrated mode 924/2048 in 4354.779s
	Calibrated mode 925/2048 in 4359.462s
	Calibrated mode 926/2048 in 4364.140s
	Calibrated mode 927/2048 in 4368.819s
	Calibrated mode 928/2048 in 4373.500s
	Calibrated mode 929/2048 in 4378.188s
	Calibrated mode 930/2048 in 4382.951s
	Calibrated mode 931/2048 in 4387.630s
	Calibrated mode 932/2048 in 4392.315s
	Calibrated mode 933/2048 in 4396.994s
	Calibrated mode 934/2048 in 4401.682s
	Calibrated mode 935/2048 in 4406.371s
	Calibrated mode 936/2048 in 4411.058s
	Calibrated mode 937/2048 in 4415.742s
	Calibrated mode 938/2048 in 4420.426s
	Calibrated mode 939/2048 in 4425.180s
	Calibrated mode 940/2048 in 4429.864s
	Calibrated mode 941/2048 in 4434.553s
	Calibrated mode 942/2048 in 4439.228s
	Calibrated mode 943/2048 in 4443.908s
	Calibrated mode 944/2048 in 4448.590s
	Calibrated mode 945/2048 in 4453.273s
	Calibrated mode 946/2048 in 4458.032s
	Calibrated mode 947/2048 in 4462.703s
	Calibrated mode 948/2048 in 4467.379s
	Calibrated mode 949/2048 in 4472.051s
	Calibrated mode 950/2048 in 4476.734s
	Calibrated mode 951/2048 in 4481.413s
	Calibrated mode 952/2048 in 4486.092s
	Calibrated mode 953/2048 in 4490.776s
	Calibrated mode 954/2048 in 4495.460s
	Calibrated mode 955/2048 in 4500.138s
	Calibrated mode 956/2048 in 4504.899s
	Calibrated mode 957/2048 in 4509.577s
	Calibrated mode 958/2048 in 4514.251s
	Calibrated mode 959/2048 in 4518.927s
	Calibrated mode 960/2048 in 4523.605s
	Calibrated mode 961/2048 in 4528.289s
	Calibrated mode 962/2048 in 4532.971s
	Calibrated mode 963/2048 in 4537.662s
	Calibrated mode 964/2048 in 4542.350s
	Calibrated mode 965/2048 in 4547.112s
	Calibrated mode 966/2048 in 4551.786s
	Calibrated mode 967/2048 in 4556.457s
	Calibrated mode 968/2048 in 4561.133s
	Calibrated mode 969/2048 in 4565.809s
	Calibrated mode 970/2048 in 4570.488s
	Calibrated mode 971/2048 in 4575.167s
	Calibrated mode 972/2048 in 4579.851s
	Calibrated mode 973/2048 in 4584.536s
	Calibrated mode 974/2048 in 4589.279s
	Calibrated mode 975/2048 in 4593.951s
	Calibrated mode 976/2048 in 4598.631s
	Calibrated mode 977/2048 in 4603.318s
	Calibrated mode 978/2048 in 4607.998s
	Calibrated mode 979/2048 in 4612.672s
	Calibrated mode 980/2048 in 4617.352s
	Calibrated mode 981/2048 in 4622.034s
	Calibrated mode 982/2048 in 4626.794s
	Calibrated mode 983/2048 in 4631.466s
	Calibrated mode 984/2048 in 4636.149s
	Calibrated mode 985/2048 in 4640.829s
	Calibrated mode 986/2048 in 4645.511s
	Calibrated mode 987/2048 in 4650.195s
	Calibrated mode 988/2048 in 4654.885s
	Calibrated mode 989/2048 in 4659.561s
	Calibrated mode 990/2048 in 4664.243s
	Calibrated mode 991/2048 in 4668.912s
	Calibrated mode 992/2048 in 4673.666s
	Calibrated mode 993/2048 in 4678.342s
	Calibrated mode 994/2048 in 4683.019s
	Calibrated mode 995/2048 in 4687.696s
	Calibrated mode 996/2048 in 4692.379s
	Calibrated mode 997/2048 in 4697.068s
	Calibrated mode 998/2048 in 4701.754s
	Calibrated mode 999/2048 in 4706.441s
	Calibrated mode 1000/2048 in 4711.126s
	Calibrated mode 1001/2048 in 4715.870s
	Calibrated mode 1002/2048 in 4720.541s
	Calibrated mode 1003/2048 in 4725.217s
	Calibrated mode 1004/2048 in 4729.887s
	Calibrated mode 1005/2048 in 4734.562s
	Calibrated mode 1006/2048 in 4739.244s
	Calibrated mode 1007/2048 in 4743.927s
	Calibrated mode 1008/2048 in 4748.607s
	Calibrated mode 1009/2048 in 4753.286s
	Calibrated mode 1010/2048 in 4758.046s
	Calibrated mode 1011/2048 in 4762.730s
	Calibrated mode 1012/2048 in 4767.411s
	Calibrated mode 1013/2048 in 4772.093s
	Calibrated mode 1014/2048 in 4776.780s
	Calibrated mode 1015/2048 in 4781.462s
	Calibrated mode 1016/2048 in 4786.144s
	Calibrated mode 1017/2048 in 4790.822s
	Calibrated mode 1018/2048 in 4795.577s
	Calibrated mode 1019/2048 in 4800.249s
	Calibrated mode 1020/2048 in 4804.926s
	Calibrated mode 1021/2048 in 4809.605s
	Calibrated mode 1022/2048 in 4814.288s
	Calibrated mode 1023/2048 in 4818.967s
	Calibrated mode 1024/2048 in 4823.650s
	Calibrated mode 1025/2048 in 4828.331s
	Calibrated mode 1026/2048 in 4833.017s
	Calibrated mode 1027/2048 in 4837.706s
	Calibrated mode 1028/2048 in 4842.465s
	Calibrated mode 1029/2048 in 4847.143s
	Calibrated mode 1030/2048 in 4851.824s
	Calibrated mode 1031/2048 in 4856.505s
	Calibrated mode 1032/2048 in 4861.187s
	Calibrated mode 1033/2048 in 4865.872s
	Calibrated mode 1034/2048 in 4870.558s
	Calibrated mode 1035/2048 in 4875.245s
	Calibrated mode 1036/2048 in 4879.938s
	Calibrated mode 1037/2048 in 4884.697s
	Calibrated mode 1038/2048 in 4889.367s
	Calibrated mode 1039/2048 in 4894.042s
	Calibrated mode 1040/2048 in 4898.722s
	Calibrated mode 1041/2048 in 4903.401s
	Calibrated mode 1042/2048 in 4908.080s
	Calibrated mode 1043/2048 in 4912.758s
	Calibrated mode 1044/2048 in 4917.436s
	Calibrated mode 1045/2048 in 4922.121s
	Calibrated mode 1046/2048 in 4926.883s
	Calibrated mode 1047/2048 in 4931.564s
	Calibrated mode 1048/2048 in 4936.249s
	Calibrated mode 1049/2048 in 4940.930s
	Calibrated mode 1050/2048 in 4945.612s
	Calibrated mode 1051/2048 in 4950.293s
	Calibrated mode 1052/2048 in 4954.979s
	Calibrated mode 1053/2048 in 4959.663s
	Calibrated mode 1054/2048 in 4964.426s
	Calibrated mode 1055/2048 in 4969.111s
	Calibrated mode 1056/2048 in 4973.789s
	Calibrated mode 1057/2048 in 4978.474s
	Calibrated mode 1058/2048 in 4983.155s
	Calibrated mode 1059/2048 in 4987.835s
	Calibrated mode 1060/2048 in 4992.512s
	Calibrated mode 1061/2048 in 4997.199s
	Calibrated mode 1062/2048 in 5001.886s
	Calibrated mode 1063/2048 in 5006.575s
	Calibrated mode 1064/2048 in 5011.323s
	Calibrated mode 1065/2048 in 5016.010s
	Calibrated mode 1066/2048 in 5020.692s
	Calibrated mode 1067/2048 in 5025.375s
	Calibrated mode 1068/2048 in 5030.059s
	Calibrated mode 1069/2048 in 5034.736s
	Calibrated mode 1070/2048 in 5039.418s
	Calibrated mode 1071/2048 in 5044.094s
	Calibrated mode 1072/2048 in 5048.779s
	Calibrated mode 1073/2048 in 5053.539s
	Calibrated mode 1074/2048 in 5058.215s
	Calibrated mode 1075/2048 in 5062.892s
	Calibrated mode 1076/2048 in 5067.572s
	Calibrated mode 1077/2048 in 5072.251s
	Calibrated mode 1078/2048 in 5076.936s
	Calibrated mode 1079/2048 in 5081.614s
	Calibrated mode 1080/2048 in 5086.302s
	Calibrated mode 1081/2048 in 5090.986s
	Calibrated mode 1082/2048 in 5095.742s
	Calibrated mode 1083/2048 in 5100.413s
	Calibrated mode 1084/2048 in 5105.095s
	Calibrated mode 1085/2048 in 5109.773s
	Calibrated mode 1086/2048 in 5114.455s
	Calibrated mode 1087/2048 in 5119.139s
	Calibrated mode 1088/2048 in 5123.834s
	Calibrated mode 1089/2048 in 5128.520s
	Calibrated mode 1090/2048 in 5133.254s
	Calibrated mode 1091/2048 in 5137.935s
	Calibrated mode 1092/2048 in 5142.612s
	Calibrated mode 1093/2048 in 5147.285s
	Calibrated mode 1094/2048 in 5151.959s
	Calibrated mode 1095/2048 in 5156.644s
	Calibrated mode 1096/2048 in 5161.322s
	Calibrated mode 1097/2048 in 5165.999s
	Calibrated mode 1098/2048 in 5170.673s
	Calibrated mode 1099/2048 in 5175.348s
	Calibrated mode 1100/2048 in 5180.099s
	Calibrated mode 1101/2048 in 5184.778s
	Calibrated mode 1102/2048 in 5189.454s
	Calibrated mode 1103/2048 in 5194.128s
	Calibrated mode 1104/2048 in 5198.803s
	Calibrated mode 1105/2048 in 5203.485s
	Calibrated mode 1106/2048 in 5208.165s
	Calibrated mode 1107/2048 in 5212.848s
	Calibrated mode 1108/2048 in 5217.525s
	Calibrated mode 1109/2048 in 5222.279s
	Calibrated mode 1110/2048 in 5226.955s
	Calibrated mode 1111/2048 in 5231.634s
	Calibrated mode 1112/2048 in 5236.317s
	Calibrated mode 1113/2048 in 5240.990s
	Calibrated mode 1114/2048 in 5245.673s
	Calibrated mode 1115/2048 in 5250.357s
	Calibrated mode 1116/2048 in 5255.030s
	Calibrated mode 1117/2048 in 5259.706s
	Calibrated mode 1118/2048 in 5264.458s
	Calibrated mode 1119/2048 in 5269.132s
	Calibrated mode 1120/2048 in 5273.807s
	Calibrated mode 1121/2048 in 5278.489s
	Calibrated mode 1122/2048 in 5283.175s
	Calibrated mode 1123/2048 in 5287.854s
	Calibrated mode 1124/2048 in 5292.532s
	Calibrated mode 1125/2048 in 5297.204s
	Calibrated mode 1126/2048 in 5301.947s
	Calibrated mode 1127/2048 in 5306.624s
	Calibrated mode 1128/2048 in 5311.296s
	Calibrated mode 1129/2048 in 5315.975s
	Calibrated mode 1130/2048 in 5320.645s
	Calibrated mode 1131/2048 in 5325.321s
	Calibrated mode 1132/2048 in 5329.989s
	Calibrated mode 1133/2048 in 5334.665s
	Calibrated mode 1134/2048 in 5339.332s
	Calibrated mode 1135/2048 in 5344.002s
	Calibrated mode 1136/2048 in 5348.754s
	Calibrated mode 1137/2048 in 5353.412s
	Calibrated mode 1138/2048 in 5358.068s
	Calibrated mode 1139/2048 in 5362.728s
	Calibrated mode 1140/2048 in 5367.388s
	Calibrated mode 1141/2048 in 5372.048s
	Calibrated mode 1142/2048 in 5376.725s
	Calibrated mode 1143/2048 in 5381.390s
	Calibrated mode 1144/2048 in 5386.066s
	Calibrated mode 1145/2048 in 5390.820s
	Calibrated mode 1146/2048 in 5395.484s
	Calibrated mode 1147/2048 in 5400.139s
	Calibrated mode 1148/2048 in 5404.801s
	Calibrated mode 1149/2048 in 5409.478s
	Calibrated mode 1150/2048 in 5414.153s
	Calibrated mode 1151/2048 in 5418.821s
	Calibrated mode 1152/2048 in 5423.478s
	Calibrated mode 1153/2048 in 5428.146s
	Calibrated mode 1154/2048 in 5432.879s
	Calibrated mode 1155/2048 in 5437.553s
	Calibrated mode 1156/2048 in 5442.222s
	Calibrated mode 1157/2048 in 5446.896s
	Calibrated mode 1158/2048 in 5451.564s
	Calibrated mode 1159/2048 in 5456.232s
	Calibrated mode 1160/2048 in 5460.899s
	Calibrated mode 1161/2048 in 5465.563s
	Calibrated mode 1162/2048 in 5470.308s
	Calibrated mode 1163/2048 in 5474.974s
	Calibrated mode 1164/2048 in 5479.628s
	Calibrated mode 1165/2048 in 5484.292s
	Calibrated mode 1166/2048 in 5488.960s
	Calibrated mode 1167/2048 in 5493.613s
	Calibrated mode 1168/2048 in 5498.267s
	Calibrated mode 1169/2048 in 5502.917s
	Calibrated mode 1170/2048 in 5507.577s
	Calibrated mode 1171/2048 in 5512.246s
	Calibrated mode 1172/2048 in 5516.996s
	Calibrated mode 1173/2048 in 5521.650s
	Calibrated mode 1174/2048 in 5526.303s
	Calibrated mode 1175/2048 in 5530.960s
	Calibrated mode 1176/2048 in 5535.633s
	Calibrated mode 1177/2048 in 5540.310s
	Calibrated mode 1178/2048 in 5544.991s
	Calibrated mode 1179/2048 in 5549.655s
	Calibrated mode 1180/2048 in 5554.325s
	Calibrated mode 1181/2048 in 5559.075s
	Calibrated mode 1182/2048 in 5563.730s
	Calibrated mode 1183/2048 in 5568.384s
	Calibrated mode 1184/2048 in 5573.042s
	Calibrated mode 1185/2048 in 5577.712s
	Calibrated mode 1186/2048 in 5582.378s
	Calibrated mode 1187/2048 in 5587.030s
	Calibrated mode 1188/2048 in 5591.684s
	Calibrated mode 1189/2048 in 5596.348s
	Calibrated mode 1190/2048 in 5601.072s
	Calibrated mode 1191/2048 in 5605.732s
	Calibrated mode 1192/2048 in 5610.404s
	Calibrated mode 1193/2048 in 5615.053s
	Calibrated mode 1194/2048 in 5619.713s
	Calibrated mode 1195/2048 in 5624.366s
	Calibrated mode 1196/2048 in 5629.015s
	Calibrated mode 1197/2048 in 5633.664s
	Calibrated mode 1198/2048 in 5638.390s
	Calibrated mode 1199/2048 in 5643.039s
	Calibrated mode 1200/2048 in 5647.691s
	Calibrated mode 1201/2048 in 5652.352s
	Calibrated mode 1202/2048 in 5657.018s
	Calibrated mode 1203/2048 in 5661.681s
	Calibrated mode 1204/2048 in 5666.348s
	Calibrated mode 1205/2048 in 5671.014s
	Calibrated mode 1206/2048 in 5675.678s
	Calibrated mode 1207/2048 in 5680.341s
	Calibrated mode 1208/2048 in 5685.002s
	Calibrated mode 1209/2048 in 5689.727s
	Calibrated mode 1210/2048 in 5694.366s
	Calibrated mode 1211/2048 in 5699.026s
	Calibrated mode 1212/2048 in 5703.692s
	Calibrated mode 1213/2048 in 5708.355s
	Calibrated mode 1214/2048 in 5713.020s
	Calibrated mode 1215/2048 in 5717.689s
	Calibrated mode 1216/2048 in 5722.343s
	Calibrated mode 1217/2048 in 5727.010s
	Calibrated mode 1218/2048 in 5731.737s
	Calibrated mode 1219/2048 in 5736.403s
	Calibrated mode 1220/2048 in 5741.051s
	Calibrated mode 1221/2048 in 5745.710s
	Calibrated mode 1222/2048 in 5750.363s
	Calibrated mode 1223/2048 in 5755.021s
	Calibrated mode 1224/2048 in 5759.672s
	Calibrated mode 1225/2048 in 5764.324s
	Calibrated mode 1226/2048 in 5768.973s
	Calibrated mode 1227/2048 in 5773.715s
	Calibrated mode 1228/2048 in 5778.371s
	Calibrated mode 1229/2048 in 5783.030s
	Calibrated mode 1230/2048 in 5787.696s
	Calibrated mode 1231/2048 in 5792.361s
	Calibrated mode 1232/2048 in 5797.036s
	Calibrated mode 1233/2048 in 5801.699s
	Calibrated mode 1234/2048 in 5806.448s
	Calibrated mode 1235/2048 in 5811.106s
	Calibrated mode 1236/2048 in 5815.769s
	Calibrated mode 1237/2048 in 5820.417s
	Calibrated mode 1238/2048 in 5825.077s
	Calibrated mode 1239/2048 in 5829.740s
	Calibrated mode 1240/2048 in 5834.401s
	Calibrated mode 1241/2048 in 5839.056s
	Calibrated mode 1242/2048 in 5843.710s
	Calibrated mode 1243/2048 in 5848.364s
	Calibrated mode 1244/2048 in 5853.015s
	Calibrated mode 1245/2048 in 5857.730s
	Calibrated mode 1246/2048 in 5862.370s
	Calibrated mode 1247/2048 in 5867.016s
	Calibrated mode 1248/2048 in 5871.658s
	Calibrated mode 1249/2048 in 5876.304s
	Calibrated mode 1250/2048 in 5880.962s
	Calibrated mode 1251/2048 in 5885.612s
	Calibrated mode 1252/2048 in 5890.260s
	Calibrated mode 1253/2048 in 5894.913s
	Calibrated mode 1254/2048 in 5899.635s
	Calibrated mode 1255/2048 in 5904.279s
	Calibrated mode 1256/2048 in 5908.923s
	Calibrated mode 1257/2048 in 5913.569s
	Calibrated mode 1258/2048 in 5918.239s
	Calibrated mode 1259/2048 in 5922.895s
	Calibrated mode 1260/2048 in 5927.546s
	Calibrated mode 1261/2048 in 5932.200s
	Calibrated mode 1262/2048 in 5936.848s
	Calibrated mode 1263/2048 in 5941.584s
	Calibrated mode 1264/2048 in 5946.236s
	Calibrated mode 1265/2048 in 5950.887s
	Calibrated mode 1266/2048 in 5955.533s
	Calibrated mode 1267/2048 in 5960.188s
	Calibrated mode 1268/2048 in 5964.836s
	Calibrated mode 1269/2048 in 5969.486s
	Calibrated mode 1270/2048 in 5974.136s
	Calibrated mode 1271/2048 in 5978.868s
	Calibrated mode 1272/2048 in 5983.507s
	Calibrated mode 1273/2048 in 5988.150s
	Calibrated mode 1274/2048 in 5992.810s
	Calibrated mode 1275/2048 in 5997.473s
	Calibrated mode 1276/2048 in 6002.130s
	Calibrated mode 1277/2048 in 6006.786s
	Calibrated mode 1278/2048 in 6011.442s
	Calibrated mode 1279/2048 in 6016.104s
	Calibrated mode 1280/2048 in 6020.762s
	Calibrated mode 1281/2048 in 6025.422s
	Calibrated mode 1282/2048 in 6030.141s
	Calibrated mode 1283/2048 in 6034.805s
	Calibrated mode 1284/2048 in 6039.474s
	Calibrated mode 1285/2048 in 6044.146s
	Calibrated mode 1286/2048 in 6048.810s
	Calibrated mode 1287/2048 in 6053.471s
	Calibrated mode 1288/2048 in 6058.129s
	Calibrated mode 1289/2048 in 6062.786s
	Calibrated mode 1290/2048 in 6067.443s
	Calibrated mode 1291/2048 in 6072.183s
	Calibrated mode 1292/2048 in 6076.835s
	Calibrated mode 1293/2048 in 6081.488s
	Calibrated mode 1294/2048 in 6086.131s
	Calibrated mode 1295/2048 in 6090.771s
	Calibrated mode 1296/2048 in 6095.414s
	Calibrated mode 1297/2048 in 6100.068s
	Calibrated mode 1298/2048 in 6104.716s
	Calibrated mode 1299/2048 in 6109.368s
	Calibrated mode 1300/2048 in 6114.111s
	Calibrated mode 1301/2048 in 6118.758s
	Calibrated mode 1302/2048 in 6123.410s
	Calibrated mode 1303/2048 in 6128.063s
	Calibrated mode 1304/2048 in 6132.721s
	Calibrated mode 1305/2048 in 6137.378s
	Calibrated mode 1306/2048 in 6142.034s
	Calibrated mode 1307/2048 in 6146.678s
	Calibrated mode 1308/2048 in 6151.400s
	Calibrated mode 1309/2048 in 6156.053s
	Calibrated mode 1310/2048 in 6160.714s
	Calibrated mode 1311/2048 in 6165.369s
	Calibrated mode 1312/2048 in 6170.022s
	Calibrated mode 1313/2048 in 6174.652s
	Calibrated mode 1314/2048 in 6179.286s
	Calibrated mode 1315/2048 in 6183.936s
	Calibrated mode 1316/2048 in 6188.581s
	Calibrated mode 1317/2048 in 6193.216s
	Calibrated mode 1318/2048 in 6197.943s
	Calibrated mode 1319/2048 in 6202.590s
	Calibrated mode 1320/2048 in 6207.235s
	Calibrated mode 1321/2048 in 6211.888s
	Calibrated mode 1322/2048 in 6216.534s
	Calibrated mode 1323/2048 in 6221.189s
	Calibrated mode 1324/2048 in 6225.843s
	Calibrated mode 1325/2048 in 6230.490s
	Calibrated mode 1326/2048 in 6235.144s
	Calibrated mode 1327/2048 in 6239.799s
	Calibrated mode 1328/2048 in 6244.521s
	Calibrated mode 1329/2048 in 6249.165s
	Calibrated mode 1330/2048 in 6253.816s
	Calibrated mode 1331/2048 in 6258.470s
	Calibrated mode 1332/2048 in 6263.120s
	Calibrated mode 1333/2048 in 6267.769s
	Calibrated mode 1334/2048 in 6272.417s
	Calibrated mode 1335/2048 in 6277.077s
	Calibrated mode 1336/2048 in 6281.729s
	Calibrated mode 1337/2048 in 6286.463s
	Calibrated mode 1338/2048 in 6291.113s
	Calibrated mode 1339/2048 in 6295.761s
	Calibrated mode 1340/2048 in 6300.419s
	Calibrated mode 1341/2048 in 6305.071s
	Calibrated mode 1342/2048 in 6309.724s
	Calibrated mode 1343/2048 in 6314.388s
	Calibrated mode 1344/2048 in 6319.048s
	Calibrated mode 1345/2048 in 6323.770s
	Calibrated mode 1346/2048 in 6328.420s
	Calibrated mode 1347/2048 in 6333.078s
	Calibrated mode 1348/2048 in 6337.741s
	Calibrated mode 1349/2048 in 6342.394s
	Calibrated mode 1350/2048 in 6347.051s
	Calibrated mode 1351/2048 in 6351.709s
	Calibrated mode 1352/2048 in 6356.362s
	Calibrated mode 1353/2048 in 6361.021s
	Calibrated mode 1354/2048 in 6365.678s
	Calibrated mode 1355/2048 in 6370.417s
	Calibrated mode 1356/2048 in 6375.075s
	Calibrated mode 1357/2048 in 6379.733s
	Calibrated mode 1358/2048 in 6384.391s
	Calibrated mode 1359/2048 in 6389.051s
	Calibrated mode 1360/2048 in 6393.713s
	Calibrated mode 1361/2048 in 6398.378s
	Calibrated mode 1362/2048 in 6403.040s
	Calibrated mode 1363/2048 in 6407.702s
	Calibrated mode 1364/2048 in 6412.365s
	Calibrated mode 1365/2048 in 6417.105s
	Calibrated mode 1366/2048 in 6421.766s
	Calibrated mode 1367/2048 in 6426.424s
	Calibrated mode 1368/2048 in 6431.081s
	Calibrated mode 1369/2048 in 6435.739s
	Calibrated mode 1370/2048 in 6440.399s
	Calibrated mode 1371/2048 in 6445.058s
	Calibrated mode 1372/2048 in 6449.714s
	Calibrated mode 1373/2048 in 6454.380s
	Calibrated mode 1374/2048 in 6459.107s
	Calibrated mode 1375/2048 in 6463.755s
	Calibrated mode 1376/2048 in 6468.417s
	Calibrated mode 1377/2048 in 6473.074s
	Calibrated mode 1378/2048 in 6477.730s
	Calibrated mode 1379/2048 in 6482.384s
	Calibrated mode 1380/2048 in 6487.047s
	Calibrated mode 1381/2048 in 6491.712s
	Calibrated mode 1382/2048 in 6496.449s
	Calibrated mode 1383/2048 in 6501.109s
	Calibrated mode 1384/2048 in 6505.773s
	Calibrated mode 1385/2048 in 6510.435s
	Calibrated mode 1386/2048 in 6515.100s
	Calibrated mode 1387/2048 in 6519.769s
	Calibrated mode 1388/2048 in 6524.436s
	Calibrated mode 1389/2048 in 6529.099s
	Calibrated mode 1390/2048 in 6533.758s
	Calibrated mode 1391/2048 in 6538.419s
	Calibrated mode 1392/2048 in 6543.162s
	Calibrated mode 1393/2048 in 6547.819s
	Calibrated mode 1394/2048 in 6552.479s
	Calibrated mode 1395/2048 in 6557.139s
	Calibrated mode 1396/2048 in 6561.796s
	Calibrated mode 1397/2048 in 6566.460s
	Calibrated mode 1398/2048 in 6571.127s
	Calibrated mode 1399/2048 in 6575.787s
	Calibrated mode 1400/2048 in 6580.459s
	Calibrated mode 1401/2048 in 6585.202s
	Calibrated mode 1402/2048 in 6589.872s
	Calibrated mode 1403/2048 in 6594.536s
	Calibrated mode 1404/2048 in 6599.194s
	Calibrated mode 1405/2048 in 6603.854s
	Calibrated mode 1406/2048 in 6608.515s
	Calibrated mode 1407/2048 in 6613.180s
	Calibrated mode 1408/2048 in 6617.848s
	Calibrated mode 1409/2048 in 6622.513s
	Calibrated mode 1410/2048 in 6627.245s
	Calibrated mode 1411/2048 in 6631.902s
	Calibrated mode 1412/2048 in 6636.561s
	Calibrated mode 1413/2048 in 6641.229s
	Calibrated mode 1414/2048 in 6645.888s
	Calibrated mode 1415/2048 in 6650.547s
	Calibrated mode 1416/2048 in 6655.206s
	Calibrated mode 1417/2048 in 6659.867s
	Calibrated mode 1418/2048 in 6664.612s
	Calibrated mode 1419/2048 in 6669.279s
	Calibrated mode 1420/2048 in 6673.947s
	Calibrated mode 1421/2048 in 6678.610s
	Calibrated mode 1422/2048 in 6683.269s
	Calibrated mode 1423/2048 in 6687.929s
	Calibrated mode 1424/2048 in 6692.597s
	Calibrated mode 1425/2048 in 6697.255s
	Calibrated mode 1426/2048 in 6701.928s
	Calibrated mode 1427/2048 in 6706.596s
	Calibrated mode 1428/2048 in 6711.263s
	Calibrated mode 1429/2048 in 6716.014s
	Calibrated mode 1430/2048 in 6720.678s
	Calibrated mode 1431/2048 in 6725.344s
	Calibrated mode 1432/2048 in 6730.010s
	Calibrated mode 1433/2048 in 6734.684s
	Calibrated mode 1434/2048 in 6739.359s
	Calibrated mode 1435/2048 in 6744.031s
	Calibrated mode 1436/2048 in 6748.700s
	Calibrated mode 1437/2048 in 6753.371s
	Calibrated mode 1438/2048 in 6758.111s
	Calibrated mode 1439/2048 in 6762.773s
	Calibrated mode 1440/2048 in 6767.437s
	Calibrated mode 1441/2048 in 6772.103s
	Calibrated mode 1442/2048 in 6776.765s
	Calibrated mode 1443/2048 in 6781.436s
	Calibrated mode 1444/2048 in 6786.106s
	Calibrated mode 1445/2048 in 6790.776s
	Calibrated mode 1446/2048 in 6795.441s
	Calibrated mode 1447/2048 in 6800.195s
	Calibrated mode 1448/2048 in 6804.859s
	Calibrated mode 1449/2048 in 6809.526s
	Calibrated mode 1450/2048 in 6814.199s
	Calibrated mode 1451/2048 in 6818.879s
	Calibrated mode 1452/2048 in 6823.543s
	Calibrated mode 1453/2048 in 6828.212s
	Calibrated mode 1454/2048 in 6832.870s
	Calibrated mode 1455/2048 in 6837.623s
	Calibrated mode 1456/2048 in 6842.288s
	Calibrated mode 1457/2048 in 6846.956s
	Calibrated mode 1458/2048 in 6851.627s
	Calibrated mode 1459/2048 in 6856.296s
	Calibrated mode 1460/2048 in 6860.972s
	Calibrated mode 1461/2048 in 6865.653s
	Calibrated mode 1462/2048 in 6870.326s
	Calibrated mode 1463/2048 in 6875.004s
	Calibrated mode 1464/2048 in 6879.689s
	Calibrated mode 1465/2048 in 6884.366s
	Calibrated mode 1466/2048 in 6889.127s
	Calibrated mode 1467/2048 in 6893.800s
	Calibrated mode 1468/2048 in 6898.477s
	Calibrated mode 1469/2048 in 6903.151s
	Calibrated mode 1470/2048 in 6907.831s
	Calibrated mode 1471/2048 in 6912.506s
	Calibrated mode 1472/2048 in 6917.187s
	Calibrated mode 1473/2048 in 6921.862s
	Calibrated mode 1474/2048 in 6926.546s
	Calibrated mode 1475/2048 in 6931.297s
	Calibrated mode 1476/2048 in 6935.960s
	Calibrated mode 1477/2048 in 6940.632s
	Calibrated mode 1478/2048 in 6945.302s
	Calibrated mode 1479/2048 in 6949.971s
	Calibrated mode 1480/2048 in 6954.642s
	Calibrated mode 1481/2048 in 6959.309s
	Calibrated mode 1482/2048 in 6963.979s
	Calibrated mode 1483/2048 in 6968.651s
	Calibrated mode 1484/2048 in 6973.408s
	Calibrated mode 1485/2048 in 6978.081s
	Calibrated mode 1486/2048 in 6982.749s
	Calibrated mode 1487/2048 in 6987.421s
	Calibrated mode 1488/2048 in 6992.096s
	Calibrated mode 1489/2048 in 6996.772s
	Calibrated mode 1490/2048 in 7001.457s
	Calibrated mode 1491/2048 in 7006.142s
	Calibrated mode 1492/2048 in 7010.901s
	Calibrated mode 1493/2048 in 7015.574s
	Calibrated mode 1494/2048 in 7020.249s
	Calibrated mode 1495/2048 in 7024.924s
	Calibrated mode 1496/2048 in 7029.604s
	Calibrated mode 1497/2048 in 7034.285s
	Calibrated mode 1498/2048 in 7038.969s
	Calibrated mode 1499/2048 in 7043.648s
	Calibrated mode 1500/2048 in 7048.325s
	Calibrated mode 1501/2048 in 7053.002s
	Calibrated mode 1502/2048 in 7057.682s
	Calibrated mode 1503/2048 in 7062.438s
	Calibrated mode 1504/2048 in 7067.113s
	Calibrated mode 1505/2048 in 7071.791s
	Calibrated mode 1506/2048 in 7076.463s
	Calibrated mode 1507/2048 in 7081.140s
	Calibrated mode 1508/2048 in 7085.813s
	Calibrated mode 1509/2048 in 7090.496s
	Calibrated mode 1510/2048 in 7095.181s
	Calibrated mode 1511/2048 in 7099.854s
	Calibrated mode 1512/2048 in 7104.594s
	Calibrated mode 1513/2048 in 7109.266s
	Calibrated mode 1514/2048 in 7113.936s
	Calibrated mode 1515/2048 in 7118.608s
	Calibrated mode 1516/2048 in 7123.281s
	Calibrated mode 1517/2048 in 7127.954s
	Calibrated mode 1518/2048 in 7132.626s
	Calibrated mode 1519/2048 in 7137.305s
	Calibrated mode 1520/2048 in 7141.983s
	Calibrated mode 1521/2048 in 7146.741s
	Calibrated mode 1522/2048 in 7151.415s
	Calibrated mode 1523/2048 in 7156.082s
	Calibrated mode 1524/2048 in 7160.757s
	Calibrated mode 1525/2048 in 7165.437s
	Calibrated mode 1526/2048 in 7170.117s
	Calibrated mode 1527/2048 in 7174.795s
	Calibrated mode 1528/2048 in 7179.475s
	Calibrated mode 1529/2048 in 7184.225s
	Calibrated mode 1530/2048 in 7188.900s
	Calibrated mode 1531/2048 in 7193.573s
	Calibrated mode 1532/2048 in 7198.246s
	Calibrated mode 1533/2048 in 7202.920s
	Calibrated mode 1534/2048 in 7207.596s
	Calibrated mode 1535/2048 in 7212.270s
	Calibrated mode 1536/2048 in 7216.954s
	Calibrated mode 1537/2048 in 7221.634s
	Calibrated mode 1538/2048 in 7226.316s
	Calibrated mode 1539/2048 in 7230.992s
	Calibrated mode 1540/2048 in 7235.741s
	Calibrated mode 1541/2048 in 7240.419s
	Calibrated mode 1542/2048 in 7245.097s
	Calibrated mode 1543/2048 in 7249.775s
	Calibrated mode 1544/2048 in 7254.450s
	Calibrated mode 1545/2048 in 7259.133s
	Calibrated mode 1546/2048 in 7263.818s
	Calibrated mode 1547/2048 in 7268.501s
	Calibrated mode 1548/2048 in 7273.178s
	Calibrated mode 1549/2048 in 7277.937s
	Calibrated mode 1550/2048 in 7282.609s
	Calibrated mode 1551/2048 in 7287.286s
	Calibrated mode 1552/2048 in 7291.964s
	Calibrated mode 1553/2048 in 7296.636s
	Calibrated mode 1554/2048 in 7301.316s
	Calibrated mode 1555/2048 in 7305.990s
	Calibrated mode 1556/2048 in 7310.669s
	Calibrated mode 1557/2048 in 7315.350s
	Calibrated mode 1558/2048 in 7320.105s
	Calibrated mode 1559/2048 in 7324.773s
	Calibrated mode 1560/2048 in 7329.451s
	Calibrated mode 1561/2048 in 7334.135s
	Calibrated mode 1562/2048 in 7338.817s
	Calibrated mode 1563/2048 in 7343.501s
	Calibrated mode 1564/2048 in 7348.181s
	Calibrated mode 1565/2048 in 7352.868s
	Calibrated mode 1566/2048 in 7357.619s
	Calibrated mode 1567/2048 in 7362.301s
	Calibrated mode 1568/2048 in 7366.984s
	Calibrated mode 1569/2048 in 7371.663s
	Calibrated mode 1570/2048 in 7376.341s
	Calibrated mode 1571/2048 in 7381.019s
	Calibrated mode 1572/2048 in 7385.698s
	Calibrated mode 1573/2048 in 7390.378s
	Calibrated mode 1574/2048 in 7395.058s
	Calibrated mode 1575/2048 in 7399.739s
	Calibrated mode 1576/2048 in 7404.418s
	Calibrated mode 1577/2048 in 7409.172s
	Calibrated mode 1578/2048 in 7413.847s
	Calibrated mode 1579/2048 in 7418.523s
	Calibrated mode 1580/2048 in 7423.203s
	Calibrated mode 1581/2048 in 7427.887s
	Calibrated mode 1582/2048 in 7432.569s
	Calibrated mode 1583/2048 in 7437.245s
	Calibrated mode 1584/2048 in 7441.928s
	Calibrated mode 1585/2048 in 7446.610s
	Calibrated mode 1586/2048 in 7451.373s
	Calibrated mode 1587/2048 in 7456.050s
	Calibrated mode 1588/2048 in 7460.732s
	Calibrated mode 1589/2048 in 7465.418s
	Calibrated mode 1590/2048 in 7470.099s
	Calibrated mode 1591/2048 in 7474.781s
	Calibrated mode 1592/2048 in 7479.459s
	Calibrated mode 1593/2048 in 7484.139s
	Calibrated mode 1594/2048 in 7488.825s
	Calibrated mode 1595/2048 in 7493.582s
	Calibrated mode 1596/2048 in 7498.263s
	Calibrated mode 1597/2048 in 7502.946s
	Calibrated mode 1598/2048 in 7507.629s
	Calibrated mode 1599/2048 in 7512.303s
	Calibrated mode 1600/2048 in 7516.982s
	Calibrated mode 1601/2048 in 7521.663s
	Calibrated mode 1602/2048 in 7526.344s
	Calibrated mode 1603/2048 in 7531.099s
	Calibrated mode 1604/2048 in 7535.773s
	Calibrated mode 1605/2048 in 7540.451s
	Calibrated mode 1606/2048 in 7545.136s
	Calibrated mode 1607/2048 in 7549.818s
	Calibrated mode 1608/2048 in 7554.498s
	Calibrated mode 1609/2048 in 7559.173s
	Calibrated mode 1610/2048 in 7563.849s
	Calibrated mode 1611/2048 in 7568.525s
	Calibrated mode 1612/2048 in 7573.202s
	Calibrated mode 1613/2048 in 7577.881s
	Calibrated mode 1614/2048 in 7582.641s
	Calibrated mode 1615/2048 in 7587.318s
	Calibrated mode 1616/2048 in 7592.001s
	Calibrated mode 1617/2048 in 7596.679s
	Calibrated mode 1618/2048 in 7601.357s
	Calibrated mode 1619/2048 in 7606.040s
	Calibrated mode 1620/2048 in 7610.728s
	Calibrated mode 1621/2048 in 7615.416s
	Calibrated mode 1622/2048 in 7620.107s
	Calibrated mode 1623/2048 in 7624.786s
	Calibrated mode 1624/2048 in 7629.535s
	Calibrated mode 1625/2048 in 7634.213s
	Calibrated mode 1626/2048 in 7638.891s
	Calibrated mode 1627/2048 in 7643.562s
	Calibrated mode 1628/2048 in 7648.235s
	Calibrated mode 1629/2048 in 7652.905s
	Calibrated mode 1630/2048 in 7657.585s
	Calibrated mode 1631/2048 in 7662.265s
	Calibrated mode 1632/2048 in 7666.952s
	Calibrated mode 1633/2048 in 7671.699s
	Calibrated mode 1634/2048 in 7676.377s
	Calibrated mode 1635/2048 in 7681.057s
	Calibrated mode 1636/2048 in 7685.740s
	Calibrated mode 1637/2048 in 7690.420s
	Calibrated mode 1638/2048 in 7695.108s
	Calibrated mode 1639/2048 in 7699.795s
	Calibrated mode 1640/2048 in 7704.471s
	Calibrated mode 1641/2048 in 7709.235s
	Calibrated mode 1642/2048 in 7713.917s
	Calibrated mode 1643/2048 in 7718.599s
	Calibrated mode 1644/2048 in 7723.283s
	Calibrated mode 1645/2048 in 7727.968s
	Calibrated mode 1646/2048 in 7732.652s
	Calibrated mode 1647/2048 in 7737.338s
	Calibrated mode 1648/2048 in 7742.020s
	Calibrated mode 1649/2048 in 7746.709s
	Calibrated mode 1650/2048 in 7751.401s
	Calibrated mode 1651/2048 in 7756.164s
	Calibrated mode 1652/2048 in 7760.843s
	Calibrated mode 1653/2048 in 7765.521s
	Calibrated mode 1654/2048 in 7770.203s
	Calibrated mode 1655/2048 in 7774.885s
	Calibrated mode 1656/2048 in 7779.571s
	Calibrated mode 1657/2048 in 7784.261s
	Calibrated mode 1658/2048 in 7788.947s
	Calibrated mode 1659/2048 in 7793.637s
	Calibrated mode 1660/2048 in 7798.323s
	Calibrated mode 1661/2048 in 7803.074s
	Calibrated mode 1662/2048 in 7807.757s
	Calibrated mode 1663/2048 in 7812.439s
	Calibrated mode 1664/2048 in 7817.123s
	Calibrated mode 1665/2048 in 7821.814s
	Calibrated mode 1666/2048 in 7826.500s
	Calibrated mode 1667/2048 in 7831.186s
	Calibrated mode 1668/2048 in 7835.868s
	Calibrated mode 1669/2048 in 7840.549s
	Calibrated mode 1670/2048 in 7845.314s
	Calibrated mode 1671/2048 in 7849.997s
	Calibrated mode 1672/2048 in 7854.682s
	Calibrated mode 1673/2048 in 7859.363s
	Calibrated mode 1674/2048 in 7864.048s
	Calibrated mode 1675/2048 in 7868.729s
	Calibrated mode 1676/2048 in 7873.416s
	Calibrated mode 1677/2048 in 7878.109s
	Calibrated mode 1678/2048 in 7882.867s
	Calibrated mode 1679/2048 in 7887.546s
	Calibrated mode 1680/2048 in 7892.230s
	Calibrated mode 1681/2048 in 7896.912s
	Calibrated mode 1682/2048 in 7901.603s
	Calibrated mode 1683/2048 in 7906.288s
	Calibrated mode 1684/2048 in 7910.965s
	Calibrated mode 1685/2048 in 7915.641s
	Calibrated mode 1686/2048 in 7920.327s
	Calibrated mode 1687/2048 in 7925.013s
	Calibrated mode 1688/2048 in 7929.695s
	Calibrated mode 1689/2048 in 7934.457s
	Calibrated mode 1690/2048 in 7939.141s
	Calibrated mode 1691/2048 in 7943.828s
	Calibrated mode 1692/2048 in 7948.513s
	Calibrated mode 1693/2048 in 7953.195s
	Calibrated mode 1694/2048 in 7957.878s
	Calibrated mode 1695/2048 in 7962.561s
	Calibrated mode 1696/2048 in 7967.251s
	Calibrated mode 1697/2048 in 7971.938s
	Calibrated mode 1698/2048 in 7976.631s
	Calibrated mode 1699/2048 in 7981.396s
	Calibrated mode 1700/2048 in 7986.082s
	Calibrated mode 1701/2048 in 7990.768s
	Calibrated mode 1702/2048 in 7995.455s
	Calibrated mode 1703/2048 in 8000.142s
	Calibrated mode 1704/2048 in 8004.826s
	Calibrated mode 1705/2048 in 8009.507s
	Calibrated mode 1706/2048 in 8014.197s
	Calibrated mode 1707/2048 in 8018.884s
	Calibrated mode 1708/2048 in 8023.647s
	Calibrated mode 1709/2048 in 8028.329s
	Calibrated mode 1710/2048 in 8033.016s
	Calibrated mode 1711/2048 in 8037.697s
	Calibrated mode 1712/2048 in 8042.383s
	Calibrated mode 1713/2048 in 8047.073s
	Calibrated mode 1714/2048 in 8051.764s
	Calibrated mode 1715/2048 in 8056.461s
	Calibrated mode 1716/2048 in 8061.217s
	Calibrated mode 1717/2048 in 8065.895s
	Calibrated mode 1718/2048 in 8070.573s
	Calibrated mode 1719/2048 in 8075.257s
	Calibrated mode 1720/2048 in 8079.941s
	Calibrated mode 1721/2048 in 8084.625s
	Calibrated mode 1722/2048 in 8089.312s
	Calibrated mode 1723/2048 in 8094.005s
	Calibrated mode 1724/2048 in 8098.693s
	Calibrated mode 1725/2048 in 8103.379s
	Calibrated mode 1726/2048 in 8108.065s
	Calibrated mode 1727/2048 in 8112.826s
	Calibrated mode 1728/2048 in 8117.499s
	Calibrated mode 1729/2048 in 8122.180s
	Calibrated mode 1730/2048 in 8126.863s
	Calibrated mode 1731/2048 in 8131.551s
	Calibrated mode 1732/2048 in 8136.232s
	Calibrated mode 1733/2048 in 8140.926s
	Calibrated mode 1734/2048 in 8145.622s
	Calibrated mode 1735/2048 in 8150.317s
	Calibrated mode 1736/2048 in 8155.084s
	Calibrated mode 1737/2048 in 8159.767s
	Calibrated mode 1738/2048 in 8164.448s
	Calibrated mode 1739/2048 in 8169.134s
	Calibrated mode 1740/2048 in 8173.815s
	Calibrated mode 1741/2048 in 8178.494s
	Calibrated mode 1742/2048 in 8183.179s
	Calibrated mode 1743/2048 in 8187.864s
	Calibrated mode 1744/2048 in 8192.549s
	Calibrated mode 1745/2048 in 8197.309s
	Calibrated mode 1746/2048 in 8201.983s
	Calibrated mode 1747/2048 in 8206.661s
	Calibrated mode 1748/2048 in 8211.353s
	Calibrated mode 1749/2048 in 8216.041s
	Calibrated mode 1750/2048 in 8220.737s
	Calibrated mode 1751/2048 in 8225.428s
	Calibrated mode 1752/2048 in 8230.118s
	Calibrated mode 1753/2048 in 8234.893s
	Calibrated mode 1754/2048 in 8239.568s
	Calibrated mode 1755/2048 in 8244.247s
	Calibrated mode 1756/2048 in 8248.927s
	Calibrated mode 1757/2048 in 8253.613s
	Calibrated mode 1758/2048 in 8258.296s
	Calibrated mode 1759/2048 in 8262.985s
	Calibrated mode 1760/2048 in 8267.674s
	Calibrated mode 1761/2048 in 8272.353s
	Calibrated mode 1762/2048 in 8277.034s
	Calibrated mode 1763/2048 in 8281.718s
	Calibrated mode 1764/2048 in 8286.472s
	Calibrated mode 1765/2048 in 8291.146s
	Calibrated mode 1766/2048 in 8295.821s
	Calibrated mode 1767/2048 in 8300.500s
	Calibrated mode 1768/2048 in 8305.173s
	Calibrated mode 1769/2048 in 8309.839s
	Calibrated mode 1770/2048 in 8314.514s
	Calibrated mode 1771/2048 in 8319.195s
	Calibrated mode 1772/2048 in 8323.879s
	Calibrated mode 1773/2048 in 8328.562s
	Calibrated mode 1774/2048 in 8333.317s
	Calibrated mode 1775/2048 in 8337.996s
	Calibrated mode 1776/2048 in 8342.669s
	Calibrated mode 1777/2048 in 8347.347s
	Calibrated mode 1778/2048 in 8352.025s
	Calibrated mode 1779/2048 in 8356.703s
	Calibrated mode 1780/2048 in 8361.383s
	Calibrated mode 1781/2048 in 8366.063s
	Calibrated mode 1782/2048 in 8370.739s
	Calibrated mode 1783/2048 in 8375.497s
	Calibrated mode 1784/2048 in 8380.173s
	Calibrated mode 1785/2048 in 8384.850s
	Calibrated mode 1786/2048 in 8389.526s
	Calibrated mode 1787/2048 in 8394.206s
	Calibrated mode 1788/2048 in 8398.891s
	Calibrated mode 1789/2048 in 8403.575s
	Calibrated mode 1790/2048 in 8408.260s
	Calibrated mode 1791/2048 in 8413.009s
	Calibrated mode 1792/2048 in 8417.687s
	Calibrated mode 1793/2048 in 8422.365s
	Calibrated mode 1794/2048 in 8427.046s
	Calibrated mode 1795/2048 in 8431.731s
	Calibrated mode 1796/2048 in 8436.410s
	Calibrated mode 1797/2048 in 8441.088s
	Calibrated mode 1798/2048 in 8445.763s
	Calibrated mode 1799/2048 in 8450.434s
	Calibrated mode 1800/2048 in 8455.119s
	Calibrated mode 1801/2048 in 8459.798s
	Calibrated mode 1802/2048 in 8464.560s
	Calibrated mode 1803/2048 in 8469.238s
	Calibrated mode 1804/2048 in 8473.918s
	Calibrated mode 1805/2048 in 8478.605s
	Calibrated mode 1806/2048 in 8483.295s
	Calibrated mode 1807/2048 in 8487.980s
	Calibrated mode 1808/2048 in 8492.664s
	Calibrated mode 1809/2048 in 8497.339s
	Calibrated mode 1810/2048 in 8502.007s
	Calibrated mode 1811/2048 in 8506.773s
	Calibrated mode 1812/2048 in 8511.438s
	Calibrated mode 1813/2048 in 8516.107s
	Calibrated mode 1814/2048 in 8520.783s
	Calibrated mode 1815/2048 in 8525.456s
	Calibrated mode 1816/2048 in 8530.135s
	Calibrated mode 1817/2048 in 8534.812s
	Calibrated mode 1818/2048 in 8539.499s
	Calibrated mode 1819/2048 in 8544.180s
	Calibrated mode 1820/2048 in 8548.862s
	Calibrated mode 1821/2048 in 8553.611s
	Calibrated mode 1822/2048 in 8558.289s
	Calibrated mode 1823/2048 in 8562.968s
	Calibrated mode 1824/2048 in 8567.647s
	Calibrated mode 1825/2048 in 8572.321s
	Calibrated mode 1826/2048 in 8577.003s
	Calibrated mode 1827/2048 in 8581.683s
	Calibrated mode 1828/2048 in 8586.363s
	Calibrated mode 1829/2048 in 8591.122s
	Calibrated mode 1830/2048 in 8595.794s
	Calibrated mode 1831/2048 in 8600.471s
	Calibrated mode 1832/2048 in 8605.147s
	Calibrated mode 1833/2048 in 8609.826s
	Calibrated mode 1834/2048 in 8614.502s
	Calibrated mode 1835/2048 in 8619.185s
	Calibrated mode 1836/2048 in 8623.874s
	Calibrated mode 1837/2048 in 8628.555s
	Calibrated mode 1838/2048 in 8633.224s
	Calibrated mode 1839/2048 in 8637.898s
	Calibrated mode 1840/2048 in 8642.653s
	Calibrated mode 1841/2048 in 8647.328s
	Calibrated mode 1842/2048 in 8652.001s
	Calibrated mode 1843/2048 in 8656.677s
	Calibrated mode 1844/2048 in 8661.354s
	Calibrated mode 1845/2048 in 8666.032s
	Calibrated mode 1846/2048 in 8670.712s
	Calibrated mode 1847/2048 in 8675.393s
	Calibrated mode 1848/2048 in 8680.068s
	Calibrated mode 1849/2048 in 8684.805s
	Calibrated mode 1850/2048 in 8689.480s
	Calibrated mode 1851/2048 in 8694.154s
	Calibrated mode 1852/2048 in 8698.834s
	Calibrated mode 1853/2048 in 8703.513s
	Calibrated mode 1854/2048 in 8708.188s
	Calibrated mode 1855/2048 in 8712.855s
	Calibrated mode 1856/2048 in 8717.529s
	Calibrated mode 1857/2048 in 8722.201s
	Calibrated mode 1858/2048 in 8726.957s
	Calibrated mode 1859/2048 in 8731.623s
	Calibrated mode 1860/2048 in 8736.296s
	Calibrated mode 1861/2048 in 8740.972s
	Calibrated mode 1862/2048 in 8745.640s
	Calibrated mode 1863/2048 in 8750.319s
	Calibrated mode 1864/2048 in 8755.006s
	Calibrated mode 1865/2048 in 8759.681s
	Calibrated mode 1866/2048 in 8764.439s
	Calibrated mode 1867/2048 in 8769.110s
	Calibrated mode 1868/2048 in 8773.777s
	Calibrated mode 1869/2048 in 8778.449s
	Calibrated mode 1870/2048 in 8783.122s
	Calibrated mode 1871/2048 in 8787.802s
	Calibrated mode 1872/2048 in 8792.481s
	Calibrated mode 1873/2048 in 8797.161s
	Calibrated mode 1874/2048 in 8801.840s
	Calibrated mode 1875/2048 in 8806.513s
	Calibrated mode 1876/2048 in 8811.187s
	Calibrated mode 1877/2048 in 8815.938s
	Calibrated mode 1878/2048 in 8820.624s
	Calibrated mode 1879/2048 in 8825.306s
	Calibrated mode 1880/2048 in 8829.979s
	Calibrated mode 1881/2048 in 8834.655s
	Calibrated mode 1882/2048 in 8839.330s
	Calibrated mode 1883/2048 in 8844.011s
	Calibrated mode 1884/2048 in 8848.688s
	Calibrated mode 1885/2048 in 8853.359s
	Calibrated mode 1886/2048 in 8858.029s
	Calibrated mode 1887/2048 in 8862.786s
	Calibrated mode 1888/2048 in 8867.461s
	Calibrated mode 1889/2048 in 8872.136s
	Calibrated mode 1890/2048 in 8876.815s
	Calibrated mode 1891/2048 in 8881.492s
	Calibrated mode 1892/2048 in 8886.176s
	Calibrated mode 1893/2048 in 8890.855s
	Calibrated mode 1894/2048 in 8895.535s
	Calibrated mode 1895/2048 in 8900.206s
	Calibrated mode 1896/2048 in 8904.964s
	Calibrated mode 1897/2048 in 8909.639s
	Calibrated mode 1898/2048 in 8914.317s
	Calibrated mode 1899/2048 in 8918.997s
	Calibrated mode 1900/2048 in 8923.675s
	Calibrated mode 1901/2048 in 8928.350s
	Calibrated mode 1902/2048 in 8933.028s
	Calibrated mode 1903/2048 in 8937.704s
	Calibrated mode 1904/2048 in 8942.445s
	Calibrated mode 1905/2048 in 8947.116s
	Calibrated mode 1906/2048 in 8951.783s
	Calibrated mode 1907/2048 in 8956.459s
	Calibrated mode 1908/2048 in 8961.135s
	Calibrated mode 1909/2048 in 8965.811s
	Calibrated mode 1910/2048 in 8970.484s
	Calibrated mode 1911/2048 in 8975.165s
	Calibrated mode 1912/2048 in 8979.838s
	Calibrated mode 1913/2048 in 8984.518s
	Calibrated mode 1914/2048 in 8989.196s
	Calibrated mode 1915/2048 in 8993.950s
	Calibrated mode 1916/2048 in 8998.622s
	Calibrated mode 1917/2048 in 9003.294s
	Calibrated mode 1918/2048 in 9007.970s
	Calibrated mode 1919/2048 in 9012.648s
	Calibrated mode 1920/2048 in 9017.319s
	Calibrated mode 1921/2048 in 9021.995s
	Calibrated mode 1922/2048 in 9026.665s
	Calibrated mode 1923/2048 in 9031.334s
	Calibrated mode 1924/2048 in 9036.010s
	Calibrated mode 1925/2048 in 9040.752s
	Calibrated mode 1926/2048 in 9045.414s
	Calibrated mode 1927/2048 in 9050.081s
	Calibrated mode 1928/2048 in 9054.752s
	Calibrated mode 1929/2048 in 9059.421s
	Calibrated mode 1930/2048 in 9064.097s
	Calibrated mode 1931/2048 in 9068.765s
	Calibrated mode 1932/2048 in 9073.436s
	Calibrated mode 1933/2048 in 9078.104s
	Calibrated mode 1934/2048 in 9082.841s
	Calibrated mode 1935/2048 in 9087.511s
	Calibrated mode 1936/2048 in 9092.174s
	Calibrated mode 1937/2048 in 9096.832s
	Calibrated mode 1938/2048 in 9101.500s
	Calibrated mode 1939/2048 in 9106.167s
	Calibrated mode 1940/2048 in 9110.833s
	Calibrated mode 1941/2048 in 9115.499s
	Calibrated mode 1942/2048 in 9120.249s
	Calibrated mode 1943/2048 in 9124.916s
	Calibrated mode 1944/2048 in 9129.579s
	Calibrated mode 1945/2048 in 9134.247s
	Calibrated mode 1946/2048 in 9138.916s
	Calibrated mode 1947/2048 in 9143.588s
	Calibrated mode 1948/2048 in 9148.265s
	Calibrated mode 1949/2048 in 9152.941s
	Calibrated mode 1950/2048 in 9157.621s
	Calibrated mode 1951/2048 in 9162.303s
	Calibrated mode 1952/2048 in 9166.978s
	Calibrated mode 1953/2048 in 9171.730s
	Calibrated mode 1954/2048 in 9176.396s
	Calibrated mode 1955/2048 in 9181.066s
	Calibrated mode 1956/2048 in 9185.733s
	Calibrated mode 1957/2048 in 9190.405s
	Calibrated mode 1958/2048 in 9195.081s
	Calibrated mode 1959/2048 in 9199.752s
	Calibrated mode 1960/2048 in 9204.426s
	Calibrated mode 1961/2048 in 9209.102s
	Calibrated mode 1962/2048 in 9213.843s
	Calibrated mode 1963/2048 in 9218.509s
	Calibrated mode 1964/2048 in 9223.180s
	Calibrated mode 1965/2048 in 9227.849s
	Calibrated mode 1966/2048 in 9232.513s
	Calibrated mode 1967/2048 in 9237.176s
	Calibrated mode 1968/2048 in 9241.834s
	Calibrated mode 1969/2048 in 9246.496s
	Calibrated mode 1970/2048 in 9251.159s
	Calibrated mode 1971/2048 in 9255.828s
	Calibrated mode 1972/2048 in 9260.583s
	Calibrated mode 1973/2048 in 9265.250s
	Calibrated mode 1974/2048 in 9269.920s
	Calibrated mode 1975/2048 in 9274.587s
	Calibrated mode 1976/2048 in 9279.258s
	Calibrated mode 1977/2048 in 9283.933s
	Calibrated mode 1978/2048 in 9288.615s
	Calibrated mode 1979/2048 in 9293.291s
	Calibrated mode 1980/2048 in 9298.042s
	Calibrated mode 1981/2048 in 9302.718s
	Calibrated mode 1982/2048 in 9307.392s
	Calibrated mode 1983/2048 in 9312.057s
	Calibrated mode 1984/2048 in 9316.720s
	Calibrated mode 1985/2048 in 9321.390s
	Calibrated mode 1986/2048 in 9326.062s
	Calibrated mode 1987/2048 in 9330.741s
	Calibrated mode 1988/2048 in 9335.412s
	Calibrated mode 1989/2048 in 9340.090s
	Calibrated mode 1990/2048 in 9344.763s
	Calibrated mode 1991/2048 in 9349.512s
	Calibrated mode 1992/2048 in 9354.190s
	Calibrated mode 1993/2048 in 9358.865s
	Calibrated mode 1994/2048 in 9363.543s
	Calibrated mode 1995/2048 in 9368.216s
	Calibrated mode 1996/2048 in 9372.884s
	Calibrated mode 1997/2048 in 9377.556s
	Calibrated mode 1998/2048 in 9382.226s
	Calibrated mode 1999/2048 in 9386.898s
	Calibrated mode 2000/2048 in 9391.652s
	Calibrated mode 2001/2048 in 9396.327s
	Calibrated mode 2002/2048 in 9401.000s
	Calibrated mode 2003/2048 in 9405.672s
	Calibrated mode 2004/2048 in 9410.338s
	Calibrated mode 2005/2048 in 9415.009s
	Calibrated mode 2006/2048 in 9419.681s
	Calibrated mode 2007/2048 in 9424.369s
	Calibrated mode 2008/2048 in 9429.049s
	Calibrated mode 2009/2048 in 9433.718s
	Calibrated mode 2010/2048 in 9438.476s
	Calibrated mode 2011/2048 in 9443.144s
	Calibrated mode 2012/2048 in 9447.816s
	Calibrated mode 2013/2048 in 9452.490s
	Calibrated mode 2014/2048 in 9457.163s
	Calibrated mode 2015/2048 in 9461.841s
	Calibrated mode 2016/2048 in 9466.521s
	Calibrated mode 2017/2048 in 9471.195s
	Calibrated mode 2018/2048 in 9475.930s
	Calibrated mode 2019/2048 in 9480.602s
	Calibrated mode 2020/2048 in 9485.276s
	Calibrated mode 2021/2048 in 9489.958s
	Calibrated mode 2022/2048 in 9494.632s
	Calibrated mode 2023/2048 in 9499.309s
	Calibrated mode 2024/2048 in 9503.989s
	Calibrated mode 2025/2048 in 9508.667s
	Calibrated mode 2026/2048 in 9513.340s
	Calibrated mode 2027/2048 in 9518.011s
	Calibrated mode 2028/2048 in 9522.690s
	Calibrated mode 2029/2048 in 9527.449s
	Calibrated mode 2030/2048 in 9532.120s
	Calibrated mode 2031/2048 in 9536.797s
	Calibrated mode 2032/2048 in 9541.473s
	Calibrated mode 2033/2048 in 9546.153s
	Calibrated mode 2034/2048 in 9550.828s
	Calibrated mode 2035/2048 in 9555.509s
	Calibrated mode 2036/2048 in 9560.181s
	Calibrated mode 2037/2048 in 9564.863s
	Calibrated mode 2038/2048 in 9569.542s
	Calibrated mode 2039/2048 in 9574.295s
	Calibrated mode 2040/2048 in 9578.966s
	Calibrated mode 2041/2048 in 9583.644s
	Calibrated mode 2042/2048 in 9588.317s
	Calibrated mode 2043/2048 in 9592.992s
	Calibrated mode 2044/2048 in 9597.668s
	Calibrated mode 2045/2048 in 9602.347s
	Calibrated mode 2046/2048 in 9607.028s
	Calibrated mode 2047/2048 in 9611.711s
	Calibrated mode 2048/2048 in 9616.463s
Calibration complete.
Saved data to:  /home/kianmilani/Projects/roman-cgi-iefc-data/response-data/hlc_iefc_2dm_poke_response_matrix_20230710.fits
Saved data to:  /home/kianmilani/Projects/roman-cgi-iefc-data/response-data/hlc_iefc_2dm_poke_response_cube_20230710.fits
