INFO:numexpr.utils:Note: detected 96 virtual cores but NumExpr set to maximum of 64, check "NUMEXPR_MAX_THREADS" environment variable.
INFO:numexpr.utils:Note: NumExpr detected 96 cores but "NUMEXPR_MAX_THREADS" not set, so enforcing safe limit of 8.
Figure(1250x500)
Figure(1250x500)
(1732, 2304)
Figure(1250x500)
Calibrating I-EFC...
	Calibrated DM1 mode 1 / 866 in 3.381s
	Calibrated DM1 mode 2 / 866 in 6.327s
	Calibrated DM1 mode 3 / 866 in 9.206s
	Calibrated DM1 mode 4 / 866 in 12.094s
	Calibrated DM1 mode 5 / 866 in 14.975s
	Calibrated DM1 mode 6 / 866 in 17.855s
	Calibrated DM1 mode 7 / 866 in 20.750s
	Calibrated DM1 mode 8 / 866 in 23.633s
	Calibrated DM1 mode 9 / 866 in 26.521s
	Calibrated DM1 mode 10 / 866 in 29.410s
	Calibrated DM1 mode 11 / 866 in 32.293s
	Calibrated DM1 mode 12 / 866 in 35.179s
	Calibrated DM1 mode 13 / 866 in 38.064s
	Calibrated DM1 mode 14 / 866 in 41.003s
	Calibrated DM1 mode 15 / 866 in 43.894s
	Calibrated DM1 mode 16 / 866 in 46.781s
	Calibrated DM1 mode 17 / 866 in 49.670s
	Calibrated DM1 mode 18 / 866 in 52.552s
	Calibrated DM1 mode 19 / 866 in 55.443s
	Calibrated DM1 mode 20 / 866 in 58.335s
	Calibrated DM1 mode 21 / 866 in 61.232s
	Calibrated DM1 mode 22 / 866 in 64.126s
	Calibrated DM1 mode 23 / 866 in 67.016s
	Calibrated DM1 mode 24 / 866 in 69.907s
	Calibrated DM1 mode 25 / 866 in 72.798s
	Calibrated DM1 mode 26 / 866 in 75.746s
	Calibrated DM1 mode 27 / 866 in 78.659s
	Calibrated DM1 mode 28 / 866 in 81.535s
	Calibrated DM1 mode 29 / 866 in 84.416s
	Calibrated DM1 mode 30 / 866 in 87.301s
	Calibrated DM1 mode 31 / 866 in 90.180s
	Calibrated DM1 mode 32 / 866 in 93.073s
	Calibrated DM1 mode 33 / 866 in 95.949s
	Calibrated DM1 mode 34 / 866 in 98.828s
	Calibrated DM1 mode 35 / 866 in 101.736s
	Calibrated DM1 mode 36 / 866 in 104.623s
	Calibrated DM1 mode 37 / 866 in 107.501s
	Calibrated DM1 mode 38 / 866 in 110.432s
	Calibrated DM1 mode 39 / 866 in 113.314s
	Calibrated DM1 mode 40 / 866 in 116.204s
	Calibrated DM1 mode 41 / 866 in 119.094s
	Calibrated DM1 mode 42 / 866 in 121.984s
	Calibrated DM1 mode 43 / 866 in 124.872s
	Calibrated DM1 mode 44 / 866 in 127.761s
	Calibrated DM1 mode 45 / 866 in 130.641s
	Calibrated DM1 mode 46 / 866 in 133.519s
	Calibrated DM1 mode 47 / 866 in 136.391s
	Calibrated DM1 mode 48 / 866 in 139.279s
	Calibrated DM1 mode 49 / 866 in 142.222s
	Calibrated DM1 mode 50 / 866 in 145.109s
	Calibrated DM1 mode 51 / 866 in 147.994s
	Calibrated DM1 mode 52 / 866 in 150.875s
	Calibrated DM1 mode 53 / 866 in 153.760s
	Calibrated DM1 mode 54 / 866 in 156.645s
	Calibrated DM1 mode 55 / 866 in 159.533s
	Calibrated DM1 mode 56 / 866 in 162.412s
	Calibrated DM1 mode 57 / 866 in 165.294s
	Calibrated DM1 mode 58 / 866 in 168.183s
	Calibrated DM1 mode 59 / 866 in 171.068s
	Calibrated DM1 mode 60 / 866 in 173.953s
	Calibrated DM1 mode 61 / 866 in 176.899s
	Calibrated DM1 mode 62 / 866 in 179.768s
	Calibrated DM1 mode 63 / 866 in 182.644s
	Calibrated DM1 mode 64 / 866 in 185.518s
	Calibrated DM1 mode 65 / 866 in 188.404s
	Calibrated DM1 mode 66 / 866 in 191.288s
	Calibrated DM1 mode 67 / 866 in 194.178s
	Calibrated DM1 mode 68 / 866 in 197.062s
	Calibrated DM1 mode 69 / 866 in 199.951s
	Calibrated DM1 mode 70 / 866 in 202.834s
	Calibrated DM1 mode 71 / 866 in 205.721s
	Calibrated DM1 mode 72 / 866 in 208.605s
	Calibrated DM1 mode 73 / 866 in 211.534s
	Calibrated DM1 mode 74 / 866 in 214.412s
	Calibrated DM1 mode 75 / 866 in 217.297s
	Calibrated DM1 mode 76 / 866 in 220.180s
	Calibrated DM1 mode 77 / 866 in 223.065s
	Calibrated DM1 mode 78 / 866 in 225.949s
	Calibrated DM1 mode 79 / 866 in 228.837s
	Calibrated DM1 mode 80 / 866 in 231.726s
	Calibrated DM1 mode 81 / 866 in 234.610s
	Calibrated DM1 mode 82 / 866 in 237.498s
	Calibrated DM1 mode 83 / 866 in 240.383s
	Calibrated DM1 mode 84 / 866 in 243.270s
	Calibrated DM1 mode 85 / 866 in 246.209s
	Calibrated DM1 mode 86 / 866 in 249.090s
	Calibrated DM1 mode 87 / 866 in 251.975s
	Calibrated DM1 mode 88 / 866 in 254.860s
	Calibrated DM1 mode 89 / 866 in 257.750s
	Calibrated DM1 mode 90 / 866 in 260.639s
	Calibrated DM1 mode 91 / 866 in 263.527s
	Calibrated DM1 mode 92 / 866 in 266.416s
	Calibrated DM1 mode 93 / 866 in 269.303s
	Calibrated DM1 mode 94 / 866 in 272.184s
	Calibrated DM1 mode 95 / 866 in 275.074s
	Calibrated DM1 mode 96 / 866 in 277.959s
	Calibrated DM1 mode 97 / 866 in 280.900s
	Calibrated DM1 mode 98 / 866 in 283.780s
	Calibrated DM1 mode 99 / 866 in 286.661s
	Calibrated DM1 mode 100 / 866 in 289.549s
	Calibrated DM1 mode 101 / 866 in 292.433s
	Calibrated DM1 mode 102 / 866 in 295.317s
	Calibrated DM1 mode 103 / 866 in 298.207s
	Calibrated DM1 mode 104 / 866 in 301.093s
	Calibrated DM1 mode 105 / 866 in 303.984s
	Calibrated DM1 mode 106 / 866 in 306.869s
	Calibrated DM1 mode 107 / 866 in 309.755s
	Calibrated DM1 mode 108 / 866 in 312.638s
	Calibrated DM1 mode 109 / 866 in 315.581s
	Calibrated DM1 mode 110 / 866 in 318.472s
	Calibrated DM1 mode 111 / 866 in 321.352s
	Calibrated DM1 mode 112 / 866 in 324.236s
	Calibrated DM1 mode 113 / 866 in 327.120s
	Calibrated DM1 mode 114 / 866 in 330.007s
	Calibrated DM1 mode 115 / 866 in 332.892s
	Calibrated DM1 mode 116 / 866 in 335.780s
	Calibrated DM1 mode 117 / 866 in 338.662s
	Calibrated DM1 mode 118 / 866 in 341.548s
	Calibrated DM1 mode 119 / 866 in 344.433s
	Calibrated DM1 mode 120 / 866 in 347.375s
	Calibrated DM1 mode 121 / 866 in 350.259s
	Calibrated DM1 mode 122 / 866 in 353.145s
	Calibrated DM1 mode 123 / 866 in 356.038s
	Calibrated DM1 mode 124 / 866 in 358.928s
	Calibrated DM1 mode 125 / 866 in 361.812s
	Calibrated DM1 mode 126 / 866 in 364.699s
	Calibrated DM1 mode 127 / 866 in 367.582s
	Calibrated DM1 mode 128 / 866 in 370.464s
	Calibrated DM1 mode 129 / 866 in 373.348s
	Calibrated DM1 mode 130 / 866 in 376.231s
	Calibrated DM1 mode 131 / 866 in 379.118s
	Calibrated DM1 mode 132 / 866 in 382.062s
	Calibrated DM1 mode 133 / 866 in 384.944s
	Calibrated DM1 mode 134 / 866 in 387.854s
	Calibrated DM1 mode 135 / 866 in 390.742s
	Calibrated DM1 mode 136 / 866 in 393.625s
	Calibrated DM1 mode 137 / 866 in 396.512s
	Calibrated DM1 mode 138 / 866 in 399.397s
	Calibrated DM1 mode 139 / 866 in 402.279s
	Calibrated DM1 mode 140 / 866 in 405.160s
	Calibrated DM1 mode 141 / 866 in 408.047s
	Calibrated DM1 mode 142 / 866 in 410.935s
	Calibrated DM1 mode 143 / 866 in 413.822s
	Calibrated DM1 mode 144 / 866 in 416.757s
	Calibrated DM1 mode 145 / 866 in 419.644s
	Calibrated DM1 mode 146 / 866 in 422.526s
	Calibrated DM1 mode 147 / 866 in 425.413s
	Calibrated DM1 mode 148 / 866 in 428.301s
	Calibrated DM1 mode 149 / 866 in 431.186s
	Calibrated DM1 mode 150 / 866 in 434.071s
	Calibrated DM1 mode 151 / 866 in 436.955s
	Calibrated DM1 mode 152 / 866 in 439.886s
	Calibrated DM1 mode 153 / 866 in 442.777s
	Calibrated DM1 mode 154 / 866 in 445.730s
	Calibrated DM1 mode 155 / 866 in 448.614s
	Calibrated DM1 mode 156 / 866 in 451.559s
	Calibrated DM1 mode 157 / 866 in 454.445s
	Calibrated DM1 mode 158 / 866 in 457.328s
	Calibrated DM1 mode 159 / 866 in 460.212s
	Calibrated DM1 mode 160 / 866 in 463.104s
	Calibrated DM1 mode 161 / 866 in 466.015s
	Calibrated DM1 mode 162 / 866 in 468.896s
	Calibrated DM1 mode 163 / 866 in 471.780s
	Calibrated DM1 mode 164 / 866 in 474.665s
	Calibrated DM1 mode 165 / 866 in 477.550s
	Calibrated DM1 mode 166 / 866 in 480.432s
	Calibrated DM1 mode 167 / 866 in 483.316s
	Calibrated DM1 mode 168 / 866 in 486.256s
	Calibrated DM1 mode 169 / 866 in 489.141s
	Calibrated DM1 mode 170 / 866 in 492.025s
	Calibrated DM1 mode 171 / 866 in 494.906s
	Calibrated DM1 mode 172 / 866 in 497.789s
	Calibrated DM1 mode 173 / 866 in 500.670s
	Calibrated DM1 mode 174 / 866 in 503.552s
	Calibrated DM1 mode 175 / 866 in 506.439s
	Calibrated DM1 mode 176 / 866 in 509.324s
	Calibrated DM1 mode 177 / 866 in 512.208s
	Calibrated DM1 mode 178 / 866 in 515.163s
	Calibrated DM1 mode 179 / 866 in 518.047s
	Calibrated DM1 mode 180 / 866 in 520.978s
	Calibrated DM1 mode 181 / 866 in 523.857s
	Calibrated DM1 mode 182 / 866 in 526.742s
	Calibrated DM1 mode 183 / 866 in 529.627s
	Calibrated DM1 mode 184 / 866 in 532.510s
	Calibrated DM1 mode 185 / 866 in 535.393s
	Calibrated DM1 mode 186 / 866 in 538.280s
	Calibrated DM1 mode 187 / 866 in 541.163s
	Calibrated DM1 mode 188 / 866 in 544.047s
	Calibrated DM1 mode 189 / 866 in 546.939s
	Calibrated DM1 mode 190 / 866 in 549.822s
	Calibrated DM1 mode 191 / 866 in 552.708s
	Calibrated DM1 mode 192 / 866 in 555.654s
	Calibrated DM1 mode 193 / 866 in 558.539s
	Calibrated DM1 mode 194 / 866 in 561.424s
	Calibrated DM1 mode 195 / 866 in 564.298s
	Calibrated DM1 mode 196 / 866 in 567.172s
	Calibrated DM1 mode 197 / 866 in 570.048s
	Calibrated DM1 mode 198 / 866 in 572.931s
	Calibrated DM1 mode 199 / 866 in 575.817s
	Calibrated DM1 mode 200 / 866 in 578.699s
	Calibrated DM1 mode 201 / 866 in 581.584s
	Calibrated DM1 mode 202 / 866 in 584.469s
	Calibrated DM1 mode 203 / 866 in 587.357s
	Calibrated DM1 mode 204 / 866 in 590.302s
	Calibrated DM1 mode 205 / 866 in 593.190s
	Calibrated DM1 mode 206 / 866 in 596.074s
	Calibrated DM1 mode 207 / 866 in 598.968s
	Calibrated DM1 mode 208 / 866 in 601.853s
	Calibrated DM1 mode 209 / 866 in 604.738s
	Calibrated DM1 mode 210 / 866 in 607.619s
	Calibrated DM1 mode 211 / 866 in 610.521s
	Calibrated DM1 mode 212 / 866 in 613.404s
	Calibrated DM1 mode 213 / 866 in 616.292s
	Calibrated DM1 mode 214 / 866 in 619.165s
	Calibrated DM1 mode 215 / 866 in 622.089s
	Calibrated DM1 mode 216 / 866 in 624.970s
	Calibrated DM1 mode 217 / 866 in 627.842s
	Calibrated DM1 mode 218 / 866 in 630.716s
	Calibrated DM1 mode 219 / 866 in 633.587s
	Calibrated DM1 mode 220 / 866 in 636.461s
	Calibrated DM1 mode 221 / 866 in 639.333s
	Calibrated DM1 mode 222 / 866 in 642.206s
	Calibrated DM1 mode 223 / 866 in 645.087s
	Calibrated DM1 mode 224 / 866 in 647.971s
	Calibrated DM1 mode 225 / 866 in 650.857s
	Calibrated DM1 mode 226 / 866 in 653.744s
	Calibrated DM1 mode 227 / 866 in 656.689s
	Calibrated DM1 mode 228 / 866 in 659.572s
	Calibrated DM1 mode 229 / 866 in 662.456s
	Calibrated DM1 mode 230 / 866 in 665.337s
	Calibrated DM1 mode 231 / 866 in 668.231s
	Calibrated DM1 mode 232 / 866 in 671.123s
	Calibrated DM1 mode 233 / 866 in 674.007s
	Calibrated DM1 mode 234 / 866 in 676.890s
	Calibrated DM1 mode 235 / 866 in 679.773s
	Calibrated DM1 mode 236 / 866 in 682.656s
	Calibrated DM1 mode 237 / 866 in 685.540s
	Calibrated DM1 mode 238 / 866 in 688.423s
	Calibrated DM1 mode 239 / 866 in 691.366s
	Calibrated DM1 mode 240 / 866 in 694.248s
	Calibrated DM1 mode 241 / 866 in 697.129s
	Calibrated DM1 mode 242 / 866 in 700.180s
	Calibrated DM1 mode 243 / 866 in 703.064s
	Calibrated DM1 mode 244 / 866 in 705.948s
	Calibrated DM1 mode 245 / 866 in 708.834s
	Calibrated DM1 mode 246 / 866 in 711.721s
	Calibrated DM1 mode 247 / 866 in 714.609s
	Calibrated DM1 mode 248 / 866 in 717.494s
	Calibrated DM1 mode 249 / 866 in 720.380s
	Calibrated DM1 mode 250 / 866 in 723.265s
	Calibrated DM1 mode 251 / 866 in 726.211s
	Calibrated DM1 mode 252 / 866 in 729.097s
	Calibrated DM1 mode 253 / 866 in 731.983s
	Calibrated DM1 mode 254 / 866 in 734.868s
	Calibrated DM1 mode 255 / 866 in 737.752s
	Calibrated DM1 mode 256 / 866 in 740.639s
	Calibrated DM1 mode 257 / 866 in 743.526s
	Calibrated DM1 mode 258 / 866 in 746.409s
	Calibrated DM1 mode 259 / 866 in 749.294s
	Calibrated DM1 mode 260 / 866 in 752.176s
	Calibrated DM1 mode 261 / 866 in 755.061s
	Calibrated DM1 mode 262 / 866 in 758.008s
	Calibrated DM1 mode 263 / 866 in 760.894s
	Calibrated DM1 mode 264 / 866 in 763.776s
	Calibrated DM1 mode 265 / 866 in 766.662s
	Calibrated DM1 mode 266 / 866 in 769.545s
	Calibrated DM1 mode 267 / 866 in 772.427s
	Calibrated DM1 mode 268 / 866 in 775.314s
	Calibrated DM1 mode 269 / 866 in 778.201s
	Calibrated DM1 mode 270 / 866 in 781.087s
	Calibrated DM1 mode 271 / 866 in 783.972s
	Calibrated DM1 mode 272 / 866 in 786.859s
	Calibrated DM1 mode 273 / 866 in 789.745s
	Calibrated DM1 mode 274 / 866 in 792.687s
	Calibrated DM1 mode 275 / 866 in 795.571s
	Calibrated DM1 mode 276 / 866 in 798.464s
	Calibrated DM1 mode 277 / 866 in 801.348s
	Calibrated DM1 mode 278 / 866 in 804.234s
	Calibrated DM1 mode 279 / 866 in 807.261s
	Calibrated DM1 mode 280 / 866 in 810.150s
	Calibrated DM1 mode 281 / 866 in 813.039s
	Calibrated DM1 mode 282 / 866 in 815.927s
	Calibrated DM1 mode 283 / 866 in 818.811s
	Calibrated DM1 mode 284 / 866 in 821.695s
	Calibrated DM1 mode 285 / 866 in 824.640s
	Calibrated DM1 mode 286 / 866 in 827.524s
	Calibrated DM1 mode 287 / 866 in 830.411s
	Calibrated DM1 mode 288 / 866 in 833.296s
	Calibrated DM1 mode 289 / 866 in 836.182s
	Calibrated DM1 mode 290 / 866 in 839.067s
	Calibrated DM1 mode 291 / 866 in 841.950s
	Calibrated DM1 mode 292 / 866 in 844.834s
	Calibrated DM1 mode 293 / 866 in 847.708s
	Calibrated DM1 mode 294 / 866 in 850.582s
	Calibrated DM1 mode 295 / 866 in 853.452s
	Calibrated DM1 mode 296 / 866 in 856.323s
	Calibrated DM1 mode 297 / 866 in 859.255s
	Calibrated DM1 mode 298 / 866 in 862.128s
	Calibrated DM1 mode 299 / 866 in 865.004s
	Calibrated DM1 mode 300 / 866 in 867.898s
	Calibrated DM1 mode 301 / 866 in 870.766s
	Calibrated DM1 mode 302 / 866 in 873.637s
	Calibrated DM1 mode 303 / 866 in 876.508s
	Calibrated DM1 mode 304 / 866 in 879.382s
	Calibrated DM1 mode 305 / 866 in 882.255s
	Calibrated DM1 mode 306 / 866 in 885.125s
	Calibrated DM1 mode 307 / 866 in 887.996s
	Calibrated DM1 mode 308 / 866 in 890.869s
	Calibrated DM1 mode 309 / 866 in 893.810s
	Calibrated DM1 mode 310 / 866 in 896.682s
	Calibrated DM1 mode 311 / 866 in 899.553s
	Calibrated DM1 mode 312 / 866 in 902.424s
	Calibrated DM1 mode 313 / 866 in 905.295s
	Calibrated DM1 mode 314 / 866 in 908.170s
	Calibrated DM1 mode 315 / 866 in 911.042s
	Calibrated DM1 mode 316 / 866 in 913.914s
	Calibrated DM1 mode 317 / 866 in 916.790s
	Calibrated DM1 mode 318 / 866 in 919.668s
	Calibrated DM1 mode 319 / 866 in 922.539s
	Calibrated DM1 mode 320 / 866 in 925.410s
	Calibrated DM1 mode 321 / 866 in 928.351s
	Calibrated DM1 mode 322 / 866 in 931.227s
	Calibrated DM1 mode 323 / 866 in 934.109s
	Calibrated DM1 mode 324 / 866 in 936.989s
	Calibrated DM1 mode 325 / 866 in 939.869s
	Calibrated DM1 mode 326 / 866 in 942.748s
	Calibrated DM1 mode 327 / 866 in 945.628s
	Calibrated DM1 mode 328 / 866 in 948.507s
	Calibrated DM1 mode 329 / 866 in 951.392s
	Calibrated DM1 mode 330 / 866 in 954.266s
	Calibrated DM1 mode 331 / 866 in 957.143s
	Calibrated DM1 mode 332 / 866 in 960.072s
	Calibrated DM1 mode 333 / 866 in 962.942s
	Calibrated DM1 mode 334 / 866 in 965.813s
	Calibrated DM1 mode 335 / 866 in 968.691s
	Calibrated DM1 mode 336 / 866 in 971.567s
	Calibrated DM1 mode 337 / 866 in 974.438s
	Calibrated DM1 mode 338 / 866 in 977.315s
	Calibrated DM1 mode 339 / 866 in 980.190s
	Calibrated DM1 mode 340 / 866 in 983.067s
	Calibrated DM1 mode 341 / 866 in 985.939s
	Calibrated DM1 mode 342 / 866 in 988.811s
	Calibrated DM1 mode 343 / 866 in 991.691s
	Calibrated DM1 mode 344 / 866 in 994.622s
	Calibrated DM1 mode 345 / 866 in 997.492s
	Calibrated DM1 mode 346 / 866 in 1000.362s
	Calibrated DM1 mode 347 / 866 in 1003.236s
	Calibrated DM1 mode 348 / 866 in 1006.108s
	Calibrated DM1 mode 349 / 866 in 1008.981s
	Calibrated DM1 mode 350 / 866 in 1011.855s
	Calibrated DM1 mode 351 / 866 in 1014.735s
	Calibrated DM1 mode 352 / 866 in 1017.608s
	Calibrated DM1 mode 353 / 866 in 1020.492s
	Calibrated DM1 mode 354 / 866 in 1023.380s
	Calibrated DM1 mode 355 / 866 in 1026.266s
	Calibrated DM1 mode 356 / 866 in 1029.210s
	Calibrated DM1 mode 357 / 866 in 1032.095s
	Calibrated DM1 mode 358 / 866 in 1034.982s
	Calibrated DM1 mode 359 / 866 in 1037.868s
	Calibrated DM1 mode 360 / 866 in 1040.767s
	Calibrated DM1 mode 361 / 866 in 1043.654s
	Calibrated DM1 mode 362 / 866 in 1046.539s
	Calibrated DM1 mode 363 / 866 in 1049.424s
	Calibrated DM1 mode 364 / 866 in 1052.310s
	Calibrated DM1 mode 365 / 866 in 1055.198s
	Calibrated DM1 mode 366 / 866 in 1058.086s
	Calibrated DM1 mode 367 / 866 in 1061.022s
	Calibrated DM1 mode 368 / 866 in 1063.895s
	Calibrated DM1 mode 369 / 866 in 1066.767s
	Calibrated DM1 mode 370 / 866 in 1069.637s
	Calibrated DM1 mode 371 / 866 in 1072.512s
	Calibrated DM1 mode 372 / 866 in 1075.381s
	Calibrated DM1 mode 373 / 866 in 1078.252s
	Calibrated DM1 mode 374 / 866 in 1081.126s
	Calibrated DM1 mode 375 / 866 in 1083.998s
	Calibrated DM1 mode 376 / 866 in 1086.872s
	Calibrated DM1 mode 377 / 866 in 1089.745s
	Calibrated DM1 mode 378 / 866 in 1092.618s
	Calibrated DM1 mode 379 / 866 in 1095.553s
	Calibrated DM1 mode 380 / 866 in 1098.447s
	Calibrated DM1 mode 381 / 866 in 1101.316s
	Calibrated DM1 mode 382 / 866 in 1104.198s
	Calibrated DM1 mode 383 / 866 in 1107.084s
	Calibrated DM1 mode 384 / 866 in 1109.969s
	Calibrated DM1 mode 385 / 866 in 1112.859s
	Calibrated DM1 mode 386 / 866 in 1115.744s
	Calibrated DM1 mode 387 / 866 in 1118.633s
	Calibrated DM1 mode 388 / 866 in 1121.525s
	Calibrated DM1 mode 389 / 866 in 1124.414s
	Calibrated DM1 mode 390 / 866 in 1127.301s
	Calibrated DM1 mode 391 / 866 in 1130.245s
	Calibrated DM1 mode 392 / 866 in 1133.134s
	Calibrated DM1 mode 393 / 866 in 1136.018s
	Calibrated DM1 mode 394 / 866 in 1138.907s
	Calibrated DM1 mode 395 / 866 in 1141.791s
	Calibrated DM1 mode 396 / 866 in 1144.682s
	Calibrated DM1 mode 397 / 866 in 1147.566s
	Calibrated DM1 mode 398 / 866 in 1150.451s
	Calibrated DM1 mode 399 / 866 in 1153.334s
	Calibrated DM1 mode 400 / 866 in 1156.223s
	Calibrated DM1 mode 401 / 866 in 1159.111s
	Calibrated DM1 mode 402 / 866 in 1161.997s
	Calibrated DM1 mode 403 / 866 in 1164.933s
	Calibrated DM1 mode 404 / 866 in 1167.816s
	Calibrated DM1 mode 405 / 866 in 1170.696s
	Calibrated DM1 mode 406 / 866 in 1173.585s
	Calibrated DM1 mode 407 / 866 in 1176.467s
	Calibrated DM1 mode 408 / 866 in 1179.354s
	Calibrated DM1 mode 409 / 866 in 1182.244s
	Calibrated DM1 mode 410 / 866 in 1185.126s
	Calibrated DM1 mode 411 / 866 in 1188.011s
	Calibrated DM1 mode 412 / 866 in 1190.896s
	Calibrated DM1 mode 413 / 866 in 1193.784s
	Calibrated DM1 mode 414 / 866 in 1196.665s
	Calibrated DM1 mode 415 / 866 in 1199.597s
	Calibrated DM1 mode 416 / 866 in 1202.471s
	Calibrated DM1 mode 417 / 866 in 1205.354s
	Calibrated DM1 mode 418 / 866 in 1208.233s
	Calibrated DM1 mode 419 / 866 in 1211.117s
	Calibrated DM1 mode 420 / 866 in 1213.991s
	Calibrated DM1 mode 421 / 866 in 1216.876s
	Calibrated DM1 mode 422 / 866 in 1219.767s
	Calibrated DM1 mode 423 / 866 in 1222.654s
	Calibrated DM1 mode 424 / 866 in 1225.542s
	Calibrated DM1 mode 425 / 866 in 1228.429s
	Calibrated DM1 mode 426 / 866 in 1231.311s
	Calibrated DM1 mode 427 / 866 in 1234.259s
	Calibrated DM1 mode 428 / 866 in 1237.146s
	Calibrated DM1 mode 429 / 866 in 1240.029s
	Calibrated DM1 mode 430 / 866 in 1242.915s
	Calibrated DM1 mode 431 / 866 in 1245.797s
	Calibrated DM1 mode 432 / 866 in 1248.684s
	Calibrated DM1 mode 433 / 866 in 1251.569s
	Calibrated DM1 mode 434 / 866 in 1254.457s
	Calibrated DM1 mode 435 / 866 in 1257.339s
	Calibrated DM1 mode 436 / 866 in 1260.226s
	Calibrated DM1 mode 437 / 866 in 1263.110s
	Calibrated DM1 mode 438 / 866 in 1265.995s
	Calibrated DM1 mode 439 / 866 in 1268.930s
	Calibrated DM1 mode 440 / 866 in 1271.811s
	Calibrated DM1 mode 441 / 866 in 1274.693s
	Calibrated DM1 mode 442 / 866 in 1277.614s
	Calibrated DM1 mode 443 / 866 in 1280.496s
	Calibrated DM1 mode 444 / 866 in 1283.382s
	Calibrated DM1 mode 445 / 866 in 1286.266s
	Calibrated DM1 mode 446 / 866 in 1289.145s
	Calibrated DM1 mode 447 / 866 in 1292.031s
	Calibrated DM1 mode 448 / 866 in 1294.915s
	Calibrated DM1 mode 449 / 866 in 1297.798s
	Calibrated DM1 mode 450 / 866 in 1300.686s
	Calibrated DM1 mode 451 / 866 in 1303.630s
	Calibrated DM1 mode 452 / 866 in 1306.512s
	Calibrated DM1 mode 453 / 866 in 1309.399s
	Calibrated DM1 mode 454 / 866 in 1312.288s
	Calibrated DM1 mode 455 / 866 in 1315.174s
	Calibrated DM1 mode 456 / 866 in 1318.060s
	Calibrated DM1 mode 457 / 866 in 1320.945s
	Calibrated DM1 mode 458 / 866 in 1323.831s
	Calibrated DM1 mode 459 / 866 in 1326.719s
	Calibrated DM1 mode 460 / 866 in 1329.605s
	Calibrated DM1 mode 461 / 866 in 1332.493s
	Calibrated DM1 mode 462 / 866 in 1335.440s
	Calibrated DM1 mode 463 / 866 in 1338.326s
	Calibrated DM1 mode 464 / 866 in 1341.208s
	Calibrated DM1 mode 465 / 866 in 1344.094s
	Calibrated DM1 mode 466 / 866 in 1346.981s
	Calibrated DM1 mode 467 / 866 in 1349.865s
	Calibrated DM1 mode 468 / 866 in 1352.758s
	Calibrated DM1 mode 469 / 866 in 1355.643s
	Calibrated DM1 mode 470 / 866 in 1358.533s
	Calibrated DM1 mode 471 / 866 in 1361.421s
	Calibrated DM1 mode 472 / 866 in 1364.353s
	Calibrated DM1 mode 473 / 866 in 1367.239s
	Calibrated DM1 mode 474 / 866 in 1370.182s
	Calibrated DM1 mode 475 / 866 in 1373.067s
	Calibrated DM1 mode 476 / 866 in 1375.959s
	Calibrated DM1 mode 477 / 866 in 1378.843s
	Calibrated DM1 mode 478 / 866 in 1381.728s
	Calibrated DM1 mode 479 / 866 in 1384.616s
	Calibrated DM1 mode 480 / 866 in 1387.499s
	Calibrated DM1 mode 481 / 866 in 1390.388s
	Calibrated DM1 mode 482 / 866 in 1393.278s
	Calibrated DM1 mode 483 / 866 in 1396.163s
	Calibrated DM1 mode 484 / 866 in 1399.038s
	Calibrated DM1 mode 485 / 866 in 1401.922s
	Calibrated DM1 mode 486 / 866 in 1404.864s
	Calibrated DM1 mode 487 / 866 in 1407.750s
	Calibrated DM1 mode 488 / 866 in 1410.630s
	Calibrated DM1 mode 489 / 866 in 1413.513s
	Calibrated DM1 mode 490 / 866 in 1416.396s
	Calibrated DM1 mode 491 / 866 in 1419.279s
	Calibrated DM1 mode 492 / 866 in 1422.165s
	Calibrated DM1 mode 493 / 866 in 1425.052s
	Calibrated DM1 mode 494 / 866 in 1427.938s
	Calibrated DM1 mode 495 / 866 in 1430.821s
	Calibrated DM1 mode 496 / 866 in 1433.709s
	Calibrated DM1 mode 497 / 866 in 1436.592s
	Calibrated DM1 mode 498 / 866 in 1439.534s
	Calibrated DM1 mode 499 / 866 in 1442.422s
	Calibrated DM1 mode 500 / 866 in 1445.310s
	Calibrated DM1 mode 501 / 866 in 1448.196s
	Calibrated DM1 mode 502 / 866 in 1451.082s
	Calibrated DM1 mode 503 / 866 in 1453.966s
	Calibrated DM1 mode 504 / 866 in 1456.860s
	Calibrated DM1 mode 505 / 866 in 1459.746s
	Calibrated DM1 mode 506 / 866 in 1462.630s
	Calibrated DM1 mode 507 / 866 in 1465.516s
	Calibrated DM1 mode 508 / 866 in 1468.406s
	Calibrated DM1 mode 509 / 866 in 1471.293s
	Calibrated DM1 mode 510 / 866 in 1474.237s
	Calibrated DM1 mode 511 / 866 in 1477.125s
	Calibrated DM1 mode 512 / 866 in 1480.012s
	Calibrated DM1 mode 513 / 866 in 1482.897s
	Calibrated DM1 mode 514 / 866 in 1485.781s
	Calibrated DM1 mode 515 / 866 in 1488.666s
	Calibrated DM1 mode 516 / 866 in 1491.548s
	Calibrated DM1 mode 517 / 866 in 1494.443s
	Calibrated DM1 mode 518 / 866 in 1497.332s
	Calibrated DM1 mode 519 / 866 in 1500.218s
	Calibrated DM1 mode 520 / 866 in 1503.109s
	Calibrated DM1 mode 521 / 866 in 1505.996s
	Calibrated DM1 mode 522 / 866 in 1508.935s
	Calibrated DM1 mode 523 / 866 in 1511.821s
	Calibrated DM1 mode 524 / 866 in 1514.702s
	Calibrated DM1 mode 525 / 866 in 1517.589s
	Calibrated DM1 mode 526 / 866 in 1520.471s
	Calibrated DM1 mode 527 / 866 in 1523.355s
	Calibrated DM1 mode 528 / 866 in 1526.238s
	Calibrated DM1 mode 529 / 866 in 1529.124s
	Calibrated DM1 mode 530 / 866 in 1532.007s
	Calibrated DM1 mode 531 / 866 in 1534.894s
	Calibrated DM1 mode 532 / 866 in 1537.777s
	Calibrated DM1 mode 533 / 866 in 1540.661s
	Calibrated DM1 mode 534 / 866 in 1543.603s
	Calibrated DM1 mode 535 / 866 in 1546.486s
	Calibrated DM1 mode 536 / 866 in 1549.378s
	Calibrated DM1 mode 537 / 866 in 1552.261s
	Calibrated DM1 mode 538 / 866 in 1555.146s
	Calibrated DM1 mode 539 / 866 in 1558.033s
	Calibrated DM1 mode 540 / 866 in 1560.917s
	Calibrated DM1 mode 541 / 866 in 1563.805s
	Calibrated DM1 mode 542 / 866 in 1566.692s
	Calibrated DM1 mode 543 / 866 in 1569.584s
	Calibrated DM1 mode 544 / 866 in 1572.470s
	Calibrated DM1 mode 545 / 866 in 1575.361s
	Calibrated DM1 mode 546 / 866 in 1578.306s
	Calibrated DM1 mode 547 / 866 in 1581.192s
	Calibrated DM1 mode 548 / 866 in 1584.075s
	Calibrated DM1 mode 549 / 866 in 1586.966s
	Calibrated DM1 mode 550 / 866 in 1589.850s
	Calibrated DM1 mode 551 / 866 in 1592.740s
	Calibrated DM1 mode 552 / 866 in 1595.624s
	Calibrated DM1 mode 553 / 866 in 1598.513s
	Calibrated DM1 mode 554 / 866 in 1601.398s
	Calibrated DM1 mode 555 / 866 in 1604.283s
	Calibrated DM1 mode 556 / 866 in 1607.165s
	Calibrated DM1 mode 557 / 866 in 1610.049s
	Calibrated DM1 mode 558 / 866 in 1612.990s
	Calibrated DM1 mode 559 / 866 in 1615.878s
	Calibrated DM1 mode 560 / 866 in 1618.767s
	Calibrated DM1 mode 561 / 866 in 1621.653s
	Calibrated DM1 mode 562 / 866 in 1624.544s
	Calibrated DM1 mode 563 / 866 in 1627.429s
	Calibrated DM1 mode 564 / 866 in 1630.321s
	Calibrated DM1 mode 565 / 866 in 1633.205s
	Calibrated DM1 mode 566 / 866 in 1636.092s
	Calibrated DM1 mode 567 / 866 in 1638.985s
	Calibrated DM1 mode 568 / 866 in 1641.870s
	Calibrated DM1 mode 569 / 866 in 1644.808s
	Calibrated DM1 mode 570 / 866 in 1647.695s
	Calibrated DM1 mode 571 / 866 in 1650.588s
	Calibrated DM1 mode 572 / 866 in 1653.474s
	Calibrated DM1 mode 573 / 866 in 1656.359s
	Calibrated DM1 mode 574 / 866 in 1659.244s
	Calibrated DM1 mode 575 / 866 in 1662.135s
	Calibrated DM1 mode 576 / 866 in 1665.021s
	Calibrated DM1 mode 577 / 866 in 1667.907s
	Calibrated DM1 mode 578 / 866 in 1670.792s
	Calibrated DM1 mode 579 / 866 in 1673.677s
	Calibrated DM1 mode 580 / 866 in 1676.562s
	Calibrated DM1 mode 581 / 866 in 1679.514s
	Calibrated DM1 mode 582 / 866 in 1682.401s
	Calibrated DM1 mode 583 / 866 in 1685.296s
	Calibrated DM1 mode 584 / 866 in 1688.179s
	Calibrated DM1 mode 585 / 866 in 1691.068s
	Calibrated DM1 mode 586 / 866 in 1693.951s
	Calibrated DM1 mode 587 / 866 in 1696.839s
	Calibrated DM1 mode 588 / 866 in 1699.726s
	Calibrated DM1 mode 589 / 866 in 1702.612s
	Calibrated DM1 mode 590 / 866 in 1705.492s
	Calibrated DM1 mode 591 / 866 in 1708.380s
	Calibrated DM1 mode 592 / 866 in 1711.264s
	Calibrated DM1 mode 593 / 866 in 1714.212s
	Calibrated DM1 mode 594 / 866 in 1717.102s
	Calibrated DM1 mode 595 / 866 in 1719.989s
	Calibrated DM1 mode 596 / 866 in 1722.869s
	Calibrated DM1 mode 597 / 866 in 1725.754s
	Calibrated DM1 mode 598 / 866 in 1728.636s
	Calibrated DM1 mode 599 / 866 in 1731.528s
	Calibrated DM1 mode 600 / 866 in 1734.413s
	Calibrated DM1 mode 601 / 866 in 1737.297s
	Calibrated DM1 mode 602 / 866 in 1740.188s
	Calibrated DM1 mode 603 / 866 in 1743.074s
	Calibrated DM1 mode 604 / 866 in 1746.024s
	Calibrated DM1 mode 605 / 866 in 1748.907s
	Calibrated DM1 mode 606 / 866 in 1751.792s
	Calibrated DM1 mode 607 / 866 in 1754.677s
	Calibrated DM1 mode 608 / 866 in 1757.568s
	Calibrated DM1 mode 609 / 866 in 1760.454s
	Calibrated DM1 mode 610 / 866 in 1763.342s
	Calibrated DM1 mode 611 / 866 in 1766.226s
	Calibrated DM1 mode 612 / 866 in 1769.121s
	Calibrated DM1 mode 613 / 866 in 1772.010s
	Calibrated DM1 mode 614 / 866 in 1774.894s
	Calibrated DM1 mode 615 / 866 in 1777.785s
	Calibrated DM1 mode 616 / 866 in 1780.730s
	Calibrated DM1 mode 617 / 866 in 1783.619s
	Calibrated DM1 mode 618 / 866 in 1786.503s
	Calibrated DM1 mode 619 / 866 in 1789.391s
	Calibrated DM1 mode 620 / 866 in 1792.277s
	Calibrated DM1 mode 621 / 866 in 1795.161s
	Calibrated DM1 mode 622 / 866 in 1798.049s
	Calibrated DM1 mode 623 / 866 in 1800.942s
	Calibrated DM1 mode 624 / 866 in 1803.832s
	Calibrated DM1 mode 625 / 866 in 1806.719s
	Calibrated DM1 mode 626 / 866 in 1809.610s
	Calibrated DM1 mode 627 / 866 in 1812.496s
	Calibrated DM1 mode 628 / 866 in 1815.440s
	Calibrated DM1 mode 629 / 866 in 1818.328s
	Calibrated DM1 mode 630 / 866 in 1821.212s
	Calibrated DM1 mode 631 / 866 in 1824.096s
	Calibrated DM1 mode 632 / 866 in 1826.976s
	Calibrated DM1 mode 633 / 866 in 1829.863s
	Calibrated DM1 mode 634 / 866 in 1832.754s
	Calibrated DM1 mode 635 / 866 in 1835.638s
	Calibrated DM1 mode 636 / 866 in 1838.522s
	Calibrated DM1 mode 637 / 866 in 1841.403s
	Calibrated DM1 mode 638 / 866 in 1844.285s
	Calibrated DM1 mode 639 / 866 in 1847.228s
	Calibrated DM1 mode 640 / 866 in 1850.108s
	Calibrated DM1 mode 641 / 866 in 1852.993s
	Calibrated DM1 mode 642 / 866 in 1855.875s
	Calibrated DM1 mode 643 / 866 in 1858.762s
	Calibrated DM1 mode 644 / 866 in 1861.653s
	Calibrated DM1 mode 645 / 866 in 1864.545s
	Calibrated DM1 mode 646 / 866 in 1867.434s
	Calibrated DM1 mode 647 / 866 in 1870.319s
	Calibrated DM1 mode 648 / 866 in 1873.207s
	Calibrated DM1 mode 649 / 866 in 1876.096s
	Calibrated DM1 mode 650 / 866 in 1878.987s
	Calibrated DM1 mode 651 / 866 in 1881.935s
	Calibrated DM1 mode 652 / 866 in 1884.824s
	Calibrated DM1 mode 653 / 866 in 1887.713s
	Calibrated DM1 mode 654 / 866 in 1890.601s
	Calibrated DM1 mode 655 / 866 in 1893.491s
	Calibrated DM1 mode 656 / 866 in 1896.376s
	Calibrated DM1 mode 657 / 866 in 1899.262s
	Calibrated DM1 mode 658 / 866 in 1902.145s
	Calibrated DM1 mode 659 / 866 in 1905.030s
	Calibrated DM1 mode 660 / 866 in 1907.916s
	Calibrated DM1 mode 661 / 866 in 1910.802s
	Calibrated DM1 mode 662 / 866 in 1913.749s
	Calibrated DM1 mode 663 / 866 in 1916.633s
	Calibrated DM1 mode 664 / 866 in 1919.516s
	Calibrated DM1 mode 665 / 866 in 1922.406s
	Calibrated DM1 mode 666 / 866 in 1925.291s
	Calibrated DM1 mode 667 / 866 in 1928.177s
	Calibrated DM1 mode 668 / 866 in 1931.061s
	Calibrated DM1 mode 669 / 866 in 1933.945s
	Calibrated DM1 mode 670 / 866 in 1936.829s
	Calibrated DM1 mode 671 / 866 in 1939.715s
	Calibrated DM1 mode 672 / 866 in 1942.593s
	Calibrated DM1 mode 673 / 866 in 1945.464s
	Calibrated DM1 mode 674 / 866 in 1948.397s
	Calibrated DM1 mode 675 / 866 in 1951.283s
	Calibrated DM1 mode 676 / 866 in 1954.169s
	Calibrated DM1 mode 677 / 866 in 1957.058s
	Calibrated DM1 mode 678 / 866 in 1959.943s
	Calibrated DM1 mode 679 / 866 in 1962.832s
	Calibrated DM1 mode 680 / 866 in 1965.718s
	Calibrated DM1 mode 681 / 866 in 1968.603s
	Calibrated DM1 mode 682 / 866 in 1971.477s
	Calibrated DM1 mode 683 / 866 in 1974.353s
	Calibrated DM1 mode 684 / 866 in 1977.226s
	Calibrated DM1 mode 685 / 866 in 1980.099s
	Calibrated DM1 mode 686 / 866 in 1983.029s
	Calibrated DM1 mode 687 / 866 in 1985.900s
	Calibrated DM1 mode 688 / 866 in 1988.772s
	Calibrated DM1 mode 689 / 866 in 1991.646s
	Calibrated DM1 mode 690 / 866 in 1994.519s
	Calibrated DM1 mode 691 / 866 in 1997.419s
	Calibrated DM1 mode 692 / 866 in 2000.320s
	Calibrated DM1 mode 693 / 866 in 2003.208s
	Calibrated DM1 mode 694 / 866 in 2006.094s
	Calibrated DM1 mode 695 / 866 in 2008.982s
	Calibrated DM1 mode 696 / 866 in 2011.870s
	Calibrated DM1 mode 697 / 866 in 2014.755s
	Calibrated DM1 mode 698 / 866 in 2017.699s
	Calibrated DM1 mode 699 / 866 in 2020.581s
	Calibrated DM1 mode 700 / 866 in 2023.469s
	Calibrated DM1 mode 701 / 866 in 2026.354s
	Calibrated DM1 mode 702 / 866 in 2029.227s
	Calibrated DM1 mode 703 / 866 in 2032.100s
	Calibrated DM1 mode 704 / 866 in 2034.971s
	Calibrated DM1 mode 705 / 866 in 2037.845s
	Calibrated DM1 mode 706 / 866 in 2040.728s
	Calibrated DM1 mode 707 / 866 in 2043.618s
	Calibrated DM1 mode 708 / 866 in 2046.503s
	Calibrated DM1 mode 709 / 866 in 2049.391s
	Calibrated DM1 mode 710 / 866 in 2052.326s
	Calibrated DM1 mode 711 / 866 in 2055.207s
	Calibrated DM1 mode 712 / 866 in 2058.090s
	Calibrated DM1 mode 713 / 866 in 2060.975s
	Calibrated DM1 mode 714 / 866 in 2063.859s
	Calibrated DM1 mode 715 / 866 in 2066.742s
	Calibrated DM1 mode 716 / 866 in 2069.633s
	Calibrated DM1 mode 717 / 866 in 2072.525s
	Calibrated DM1 mode 718 / 866 in 2075.407s
	Calibrated DM1 mode 719 / 866 in 2078.291s
	Calibrated DM1 mode 720 / 866 in 2081.178s
	Calibrated DM1 mode 721 / 866 in 2084.122s
	Calibrated DM1 mode 722 / 866 in 2087.002s
	Calibrated DM1 mode 723 / 866 in 2089.886s
	Calibrated DM1 mode 724 / 866 in 2092.768s
	Calibrated DM1 mode 725 / 866 in 2095.653s
	Calibrated DM1 mode 726 / 866 in 2098.531s
	Calibrated DM1 mode 727 / 866 in 2101.411s
	Calibrated DM1 mode 728 / 866 in 2104.300s
	Calibrated DM1 mode 729 / 866 in 2107.186s
	Calibrated DM1 mode 730 / 866 in 2110.075s
	Calibrated DM1 mode 731 / 866 in 2112.962s
	Calibrated DM1 mode 732 / 866 in 2115.849s
	Calibrated DM1 mode 733 / 866 in 2118.787s
	Calibrated DM1 mode 734 / 866 in 2121.668s
	Calibrated DM1 mode 735 / 866 in 2124.553s
	Calibrated DM1 mode 736 / 866 in 2127.439s
	Calibrated DM1 mode 737 / 866 in 2130.326s
	Calibrated DM1 mode 738 / 866 in 2133.212s
	Calibrated DM1 mode 739 / 866 in 2136.103s
	Calibrated DM1 mode 740 / 866 in 2138.992s
	Calibrated DM1 mode 741 / 866 in 2141.875s
	Calibrated DM1 mode 742 / 866 in 2144.762s
	Calibrated DM1 mode 743 / 866 in 2147.646s
	Calibrated DM1 mode 744 / 866 in 2150.536s
	Calibrated DM1 mode 745 / 866 in 2153.473s
	Calibrated DM1 mode 746 / 866 in 2156.360s
	Calibrated DM1 mode 747 / 866 in 2159.244s
	Calibrated DM1 mode 748 / 866 in 2162.128s
	Calibrated DM1 mode 749 / 866 in 2165.015s
	Calibrated DM1 mode 750 / 866 in 2167.900s
	Calibrated DM1 mode 751 / 866 in 2170.783s
	Calibrated DM1 mode 752 / 866 in 2173.670s
	Calibrated DM1 mode 753 / 866 in 2176.550s
	Calibrated DM1 mode 754 / 866 in 2179.423s
	Calibrated DM1 mode 755 / 866 in 2182.294s
	Calibrated DM1 mode 756 / 866 in 2185.165s
	Calibrated DM1 mode 757 / 866 in 2188.094s
	Calibrated DM1 mode 758 / 866 in 2190.964s
	Calibrated DM1 mode 759 / 866 in 2193.845s
	Calibrated DM1 mode 760 / 866 in 2196.728s
	Calibrated DM1 mode 761 / 866 in 2199.608s
	Calibrated DM1 mode 762 / 866 in 2202.496s
	Calibrated DM1 mode 763 / 866 in 2205.382s
	Calibrated DM1 mode 764 / 866 in 2208.266s
	Calibrated DM1 mode 765 / 866 in 2211.149s
	Calibrated DM1 mode 766 / 866 in 2214.036s
	Calibrated DM1 mode 767 / 866 in 2216.923s
	Calibrated DM1 mode 768 / 866 in 2219.811s
	Calibrated DM1 mode 769 / 866 in 2222.747s
	Calibrated DM1 mode 770 / 866 in 2225.622s
	Calibrated DM1 mode 771 / 866 in 2228.494s
	Calibrated DM1 mode 772 / 866 in 2231.367s
	Calibrated DM1 mode 773 / 866 in 2234.242s
	Calibrated DM1 mode 774 / 866 in 2237.116s
	Calibrated DM1 mode 775 / 866 in 2240.003s
	Calibrated DM1 mode 776 / 866 in 2242.899s
	Calibrated DM1 mode 777 / 866 in 2245.788s
	Calibrated DM1 mode 778 / 866 in 2248.676s
	Calibrated DM1 mode 779 / 866 in 2251.559s
	Calibrated DM1 mode 780 / 866 in 2254.446s
	Calibrated DM1 mode 781 / 866 in 2257.395s
	Calibrated DM1 mode 782 / 866 in 2260.278s
	Calibrated DM1 mode 783 / 866 in 2263.168s
	Calibrated DM1 mode 784 / 866 in 2266.053s
	Calibrated DM1 mode 785 / 866 in 2268.940s
	Calibrated DM1 mode 786 / 866 in 2271.824s
	Calibrated DM1 mode 787 / 866 in 2274.711s
	Calibrated DM1 mode 788 / 866 in 2277.594s
	Calibrated DM1 mode 789 / 866 in 2280.465s
	Calibrated DM1 mode 790 / 866 in 2283.351s
	Calibrated DM1 mode 791 / 866 in 2286.236s
	Calibrated DM1 mode 792 / 866 in 2289.117s
	Calibrated DM1 mode 793 / 866 in 2292.059s
	Calibrated DM1 mode 794 / 866 in 2294.942s
	Calibrated DM1 mode 795 / 866 in 2297.829s
	Calibrated DM1 mode 796 / 866 in 2300.712s
	Calibrated DM1 mode 797 / 866 in 2303.592s
	Calibrated DM1 mode 798 / 866 in 2306.468s
	Calibrated DM1 mode 799 / 866 in 2309.351s
	Calibrated DM1 mode 800 / 866 in 2312.244s
	Calibrated DM1 mode 801 / 866 in 2315.129s
	Calibrated DM1 mode 802 / 866 in 2318.016s
	Calibrated DM1 mode 803 / 866 in 2320.900s
	Calibrated DM1 mode 804 / 866 in 2323.786s
	Calibrated DM1 mode 805 / 866 in 2326.732s
	Calibrated DM1 mode 806 / 866 in 2329.616s
	Calibrated DM1 mode 807 / 866 in 2332.505s
	Calibrated DM1 mode 808 / 866 in 2335.386s
	Calibrated DM1 mode 809 / 866 in 2338.268s
	Calibrated DM1 mode 810 / 866 in 2341.153s
	Calibrated DM1 mode 811 / 866 in 2344.045s
	Calibrated DM1 mode 812 / 866 in 2346.937s
	Calibrated DM1 mode 813 / 866 in 2349.819s
	Calibrated DM1 mode 814 / 866 in 2352.703s
	Calibrated DM1 mode 815 / 866 in 2355.587s
	Calibrated DM1 mode 816 / 866 in 2358.470s
	Calibrated DM1 mode 817 / 866 in 2361.399s
	Calibrated DM1 mode 818 / 866 in 2364.284s
	Calibrated DM1 mode 819 / 866 in 2367.165s
	Calibrated DM1 mode 820 / 866 in 2370.048s
	Calibrated DM1 mode 821 / 866 in 2372.929s
	Calibrated DM1 mode 822 / 866 in 2375.809s
	Calibrated DM1 mode 823 / 866 in 2378.690s
	Calibrated DM1 mode 824 / 866 in 2381.562s
	Calibrated DM1 mode 825 / 866 in 2384.439s
	Calibrated DM1 mode 826 / 866 in 2387.315s
	Calibrated DM1 mode 827 / 866 in 2390.194s
	Calibrated DM1 mode 828 / 866 in 2393.122s
	Calibrated DM1 mode 829 / 866 in 2396.006s
	Calibrated DM1 mode 830 / 866 in 2398.880s
	Calibrated DM1 mode 831 / 866 in 2401.757s
	Calibrated DM1 mode 832 / 866 in 2404.642s
	Calibrated DM1 mode 833 / 866 in 2407.529s
	Calibrated DM1 mode 834 / 866 in 2410.411s
	Calibrated DM1 mode 835 / 866 in 2413.294s
	Calibrated DM1 mode 836 / 866 in 2416.177s
	Calibrated DM1 mode 837 / 866 in 2419.062s
	Calibrated DM1 mode 838 / 866 in 2421.944s
	Calibrated DM1 mode 839 / 866 in 2424.822s
	Calibrated DM1 mode 840 / 866 in 2427.756s
	Calibrated DM1 mode 841 / 866 in 2430.632s
	Calibrated DM1 mode 842 / 866 in 2433.509s
	Calibrated DM1 mode 843 / 866 in 2436.385s
	Calibrated DM1 mode 844 / 866 in 2439.262s
	Calibrated DM1 mode 845 / 866 in 2442.133s
	Calibrated DM1 mode 846 / 866 in 2445.018s
	Calibrated DM1 mode 847 / 866 in 2447.892s
	Calibrated DM1 mode 848 / 866 in 2450.769s
	Calibrated DM1 mode 849 / 866 in 2453.645s
	Calibrated DM1 mode 850 / 866 in 2456.520s
	Calibrated DM1 mode 851 / 866 in 2459.392s
	Calibrated DM1 mode 852 / 866 in 2462.325s
	Calibrated DM1 mode 853 / 866 in 2465.205s
	Calibrated DM1 mode 854 / 866 in 2468.081s
	Calibrated DM1 mode 855 / 866 in 2470.953s
	Calibrated DM1 mode 856 / 866 in 2473.827s
	Calibrated DM1 mode 857 / 866 in 2476.701s
	Calibrated DM1 mode 858 / 866 in 2479.576s
	Calibrated DM1 mode 859 / 866 in 2482.453s
	Calibrated DM1 mode 860 / 866 in 2485.324s
	Calibrated DM1 mode 861 / 866 in 2488.201s
	Calibrated DM1 mode 862 / 866 in 2491.075s
	Calibrated DM1 mode 863 / 866 in 2493.948s
	Calibrated DM1 mode 864 / 866 in 2496.869s
	Calibrated DM1 mode 865 / 866 in 2499.744s
	Calibrated DM1 mode 866 / 866 in 2502.621s
	Calibrated DM2 mode 1 / 866 in 2505.493s
	Calibrated DM2 mode 2 / 866 in 2508.367s
	Calibrated DM2 mode 3 / 866 in 2511.243s
	Calibrated DM2 mode 4 / 866 in 2514.121s
	Calibrated DM2 mode 5 / 866 in 2516.998s
	Calibrated DM2 mode 6 / 866 in 2519.873s
	Calibrated DM2 mode 7 / 866 in 2522.750s
	Calibrated DM2 mode 8 / 866 in 2525.630s
	Calibrated DM2 mode 9 / 866 in 2528.517s
	Calibrated DM2 mode 10 / 866 in 2531.446s
	Calibrated DM2 mode 11 / 866 in 2534.325s
	Calibrated DM2 mode 12 / 866 in 2537.200s
	Calibrated DM2 mode 13 / 866 in 2540.082s
	Calibrated DM2 mode 14 / 866 in 2542.956s
	Calibrated DM2 mode 15 / 866 in 2545.828s
	Calibrated DM2 mode 16 / 866 in 2548.700s
	Calibrated DM2 mode 17 / 866 in 2551.571s
	Calibrated DM2 mode 18 / 866 in 2554.446s
	Calibrated DM2 mode 19 / 866 in 2557.319s
	Calibrated DM2 mode 20 / 866 in 2560.193s
	Calibrated DM2 mode 21 / 866 in 2563.068s
	Calibrated DM2 mode 22 / 866 in 2566.002s
	Calibrated DM2 mode 23 / 866 in 2568.875s
	Calibrated DM2 mode 24 / 866 in 2571.750s
	Calibrated DM2 mode 25 / 866 in 2574.631s
	Calibrated DM2 mode 26 / 866 in 2577.503s
	Calibrated DM2 mode 27 / 866 in 2580.378s
	Calibrated DM2 mode 28 / 866 in 2583.256s
	Calibrated DM2 mode 29 / 866 in 2586.138s
	Calibrated DM2 mode 30 / 866 in 2589.013s
	Calibrated DM2 mode 31 / 866 in 2591.886s
	Calibrated DM2 mode 32 / 866 in 2594.760s
	Calibrated DM2 mode 33 / 866 in 2597.639s
	Calibrated DM2 mode 34 / 866 in 2600.549s
	Calibrated DM2 mode 35 / 866 in 2603.412s
	Calibrated DM2 mode 36 / 866 in 2606.271s
	Calibrated DM2 mode 37 / 866 in 2609.133s
	Calibrated DM2 mode 38 / 866 in 2612.000s
	Calibrated DM2 mode 39 / 866 in 2614.879s
	Calibrated DM2 mode 40 / 866 in 2617.762s
	Calibrated DM2 mode 41 / 866 in 2620.634s
	Calibrated DM2 mode 42 / 866 in 2623.512s
	Calibrated DM2 mode 43 / 866 in 2626.390s
	Calibrated DM2 mode 44 / 866 in 2629.261s
	Calibrated DM2 mode 45 / 866 in 2632.135s
	Calibrated DM2 mode 46 / 866 in 2635.072s
	Calibrated DM2 mode 47 / 866 in 2637.945s
	Calibrated DM2 mode 48 / 866 in 2640.826s
	Calibrated DM2 mode 49 / 866 in 2643.704s
	Calibrated DM2 mode 50 / 866 in 2646.585s
	Calibrated DM2 mode 51 / 866 in 2649.463s
	Calibrated DM2 mode 52 / 866 in 2652.342s
	Calibrated DM2 mode 53 / 866 in 2655.217s
	Calibrated DM2 mode 54 / 866 in 2658.091s
	Calibrated DM2 mode 55 / 866 in 2660.989s
	Calibrated DM2 mode 56 / 866 in 2663.864s
	Calibrated DM2 mode 57 / 866 in 2666.738s
	Calibrated DM2 mode 58 / 866 in 2669.673s
	Calibrated DM2 mode 59 / 866 in 2672.550s
	Calibrated DM2 mode 60 / 866 in 2675.536s
	Calibrated DM2 mode 61 / 866 in 2678.412s
	Calibrated DM2 mode 62 / 866 in 2681.292s
	Calibrated DM2 mode 63 / 866 in 2684.167s
	Calibrated DM2 mode 64 / 866 in 2687.045s
	Calibrated DM2 mode 65 / 866 in 2689.924s
	Calibrated DM2 mode 66 / 866 in 2692.802s
	Calibrated DM2 mode 67 / 866 in 2695.678s
	Calibrated DM2 mode 68 / 866 in 2698.555s
	Calibrated DM2 mode 69 / 866 in 2701.430s
	Calibrated DM2 mode 70 / 866 in 2704.360s
	Calibrated DM2 mode 71 / 866 in 2707.237s
	Calibrated DM2 mode 72 / 866 in 2710.113s
	Calibrated DM2 mode 73 / 866 in 2712.993s
	Calibrated DM2 mode 74 / 866 in 2715.871s
	Calibrated DM2 mode 75 / 866 in 2718.750s
	Calibrated DM2 mode 76 / 866 in 2721.620s
	Calibrated DM2 mode 77 / 866 in 2724.495s
	Calibrated DM2 mode 78 / 866 in 2727.374s
	Calibrated DM2 mode 79 / 866 in 2730.251s
	Calibrated DM2 mode 80 / 866 in 2733.130s
	Calibrated DM2 mode 81 / 866 in 2736.056s
	Calibrated DM2 mode 82 / 866 in 2738.920s
	Calibrated DM2 mode 83 / 866 in 2741.787s
	Calibrated DM2 mode 84 / 866 in 2744.668s
	Calibrated DM2 mode 85 / 866 in 2747.540s
	Calibrated DM2 mode 86 / 866 in 2750.417s
	Calibrated DM2 mode 87 / 866 in 2753.293s
	Calibrated DM2 mode 88 / 866 in 2756.172s
	Calibrated DM2 mode 89 / 866 in 2759.068s
	Calibrated DM2 mode 90 / 866 in 2761.945s
	Calibrated DM2 mode 91 / 866 in 2764.819s
	Calibrated DM2 mode 92 / 866 in 2767.696s
	Calibrated DM2 mode 93 / 866 in 2770.628s
	Calibrated DM2 mode 94 / 866 in 2773.513s
	Calibrated DM2 mode 95 / 866 in 2776.386s
	Calibrated DM2 mode 96 / 866 in 2779.265s
	Calibrated DM2 mode 97 / 866 in 2782.137s
	Calibrated DM2 mode 98 / 866 in 2785.015s
	Calibrated DM2 mode 99 / 866 in 2787.888s
	Calibrated DM2 mode 100 / 866 in 2790.762s
	Calibrated DM2 mode 101 / 866 in 2793.640s
	Calibrated DM2 mode 102 / 866 in 2796.514s
	Calibrated DM2 mode 103 / 866 in 2799.390s
	Calibrated DM2 mode 104 / 866 in 2802.265s
	Calibrated DM2 mode 105 / 866 in 2805.199s
	Calibrated DM2 mode 106 / 866 in 2808.078s
	Calibrated DM2 mode 107 / 866 in 2810.946s
	Calibrated DM2 mode 108 / 866 in 2813.821s
	Calibrated DM2 mode 109 / 866 in 2816.697s
	Calibrated DM2 mode 110 / 866 in 2819.573s
	Calibrated DM2 mode 111 / 866 in 2822.445s
	Calibrated DM2 mode 112 / 866 in 2825.319s
	Calibrated DM2 mode 113 / 866 in 2828.199s
	Calibrated DM2 mode 114 / 866 in 2831.073s
	Calibrated DM2 mode 115 / 866 in 2833.949s
	Calibrated DM2 mode 116 / 866 in 2836.824s
	Calibrated DM2 mode 117 / 866 in 2839.758s
	Calibrated DM2 mode 118 / 866 in 2842.631s
	Calibrated DM2 mode 119 / 866 in 2845.504s
	Calibrated DM2 mode 120 / 866 in 2848.384s
	Calibrated DM2 mode 121 / 866 in 2851.261s
	Calibrated DM2 mode 122 / 866 in 2854.139s
	Calibrated DM2 mode 123 / 866 in 2857.092s
	Calibrated DM2 mode 124 / 866 in 2859.998s
	Calibrated DM2 mode 125 / 866 in 2862.874s
	Calibrated DM2 mode 126 / 866 in 2865.748s
	Calibrated DM2 mode 127 / 866 in 2868.622s
	Calibrated DM2 mode 128 / 866 in 2871.500s
	Calibrated DM2 mode 129 / 866 in 2874.441s
	Calibrated DM2 mode 130 / 866 in 2877.316s
	Calibrated DM2 mode 131 / 866 in 2880.193s
	Calibrated DM2 mode 132 / 866 in 2883.070s
	Calibrated DM2 mode 133 / 866 in 2885.950s
	Calibrated DM2 mode 134 / 866 in 2888.824s
	Calibrated DM2 mode 135 / 866 in 2891.899s
	Calibrated DM2 mode 136 / 866 in 2894.776s
	Calibrated DM2 mode 137 / 866 in 2897.657s
	Calibrated DM2 mode 138 / 866 in 2900.532s
	Calibrated DM2 mode 139 / 866 in 2903.410s
	Calibrated DM2 mode 140 / 866 in 2906.284s
	Calibrated DM2 mode 141 / 866 in 2909.301s
	Calibrated DM2 mode 142 / 866 in 2912.178s
	Calibrated DM2 mode 143 / 866 in 2915.051s
	Calibrated DM2 mode 144 / 866 in 2917.931s
	Calibrated DM2 mode 145 / 866 in 2920.803s
	Calibrated DM2 mode 146 / 866 in 2923.678s
	Calibrated DM2 mode 147 / 866 in 2926.555s
	Calibrated DM2 mode 148 / 866 in 2929.433s
	Calibrated DM2 mode 149 / 866 in 2932.324s
	Calibrated DM2 mode 150 / 866 in 2935.197s
	Calibrated DM2 mode 151 / 866 in 2938.076s
	Calibrated DM2 mode 152 / 866 in 2940.951s
	Calibrated DM2 mode 153 / 866 in 2943.872s
	Calibrated DM2 mode 154 / 866 in 2946.748s
	Calibrated DM2 mode 155 / 866 in 2949.621s
	Calibrated DM2 mode 156 / 866 in 2952.496s
	Calibrated DM2 mode 157 / 866 in 2955.372s
	Calibrated DM2 mode 158 / 866 in 2958.251s
	Calibrated DM2 mode 159 / 866 in 2961.121s
	Calibrated DM2 mode 160 / 866 in 2964.000s
	Calibrated DM2 mode 161 / 866 in 2966.874s
	Calibrated DM2 mode 162 / 866 in 2969.746s
	Calibrated DM2 mode 163 / 866 in 2972.622s
	Calibrated DM2 mode 164 / 866 in 2975.497s
	Calibrated DM2 mode 165 / 866 in 2978.426s
	Calibrated DM2 mode 166 / 866 in 2981.297s
	Calibrated DM2 mode 167 / 866 in 2984.172s
	Calibrated DM2 mode 168 / 866 in 2987.047s
	Calibrated DM2 mode 169 / 866 in 2989.919s
	Calibrated DM2 mode 170 / 866 in 2992.793s
	Calibrated DM2 mode 171 / 866 in 2995.667s
	Calibrated DM2 mode 172 / 866 in 2998.547s
	Calibrated DM2 mode 173 / 866 in 3001.419s
	Calibrated DM2 mode 174 / 866 in 3004.297s
	Calibrated DM2 mode 175 / 866 in 3007.176s
	Calibrated DM2 mode 176 / 866 in 3010.059s
	Calibrated DM2 mode 177 / 866 in 3012.991s
	Calibrated DM2 mode 178 / 866 in 3015.869s
	Calibrated DM2 mode 179 / 866 in 3018.749s
	Calibrated DM2 mode 180 / 866 in 3021.622s
	Calibrated DM2 mode 181 / 866 in 3024.497s
	Calibrated DM2 mode 182 / 866 in 3027.373s
	Calibrated DM2 mode 183 / 866 in 3030.251s
	Calibrated DM2 mode 184 / 866 in 3033.127s
	Calibrated DM2 mode 185 / 866 in 3035.998s
	Calibrated DM2 mode 186 / 866 in 3038.874s
	Calibrated DM2 mode 187 / 866 in 3041.747s
	Calibrated DM2 mode 188 / 866 in 3044.626s
	Calibrated DM2 mode 189 / 866 in 3047.553s
	Calibrated DM2 mode 190 / 866 in 3050.428s
	Calibrated DM2 mode 191 / 866 in 3053.306s
	Calibrated DM2 mode 192 / 866 in 3056.177s
	Calibrated DM2 mode 193 / 866 in 3059.051s
	Calibrated DM2 mode 194 / 866 in 3061.923s
	Calibrated DM2 mode 195 / 866 in 3064.797s
	Calibrated DM2 mode 196 / 866 in 3067.679s
	Calibrated DM2 mode 197 / 866 in 3070.560s
	Calibrated DM2 mode 198 / 866 in 3073.435s
	Calibrated DM2 mode 199 / 866 in 3076.323s
	Calibrated DM2 mode 200 / 866 in 3079.250s
	Calibrated DM2 mode 201 / 866 in 3082.244s
	Calibrated DM2 mode 202 / 866 in 3085.114s
	Calibrated DM2 mode 203 / 866 in 3087.989s
	Calibrated DM2 mode 204 / 866 in 3090.859s
	Calibrated DM2 mode 205 / 866 in 3093.737s
	Calibrated DM2 mode 206 / 866 in 3096.608s
	Calibrated DM2 mode 207 / 866 in 3099.484s
	Calibrated DM2 mode 208 / 866 in 3102.350s
	Calibrated DM2 mode 209 / 866 in 3105.219s
	Calibrated DM2 mode 210 / 866 in 3108.099s
	Calibrated DM2 mode 211 / 866 in 3110.967s
	Calibrated DM2 mode 212 / 866 in 3113.912s
	Calibrated DM2 mode 213 / 866 in 3116.788s
	Calibrated DM2 mode 214 / 866 in 3119.666s
	Calibrated DM2 mode 215 / 866 in 3122.542s
	Calibrated DM2 mode 216 / 866 in 3125.426s
	Calibrated DM2 mode 217 / 866 in 3128.304s
	Calibrated DM2 mode 218 / 866 in 3131.181s
	Calibrated DM2 mode 219 / 866 in 3134.057s
	Calibrated DM2 mode 220 / 866 in 3136.933s
	Calibrated DM2 mode 221 / 866 in 3139.813s
	Calibrated DM2 mode 222 / 866 in 3142.691s
	Calibrated DM2 mode 223 / 866 in 3145.569s
	Calibrated DM2 mode 224 / 866 in 3148.507s
	Calibrated DM2 mode 225 / 866 in 3151.382s
	Calibrated DM2 mode 226 / 866 in 3154.260s
	Calibrated DM2 mode 227 / 866 in 3157.137s
	Calibrated DM2 mode 228 / 866 in 3160.017s
	Calibrated DM2 mode 229 / 866 in 3162.895s
	Calibrated DM2 mode 230 / 866 in 3165.773s
	Calibrated DM2 mode 231 / 866 in 3168.650s
	Calibrated DM2 mode 232 / 866 in 3171.530s
	Calibrated DM2 mode 233 / 866 in 3174.417s
	Calibrated DM2 mode 234 / 866 in 3177.291s
	Calibrated DM2 mode 235 / 866 in 3180.168s
	Calibrated DM2 mode 236 / 866 in 3183.099s
	Calibrated DM2 mode 237 / 866 in 3185.977s
	Calibrated DM2 mode 238 / 866 in 3188.850s
	Calibrated DM2 mode 239 / 866 in 3191.721s
	Calibrated DM2 mode 240 / 866 in 3194.597s
	Calibrated DM2 mode 241 / 866 in 3197.471s
	Calibrated DM2 mode 242 / 866 in 3200.350s
	Calibrated DM2 mode 243 / 866 in 3203.220s
	Calibrated DM2 mode 244 / 866 in 3206.090s
	Calibrated DM2 mode 245 / 866 in 3208.962s
	Calibrated DM2 mode 246 / 866 in 3211.835s
	Calibrated DM2 mode 247 / 866 in 3214.707s
	Calibrated DM2 mode 248 / 866 in 3217.627s
	Calibrated DM2 mode 249 / 866 in 3220.499s
	Calibrated DM2 mode 250 / 866 in 3223.369s
	Calibrated DM2 mode 251 / 866 in 3226.242s
	Calibrated DM2 mode 252 / 866 in 3229.115s
	Calibrated DM2 mode 253 / 866 in 3231.984s
	Calibrated DM2 mode 254 / 866 in 3234.857s
	Calibrated DM2 mode 255 / 866 in 3237.729s
	Calibrated DM2 mode 256 / 866 in 3240.602s
	Calibrated DM2 mode 257 / 866 in 3243.474s
	Calibrated DM2 mode 258 / 866 in 3246.451s
	Calibrated DM2 mode 259 / 866 in 3249.439s
	Calibrated DM2 mode 260 / 866 in 3252.314s
	Calibrated DM2 mode 261 / 866 in 3255.191s
	Calibrated DM2 mode 262 / 866 in 3258.067s
	Calibrated DM2 mode 263 / 866 in 3260.941s
	Calibrated DM2 mode 264 / 866 in 3263.823s
	Calibrated DM2 mode 265 / 866 in 3266.697s
	Calibrated DM2 mode 266 / 866 in 3269.572s
	Calibrated DM2 mode 267 / 866 in 3273.005s
	Calibrated DM2 mode 268 / 866 in 3275.880s
	Calibrated DM2 mode 269 / 866 in 3278.756s
	Calibrated DM2 mode 270 / 866 in 3281.633s
	Calibrated DM2 mode 271 / 866 in 3284.564s
	Calibrated DM2 mode 272 / 866 in 3287.435s
	Calibrated DM2 mode 273 / 866 in 3290.315s
	Calibrated DM2 mode 274 / 866 in 3293.188s
	Calibrated DM2 mode 275 / 866 in 3296.068s
	Calibrated DM2 mode 276 / 866 in 3298.982s
	Calibrated DM2 mode 277 / 866 in 3301.856s
	Calibrated DM2 mode 278 / 866 in 3304.731s
	Calibrated DM2 mode 279 / 866 in 3307.605s
	Calibrated DM2 mode 280 / 866 in 3310.474s
	Calibrated DM2 mode 281 / 866 in 3313.348s
	Calibrated DM2 mode 282 / 866 in 3316.224s
	Calibrated DM2 mode 283 / 866 in 3319.153s
	Calibrated DM2 mode 284 / 866 in 3322.028s
	Calibrated DM2 mode 285 / 866 in 3324.904s
	Calibrated DM2 mode 286 / 866 in 3327.776s
	Calibrated DM2 mode 287 / 866 in 3330.649s
	Calibrated DM2 mode 288 / 866 in 3333.522s
	Calibrated DM2 mode 289 / 866 in 3336.394s
	Calibrated DM2 mode 290 / 866 in 3339.268s
	Calibrated DM2 mode 291 / 866 in 3342.142s
	Calibrated DM2 mode 292 / 866 in 3345.023s
	Calibrated DM2 mode 293 / 866 in 3347.897s
	Calibrated DM2 mode 294 / 866 in 3350.770s
	Calibrated DM2 mode 295 / 866 in 3353.704s
	Calibrated DM2 mode 296 / 866 in 3356.575s
	Calibrated DM2 mode 297 / 866 in 3359.450s
	Calibrated DM2 mode 298 / 866 in 3362.325s
	Calibrated DM2 mode 299 / 866 in 3365.201s
	Calibrated DM2 mode 300 / 866 in 3368.073s
	Calibrated DM2 mode 301 / 866 in 3370.949s
	Calibrated DM2 mode 302 / 866 in 3373.827s
	Calibrated DM2 mode 303 / 866 in 3376.701s
	Calibrated DM2 mode 304 / 866 in 3379.582s
	Calibrated DM2 mode 305 / 866 in 3382.455s
	Calibrated DM2 mode 306 / 866 in 3385.340s
	Calibrated DM2 mode 307 / 866 in 3388.273s
	Calibrated DM2 mode 308 / 866 in 3391.160s
	Calibrated DM2 mode 309 / 866 in 3394.034s
	Calibrated DM2 mode 310 / 866 in 3396.906s
	Calibrated DM2 mode 311 / 866 in 3399.779s
	Calibrated DM2 mode 312 / 866 in 3402.653s
	Calibrated DM2 mode 313 / 866 in 3405.522s
	Calibrated DM2 mode 314 / 866 in 3408.386s
	Calibrated DM2 mode 315 / 866 in 3411.264s
	Calibrated DM2 mode 316 / 866 in 3414.135s
	Calibrated DM2 mode 317 / 866 in 3417.005s
	Calibrated DM2 mode 318 / 866 in 3419.879s
	Calibrated DM2 mode 319 / 866 in 3422.800s
	Calibrated DM2 mode 320 / 866 in 3425.674s
	Calibrated DM2 mode 321 / 866 in 3428.553s
	Calibrated DM2 mode 322 / 866 in 3431.434s
	Calibrated DM2 mode 323 / 866 in 3434.313s
	Calibrated DM2 mode 324 / 866 in 3437.185s
	Calibrated DM2 mode 325 / 866 in 3440.059s
	Calibrated DM2 mode 326 / 866 in 3442.941s
	Calibrated DM2 mode 327 / 866 in 3445.815s
	Calibrated DM2 mode 328 / 866 in 3448.689s
	Calibrated DM2 mode 329 / 866 in 3451.562s
	Calibrated DM2 mode 330 / 866 in 3454.434s
	Calibrated DM2 mode 331 / 866 in 3457.426s
	Calibrated DM2 mode 332 / 866 in 3460.297s
	Calibrated DM2 mode 333 / 866 in 3463.168s
	Calibrated DM2 mode 334 / 866 in 3466.040s
	Calibrated DM2 mode 335 / 866 in 3468.915s
	Calibrated DM2 mode 336 / 866 in 3471.790s
	Calibrated DM2 mode 337 / 866 in 3474.666s
	Calibrated DM2 mode 338 / 866 in 3477.550s
	Calibrated DM2 mode 339 / 866 in 3480.425s
	Calibrated DM2 mode 340 / 866 in 3483.297s
	Calibrated DM2 mode 341 / 866 in 3486.185s
	Calibrated DM2 mode 342 / 866 in 3489.059s
	Calibrated DM2 mode 343 / 866 in 3491.990s
	Calibrated DM2 mode 344 / 866 in 3494.860s
	Calibrated DM2 mode 345 / 866 in 3497.735s
	Calibrated DM2 mode 346 / 866 in 3500.607s
	Calibrated DM2 mode 347 / 866 in 3503.479s
	Calibrated DM2 mode 348 / 866 in 3506.353s
	Calibrated DM2 mode 349 / 866 in 3509.225s
	Calibrated DM2 mode 350 / 866 in 3512.097s
	Calibrated DM2 mode 351 / 866 in 3514.971s
	Calibrated DM2 mode 352 / 866 in 3517.846s
	Calibrated DM2 mode 353 / 866 in 3520.721s
	Calibrated DM2 mode 354 / 866 in 3523.596s
	Calibrated DM2 mode 355 / 866 in 3526.520s
	Calibrated DM2 mode 356 / 866 in 3529.392s
	Calibrated DM2 mode 357 / 866 in 3532.267s
	Calibrated DM2 mode 358 / 866 in 3535.141s
	Calibrated DM2 mode 359 / 866 in 3538.013s
	Calibrated DM2 mode 360 / 866 in 3540.890s
	Calibrated DM2 mode 361 / 866 in 3543.764s
	Calibrated DM2 mode 362 / 866 in 3546.641s
	Calibrated DM2 mode 363 / 866 in 3549.513s
	Calibrated DM2 mode 364 / 866 in 3552.387s
	Calibrated DM2 mode 365 / 866 in 3555.262s
	Calibrated DM2 mode 366 / 866 in 3558.138s
	Calibrated DM2 mode 367 / 866 in 3561.071s
	Calibrated DM2 mode 368 / 866 in 3563.941s
	Calibrated DM2 mode 369 / 866 in 3566.815s
	Calibrated DM2 mode 370 / 866 in 3569.693s
	Calibrated DM2 mode 371 / 866 in 3572.571s
	Calibrated DM2 mode 372 / 866 in 3575.447s
	Calibrated DM2 mode 373 / 866 in 3578.317s
	Calibrated DM2 mode 374 / 866 in 3581.195s
	Calibrated DM2 mode 375 / 866 in 3584.067s
	Calibrated DM2 mode 376 / 866 in 3587.047s
	Calibrated DM2 mode 377 / 866 in 3589.925s
	Calibrated DM2 mode 378 / 866 in 3592.799s
	Calibrated DM2 mode 379 / 866 in 3595.734s
	Calibrated DM2 mode 380 / 866 in 3598.606s
	Calibrated DM2 mode 381 / 866 in 3601.481s
	Calibrated DM2 mode 382 / 866 in 3604.358s
	Calibrated DM2 mode 383 / 866 in 3607.234s
	Calibrated DM2 mode 384 / 866 in 3610.114s
	Calibrated DM2 mode 385 / 866 in 3612.987s
	Calibrated DM2 mode 386 / 866 in 3615.861s
	Calibrated DM2 mode 387 / 866 in 3618.754s
	Calibrated DM2 mode 388 / 866 in 3621.644s
	Calibrated DM2 mode 389 / 866 in 3624.517s
	Calibrated DM2 mode 390 / 866 in 3627.392s
	Calibrated DM2 mode 391 / 866 in 3630.312s
	Calibrated DM2 mode 392 / 866 in 3633.186s
	Calibrated DM2 mode 393 / 866 in 3636.058s
	Calibrated DM2 mode 394 / 866 in 3638.928s
	Calibrated DM2 mode 395 / 866 in 3641.800s
	Calibrated DM2 mode 396 / 866 in 3644.679s
	Calibrated DM2 mode 397 / 866 in 3647.555s
	Calibrated DM2 mode 398 / 866 in 3650.640s
	Calibrated DM2 mode 399 / 866 in 3653.510s
	Calibrated DM2 mode 400 / 866 in 3656.384s
	Calibrated DM2 mode 401 / 866 in 3659.256s
	Calibrated DM2 mode 402 / 866 in 3662.187s
	Calibrated DM2 mode 403 / 866 in 3665.064s
	Calibrated DM2 mode 404 / 866 in 3667.936s
	Calibrated DM2 mode 405 / 866 in 3670.810s
	Calibrated DM2 mode 406 / 866 in 3673.686s
	Calibrated DM2 mode 407 / 866 in 3676.559s
	Calibrated DM2 mode 408 / 866 in 3679.433s
	Calibrated DM2 mode 409 / 866 in 3682.311s
	Calibrated DM2 mode 410 / 866 in 3685.190s
	Calibrated DM2 mode 411 / 866 in 3688.065s
	Calibrated DM2 mode 412 / 866 in 3690.939s
	Calibrated DM2 mode 413 / 866 in 3693.812s
	Calibrated DM2 mode 414 / 866 in 3696.750s
	Calibrated DM2 mode 415 / 866 in 3699.625s
	Calibrated DM2 mode 416 / 866 in 3702.499s
	Calibrated DM2 mode 417 / 866 in 3705.369s
	Calibrated DM2 mode 418 / 866 in 3708.244s
	Calibrated DM2 mode 419 / 866 in 3711.119s
	Calibrated DM2 mode 420 / 866 in 3713.993s
	Calibrated DM2 mode 421 / 866 in 3716.864s
	Calibrated DM2 mode 422 / 866 in 3719.736s
	Calibrated DM2 mode 423 / 866 in 3722.608s
	Calibrated DM2 mode 424 / 866 in 3725.482s
	Calibrated DM2 mode 425 / 866 in 3728.356s
	Calibrated DM2 mode 426 / 866 in 3731.275s
	Calibrated DM2 mode 427 / 866 in 3734.156s
	Calibrated DM2 mode 428 / 866 in 3737.030s
	Calibrated DM2 mode 429 / 866 in 3739.904s
	Calibrated DM2 mode 430 / 866 in 3742.778s
	Calibrated DM2 mode 431 / 866 in 3745.650s
	Calibrated DM2 mode 432 / 866 in 3748.521s
	Calibrated DM2 mode 433 / 866 in 3751.393s
	Calibrated DM2 mode 434 / 866 in 3754.264s
	Calibrated DM2 mode 435 / 866 in 3757.138s
	Calibrated DM2 mode 436 / 866 in 3760.011s
	Calibrated DM2 mode 437 / 866 in 3762.897s
	Calibrated DM2 mode 438 / 866 in 3765.823s
	Calibrated DM2 mode 439 / 866 in 3768.695s
	Calibrated DM2 mode 440 / 866 in 3771.573s
	Calibrated DM2 mode 441 / 866 in 3774.444s
	Calibrated DM2 mode 442 / 866 in 3777.315s
	Calibrated DM2 mode 443 / 866 in 3780.187s
	Calibrated DM2 mode 444 / 866 in 3783.058s
	Calibrated DM2 mode 445 / 866 in 3785.929s
	Calibrated DM2 mode 446 / 866 in 3788.814s
	Calibrated DM2 mode 447 / 866 in 3791.688s
	Calibrated DM2 mode 448 / 866 in 3794.562s
	Calibrated DM2 mode 449 / 866 in 3797.441s
	Calibrated DM2 mode 450 / 866 in 3800.371s
	Calibrated DM2 mode 451 / 866 in 3803.251s
	Calibrated DM2 mode 452 / 866 in 3806.122s
	Calibrated DM2 mode 453 / 866 in 3809.001s
	Calibrated DM2 mode 454 / 866 in 3811.872s
	Calibrated DM2 mode 455 / 866 in 3814.747s
	Calibrated DM2 mode 456 / 866 in 3817.620s
	Calibrated DM2 mode 457 / 866 in 3820.499s
	Calibrated DM2 mode 458 / 866 in 3823.377s
	Calibrated DM2 mode 459 / 866 in 3826.256s
	Calibrated DM2 mode 460 / 866 in 3829.132s
	Calibrated DM2 mode 461 / 866 in 3832.008s
	Calibrated DM2 mode 462 / 866 in 3834.948s
	Calibrated DM2 mode 463 / 866 in 3837.828s
	Calibrated DM2 mode 464 / 866 in 3840.699s
	Calibrated DM2 mode 465 / 866 in 3843.575s
	Calibrated DM2 mode 466 / 866 in 3846.448s
	Calibrated DM2 mode 467 / 866 in 3849.325s
	Calibrated DM2 mode 468 / 866 in 3852.202s
	Calibrated DM2 mode 469 / 866 in 3855.083s
	Calibrated DM2 mode 470 / 866 in 3857.986s
	Calibrated DM2 mode 471 / 866 in 3860.858s
	Calibrated DM2 mode 472 / 866 in 3863.734s
	Calibrated DM2 mode 473 / 866 in 3866.667s
	Calibrated DM2 mode 474 / 866 in 3869.544s
	Calibrated DM2 mode 475 / 866 in 3872.421s
	Calibrated DM2 mode 476 / 866 in 3875.294s
	Calibrated DM2 mode 477 / 866 in 3878.168s
	Calibrated DM2 mode 478 / 866 in 3881.047s
	Calibrated DM2 mode 479 / 866 in 3883.924s
	Calibrated DM2 mode 480 / 866 in 3886.799s
	Calibrated DM2 mode 481 / 866 in 3889.672s
	Calibrated DM2 mode 482 / 866 in 3892.545s
	Calibrated DM2 mode 483 / 866 in 3895.420s
	Calibrated DM2 mode 484 / 866 in 3898.296s
	Calibrated DM2 mode 485 / 866 in 3901.227s
	Calibrated DM2 mode 486 / 866 in 3904.103s
	Calibrated DM2 mode 487 / 866 in 3906.977s
	Calibrated DM2 mode 488 / 866 in 3909.856s
	Calibrated DM2 mode 489 / 866 in 3912.728s
	Calibrated DM2 mode 490 / 866 in 3915.601s
	Calibrated DM2 mode 491 / 866 in 3918.482s
	Calibrated DM2 mode 492 / 866 in 3921.353s
	Calibrated DM2 mode 493 / 866 in 3924.228s
	Calibrated DM2 mode 494 / 866 in 3927.099s
	Calibrated DM2 mode 495 / 866 in 3929.978s
	Calibrated DM2 mode 496 / 866 in 3932.856s
	Calibrated DM2 mode 497 / 866 in 3935.778s
	Calibrated DM2 mode 498 / 866 in 3938.650s
	Calibrated DM2 mode 499 / 866 in 3941.522s
	Calibrated DM2 mode 500 / 866 in 3944.396s
	Calibrated DM2 mode 501 / 866 in 3947.270s
	Calibrated DM2 mode 502 / 866 in 3950.145s
	Calibrated DM2 mode 503 / 866 in 3953.018s
	Calibrated DM2 mode 504 / 866 in 3955.891s
	Calibrated DM2 mode 505 / 866 in 3958.765s
	Calibrated DM2 mode 506 / 866 in 3961.638s
	Calibrated DM2 mode 507 / 866 in 3964.511s
	Calibrated DM2 mode 508 / 866 in 3967.384s
	Calibrated DM2 mode 509 / 866 in 3970.319s
	Calibrated DM2 mode 510 / 866 in 3973.192s
	Calibrated DM2 mode 511 / 866 in 3976.102s
	Calibrated DM2 mode 512 / 866 in 3978.963s
	Calibrated DM2 mode 513 / 866 in 3981.819s
	Calibrated DM2 mode 514 / 866 in 3984.680s
	Calibrated DM2 mode 515 / 866 in 3987.549s
	Calibrated DM2 mode 516 / 866 in 3990.499s
	Calibrated DM2 mode 517 / 866 in 3993.371s
	Calibrated DM2 mode 518 / 866 in 3996.240s
	Calibrated DM2 mode 519 / 866 in 3999.103s
	Calibrated DM2 mode 520 / 866 in 4001.962s
	Calibrated DM2 mode 521 / 866 in 4004.878s
	Calibrated DM2 mode 522 / 866 in 4007.733s
	Calibrated DM2 mode 523 / 866 in 4010.591s
	Calibrated DM2 mode 524 / 866 in 4013.459s
	Calibrated DM2 mode 525 / 866 in 4016.325s
	Calibrated DM2 mode 526 / 866 in 4019.196s
	Calibrated DM2 mode 527 / 866 in 4022.069s
	Calibrated DM2 mode 528 / 866 in 4024.943s
	Calibrated DM2 mode 529 / 866 in 4027.821s
	Calibrated DM2 mode 530 / 866 in 4030.696s
	Calibrated DM2 mode 531 / 866 in 4033.568s
	Calibrated DM2 mode 532 / 866 in 4036.441s
	Calibrated DM2 mode 533 / 866 in 4039.369s
	Calibrated DM2 mode 534 / 866 in 4042.239s
	Calibrated DM2 mode 535 / 866 in 4045.111s
	Calibrated DM2 mode 536 / 866 in 4047.984s
	Calibrated DM2 mode 537 / 866 in 4050.857s
	Calibrated DM2 mode 538 / 866 in 4053.730s
	Calibrated DM2 mode 539 / 866 in 4056.602s
	Calibrated DM2 mode 540 / 866 in 4059.476s
	Calibrated DM2 mode 541 / 866 in 4062.348s
	Calibrated DM2 mode 542 / 866 in 4065.218s
	Calibrated DM2 mode 543 / 866 in 4068.085s
	Calibrated DM2 mode 544 / 866 in 4071.019s
	Calibrated DM2 mode 545 / 866 in 4073.887s
	Calibrated DM2 mode 546 / 866 in 4076.755s
	Calibrated DM2 mode 547 / 866 in 4079.628s
	Calibrated DM2 mode 548 / 866 in 4082.497s
	Calibrated DM2 mode 549 / 866 in 4085.371s
	Calibrated DM2 mode 550 / 866 in 4088.246s
	Calibrated DM2 mode 551 / 866 in 4091.117s
	Calibrated DM2 mode 552 / 866 in 4093.989s
	Calibrated DM2 mode 553 / 866 in 4096.880s
	Calibrated DM2 mode 554 / 866 in 4099.754s
	Calibrated DM2 mode 555 / 866 in 4102.629s
	Calibrated DM2 mode 556 / 866 in 4105.561s
	Calibrated DM2 mode 557 / 866 in 4108.430s
	Calibrated DM2 mode 558 / 866 in 4111.294s
	Calibrated DM2 mode 559 / 866 in 4114.151s
	Calibrated DM2 mode 560 / 866 in 4117.009s
	Calibrated DM2 mode 561 / 866 in 4119.866s
	Calibrated DM2 mode 562 / 866 in 4122.723s
	Calibrated DM2 mode 563 / 866 in 4125.582s
	Calibrated DM2 mode 564 / 866 in 4128.448s
	Calibrated DM2 mode 565 / 866 in 4131.310s
	Calibrated DM2 mode 566 / 866 in 4134.181s
	Calibrated DM2 mode 567 / 866 in 4137.049s
	Calibrated DM2 mode 568 / 866 in 4139.971s
	Calibrated DM2 mode 569 / 866 in 4142.842s
	Calibrated DM2 mode 570 / 866 in 4145.705s
	Calibrated DM2 mode 571 / 866 in 4148.568s
	Calibrated DM2 mode 572 / 866 in 4151.429s
	Calibrated DM2 mode 573 / 866 in 4154.289s
	Calibrated DM2 mode 574 / 866 in 4157.162s
	Calibrated DM2 mode 575 / 866 in 4160.037s
	Calibrated DM2 mode 576 / 866 in 4162.910s
	Calibrated DM2 mode 577 / 866 in 4165.786s
	Calibrated DM2 mode 578 / 866 in 4168.663s
	Calibrated DM2 mode 579 / 866 in 4171.598s
	Calibrated DM2 mode 580 / 866 in 4174.472s
	Calibrated DM2 mode 581 / 866 in 4177.340s
	Calibrated DM2 mode 582 / 866 in 4180.216s
	Calibrated DM2 mode 583 / 866 in 4183.089s
	Calibrated DM2 mode 584 / 866 in 4185.969s
	Calibrated DM2 mode 585 / 866 in 4188.840s
	Calibrated DM2 mode 586 / 866 in 4191.716s
	Calibrated DM2 mode 587 / 866 in 4194.593s
	Calibrated DM2 mode 588 / 866 in 4197.468s
	Calibrated DM2 mode 589 / 866 in 4200.346s
	Calibrated DM2 mode 590 / 866 in 4203.226s
	Calibrated DM2 mode 591 / 866 in 4206.165s
	Calibrated DM2 mode 592 / 866 in 4209.039s
	Calibrated DM2 mode 593 / 866 in 4211.913s
	Calibrated DM2 mode 594 / 866 in 4214.789s
	Calibrated DM2 mode 595 / 866 in 4217.662s
	Calibrated DM2 mode 596 / 866 in 4220.534s
	Calibrated DM2 mode 597 / 866 in 4223.407s
	Calibrated DM2 mode 598 / 866 in 4226.305s
	Calibrated DM2 mode 599 / 866 in 4229.178s
	Calibrated DM2 mode 600 / 866 in 4232.052s
	Calibrated DM2 mode 601 / 866 in 4234.930s
	Calibrated DM2 mode 602 / 866 in 4237.863s
	Calibrated DM2 mode 603 / 866 in 4240.736s
	Calibrated DM2 mode 604 / 866 in 4243.605s
	Calibrated DM2 mode 605 / 866 in 4246.473s
	Calibrated DM2 mode 606 / 866 in 4249.344s
	Calibrated DM2 mode 607 / 866 in 4252.214s
	Calibrated DM2 mode 608 / 866 in 4255.088s
	Calibrated DM2 mode 609 / 866 in 4257.960s
	Calibrated DM2 mode 610 / 866 in 4260.837s
	Calibrated DM2 mode 611 / 866 in 4263.712s
	Calibrated DM2 mode 612 / 866 in 4266.588s
	Calibrated DM2 mode 613 / 866 in 4269.465s
	Calibrated DM2 mode 614 / 866 in 4272.391s
	Calibrated DM2 mode 615 / 866 in 4275.266s
	Calibrated DM2 mode 616 / 866 in 4278.157s
	Calibrated DM2 mode 617 / 866 in 4281.030s
	Calibrated DM2 mode 618 / 866 in 4283.905s
	Calibrated DM2 mode 619 / 866 in 4286.782s
	Calibrated DM2 mode 620 / 866 in 4289.661s
	Calibrated DM2 mode 621 / 866 in 4292.655s
	Calibrated DM2 mode 622 / 866 in 4295.523s
	Calibrated DM2 mode 623 / 866 in 4298.396s
	Calibrated DM2 mode 624 / 866 in 4301.274s
	Calibrated DM2 mode 625 / 866 in 4304.146s
	Calibrated DM2 mode 626 / 866 in 4307.088s
	Calibrated DM2 mode 627 / 866 in 4309.962s
	Calibrated DM2 mode 628 / 866 in 4312.842s
	Calibrated DM2 mode 629 / 866 in 4315.717s
	Calibrated DM2 mode 630 / 866 in 4318.596s
	Calibrated DM2 mode 631 / 866 in 4321.471s
	Calibrated DM2 mode 632 / 866 in 4324.351s
	Calibrated DM2 mode 633 / 866 in 4327.232s
	Calibrated DM2 mode 634 / 866 in 4330.115s
	Calibrated DM2 mode 635 / 866 in 4332.990s
	Calibrated DM2 mode 636 / 866 in 4335.863s
	Calibrated DM2 mode 637 / 866 in 4338.808s
	Calibrated DM2 mode 638 / 866 in 4341.681s
	Calibrated DM2 mode 639 / 866 in 4344.558s
	Calibrated DM2 mode 640 / 866 in 4347.430s
	Calibrated DM2 mode 641 / 866 in 4350.304s
	Calibrated DM2 mode 642 / 866 in 4353.184s
	Calibrated DM2 mode 643 / 866 in 4356.067s
	Calibrated DM2 mode 644 / 866 in 4358.941s
	Calibrated DM2 mode 645 / 866 in 4361.823s
	Calibrated DM2 mode 646 / 866 in 4364.696s
	Calibrated DM2 mode 647 / 866 in 4367.567s
	Calibrated DM2 mode 648 / 866 in 4370.439s
	Calibrated DM2 mode 649 / 866 in 4373.376s
	Calibrated DM2 mode 650 / 866 in 4376.248s
	Calibrated DM2 mode 651 / 866 in 4379.131s
	Calibrated DM2 mode 652 / 866 in 4382.006s
	Calibrated DM2 mode 653 / 866 in 4384.874s
	Calibrated DM2 mode 654 / 866 in 4387.742s
	Calibrated DM2 mode 655 / 866 in 4390.618s
	Calibrated DM2 mode 656 / 866 in 4393.500s
	Calibrated DM2 mode 657 / 866 in 4396.375s
	Calibrated DM2 mode 658 / 866 in 4399.266s
	Calibrated DM2 mode 659 / 866 in 4402.136s
	Calibrated DM2 mode 660 / 866 in 4405.012s
	Calibrated DM2 mode 661 / 866 in 4407.942s
	Calibrated DM2 mode 662 / 866 in 4410.812s
	Calibrated DM2 mode 663 / 866 in 4413.672s
	Calibrated DM2 mode 664 / 866 in 4416.541s
	Calibrated DM2 mode 665 / 866 in 4419.414s
	Calibrated DM2 mode 666 / 866 in 4422.295s
	Calibrated DM2 mode 667 / 866 in 4425.165s
	Calibrated DM2 mode 668 / 866 in 4428.041s
	Calibrated DM2 mode 669 / 866 in 4430.911s
	Calibrated DM2 mode 670 / 866 in 4433.783s
	Calibrated DM2 mode 671 / 866 in 4436.660s
	Calibrated DM2 mode 672 / 866 in 4439.594s
	Calibrated DM2 mode 673 / 866 in 4442.472s
	Calibrated DM2 mode 674 / 866 in 4445.362s
	Calibrated DM2 mode 675 / 866 in 4448.236s
	Calibrated DM2 mode 676 / 866 in 4451.112s
	Calibrated DM2 mode 677 / 866 in 4453.988s
	Calibrated DM2 mode 678 / 866 in 4456.873s
	Calibrated DM2 mode 679 / 866 in 4459.755s
	Calibrated DM2 mode 680 / 866 in 4462.628s
	Calibrated DM2 mode 681 / 866 in 4465.499s
	Calibrated DM2 mode 682 / 866 in 4468.372s
	Calibrated DM2 mode 683 / 866 in 4471.250s
	Calibrated DM2 mode 684 / 866 in 4474.181s
	Calibrated DM2 mode 685 / 866 in 4477.053s
	Calibrated DM2 mode 686 / 866 in 4479.923s
	Calibrated DM2 mode 687 / 866 in 4482.795s
	Calibrated DM2 mode 688 / 866 in 4485.668s
	Calibrated DM2 mode 689 / 866 in 4488.542s
	Calibrated DM2 mode 690 / 866 in 4491.417s
	Calibrated DM2 mode 691 / 866 in 4494.287s
	Calibrated DM2 mode 692 / 866 in 4497.161s
	Calibrated DM2 mode 693 / 866 in 4500.034s
	Calibrated DM2 mode 694 / 866 in 4502.908s
	Calibrated DM2 mode 695 / 866 in 4505.841s
	Calibrated DM2 mode 696 / 866 in 4508.716s
	Calibrated DM2 mode 697 / 866 in 4511.591s
	Calibrated DM2 mode 698 / 866 in 4514.466s
	Calibrated DM2 mode 699 / 866 in 4517.347s
	Calibrated DM2 mode 700 / 866 in 4520.227s
	Calibrated DM2 mode 701 / 866 in 4523.104s
	Calibrated DM2 mode 702 / 866 in 4525.986s
	Calibrated DM2 mode 703 / 866 in 4528.865s
	Calibrated DM2 mode 704 / 866 in 4531.741s
	Calibrated DM2 mode 705 / 866 in 4534.619s
	Calibrated DM2 mode 706 / 866 in 4537.501s
	Calibrated DM2 mode 707 / 866 in 4540.439s
	Calibrated DM2 mode 708 / 866 in 4543.322s
	Calibrated DM2 mode 709 / 866 in 4546.198s
	Calibrated DM2 mode 710 / 866 in 4549.081s
	Calibrated DM2 mode 711 / 866 in 4551.958s
	Calibrated DM2 mode 712 / 866 in 4554.841s
	Calibrated DM2 mode 713 / 866 in 4557.718s
	Calibrated DM2 mode 714 / 866 in 4560.595s
	Calibrated DM2 mode 715 / 866 in 4563.475s
	Calibrated DM2 mode 716 / 866 in 4566.357s
	Calibrated DM2 mode 717 / 866 in 4569.237s
	Calibrated DM2 mode 718 / 866 in 4572.120s
	Calibrated DM2 mode 719 / 866 in 4575.057s
	Calibrated DM2 mode 720 / 866 in 4577.950s
	Calibrated DM2 mode 721 / 866 in 4580.826s
	Calibrated DM2 mode 722 / 866 in 4583.705s
	Calibrated DM2 mode 723 / 866 in 4586.582s
	Calibrated DM2 mode 724 / 866 in 4589.458s
	Calibrated DM2 mode 725 / 866 in 4592.336s
	Calibrated DM2 mode 726 / 866 in 4595.212s
	Calibrated DM2 mode 727 / 866 in 4598.088s
	Calibrated DM2 mode 728 / 866 in 4600.966s
	Calibrated DM2 mode 729 / 866 in 4603.847s
	Calibrated DM2 mode 730 / 866 in 4606.727s
	Calibrated DM2 mode 731 / 866 in 4609.660s
	Calibrated DM2 mode 732 / 866 in 4612.536s
	Calibrated DM2 mode 733 / 866 in 4615.409s
	Calibrated DM2 mode 734 / 866 in 4618.285s
	Calibrated DM2 mode 735 / 866 in 4621.163s
	Calibrated DM2 mode 736 / 866 in 4624.042s
	Calibrated DM2 mode 737 / 866 in 4626.920s
	Calibrated DM2 mode 738 / 866 in 4629.797s
	Calibrated DM2 mode 739 / 866 in 4632.676s
	Calibrated DM2 mode 740 / 866 in 4635.555s
	Calibrated DM2 mode 741 / 866 in 4638.434s
	Calibrated DM2 mode 742 / 866 in 4641.314s
	Calibrated DM2 mode 743 / 866 in 4644.242s
	Calibrated DM2 mode 744 / 866 in 4647.119s
	Calibrated DM2 mode 745 / 866 in 4649.998s
	Calibrated DM2 mode 746 / 866 in 4652.871s
	Calibrated DM2 mode 747 / 866 in 4655.749s
	Calibrated DM2 mode 748 / 866 in 4658.622s
	Calibrated DM2 mode 749 / 866 in 4661.504s
	Calibrated DM2 mode 750 / 866 in 4664.384s
	Calibrated DM2 mode 751 / 866 in 4667.264s
	Calibrated DM2 mode 752 / 866 in 4670.145s
	Calibrated DM2 mode 753 / 866 in 4673.019s
	Calibrated DM2 mode 754 / 866 in 4675.951s
	Calibrated DM2 mode 755 / 866 in 4678.830s
	Calibrated DM2 mode 756 / 866 in 4681.706s
	Calibrated DM2 mode 757 / 866 in 4684.586s
	Calibrated DM2 mode 758 / 866 in 4687.461s
	Calibrated DM2 mode 759 / 866 in 4690.339s
	Calibrated DM2 mode 760 / 866 in 4693.216s
	Calibrated DM2 mode 761 / 866 in 4696.097s
	Calibrated DM2 mode 762 / 866 in 4698.979s
	Calibrated DM2 mode 763 / 866 in 4701.857s
	Calibrated DM2 mode 764 / 866 in 4704.740s
	Calibrated DM2 mode 765 / 866 in 4707.616s
	Calibrated DM2 mode 766 / 866 in 4710.551s
	Calibrated DM2 mode 767 / 866 in 4713.427s
	Calibrated DM2 mode 768 / 866 in 4716.303s
	Calibrated DM2 mode 769 / 866 in 4719.179s
	Calibrated DM2 mode 770 / 866 in 4722.115s
	Calibrated DM2 mode 771 / 866 in 4724.993s
	Calibrated DM2 mode 772 / 866 in 4727.871s
	Calibrated DM2 mode 773 / 866 in 4730.751s
	Calibrated DM2 mode 774 / 866 in 4733.627s
	Calibrated DM2 mode 775 / 866 in 4736.506s
	Calibrated DM2 mode 776 / 866 in 4739.382s
	Calibrated DM2 mode 777 / 866 in 4742.262s
	Calibrated DM2 mode 778 / 866 in 4745.200s
	Calibrated DM2 mode 779 / 866 in 4748.082s
	Calibrated DM2 mode 780 / 866 in 4750.957s
	Calibrated DM2 mode 781 / 866 in 4753.856s
	Calibrated DM2 mode 782 / 866 in 4756.733s
	Calibrated DM2 mode 783 / 866 in 4759.614s
	Calibrated DM2 mode 784 / 866 in 4762.491s
	Calibrated DM2 mode 785 / 866 in 4765.365s
	Calibrated DM2 mode 786 / 866 in 4768.237s
	Calibrated DM2 mode 787 / 866 in 4771.112s
	Calibrated DM2 mode 788 / 866 in 4773.984s
	Calibrated DM2 mode 789 / 866 in 4776.919s
	Calibrated DM2 mode 790 / 866 in 4779.794s
	Calibrated DM2 mode 791 / 866 in 4782.658s
	Calibrated DM2 mode 792 / 866 in 4785.524s
	Calibrated DM2 mode 793 / 866 in 4788.390s
	Calibrated DM2 mode 794 / 866 in 4791.257s
	Calibrated DM2 mode 795 / 866 in 4794.127s
	Calibrated DM2 mode 796 / 866 in 4796.993s
	Calibrated DM2 mode 797 / 866 in 4799.861s
	Calibrated DM2 mode 798 / 866 in 4802.731s
	Calibrated DM2 mode 799 / 866 in 4805.606s
	Calibrated DM2 mode 800 / 866 in 4808.479s
	Calibrated DM2 mode 801 / 866 in 4811.411s
	Calibrated DM2 mode 802 / 866 in 4814.285s
	Calibrated DM2 mode 803 / 866 in 4817.151s
	Calibrated DM2 mode 804 / 866 in 4820.017s
	Calibrated DM2 mode 805 / 866 in 4822.880s
	Calibrated DM2 mode 806 / 866 in 4825.745s
	Calibrated DM2 mode 807 / 866 in 4828.609s
	Calibrated DM2 mode 808 / 866 in 4831.474s
	Calibrated DM2 mode 809 / 866 in 4834.341s
	Calibrated DM2 mode 810 / 866 in 4837.204s
	Calibrated DM2 mode 811 / 866 in 4840.070s
	Calibrated DM2 mode 812 / 866 in 4842.938s
	Calibrated DM2 mode 813 / 866 in 4845.869s
	Calibrated DM2 mode 814 / 866 in 4848.745s
	Calibrated DM2 mode 815 / 866 in 4851.623s
	Calibrated DM2 mode 816 / 866 in 4854.504s
	Calibrated DM2 mode 817 / 866 in 4857.375s
	Calibrated DM2 mode 818 / 866 in 4860.252s
	Calibrated DM2 mode 819 / 866 in 4863.128s
	Calibrated DM2 mode 820 / 866 in 4866.005s
	Calibrated DM2 mode 821 / 866 in 4868.888s
	Calibrated DM2 mode 822 / 866 in 4871.765s
	Calibrated DM2 mode 823 / 866 in 4874.646s
	Calibrated DM2 mode 824 / 866 in 4877.582s
	Calibrated DM2 mode 825 / 866 in 4880.468s
	Calibrated DM2 mode 826 / 866 in 4883.350s
	Calibrated DM2 mode 827 / 866 in 4886.229s
	Calibrated DM2 mode 828 / 866 in 4889.108s
	Calibrated DM2 mode 829 / 866 in 4891.986s
	Calibrated DM2 mode 830 / 866 in 4894.855s
	Calibrated DM2 mode 831 / 866 in 4897.720s
	Calibrated DM2 mode 832 / 866 in 4900.589s
	Calibrated DM2 mode 833 / 866 in 4903.458s
	Calibrated DM2 mode 834 / 866 in 4906.333s
	Calibrated DM2 mode 835 / 866 in 4909.200s
	Calibrated DM2 mode 836 / 866 in 4912.129s
	Calibrated DM2 mode 837 / 866 in 4914.995s
	Calibrated DM2 mode 838 / 866 in 4917.861s
	Calibrated DM2 mode 839 / 866 in 4920.736s
	Calibrated DM2 mode 840 / 866 in 4923.600s
	Calibrated DM2 mode 841 / 866 in 4926.466s
	Calibrated DM2 mode 842 / 866 in 4929.333s
	Calibrated DM2 mode 843 / 866 in 4932.201s
	Calibrated DM2 mode 844 / 866 in 4935.072s
	Calibrated DM2 mode 845 / 866 in 4937.952s
	Calibrated DM2 mode 846 / 866 in 4940.831s
	Calibrated DM2 mode 847 / 866 in 4943.769s
	Calibrated DM2 mode 848 / 866 in 4946.645s
	Calibrated DM2 mode 849 / 866 in 4949.519s
	Calibrated DM2 mode 850 / 866 in 4952.385s
	Calibrated DM2 mode 851 / 866 in 4955.252s
	Calibrated DM2 mode 852 / 866 in 4958.118s
	Calibrated DM2 mode 853 / 866 in 4960.984s
	Calibrated DM2 mode 854 / 866 in 4963.856s
	Calibrated DM2 mode 855 / 866 in 4966.734s
	Calibrated DM2 mode 856 / 866 in 4969.623s
	Calibrated DM2 mode 857 / 866 in 4972.502s
	Calibrated DM2 mode 858 / 866 in 4975.380s
	Calibrated DM2 mode 859 / 866 in 4978.315s
	Calibrated DM2 mode 860 / 866 in 4981.189s
	Calibrated DM2 mode 861 / 866 in 4984.066s
	Calibrated DM2 mode 862 / 866 in 4986.944s
	Calibrated DM2 mode 863 / 866 in 4989.822s
	Calibrated DM2 mode 864 / 866 in 4992.711s
	Calibrated DM2 mode 865 / 866 in 4995.587s
	Calibrated DM2 mode 866 / 866 in 4998.465s
Calibration complete.
Saved data to:  /groups/douglase/kians-data-files/roman-cgi-iefc-data/response-data/spc-wide_2dm_annular_cos_sin.pkl
Saved data to:  /groups/douglase/kians-data-files/roman-cgi-iefc-data/calibration-data/spc-wide_2dm_annular_cos_sin.pkl
Detailed performance metrics for this job will be available at https://metrics.hpc.arizona.edu/#job_viewer?action=show&realm=SUPREMM&resource_id=73&local_job_id=6451260 by 8am on 2023/02/04.
