INFO:numexpr.utils:Note: detected 96 virtual cores but NumExpr set to maximum of 64, check "NUMEXPR_MAX_THREADS" environment variable.
INFO:numexpr.utils:Note: NumExpr detected 96 cores but "NUMEXPR_MAX_THREADS" not set, so enforcing safe limit of 8.
Figure(1250x500)
Figure(1250x500)
Creating Fourier modes:  (64, 64)
Calibration modes required: 272
Calibrating I-EFC...
	Calibrated mode 1 / 272 in 10.555s
	Calibrated mode 2 / 272 in 15.505s
	Calibrated mode 3 / 272 in 20.385s
	Calibrated mode 4 / 272 in 25.434s
	Calibrated mode 5 / 272 in 30.358s
	Calibrated mode 6 / 272 in 35.294s
	Calibrated mode 7 / 272 in 40.284s
	Calibrated mode 8 / 272 in 45.279s
	Calibrated mode 9 / 272 in 50.203s
	Calibrated mode 10 / 272 in 55.129s
	Calibrated mode 11 / 272 in 60.290s
	Calibrated mode 12 / 272 in 65.327s
	Calibrated mode 13 / 272 in 70.268s
	Calibrated mode 14 / 272 in 75.229s
	Calibrated mode 15 / 272 in 80.159s
	Calibrated mode 16 / 272 in 85.099s
	Calibrated mode 17 / 272 in 90.050s
	Calibrated mode 18 / 272 in 95.085s
	Calibrated mode 19 / 272 in 100.028s
	Calibrated mode 20 / 272 in 104.972s
	Calibrated mode 21 / 272 in 109.917s
	Calibrated mode 22 / 272 in 114.860s
	Calibrated mode 23 / 272 in 119.885s
	Calibrated mode 24 / 272 in 124.823s
	Calibrated mode 25 / 272 in 129.757s
	Calibrated mode 26 / 272 in 134.703s
	Calibrated mode 27 / 272 in 139.701s
	Calibrated mode 28 / 272 in 144.635s
	Calibrated mode 29 / 272 in 149.594s
	Calibrated mode 30 / 272 in 154.541s
	Calibrated mode 31 / 272 in 159.495s
	Calibrated mode 32 / 272 in 164.497s
	Calibrated mode 33 / 272 in 169.868s
	Calibrated mode 34 / 272 in 174.806s
	Calibrated mode 35 / 272 in 179.764s
	Calibrated mode 36 / 272 in 184.766s
	Calibrated mode 37 / 272 in 189.709s
	Calibrated mode 38 / 272 in 194.671s
	Calibrated mode 39 / 272 in 199.608s
	Calibrated mode 40 / 272 in 204.554s
	Calibrated mode 41 / 272 in 209.493s
	Calibrated mode 42 / 272 in 214.443s
	Calibrated mode 43 / 272 in 219.446s
	Calibrated mode 44 / 272 in 224.385s
	Calibrated mode 45 / 272 in 229.341s
	Calibrated mode 46 / 272 in 234.297s
	Calibrated mode 47 / 272 in 239.252s
	Calibrated mode 48 / 272 in 244.268s
	Calibrated mode 49 / 272 in 249.231s
	Calibrated mode 50 / 272 in 254.203s
	Calibrated mode 51 / 272 in 259.151s
	Calibrated mode 52 / 272 in 264.156s
	Calibrated mode 53 / 272 in 269.101s
	Calibrated mode 54 / 272 in 274.183s
	Calibrated mode 55 / 272 in 279.135s
	Calibrated mode 56 / 272 in 284.079s
	Calibrated mode 57 / 272 in 289.083s
	Calibrated mode 58 / 272 in 294.018s
	Calibrated mode 59 / 272 in 299.000s
	Calibrated mode 60 / 272 in 304.117s
	Calibrated mode 61 / 272 in 309.131s
	Calibrated mode 62 / 272 in 314.078s
	Calibrated mode 63 / 272 in 319.084s
	Calibrated mode 64 / 272 in 324.020s
	Calibrated mode 65 / 272 in 328.971s
	Calibrated mode 66 / 272 in 333.927s
	Calibrated mode 67 / 272 in 338.880s
	Calibrated mode 68 / 272 in 343.904s
	Calibrated mode 69 / 272 in 348.866s
	Calibrated mode 70 / 272 in 353.926s
	Calibrated mode 71 / 272 in 358.985s
	Calibrated mode 72 / 272 in 363.935s
	Calibrated mode 73 / 272 in 368.955s
	Calibrated mode 74 / 272 in 373.910s
	Calibrated mode 75 / 272 in 378.899s
	Calibrated mode 76 / 272 in 384.004s
	Calibrated mode 77 / 272 in 388.960s
	Calibrated mode 78 / 272 in 393.910s
	Calibrated mode 79 / 272 in 398.838s
	Calibrated mode 80 / 272 in 403.790s
	Calibrated mode 81 / 272 in 408.934s
	Calibrated mode 82 / 272 in 413.883s
	Calibrated mode 83 / 272 in 418.820s
	Calibrated mode 84 / 272 in 423.842s
	Calibrated mode 85 / 272 in 428.799s
	Calibrated mode 86 / 272 in 433.813s
	Calibrated mode 87 / 272 in 438.749s
	Calibrated mode 88 / 272 in 443.685s
	Calibrated mode 89 / 272 in 448.652s
	Calibrated mode 90 / 272 in 453.598s
	Calibrated mode 91 / 272 in 458.543s
	Calibrated mode 92 / 272 in 463.507s
	Calibrated mode 93 / 272 in 468.503s
	Calibrated mode 94 / 272 in 473.435s
	Calibrated mode 95 / 272 in 478.383s
	Calibrated mode 96 / 272 in 483.323s
	Calibrated mode 97 / 272 in 488.282s
	Calibrated mode 98 / 272 in 493.297s
	Calibrated mode 99 / 272 in 498.272s
	Calibrated mode 100 / 272 in 503.223s
	Calibrated mode 101 / 272 in 508.245s
	Calibrated mode 102 / 272 in 513.198s
	Calibrated mode 103 / 272 in 518.155s
	Calibrated mode 104 / 272 in 523.113s
	Calibrated mode 105 / 272 in 528.075s
	Calibrated mode 106 / 272 in 533.084s
	Calibrated mode 107 / 272 in 538.038s
	Calibrated mode 108 / 272 in 543.002s
	Calibrated mode 109 / 272 in 547.956s
	Calibrated mode 110 / 272 in 552.914s
	Calibrated mode 111 / 272 in 557.919s
	Calibrated mode 112 / 272 in 562.964s
	Calibrated mode 113 / 272 in 567.916s
	Calibrated mode 114 / 272 in 572.881s
	Calibrated mode 115 / 272 in 577.852s
	Calibrated mode 116 / 272 in 582.807s
	Calibrated mode 117 / 272 in 587.825s
	Calibrated mode 118 / 272 in 592.785s
	Calibrated mode 119 / 272 in 597.751s
	Calibrated mode 120 / 272 in 602.712s
	Calibrated mode 121 / 272 in 607.666s
	Calibrated mode 122 / 272 in 612.624s
	Calibrated mode 123 / 272 in 617.663s
	Calibrated mode 124 / 272 in 622.613s
	Calibrated mode 125 / 272 in 627.570s
	Calibrated mode 126 / 272 in 632.583s
	Calibrated mode 127 / 272 in 637.533s
	Calibrated mode 128 / 272 in 642.488s
	Calibrated mode 129 / 272 in 647.484s
	Calibrated mode 130 / 272 in 652.528s
	Calibrated mode 131 / 272 in 657.564s
	Calibrated mode 132 / 272 in 662.518s
	Calibrated mode 133 / 272 in 667.464s
	Calibrated mode 134 / 272 in 672.414s
	Calibrated mode 135 / 272 in 677.382s
	Calibrated mode 136 / 272 in 682.389s
	Calibrated mode 137 / 272 in 687.344s
	Calibrated mode 138 / 272 in 692.300s
	Calibrated mode 139 / 272 in 697.244s
	Calibrated mode 140 / 272 in 702.198s
	Calibrated mode 141 / 272 in 707.149s
	Calibrated mode 142 / 272 in 712.160s
	Calibrated mode 143 / 272 in 717.178s
	Calibrated mode 144 / 272 in 722.134s
	Calibrated mode 145 / 272 in 727.090s
	Calibrated mode 146 / 272 in 732.043s
	Calibrated mode 147 / 272 in 736.998s
	Calibrated mode 148 / 272 in 742.032s
	Calibrated mode 149 / 272 in 746.981s
	Calibrated mode 150 / 272 in 751.942s
	Calibrated mode 151 / 272 in 756.964s
	Calibrated mode 152 / 272 in 761.918s
	Calibrated mode 153 / 272 in 766.867s
	Calibrated mode 154 / 272 in 771.888s
	Calibrated mode 155 / 272 in 776.843s
	Calibrated mode 156 / 272 in 781.862s
	Calibrated mode 157 / 272 in 786.829s
	Calibrated mode 158 / 272 in 791.803s
	Calibrated mode 159 / 272 in 796.790s
	Calibrated mode 160 / 272 in 801.743s
	Calibrated mode 161 / 272 in 806.750s
	Calibrated mode 162 / 272 in 811.716s
	Calibrated mode 163 / 272 in 816.670s
	Calibrated mode 164 / 272 in 821.627s
	Calibrated mode 165 / 272 in 826.613s
	Calibrated mode 166 / 272 in 831.575s
	Calibrated mode 167 / 272 in 836.592s
	Calibrated mode 168 / 272 in 841.543s
	Calibrated mode 169 / 272 in 846.633s
	Calibrated mode 170 / 272 in 851.589s
	Calibrated mode 171 / 272 in 856.586s
	Calibrated mode 172 / 272 in 861.574s
	Calibrated mode 173 / 272 in 866.588s
	Calibrated mode 174 / 272 in 871.541s
	Calibrated mode 175 / 272 in 876.493s
	Calibrated mode 176 / 272 in 881.551s
	Calibrated mode 177 / 272 in 886.504s
	Calibrated mode 178 / 272 in 891.484s
	Calibrated mode 179 / 272 in 896.447s
	Calibrated mode 180 / 272 in 901.412s
	Calibrated mode 181 / 272 in 906.429s
	Calibrated mode 182 / 272 in 911.410s
	Calibrated mode 183 / 272 in 916.401s
	Calibrated mode 184 / 272 in 921.347s
	Calibrated mode 185 / 272 in 926.390s
	Calibrated mode 186 / 272 in 931.395s
	Calibrated mode 187 / 272 in 936.355s
	Calibrated mode 188 / 272 in 941.307s
	Calibrated mode 189 / 272 in 946.298s
	Calibrated mode 190 / 272 in 951.254s
	Calibrated mode 191 / 272 in 956.200s
	Calibrated mode 192 / 272 in 961.271s
	Calibrated mode 193 / 272 in 966.224s
	Calibrated mode 194 / 272 in 971.203s
	Calibrated mode 195 / 272 in 976.299s
	Calibrated mode 196 / 272 in 985.387s
	Calibrated mode 197 / 272 in 990.401s
	Calibrated mode 198 / 272 in 995.365s
	Calibrated mode 199 / 272 in 1000.308s
	Calibrated mode 200 / 272 in 1005.260s
	Calibrated mode 201 / 272 in 1010.314s
	Calibrated mode 202 / 272 in 1015.262s
	Calibrated mode 203 / 272 in 1020.210s
	Calibrated mode 204 / 272 in 1025.415s
	Calibrated mode 205 / 272 in 1030.390s
	Calibrated mode 206 / 272 in 1035.558s
	Calibrated mode 207 / 272 in 1040.520s
	Calibrated mode 208 / 272 in 1045.633s
	Calibrated mode 209 / 272 in 1050.593s
	Calibrated mode 210 / 272 in 1055.618s
	Calibrated mode 211 / 272 in 1060.634s
	Calibrated mode 212 / 272 in 1065.583s
	Calibrated mode 213 / 272 in 1070.547s
	Calibrated mode 214 / 272 in 1075.649s
	Calibrated mode 215 / 272 in 1080.676s
	Calibrated mode 216 / 272 in 1085.630s
	Calibrated mode 217 / 272 in 1090.653s
	Calibrated mode 218 / 272 in 1095.667s
	Calibrated mode 219 / 272 in 1100.611s
	Calibrated mode 220 / 272 in 1105.553s
	Calibrated mode 221 / 272 in 1110.514s
	Calibrated mode 222 / 272 in 1115.519s
	Calibrated mode 223 / 272 in 1120.465s
	Calibrated mode 224 / 272 in 1125.499s
	Calibrated mode 225 / 272 in 1130.450s
	Calibrated mode 226 / 272 in 1135.456s
	Calibrated mode 227 / 272 in 1140.399s
	Calibrated mode 228 / 272 in 1145.348s
	Calibrated mode 229 / 272 in 1150.412s
	Calibrated mode 230 / 272 in 1155.370s
	Calibrated mode 231 / 272 in 1160.382s
	Calibrated mode 232 / 272 in 1165.374s
	Calibrated mode 233 / 272 in 1170.311s
	Calibrated mode 234 / 272 in 1175.255s
	Calibrated mode 235 / 272 in 1180.201s
	Calibrated mode 236 / 272 in 1185.217s
	Calibrated mode 237 / 272 in 1190.163s
	Calibrated mode 238 / 272 in 1195.116s
	Calibrated mode 239 / 272 in 1200.087s
	Calibrated mode 240 / 272 in 1205.053s
	Calibrated mode 241 / 272 in 1210.129s
	Calibrated mode 242 / 272 in 1215.298s
	Calibrated mode 243 / 272 in 1220.252s
	Calibrated mode 244 / 272 in 1225.199s
	Calibrated mode 245 / 272 in 1230.306s
	Calibrated mode 246 / 272 in 1235.258s
	Calibrated mode 247 / 272 in 1240.263s
	Calibrated mode 248 / 272 in 1245.225s
	Calibrated mode 249 / 272 in 1250.328s
	Calibrated mode 250 / 272 in 1255.298s
	Calibrated mode 251 / 272 in 1260.524s
	Calibrated mode 252 / 272 in 1265.554s
	Calibrated mode 253 / 272 in 1270.547s
	Calibrated mode 254 / 272 in 1275.501s
	Calibrated mode 255 / 272 in 1280.447s
	Calibrated mode 256 / 272 in 1285.450s
	Calibrated mode 257 / 272 in 1290.409s
	Calibrated mode 258 / 272 in 1295.376s
	Calibrated mode 259 / 272 in 1300.371s
	Calibrated mode 260 / 272 in 1305.505s
	Calibrated mode 261 / 272 in 1310.510s
	Calibrated mode 262 / 272 in 1315.458s
	Calibrated mode 263 / 272 in 1321.465s
	Calibrated mode 264 / 272 in 1326.429s
	Calibrated mode 265 / 272 in 1331.383s
	Calibrated mode 266 / 272 in 1336.390s
	Calibrated mode 267 / 272 in 1341.395s
	Calibrated mode 268 / 272 in 1346.387s
	Calibrated mode 269 / 272 in 1351.339s
	Calibrated mode 270 / 272 in 1356.266s
	Calibrated mode 271 / 272 in 1361.205s
	Calibrated mode 272 / 272 in 1366.196s
Calibration complete.
Using Weighted Least Squares 
Running I-EFC...
	Closed-loop iteration 1 / 2
	Closed-loop iteration 2 / 2
I-EFC loop completed in 3.080s.
Traceback (most recent call last):
  File "/home/u21/kianmilani/Documents/roman-cgi-iefc/run_hlc_iefc_annular.py", line 130, in <module>
    response_cubes.append(reponse_cube)
NameError: name 'reponse_cube' is not defined
Detailed performance metrics for this job will be available at https://metrics.hpc.arizona.edu/#job_viewer?action=show&realm=SUPREMM&resource_id=73&local_job_id=4268837 by 8am on 2022/09/03.
