INFO:numexpr.utils:Note: detected 96 virtual cores but NumExpr set to maximum of 64, check "NUMEXPR_MAX_THREADS" environment variable.
INFO:numexpr.utils:Note: NumExpr detected 96 cores but "NUMEXPR_MAX_THREADS" not set, so enforcing safe limit of 8.
Figure(1250x500)
Figure(1250x500)
(1732, 2304)
Figure(1250x500)
Calibrating I-EFC...
	Calibrated mode 1 / 1732 in 4.070s
	Calibrated mode 2 / 1732 in 7.013s
	Calibrated mode 3 / 1732 in 9.882s
	Calibrated mode 4 / 1732 in 12.754s
	Calibrated mode 5 / 1732 in 15.629s
	Calibrated mode 6 / 1732 in 18.507s
	Calibrated mode 7 / 1732 in 21.515s
	Calibrated mode 8 / 1732 in 24.392s
	Calibrated mode 9 / 1732 in 27.270s
	Calibrated mode 10 / 1732 in 30.144s
	Calibrated mode 11 / 1732 in 33.022s
	Calibrated mode 12 / 1732 in 35.909s
	Calibrated mode 13 / 1732 in 38.801s
	Calibrated mode 14 / 1732 in 41.756s
	Calibrated mode 15 / 1732 in 44.647s
	Calibrated mode 16 / 1732 in 47.539s
	Calibrated mode 17 / 1732 in 50.428s
	Calibrated mode 18 / 1732 in 53.321s
	Calibrated mode 19 / 1732 in 56.216s
	Calibrated mode 20 / 1732 in 59.112s
	Calibrated mode 21 / 1732 in 62.011s
	Calibrated mode 22 / 1732 in 64.911s
	Calibrated mode 23 / 1732 in 67.812s
	Calibrated mode 24 / 1732 in 70.712s
	Calibrated mode 25 / 1732 in 73.658s
	Calibrated mode 26 / 1732 in 76.550s
	Calibrated mode 27 / 1732 in 79.438s
	Calibrated mode 28 / 1732 in 82.341s
	Calibrated mode 29 / 1732 in 85.249s
	Calibrated mode 30 / 1732 in 88.157s
	Calibrated mode 31 / 1732 in 91.067s
	Calibrated mode 32 / 1732 in 93.976s
	Calibrated mode 33 / 1732 in 96.895s
	Calibrated mode 34 / 1732 in 99.802s
	Calibrated mode 35 / 1732 in 102.706s
	Calibrated mode 36 / 1732 in 105.614s
	Calibrated mode 37 / 1732 in 108.587s
	Calibrated mode 38 / 1732 in 111.488s
	Calibrated mode 39 / 1732 in 114.387s
	Calibrated mode 40 / 1732 in 117.288s
	Calibrated mode 41 / 1732 in 120.191s
	Calibrated mode 42 / 1732 in 123.095s
	Calibrated mode 43 / 1732 in 125.999s
	Calibrated mode 44 / 1732 in 128.915s
	Calibrated mode 45 / 1732 in 131.824s
	Calibrated mode 46 / 1732 in 134.731s
	Calibrated mode 47 / 1732 in 137.642s
	Calibrated mode 48 / 1732 in 140.546s
	Calibrated mode 49 / 1732 in 143.514s
	Calibrated mode 50 / 1732 in 146.416s
	Calibrated mode 51 / 1732 in 149.318s
	Calibrated mode 52 / 1732 in 152.213s
	Calibrated mode 53 / 1732 in 155.110s
	Calibrated mode 54 / 1732 in 158.009s
	Calibrated mode 55 / 1732 in 160.905s
	Calibrated mode 56 / 1732 in 163.800s
	Calibrated mode 57 / 1732 in 166.696s
	Calibrated mode 58 / 1732 in 169.600s
	Calibrated mode 59 / 1732 in 172.496s
	Calibrated mode 60 / 1732 in 175.455s
	Calibrated mode 61 / 1732 in 178.350s
	Calibrated mode 62 / 1732 in 181.243s
	Calibrated mode 63 / 1732 in 184.137s
	Calibrated mode 64 / 1732 in 187.032s
	Calibrated mode 65 / 1732 in 189.923s
	Calibrated mode 66 / 1732 in 192.815s
	Calibrated mode 67 / 1732 in 195.712s
	Calibrated mode 68 / 1732 in 198.604s
	Calibrated mode 69 / 1732 in 201.497s
	Calibrated mode 70 / 1732 in 204.397s
	Calibrated mode 71 / 1732 in 207.293s
	Calibrated mode 72 / 1732 in 210.249s
	Calibrated mode 73 / 1732 in 213.146s
	Calibrated mode 74 / 1732 in 216.041s
	Calibrated mode 75 / 1732 in 218.939s
	Calibrated mode 76 / 1732 in 221.832s
	Calibrated mode 77 / 1732 in 224.728s
	Calibrated mode 78 / 1732 in 227.624s
	Calibrated mode 79 / 1732 in 230.525s
	Calibrated mode 80 / 1732 in 233.425s
	Calibrated mode 81 / 1732 in 236.327s
	Calibrated mode 82 / 1732 in 239.231s
	Calibrated mode 83 / 1732 in 242.136s
	Calibrated mode 84 / 1732 in 245.099s
	Calibrated mode 85 / 1732 in 247.998s
	Calibrated mode 86 / 1732 in 250.898s
	Calibrated mode 87 / 1732 in 253.808s
	Calibrated mode 88 / 1732 in 256.719s
	Calibrated mode 89 / 1732 in 259.617s
	Calibrated mode 90 / 1732 in 262.521s
	Calibrated mode 91 / 1732 in 265.419s
	Calibrated mode 92 / 1732 in 268.321s
	Calibrated mode 93 / 1732 in 271.225s
	Calibrated mode 94 / 1732 in 274.127s
	Calibrated mode 95 / 1732 in 277.031s
	Calibrated mode 96 / 1732 in 279.987s
	Calibrated mode 97 / 1732 in 282.889s
	Calibrated mode 98 / 1732 in 285.802s
	Calibrated mode 99 / 1732 in 288.711s
	Calibrated mode 100 / 1732 in 291.622s
	Calibrated mode 101 / 1732 in 294.530s
	Calibrated mode 102 / 1732 in 297.444s
	Calibrated mode 103 / 1732 in 300.354s
	Calibrated mode 104 / 1732 in 303.262s
	Calibrated mode 105 / 1732 in 306.172s
	Calibrated mode 106 / 1732 in 309.090s
	Calibrated mode 107 / 1732 in 312.014s
	Calibrated mode 108 / 1732 in 314.979s
	Calibrated mode 109 / 1732 in 317.891s
	Calibrated mode 110 / 1732 in 320.797s
	Calibrated mode 111 / 1732 in 323.706s
	Calibrated mode 112 / 1732 in 326.612s
	Calibrated mode 113 / 1732 in 329.518s
	Calibrated mode 114 / 1732 in 332.409s
	Calibrated mode 115 / 1732 in 335.290s
	Calibrated mode 116 / 1732 in 338.171s
	Calibrated mode 117 / 1732 in 341.055s
	Calibrated mode 118 / 1732 in 343.939s
	Calibrated mode 119 / 1732 in 346.847s
	Calibrated mode 120 / 1732 in 349.811s
	Calibrated mode 121 / 1732 in 352.706s
	Calibrated mode 122 / 1732 in 355.589s
	Calibrated mode 123 / 1732 in 358.474s
	Calibrated mode 124 / 1732 in 361.363s
	Calibrated mode 125 / 1732 in 364.244s
	Calibrated mode 126 / 1732 in 367.127s
	Calibrated mode 127 / 1732 in 370.023s
	Calibrated mode 128 / 1732 in 372.929s
	Calibrated mode 129 / 1732 in 375.835s
	Calibrated mode 130 / 1732 in 378.746s
	Calibrated mode 131 / 1732 in 381.705s
	Calibrated mode 132 / 1732 in 384.621s
	Calibrated mode 133 / 1732 in 387.527s
	Calibrated mode 134 / 1732 in 390.435s
	Calibrated mode 135 / 1732 in 393.340s
	Calibrated mode 136 / 1732 in 396.242s
	Calibrated mode 137 / 1732 in 399.152s
	Calibrated mode 138 / 1732 in 402.044s
	Calibrated mode 139 / 1732 in 405.063s
	Calibrated mode 140 / 1732 in 407.949s
	Calibrated mode 141 / 1732 in 410.839s
	Calibrated mode 142 / 1732 in 413.729s
	Calibrated mode 143 / 1732 in 416.692s
	Calibrated mode 144 / 1732 in 419.597s
	Calibrated mode 145 / 1732 in 422.493s
	Calibrated mode 146 / 1732 in 425.383s
	Calibrated mode 147 / 1732 in 428.280s
	Calibrated mode 148 / 1732 in 431.180s
	Calibrated mode 149 / 1732 in 434.065s
	Calibrated mode 150 / 1732 in 436.948s
	Calibrated mode 151 / 1732 in 439.837s
	Calibrated mode 152 / 1732 in 442.720s
	Calibrated mode 153 / 1732 in 445.614s
	Calibrated mode 154 / 1732 in 448.499s
	Calibrated mode 155 / 1732 in 451.441s
	Calibrated mode 156 / 1732 in 454.328s
	Calibrated mode 157 / 1732 in 457.211s
	Calibrated mode 158 / 1732 in 460.108s
	Calibrated mode 159 / 1732 in 463.012s
	Calibrated mode 160 / 1732 in 465.921s
	Calibrated mode 161 / 1732 in 468.822s
	Calibrated mode 162 / 1732 in 471.722s
	Calibrated mode 163 / 1732 in 474.627s
	Calibrated mode 164 / 1732 in 477.526s
	Calibrated mode 165 / 1732 in 480.432s
	Calibrated mode 166 / 1732 in 483.336s
	Calibrated mode 167 / 1732 in 486.295s
	Calibrated mode 168 / 1732 in 489.200s
	Calibrated mode 169 / 1732 in 492.105s
	Calibrated mode 170 / 1732 in 495.008s
	Calibrated mode 171 / 1732 in 497.913s
	Calibrated mode 172 / 1732 in 500.817s
	Calibrated mode 173 / 1732 in 503.720s
	Calibrated mode 174 / 1732 in 506.618s
	Calibrated mode 175 / 1732 in 509.514s
	Calibrated mode 176 / 1732 in 512.417s
	Calibrated mode 177 / 1732 in 515.324s
	Calibrated mode 178 / 1732 in 518.222s
	Calibrated mode 179 / 1732 in 521.176s
	Calibrated mode 180 / 1732 in 524.072s
	Calibrated mode 181 / 1732 in 526.971s
	Calibrated mode 182 / 1732 in 529.870s
	Calibrated mode 183 / 1732 in 532.768s
	Calibrated mode 184 / 1732 in 535.663s
	Calibrated mode 185 / 1732 in 538.559s
	Calibrated mode 186 / 1732 in 541.457s
	Calibrated mode 187 / 1732 in 544.358s
	Calibrated mode 188 / 1732 in 547.254s
	Calibrated mode 189 / 1732 in 550.148s
	Calibrated mode 190 / 1732 in 553.043s
	Calibrated mode 191 / 1732 in 556.002s
	Calibrated mode 192 / 1732 in 558.897s
	Calibrated mode 193 / 1732 in 561.793s
	Calibrated mode 194 / 1732 in 564.695s
	Calibrated mode 195 / 1732 in 567.591s
	Calibrated mode 196 / 1732 in 570.488s
	Calibrated mode 197 / 1732 in 573.386s
	Calibrated mode 198 / 1732 in 576.286s
	Calibrated mode 199 / 1732 in 579.188s
	Calibrated mode 200 / 1732 in 582.092s
	Calibrated mode 201 / 1732 in 584.995s
	Calibrated mode 202 / 1732 in 587.900s
	Calibrated mode 203 / 1732 in 590.858s
	Calibrated mode 204 / 1732 in 593.766s
	Calibrated mode 205 / 1732 in 596.668s
	Calibrated mode 206 / 1732 in 599.582s
	Calibrated mode 207 / 1732 in 602.485s
	Calibrated mode 208 / 1732 in 605.386s
	Calibrated mode 209 / 1732 in 608.283s
	Calibrated mode 210 / 1732 in 611.181s
	Calibrated mode 211 / 1732 in 614.083s
	Calibrated mode 212 / 1732 in 616.980s
	Calibrated mode 213 / 1732 in 619.880s
	Calibrated mode 214 / 1732 in 622.780s
	Calibrated mode 215 / 1732 in 625.747s
	Calibrated mode 216 / 1732 in 628.665s
	Calibrated mode 217 / 1732 in 631.570s
	Calibrated mode 218 / 1732 in 634.475s
	Calibrated mode 219 / 1732 in 637.382s
	Calibrated mode 220 / 1732 in 640.289s
	Calibrated mode 221 / 1732 in 643.197s
	Calibrated mode 222 / 1732 in 646.107s
	Calibrated mode 223 / 1732 in 649.013s
	Calibrated mode 224 / 1732 in 651.924s
	Calibrated mode 225 / 1732 in 654.831s
	Calibrated mode 226 / 1732 in 657.741s
	Calibrated mode 227 / 1732 in 660.716s
	Calibrated mode 228 / 1732 in 663.627s
	Calibrated mode 229 / 1732 in 666.533s
	Calibrated mode 230 / 1732 in 669.441s
	Calibrated mode 231 / 1732 in 672.349s
	Calibrated mode 232 / 1732 in 675.257s
	Calibrated mode 233 / 1732 in 678.164s
	Calibrated mode 234 / 1732 in 681.071s
	Calibrated mode 235 / 1732 in 683.982s
	Calibrated mode 236 / 1732 in 686.885s
	Calibrated mode 237 / 1732 in 689.791s
	Calibrated mode 238 / 1732 in 692.696s
	Calibrated mode 239 / 1732 in 695.661s
	Calibrated mode 240 / 1732 in 698.568s
	Calibrated mode 241 / 1732 in 701.476s
	Calibrated mode 242 / 1732 in 704.383s
	Calibrated mode 243 / 1732 in 707.289s
	Calibrated mode 244 / 1732 in 710.203s
	Calibrated mode 245 / 1732 in 713.109s
	Calibrated mode 246 / 1732 in 716.019s
	Calibrated mode 247 / 1732 in 718.925s
	Calibrated mode 248 / 1732 in 721.830s
	Calibrated mode 249 / 1732 in 724.749s
	Calibrated mode 250 / 1732 in 727.659s
	Calibrated mode 251 / 1732 in 730.619s
	Calibrated mode 252 / 1732 in 733.525s
	Calibrated mode 253 / 1732 in 736.429s
	Calibrated mode 254 / 1732 in 739.333s
	Calibrated mode 255 / 1732 in 742.236s
	Calibrated mode 256 / 1732 in 745.148s
	Calibrated mode 257 / 1732 in 748.052s
	Calibrated mode 258 / 1732 in 750.953s
	Calibrated mode 259 / 1732 in 753.858s
	Calibrated mode 260 / 1732 in 756.766s
	Calibrated mode 261 / 1732 in 759.671s
	Calibrated mode 262 / 1732 in 762.578s
	Calibrated mode 263 / 1732 in 765.547s
	Calibrated mode 264 / 1732 in 768.453s
	Calibrated mode 265 / 1732 in 771.364s
	Calibrated mode 266 / 1732 in 774.267s
	Calibrated mode 267 / 1732 in 777.173s
	Calibrated mode 268 / 1732 in 780.080s
	Calibrated mode 269 / 1732 in 782.986s
	Calibrated mode 270 / 1732 in 785.892s
	Calibrated mode 271 / 1732 in 788.794s
	Calibrated mode 272 / 1732 in 791.699s
	Calibrated mode 273 / 1732 in 794.604s
	Calibrated mode 274 / 1732 in 797.562s
	Calibrated mode 275 / 1732 in 800.464s
	Calibrated mode 276 / 1732 in 803.365s
	Calibrated mode 277 / 1732 in 806.275s
	Calibrated mode 278 / 1732 in 809.175s
	Calibrated mode 279 / 1732 in 812.077s
	Calibrated mode 280 / 1732 in 814.980s
	Calibrated mode 281 / 1732 in 817.882s
	Calibrated mode 282 / 1732 in 820.786s
	Calibrated mode 283 / 1732 in 823.690s
	Calibrated mode 284 / 1732 in 826.617s
	Calibrated mode 285 / 1732 in 829.519s
	Calibrated mode 286 / 1732 in 832.482s
	Calibrated mode 287 / 1732 in 835.389s
	Calibrated mode 288 / 1732 in 838.288s
	Calibrated mode 289 / 1732 in 841.193s
	Calibrated mode 290 / 1732 in 844.099s
	Calibrated mode 291 / 1732 in 847.003s
	Calibrated mode 292 / 1732 in 849.917s
	Calibrated mode 293 / 1732 in 852.822s
	Calibrated mode 294 / 1732 in 855.724s
	Calibrated mode 295 / 1732 in 858.631s
	Calibrated mode 296 / 1732 in 861.534s
	Calibrated mode 297 / 1732 in 864.443s
	Calibrated mode 298 / 1732 in 867.408s
	Calibrated mode 299 / 1732 in 870.312s
	Calibrated mode 300 / 1732 in 873.212s
	Calibrated mode 301 / 1732 in 876.119s
	Calibrated mode 302 / 1732 in 879.023s
	Calibrated mode 303 / 1732 in 881.925s
	Calibrated mode 304 / 1732 in 884.829s
	Calibrated mode 305 / 1732 in 887.733s
	Calibrated mode 306 / 1732 in 890.641s
	Calibrated mode 307 / 1732 in 893.545s
	Calibrated mode 308 / 1732 in 896.456s
	Calibrated mode 309 / 1732 in 899.364s
	Calibrated mode 310 / 1732 in 902.320s
	Calibrated mode 311 / 1732 in 905.225s
	Calibrated mode 312 / 1732 in 908.128s
	Calibrated mode 313 / 1732 in 911.043s
	Calibrated mode 314 / 1732 in 913.950s
	Calibrated mode 315 / 1732 in 916.857s
	Calibrated mode 316 / 1732 in 919.763s
	Calibrated mode 317 / 1732 in 922.671s
	Calibrated mode 318 / 1732 in 925.582s
	Calibrated mode 319 / 1732 in 928.491s
	Calibrated mode 320 / 1732 in 931.395s
	Calibrated mode 321 / 1732 in 934.309s
	Calibrated mode 322 / 1732 in 937.275s
	Calibrated mode 323 / 1732 in 940.182s
	Calibrated mode 324 / 1732 in 943.087s
	Calibrated mode 325 / 1732 in 945.999s
	Calibrated mode 326 / 1732 in 948.905s
	Calibrated mode 327 / 1732 in 951.815s
	Calibrated mode 328 / 1732 in 954.716s
	Calibrated mode 329 / 1732 in 957.625s
	Calibrated mode 330 / 1732 in 960.534s
	Calibrated mode 331 / 1732 in 963.440s
	Calibrated mode 332 / 1732 in 966.354s
	Calibrated mode 333 / 1732 in 969.256s
	Calibrated mode 334 / 1732 in 972.223s
	Calibrated mode 335 / 1732 in 975.128s
	Calibrated mode 336 / 1732 in 978.030s
	Calibrated mode 337 / 1732 in 980.937s
	Calibrated mode 338 / 1732 in 983.844s
	Calibrated mode 339 / 1732 in 986.751s
	Calibrated mode 340 / 1732 in 989.662s
	Calibrated mode 341 / 1732 in 992.568s
	Calibrated mode 342 / 1732 in 995.473s
	Calibrated mode 343 / 1732 in 998.445s
	Calibrated mode 344 / 1732 in 1001.484s
	Calibrated mode 345 / 1732 in 1004.499s
	Calibrated mode 346 / 1732 in 1007.533s
	Calibrated mode 347 / 1732 in 1010.535s
	Calibrated mode 348 / 1732 in 1013.505s
	Calibrated mode 349 / 1732 in 1016.416s
	Calibrated mode 350 / 1732 in 1019.322s
	Calibrated mode 351 / 1732 in 1022.231s
	Calibrated mode 352 / 1732 in 1025.138s
	Calibrated mode 353 / 1732 in 1028.048s
	Calibrated mode 354 / 1732 in 1030.953s
	Calibrated mode 355 / 1732 in 1033.863s
	Calibrated mode 356 / 1732 in 1036.767s
	Calibrated mode 357 / 1732 in 1039.672s
	Calibrated mode 358 / 1732 in 1042.641s
	Calibrated mode 359 / 1732 in 1045.549s
	Calibrated mode 360 / 1732 in 1048.458s
	Calibrated mode 361 / 1732 in 1051.367s
	Calibrated mode 362 / 1732 in 1054.272s
	Calibrated mode 363 / 1732 in 1057.180s
	Calibrated mode 364 / 1732 in 1060.088s
	Calibrated mode 365 / 1732 in 1062.993s
	Calibrated mode 366 / 1732 in 1065.902s
	Calibrated mode 367 / 1732 in 1068.809s
	Calibrated mode 368 / 1732 in 1071.722s
	Calibrated mode 369 / 1732 in 1074.626s
	Calibrated mode 370 / 1732 in 1077.597s
	Calibrated mode 371 / 1732 in 1080.505s
	Calibrated mode 372 / 1732 in 1083.411s
	Calibrated mode 373 / 1732 in 1086.319s
	Calibrated mode 374 / 1732 in 1089.230s
	Calibrated mode 375 / 1732 in 1092.139s
	Calibrated mode 376 / 1732 in 1095.044s
	Calibrated mode 377 / 1732 in 1097.954s
	Calibrated mode 378 / 1732 in 1100.859s
	Calibrated mode 379 / 1732 in 1103.766s
	Calibrated mode 380 / 1732 in 1106.680s
	Calibrated mode 381 / 1732 in 1109.590s
	Calibrated mode 382 / 1732 in 1112.549s
	Calibrated mode 383 / 1732 in 1115.463s
	Calibrated mode 384 / 1732 in 1118.367s
	Calibrated mode 385 / 1732 in 1121.278s
	Calibrated mode 386 / 1732 in 1124.188s
	Calibrated mode 387 / 1732 in 1127.098s
	Calibrated mode 388 / 1732 in 1130.007s
	Calibrated mode 389 / 1732 in 1132.928s
	Calibrated mode 390 / 1732 in 1135.834s
	Calibrated mode 391 / 1732 in 1138.742s
	Calibrated mode 392 / 1732 in 1141.655s
	Calibrated mode 393 / 1732 in 1144.561s
	Calibrated mode 394 / 1732 in 1147.532s
	Calibrated mode 395 / 1732 in 1150.439s
	Calibrated mode 396 / 1732 in 1153.347s
	Calibrated mode 397 / 1732 in 1156.257s
	Calibrated mode 398 / 1732 in 1159.166s
	Calibrated mode 399 / 1732 in 1162.074s
	Calibrated mode 400 / 1732 in 1164.988s
	Calibrated mode 401 / 1732 in 1167.901s
	Calibrated mode 402 / 1732 in 1170.806s
	Calibrated mode 403 / 1732 in 1173.710s
	Calibrated mode 404 / 1732 in 1176.621s
	Calibrated mode 405 / 1732 in 1179.529s
	Calibrated mode 406 / 1732 in 1182.496s
	Calibrated mode 407 / 1732 in 1185.402s
	Calibrated mode 408 / 1732 in 1188.307s
	Calibrated mode 409 / 1732 in 1191.215s
	Calibrated mode 410 / 1732 in 1194.124s
	Calibrated mode 411 / 1732 in 1197.031s
	Calibrated mode 412 / 1732 in 1199.938s
	Calibrated mode 413 / 1732 in 1202.850s
	Calibrated mode 414 / 1732 in 1205.763s
	Calibrated mode 415 / 1732 in 1208.673s
	Calibrated mode 416 / 1732 in 1211.581s
	Calibrated mode 417 / 1732 in 1214.536s
	Calibrated mode 418 / 1732 in 1217.441s
	Calibrated mode 419 / 1732 in 1220.349s
	Calibrated mode 420 / 1732 in 1223.256s
	Calibrated mode 421 / 1732 in 1226.168s
	Calibrated mode 422 / 1732 in 1229.076s
	Calibrated mode 423 / 1732 in 1231.980s
	Calibrated mode 424 / 1732 in 1234.885s
	Calibrated mode 425 / 1732 in 1237.787s
	Calibrated mode 426 / 1732 in 1240.696s
	Calibrated mode 427 / 1732 in 1243.604s
	Calibrated mode 428 / 1732 in 1246.509s
	Calibrated mode 429 / 1732 in 1249.473s
	Calibrated mode 430 / 1732 in 1252.386s
	Calibrated mode 431 / 1732 in 1255.295s
	Calibrated mode 432 / 1732 in 1258.201s
	Calibrated mode 433 / 1732 in 1261.203s
	Calibrated mode 434 / 1732 in 1264.114s
	Calibrated mode 435 / 1732 in 1267.018s
	Calibrated mode 436 / 1732 in 1269.922s
	Calibrated mode 437 / 1732 in 1272.826s
	Calibrated mode 438 / 1732 in 1275.732s
	Calibrated mode 439 / 1732 in 1278.651s
	Calibrated mode 440 / 1732 in 1281.558s
	Calibrated mode 441 / 1732 in 1284.533s
	Calibrated mode 442 / 1732 in 1287.445s
	Calibrated mode 443 / 1732 in 1290.354s
	Calibrated mode 444 / 1732 in 1293.260s
	Calibrated mode 445 / 1732 in 1296.169s
	Calibrated mode 446 / 1732 in 1299.078s
	Calibrated mode 447 / 1732 in 1301.986s
	Calibrated mode 448 / 1732 in 1304.896s
	Calibrated mode 449 / 1732 in 1307.802s
	Calibrated mode 450 / 1732 in 1310.707s
	Calibrated mode 451 / 1732 in 1313.620s
	Calibrated mode 452 / 1732 in 1316.530s
	Calibrated mode 453 / 1732 in 1319.489s
	Calibrated mode 454 / 1732 in 1322.395s
	Calibrated mode 455 / 1732 in 1325.297s
	Calibrated mode 456 / 1732 in 1328.380s
	Calibrated mode 457 / 1732 in 1331.285s
	Calibrated mode 458 / 1732 in 1334.186s
	Calibrated mode 459 / 1732 in 1337.096s
	Calibrated mode 460 / 1732 in 1340.006s
	Calibrated mode 461 / 1732 in 1342.915s
	Calibrated mode 462 / 1732 in 1345.823s
	Calibrated mode 463 / 1732 in 1348.733s
	Calibrated mode 464 / 1732 in 1351.635s
	Calibrated mode 465 / 1732 in 1354.603s
	Calibrated mode 466 / 1732 in 1357.510s
	Calibrated mode 467 / 1732 in 1360.408s
	Calibrated mode 468 / 1732 in 1363.316s
	Calibrated mode 469 / 1732 in 1366.220s
	Calibrated mode 470 / 1732 in 1369.113s
	Calibrated mode 471 / 1732 in 1372.003s
	Calibrated mode 472 / 1732 in 1374.886s
	Calibrated mode 473 / 1732 in 1377.777s
	Calibrated mode 474 / 1732 in 1380.663s
	Calibrated mode 475 / 1732 in 1383.568s
	Calibrated mode 476 / 1732 in 1386.470s
	Calibrated mode 477 / 1732 in 1389.427s
	Calibrated mode 478 / 1732 in 1392.328s
	Calibrated mode 479 / 1732 in 1395.227s
	Calibrated mode 480 / 1732 in 1398.125s
	Calibrated mode 481 / 1732 in 1401.031s
	Calibrated mode 482 / 1732 in 1403.932s
	Calibrated mode 483 / 1732 in 1406.828s
	Calibrated mode 484 / 1732 in 1409.709s
	Calibrated mode 485 / 1732 in 1412.597s
	Calibrated mode 486 / 1732 in 1415.485s
	Calibrated mode 487 / 1732 in 1418.370s
	Calibrated mode 488 / 1732 in 1421.257s
	Calibrated mode 489 / 1732 in 1424.222s
	Calibrated mode 490 / 1732 in 1427.245s
	Calibrated mode 491 / 1732 in 1430.152s
	Calibrated mode 492 / 1732 in 1433.063s
	Calibrated mode 493 / 1732 in 1435.968s
	Calibrated mode 494 / 1732 in 1438.877s
	Calibrated mode 495 / 1732 in 1441.786s
	Calibrated mode 496 / 1732 in 1444.691s
	Calibrated mode 497 / 1732 in 1447.594s
	Calibrated mode 498 / 1732 in 1450.496s
	Calibrated mode 499 / 1732 in 1453.396s
	Calibrated mode 500 / 1732 in 1456.300s
	Calibrated mode 501 / 1732 in 1459.254s
	Calibrated mode 502 / 1732 in 1462.151s
	Calibrated mode 503 / 1732 in 1465.056s
	Calibrated mode 504 / 1732 in 1467.966s
	Calibrated mode 505 / 1732 in 1470.874s
	Calibrated mode 506 / 1732 in 1473.776s
	Calibrated mode 507 / 1732 in 1476.684s
	Calibrated mode 508 / 1732 in 1479.588s
	Calibrated mode 509 / 1732 in 1482.493s
	Calibrated mode 510 / 1732 in 1485.397s
	Calibrated mode 511 / 1732 in 1488.297s
	Calibrated mode 512 / 1732 in 1491.198s
	Calibrated mode 513 / 1732 in 1494.162s
	Calibrated mode 514 / 1732 in 1497.067s
	Calibrated mode 515 / 1732 in 1499.965s
	Calibrated mode 516 / 1732 in 1502.861s
	Calibrated mode 517 / 1732 in 1505.764s
	Calibrated mode 518 / 1732 in 1508.663s
	Calibrated mode 519 / 1732 in 1511.561s
	Calibrated mode 520 / 1732 in 1514.459s
	Calibrated mode 521 / 1732 in 1517.353s
	Calibrated mode 522 / 1732 in 1520.249s
	Calibrated mode 523 / 1732 in 1523.146s
	Calibrated mode 524 / 1732 in 1526.046s
	Calibrated mode 525 / 1732 in 1528.993s
	Calibrated mode 526 / 1732 in 1531.885s
	Calibrated mode 527 / 1732 in 1534.781s
	Calibrated mode 528 / 1732 in 1537.675s
	Calibrated mode 529 / 1732 in 1540.568s
	Calibrated mode 530 / 1732 in 1543.461s
	Calibrated mode 531 / 1732 in 1546.355s
	Calibrated mode 532 / 1732 in 1549.251s
	Calibrated mode 533 / 1732 in 1552.145s
	Calibrated mode 534 / 1732 in 1555.050s
	Calibrated mode 535 / 1732 in 1557.940s
	Calibrated mode 536 / 1732 in 1560.832s
	Calibrated mode 537 / 1732 in 1563.780s
	Calibrated mode 538 / 1732 in 1566.673s
	Calibrated mode 539 / 1732 in 1569.566s
	Calibrated mode 540 / 1732 in 1572.464s
	Calibrated mode 541 / 1732 in 1575.358s
	Calibrated mode 542 / 1732 in 1578.257s
	Calibrated mode 543 / 1732 in 1581.151s
	Calibrated mode 544 / 1732 in 1584.047s
	Calibrated mode 545 / 1732 in 1586.949s
	Calibrated mode 546 / 1732 in 1589.845s
	Calibrated mode 547 / 1732 in 1592.742s
	Calibrated mode 548 / 1732 in 1595.644s
	Calibrated mode 549 / 1732 in 1598.614s
	Calibrated mode 550 / 1732 in 1601.521s
	Calibrated mode 551 / 1732 in 1604.428s
	Calibrated mode 552 / 1732 in 1607.333s
	Calibrated mode 553 / 1732 in 1610.227s
	Calibrated mode 554 / 1732 in 1613.116s
	Calibrated mode 555 / 1732 in 1616.007s
	Calibrated mode 556 / 1732 in 1618.892s
	Calibrated mode 557 / 1732 in 1621.774s
	Calibrated mode 558 / 1732 in 1624.660s
	Calibrated mode 559 / 1732 in 1627.545s
	Calibrated mode 560 / 1732 in 1630.478s
	Calibrated mode 561 / 1732 in 1633.359s
	Calibrated mode 562 / 1732 in 1636.256s
	Calibrated mode 563 / 1732 in 1639.160s
	Calibrated mode 564 / 1732 in 1642.059s
	Calibrated mode 565 / 1732 in 1644.946s
	Calibrated mode 566 / 1732 in 1647.830s
	Calibrated mode 567 / 1732 in 1650.712s
	Calibrated mode 568 / 1732 in 1653.596s
	Calibrated mode 569 / 1732 in 1656.482s
	Calibrated mode 570 / 1732 in 1659.369s
	Calibrated mode 571 / 1732 in 1662.248s
	Calibrated mode 572 / 1732 in 1665.191s
	Calibrated mode 573 / 1732 in 1668.076s
	Calibrated mode 574 / 1732 in 1670.955s
	Calibrated mode 575 / 1732 in 1673.837s
	Calibrated mode 576 / 1732 in 1676.731s
	Calibrated mode 577 / 1732 in 1679.610s
	Calibrated mode 578 / 1732 in 1682.492s
	Calibrated mode 579 / 1732 in 1685.377s
	Calibrated mode 580 / 1732 in 1688.259s
	Calibrated mode 581 / 1732 in 1691.150s
	Calibrated mode 582 / 1732 in 1694.082s
	Calibrated mode 583 / 1732 in 1696.987s
	Calibrated mode 584 / 1732 in 1699.954s
	Calibrated mode 585 / 1732 in 1702.857s
	Calibrated mode 586 / 1732 in 1705.769s
	Calibrated mode 587 / 1732 in 1708.664s
	Calibrated mode 588 / 1732 in 1711.546s
	Calibrated mode 589 / 1732 in 1714.438s
	Calibrated mode 590 / 1732 in 1717.332s
	Calibrated mode 591 / 1732 in 1720.221s
	Calibrated mode 592 / 1732 in 1723.110s
	Calibrated mode 593 / 1732 in 1725.993s
	Calibrated mode 594 / 1732 in 1728.885s
	Calibrated mode 595 / 1732 in 1731.780s
	Calibrated mode 596 / 1732 in 1734.720s
	Calibrated mode 597 / 1732 in 1737.621s
	Calibrated mode 598 / 1732 in 1740.501s
	Calibrated mode 599 / 1732 in 1743.385s
	Calibrated mode 600 / 1732 in 1746.281s
	Calibrated mode 601 / 1732 in 1749.178s
	Calibrated mode 602 / 1732 in 1752.050s
	Calibrated mode 603 / 1732 in 1754.926s
	Calibrated mode 604 / 1732 in 1757.810s
	Calibrated mode 605 / 1732 in 1760.682s
	Calibrated mode 606 / 1732 in 1763.575s
	Calibrated mode 607 / 1732 in 1766.452s
	Calibrated mode 608 / 1732 in 1769.386s
	Calibrated mode 609 / 1732 in 1772.263s
	Calibrated mode 610 / 1732 in 1775.137s
	Calibrated mode 611 / 1732 in 1778.012s
	Calibrated mode 612 / 1732 in 1780.890s
	Calibrated mode 613 / 1732 in 1783.763s
	Calibrated mode 614 / 1732 in 1786.642s
	Calibrated mode 615 / 1732 in 1789.548s
	Calibrated mode 616 / 1732 in 1792.438s
	Calibrated mode 617 / 1732 in 1795.335s
	Calibrated mode 618 / 1732 in 1798.230s
	Calibrated mode 619 / 1732 in 1801.125s
	Calibrated mode 620 / 1732 in 1804.084s
	Calibrated mode 621 / 1732 in 1806.984s
	Calibrated mode 622 / 1732 in 1809.879s
	Calibrated mode 623 / 1732 in 1812.776s
	Calibrated mode 624 / 1732 in 1815.668s
	Calibrated mode 625 / 1732 in 1818.555s
	Calibrated mode 626 / 1732 in 1821.444s
	Calibrated mode 627 / 1732 in 1824.335s
	Calibrated mode 628 / 1732 in 1827.228s
	Calibrated mode 629 / 1732 in 1830.122s
	Calibrated mode 630 / 1732 in 1833.012s
	Calibrated mode 631 / 1732 in 1835.903s
	Calibrated mode 632 / 1732 in 1838.854s
	Calibrated mode 633 / 1732 in 1841.743s
	Calibrated mode 634 / 1732 in 1844.634s
	Calibrated mode 635 / 1732 in 1847.526s
	Calibrated mode 636 / 1732 in 1850.413s
	Calibrated mode 637 / 1732 in 1853.303s
	Calibrated mode 638 / 1732 in 1856.192s
	Calibrated mode 639 / 1732 in 1859.079s
	Calibrated mode 640 / 1732 in 1861.969s
	Calibrated mode 641 / 1732 in 1864.858s
	Calibrated mode 642 / 1732 in 1867.748s
	Calibrated mode 643 / 1732 in 1870.637s
	Calibrated mode 644 / 1732 in 1873.573s
	Calibrated mode 645 / 1732 in 1876.462s
	Calibrated mode 646 / 1732 in 1879.349s
	Calibrated mode 647 / 1732 in 1882.236s
	Calibrated mode 648 / 1732 in 1885.126s
	Calibrated mode 649 / 1732 in 1888.018s
	Calibrated mode 650 / 1732 in 1890.910s
	Calibrated mode 651 / 1732 in 1893.800s
	Calibrated mode 652 / 1732 in 1896.687s
	Calibrated mode 653 / 1732 in 1899.578s
	Calibrated mode 654 / 1732 in 1902.473s
	Calibrated mode 655 / 1732 in 1905.434s
	Calibrated mode 656 / 1732 in 1908.329s
	Calibrated mode 657 / 1732 in 1911.222s
	Calibrated mode 658 / 1732 in 1914.125s
	Calibrated mode 659 / 1732 in 1917.012s
	Calibrated mode 660 / 1732 in 1919.905s
	Calibrated mode 661 / 1732 in 1922.794s
	Calibrated mode 662 / 1732 in 1925.698s
	Calibrated mode 663 / 1732 in 1928.597s
	Calibrated mode 664 / 1732 in 1931.517s
	Calibrated mode 665 / 1732 in 1934.414s
	Calibrated mode 666 / 1732 in 1937.316s
	Calibrated mode 667 / 1732 in 1940.397s
	Calibrated mode 668 / 1732 in 1943.311s
	Calibrated mode 669 / 1732 in 1946.211s
	Calibrated mode 670 / 1732 in 1949.119s
	Calibrated mode 671 / 1732 in 1952.021s
	Calibrated mode 672 / 1732 in 1954.933s
	Calibrated mode 673 / 1732 in 1957.832s
	Calibrated mode 674 / 1732 in 1960.732s
	Calibrated mode 675 / 1732 in 1963.633s
	Calibrated mode 676 / 1732 in 1966.572s
	Calibrated mode 677 / 1732 in 1969.472s
	Calibrated mode 678 / 1732 in 1972.381s
	Calibrated mode 679 / 1732 in 1975.340s
	Calibrated mode 680 / 1732 in 1978.236s
	Calibrated mode 681 / 1732 in 1981.134s
	Calibrated mode 682 / 1732 in 1984.028s
	Calibrated mode 683 / 1732 in 1986.926s
	Calibrated mode 684 / 1732 in 1989.818s
	Calibrated mode 685 / 1732 in 1992.714s
	Calibrated mode 686 / 1732 in 1995.608s
	Calibrated mode 687 / 1732 in 1998.501s
	Calibrated mode 688 / 1732 in 2001.400s
	Calibrated mode 689 / 1732 in 2004.295s
	Calibrated mode 690 / 1732 in 2007.188s
	Calibrated mode 691 / 1732 in 2010.137s
	Calibrated mode 692 / 1732 in 2013.025s
	Calibrated mode 693 / 1732 in 2015.910s
	Calibrated mode 694 / 1732 in 2018.798s
	Calibrated mode 695 / 1732 in 2021.685s
	Calibrated mode 696 / 1732 in 2024.570s
	Calibrated mode 697 / 1732 in 2027.462s
	Calibrated mode 698 / 1732 in 2030.349s
	Calibrated mode 699 / 1732 in 2033.241s
	Calibrated mode 700 / 1732 in 2036.131s
	Calibrated mode 701 / 1732 in 2039.022s
	Calibrated mode 702 / 1732 in 2041.909s
	Calibrated mode 703 / 1732 in 2044.858s
	Calibrated mode 704 / 1732 in 2047.753s
	Calibrated mode 705 / 1732 in 2050.638s
	Calibrated mode 706 / 1732 in 2053.532s
	Calibrated mode 707 / 1732 in 2056.420s
	Calibrated mode 708 / 1732 in 2059.308s
	Calibrated mode 709 / 1732 in 2062.197s
	Calibrated mode 710 / 1732 in 2065.087s
	Calibrated mode 711 / 1732 in 2067.982s
	Calibrated mode 712 / 1732 in 2070.873s
	Calibrated mode 713 / 1732 in 2073.767s
	Calibrated mode 714 / 1732 in 2076.658s
	Calibrated mode 715 / 1732 in 2079.604s
	Calibrated mode 716 / 1732 in 2082.492s
	Calibrated mode 717 / 1732 in 2085.385s
	Calibrated mode 718 / 1732 in 2088.277s
	Calibrated mode 719 / 1732 in 2091.169s
	Calibrated mode 720 / 1732 in 2094.069s
	Calibrated mode 721 / 1732 in 2096.962s
	Calibrated mode 722 / 1732 in 2099.855s
	Calibrated mode 723 / 1732 in 2102.772s
	Calibrated mode 724 / 1732 in 2105.678s
	Calibrated mode 725 / 1732 in 2108.575s
	Calibrated mode 726 / 1732 in 2111.527s
	Calibrated mode 727 / 1732 in 2114.427s
	Calibrated mode 728 / 1732 in 2117.323s
	Calibrated mode 729 / 1732 in 2120.217s
	Calibrated mode 730 / 1732 in 2123.114s
	Calibrated mode 731 / 1732 in 2126.009s
	Calibrated mode 732 / 1732 in 2128.910s
	Calibrated mode 733 / 1732 in 2131.809s
	Calibrated mode 734 / 1732 in 2134.708s
	Calibrated mode 735 / 1732 in 2137.604s
	Calibrated mode 736 / 1732 in 2140.501s
	Calibrated mode 737 / 1732 in 2143.398s
	Calibrated mode 738 / 1732 in 2146.348s
	Calibrated mode 739 / 1732 in 2149.245s
	Calibrated mode 740 / 1732 in 2152.144s
	Calibrated mode 741 / 1732 in 2155.048s
	Calibrated mode 742 / 1732 in 2157.949s
	Calibrated mode 743 / 1732 in 2160.849s
	Calibrated mode 744 / 1732 in 2163.745s
	Calibrated mode 745 / 1732 in 2166.642s
	Calibrated mode 746 / 1732 in 2169.536s
	Calibrated mode 747 / 1732 in 2172.417s
	Calibrated mode 748 / 1732 in 2175.289s
	Calibrated mode 749 / 1732 in 2178.166s
	Calibrated mode 750 / 1732 in 2181.099s
	Calibrated mode 751 / 1732 in 2183.978s
	Calibrated mode 752 / 1732 in 2186.886s
	Calibrated mode 753 / 1732 in 2189.783s
	Calibrated mode 754 / 1732 in 2192.679s
	Calibrated mode 755 / 1732 in 2195.576s
	Calibrated mode 756 / 1732 in 2198.467s
	Calibrated mode 757 / 1732 in 2201.362s
	Calibrated mode 758 / 1732 in 2204.260s
	Calibrated mode 759 / 1732 in 2207.168s
	Calibrated mode 760 / 1732 in 2210.067s
	Calibrated mode 761 / 1732 in 2212.964s
	Calibrated mode 762 / 1732 in 2215.926s
	Calibrated mode 763 / 1732 in 2218.824s
	Calibrated mode 764 / 1732 in 2221.723s
	Calibrated mode 765 / 1732 in 2224.620s
	Calibrated mode 766 / 1732 in 2227.520s
	Calibrated mode 767 / 1732 in 2230.421s
	Calibrated mode 768 / 1732 in 2233.319s
	Calibrated mode 769 / 1732 in 2236.215s
	Calibrated mode 770 / 1732 in 2239.115s
	Calibrated mode 771 / 1732 in 2242.013s
	Calibrated mode 772 / 1732 in 2244.907s
	Calibrated mode 773 / 1732 in 2247.810s
	Calibrated mode 774 / 1732 in 2250.754s
	Calibrated mode 775 / 1732 in 2253.652s
	Calibrated mode 776 / 1732 in 2256.542s
	Calibrated mode 777 / 1732 in 2259.419s
	Calibrated mode 778 / 1732 in 2262.296s
	Calibrated mode 779 / 1732 in 2265.169s
	Calibrated mode 780 / 1732 in 2268.045s
	Calibrated mode 781 / 1732 in 2270.941s
	Calibrated mode 782 / 1732 in 2273.820s
	Calibrated mode 783 / 1732 in 2276.702s
	Calibrated mode 784 / 1732 in 2279.580s
	Calibrated mode 785 / 1732 in 2282.458s
	Calibrated mode 786 / 1732 in 2285.393s
	Calibrated mode 787 / 1732 in 2288.267s
	Calibrated mode 788 / 1732 in 2291.144s
	Calibrated mode 789 / 1732 in 2294.020s
	Calibrated mode 790 / 1732 in 2296.896s
	Calibrated mode 791 / 1732 in 2299.773s
	Calibrated mode 792 / 1732 in 2302.660s
	Calibrated mode 793 / 1732 in 2305.542s
	Calibrated mode 794 / 1732 in 2308.423s
	Calibrated mode 795 / 1732 in 2311.296s
	Calibrated mode 796 / 1732 in 2314.172s
	Calibrated mode 797 / 1732 in 2317.050s
	Calibrated mode 798 / 1732 in 2319.986s
	Calibrated mode 799 / 1732 in 2322.862s
	Calibrated mode 800 / 1732 in 2325.743s
	Calibrated mode 801 / 1732 in 2328.619s
	Calibrated mode 802 / 1732 in 2331.494s
	Calibrated mode 803 / 1732 in 2334.372s
	Calibrated mode 804 / 1732 in 2337.246s
	Calibrated mode 805 / 1732 in 2340.124s
	Calibrated mode 806 / 1732 in 2343.002s
	Calibrated mode 807 / 1732 in 2345.881s
	Calibrated mode 808 / 1732 in 2348.770s
	Calibrated mode 809 / 1732 in 2351.730s
	Calibrated mode 810 / 1732 in 2354.619s
	Calibrated mode 811 / 1732 in 2357.504s
	Calibrated mode 812 / 1732 in 2360.404s
	Calibrated mode 813 / 1732 in 2363.298s
	Calibrated mode 814 / 1732 in 2366.191s
	Calibrated mode 815 / 1732 in 2369.089s
	Calibrated mode 816 / 1732 in 2371.980s
	Calibrated mode 817 / 1732 in 2374.872s
	Calibrated mode 818 / 1732 in 2377.761s
	Calibrated mode 819 / 1732 in 2380.654s
	Calibrated mode 820 / 1732 in 2383.539s
	Calibrated mode 821 / 1732 in 2386.485s
	Calibrated mode 822 / 1732 in 2389.371s
	Calibrated mode 823 / 1732 in 2392.257s
	Calibrated mode 824 / 1732 in 2395.153s
	Calibrated mode 825 / 1732 in 2398.043s
	Calibrated mode 826 / 1732 in 2400.938s
	Calibrated mode 827 / 1732 in 2403.832s
	Calibrated mode 828 / 1732 in 2406.725s
	Calibrated mode 829 / 1732 in 2409.609s
	Calibrated mode 830 / 1732 in 2412.496s
	Calibrated mode 831 / 1732 in 2415.381s
	Calibrated mode 832 / 1732 in 2418.326s
	Calibrated mode 833 / 1732 in 2421.213s
	Calibrated mode 834 / 1732 in 2424.105s
	Calibrated mode 835 / 1732 in 2426.995s
	Calibrated mode 836 / 1732 in 2429.892s
	Calibrated mode 837 / 1732 in 2432.790s
	Calibrated mode 838 / 1732 in 2435.679s
	Calibrated mode 839 / 1732 in 2438.565s
	Calibrated mode 840 / 1732 in 2441.458s
	Calibrated mode 841 / 1732 in 2444.358s
	Calibrated mode 842 / 1732 in 2447.258s
	Calibrated mode 843 / 1732 in 2450.160s
	Calibrated mode 844 / 1732 in 2453.116s
	Calibrated mode 845 / 1732 in 2456.016s
	Calibrated mode 846 / 1732 in 2458.913s
	Calibrated mode 847 / 1732 in 2461.812s
	Calibrated mode 848 / 1732 in 2464.709s
	Calibrated mode 849 / 1732 in 2467.607s
	Calibrated mode 850 / 1732 in 2470.502s
	Calibrated mode 851 / 1732 in 2473.390s
	Calibrated mode 852 / 1732 in 2476.280s
	Calibrated mode 853 / 1732 in 2479.166s
	Calibrated mode 854 / 1732 in 2482.056s
	Calibrated mode 855 / 1732 in 2484.963s
	Calibrated mode 856 / 1732 in 2487.914s
	Calibrated mode 857 / 1732 in 2490.810s
	Calibrated mode 858 / 1732 in 2493.702s
	Calibrated mode 859 / 1732 in 2496.593s
	Calibrated mode 860 / 1732 in 2499.488s
	Calibrated mode 861 / 1732 in 2502.382s
	Calibrated mode 862 / 1732 in 2505.276s
	Calibrated mode 863 / 1732 in 2508.172s
	Calibrated mode 864 / 1732 in 2511.063s
	Calibrated mode 865 / 1732 in 2513.957s
	Calibrated mode 866 / 1732 in 2516.860s
	Calibrated mode 867 / 1732 in 2519.756s
	Calibrated mode 868 / 1732 in 2522.708s
	Calibrated mode 869 / 1732 in 2525.601s
	Calibrated mode 870 / 1732 in 2528.496s
	Calibrated mode 871 / 1732 in 2531.391s
	Calibrated mode 872 / 1732 in 2534.290s
	Calibrated mode 873 / 1732 in 2537.185s
	Calibrated mode 874 / 1732 in 2540.078s
	Calibrated mode 875 / 1732 in 2542.971s
	Calibrated mode 876 / 1732 in 2545.861s
	Calibrated mode 877 / 1732 in 2548.758s
	Calibrated mode 878 / 1732 in 2551.650s
	Calibrated mode 879 / 1732 in 2554.546s
	Calibrated mode 880 / 1732 in 2557.503s
	Calibrated mode 881 / 1732 in 2560.392s
	Calibrated mode 882 / 1732 in 2563.287s
	Calibrated mode 883 / 1732 in 2566.177s
	Calibrated mode 884 / 1732 in 2569.066s
	Calibrated mode 885 / 1732 in 2571.956s
	Calibrated mode 886 / 1732 in 2574.853s
	Calibrated mode 887 / 1732 in 2577.739s
	Calibrated mode 888 / 1732 in 2580.628s
	Calibrated mode 889 / 1732 in 2583.512s
	Calibrated mode 890 / 1732 in 2586.406s
	Calibrated mode 891 / 1732 in 2589.294s
	Calibrated mode 892 / 1732 in 2592.230s
	Calibrated mode 893 / 1732 in 2595.119s
	Calibrated mode 894 / 1732 in 2598.006s
	Calibrated mode 895 / 1732 in 2600.909s
	Calibrated mode 896 / 1732 in 2603.802s
	Calibrated mode 897 / 1732 in 2606.706s
	Calibrated mode 898 / 1732 in 2609.606s
	Calibrated mode 899 / 1732 in 2612.503s
	Calibrated mode 900 / 1732 in 2615.407s
	Calibrated mode 901 / 1732 in 2618.306s
	Calibrated mode 902 / 1732 in 2621.202s
	Calibrated mode 903 / 1732 in 2624.097s
	Calibrated mode 904 / 1732 in 2627.053s
	Calibrated mode 905 / 1732 in 2629.944s
	Calibrated mode 906 / 1732 in 2632.844s
	Calibrated mode 907 / 1732 in 2635.742s
	Calibrated mode 908 / 1732 in 2638.634s
	Calibrated mode 909 / 1732 in 2641.531s
	Calibrated mode 910 / 1732 in 2644.430s
	Calibrated mode 911 / 1732 in 2647.330s
	Calibrated mode 912 / 1732 in 2650.224s
	Calibrated mode 913 / 1732 in 2653.121s
	Calibrated mode 914 / 1732 in 2656.025s
	Calibrated mode 915 / 1732 in 2658.922s
	Calibrated mode 916 / 1732 in 2661.878s
	Calibrated mode 917 / 1732 in 2664.774s
	Calibrated mode 918 / 1732 in 2667.671s
	Calibrated mode 919 / 1732 in 2670.574s
	Calibrated mode 920 / 1732 in 2673.472s
	Calibrated mode 921 / 1732 in 2676.372s
	Calibrated mode 922 / 1732 in 2679.275s
	Calibrated mode 923 / 1732 in 2682.179s
	Calibrated mode 924 / 1732 in 2685.079s
	Calibrated mode 925 / 1732 in 2687.976s
	Calibrated mode 926 / 1732 in 2690.873s
	Calibrated mode 927 / 1732 in 2693.769s
	Calibrated mode 928 / 1732 in 2696.723s
	Calibrated mode 929 / 1732 in 2699.623s
	Calibrated mode 930 / 1732 in 2702.519s
	Calibrated mode 931 / 1732 in 2705.420s
	Calibrated mode 932 / 1732 in 2708.319s
	Calibrated mode 933 / 1732 in 2711.223s
	Calibrated mode 934 / 1732 in 2714.125s
	Calibrated mode 935 / 1732 in 2717.022s
	Calibrated mode 936 / 1732 in 2719.921s
	Calibrated mode 937 / 1732 in 2722.820s
	Calibrated mode 938 / 1732 in 2725.715s
	Calibrated mode 939 / 1732 in 2728.668s
	Calibrated mode 940 / 1732 in 2731.570s
	Calibrated mode 941 / 1732 in 2734.470s
	Calibrated mode 942 / 1732 in 2737.369s
	Calibrated mode 943 / 1732 in 2740.271s
	Calibrated mode 944 / 1732 in 2743.169s
	Calibrated mode 945 / 1732 in 2746.074s
	Calibrated mode 946 / 1732 in 2748.971s
	Calibrated mode 947 / 1732 in 2751.869s
	Calibrated mode 948 / 1732 in 2754.764s
	Calibrated mode 949 / 1732 in 2757.664s
	Calibrated mode 950 / 1732 in 2760.562s
	Calibrated mode 951 / 1732 in 2763.515s
	Calibrated mode 952 / 1732 in 2766.409s
	Calibrated mode 953 / 1732 in 2769.306s
	Calibrated mode 954 / 1732 in 2772.201s
	Calibrated mode 955 / 1732 in 2775.088s
	Calibrated mode 956 / 1732 in 2777.978s
	Calibrated mode 957 / 1732 in 2780.867s
	Calibrated mode 958 / 1732 in 2783.758s
	Calibrated mode 959 / 1732 in 2786.647s
	Calibrated mode 960 / 1732 in 2789.544s
	Calibrated mode 961 / 1732 in 2792.437s
	Calibrated mode 962 / 1732 in 2795.326s
	Calibrated mode 963 / 1732 in 2798.266s
	Calibrated mode 964 / 1732 in 2801.156s
	Calibrated mode 965 / 1732 in 2804.043s
	Calibrated mode 966 / 1732 in 2806.929s
	Calibrated mode 967 / 1732 in 2809.818s
	Calibrated mode 968 / 1732 in 2812.707s
	Calibrated mode 969 / 1732 in 2815.596s
	Calibrated mode 970 / 1732 in 2818.486s
	Calibrated mode 971 / 1732 in 2821.374s
	Calibrated mode 972 / 1732 in 2824.264s
	Calibrated mode 973 / 1732 in 2827.163s
	Calibrated mode 974 / 1732 in 2830.054s
	Calibrated mode 975 / 1732 in 2833.003s
	Calibrated mode 976 / 1732 in 2835.894s
	Calibrated mode 977 / 1732 in 2838.782s
	Calibrated mode 978 / 1732 in 2841.670s
	Calibrated mode 979 / 1732 in 2844.556s
	Calibrated mode 980 / 1732 in 2847.445s
	Calibrated mode 981 / 1732 in 2850.335s
	Calibrated mode 982 / 1732 in 2853.222s
	Calibrated mode 983 / 1732 in 2856.111s
	Calibrated mode 984 / 1732 in 2858.998s
	Calibrated mode 985 / 1732 in 2861.889s
	Calibrated mode 986 / 1732 in 2864.781s
	Calibrated mode 987 / 1732 in 2867.730s
	Calibrated mode 988 / 1732 in 2870.622s
	Calibrated mode 989 / 1732 in 2873.512s
	Calibrated mode 990 / 1732 in 2876.402s
	Calibrated mode 991 / 1732 in 2879.293s
	Calibrated mode 992 / 1732 in 2882.179s
	Calibrated mode 993 / 1732 in 2885.066s
	Calibrated mode 994 / 1732 in 2887.961s
	Calibrated mode 995 / 1732 in 2890.853s
	Calibrated mode 996 / 1732 in 2893.742s
	Calibrated mode 997 / 1732 in 2896.630s
	Calibrated mode 998 / 1732 in 2899.517s
	Calibrated mode 999 / 1732 in 2902.459s
	Calibrated mode 1000 / 1732 in 2905.349s
	Calibrated mode 1001 / 1732 in 2908.239s
	Calibrated mode 1002 / 1732 in 2911.127s
	Calibrated mode 1003 / 1732 in 2914.018s
	Calibrated mode 1004 / 1732 in 2916.903s
	Calibrated mode 1005 / 1732 in 2919.793s
	Calibrated mode 1006 / 1732 in 2922.682s
	Calibrated mode 1007 / 1732 in 2925.576s
	Calibrated mode 1008 / 1732 in 2928.466s
	Calibrated mode 1009 / 1732 in 2931.356s
	Calibrated mode 1010 / 1732 in 2934.245s
	Calibrated mode 1011 / 1732 in 2937.194s
	Calibrated mode 1012 / 1732 in 2940.083s
	Calibrated mode 1013 / 1732 in 2942.971s
	Calibrated mode 1014 / 1732 in 2945.873s
	Calibrated mode 1015 / 1732 in 2948.769s
	Calibrated mode 1016 / 1732 in 2951.662s
	Calibrated mode 1017 / 1732 in 2954.557s
	Calibrated mode 1018 / 1732 in 2957.449s
	Calibrated mode 1019 / 1732 in 2960.345s
	Calibrated mode 1020 / 1732 in 2963.235s
	Calibrated mode 1021 / 1732 in 2966.129s
	Calibrated mode 1022 / 1732 in 2969.025s
	Calibrated mode 1023 / 1732 in 2971.975s
	Calibrated mode 1024 / 1732 in 2974.870s
	Calibrated mode 1025 / 1732 in 2977.763s
	Calibrated mode 1026 / 1732 in 2980.658s
	Calibrated mode 1027 / 1732 in 2983.552s
	Calibrated mode 1028 / 1732 in 2986.444s
	Calibrated mode 1029 / 1732 in 2989.334s
	Calibrated mode 1030 / 1732 in 2992.236s
	Calibrated mode 1031 / 1732 in 2995.129s
	Calibrated mode 1032 / 1732 in 2998.023s
	Calibrated mode 1033 / 1732 in 3000.916s
	Calibrated mode 1034 / 1732 in 3003.811s
	Calibrated mode 1035 / 1732 in 3006.755s
	Calibrated mode 1036 / 1732 in 3009.651s
	Calibrated mode 1037 / 1732 in 3012.544s
	Calibrated mode 1038 / 1732 in 3015.439s
	Calibrated mode 1039 / 1732 in 3018.336s
	Calibrated mode 1040 / 1732 in 3021.234s
	Calibrated mode 1041 / 1732 in 3024.132s
	Calibrated mode 1042 / 1732 in 3027.033s
	Calibrated mode 1043 / 1732 in 3029.940s
	Calibrated mode 1044 / 1732 in 3032.838s
	Calibrated mode 1045 / 1732 in 3035.737s
	Calibrated mode 1046 / 1732 in 3038.636s
	Calibrated mode 1047 / 1732 in 3041.591s
	Calibrated mode 1048 / 1732 in 3044.487s
	Calibrated mode 1049 / 1732 in 3047.384s
	Calibrated mode 1050 / 1732 in 3050.280s
	Calibrated mode 1051 / 1732 in 3053.186s
	Calibrated mode 1052 / 1732 in 3056.089s
	Calibrated mode 1053 / 1732 in 3058.990s
	Calibrated mode 1054 / 1732 in 3061.885s
	Calibrated mode 1055 / 1732 in 3064.786s
	Calibrated mode 1056 / 1732 in 3067.685s
	Calibrated mode 1057 / 1732 in 3070.588s
	Calibrated mode 1058 / 1732 in 3073.489s
	Calibrated mode 1059 / 1732 in 3076.442s
	Calibrated mode 1060 / 1732 in 3079.341s
	Calibrated mode 1061 / 1732 in 3082.240s
	Calibrated mode 1062 / 1732 in 3085.136s
	Calibrated mode 1063 / 1732 in 3088.031s
	Calibrated mode 1064 / 1732 in 3090.932s
	Calibrated mode 1065 / 1732 in 3093.831s
	Calibrated mode 1066 / 1732 in 3096.729s
	Calibrated mode 1067 / 1732 in 3099.621s
	Calibrated mode 1068 / 1732 in 3102.519s
	Calibrated mode 1069 / 1732 in 3105.421s
	Calibrated mode 1070 / 1732 in 3108.323s
	Calibrated mode 1071 / 1732 in 3111.272s
	Calibrated mode 1072 / 1732 in 3114.170s
	Calibrated mode 1073 / 1732 in 3117.071s
	Calibrated mode 1074 / 1732 in 3119.970s
	Calibrated mode 1075 / 1732 in 3122.867s
	Calibrated mode 1076 / 1732 in 3125.764s
	Calibrated mode 1077 / 1732 in 3128.715s
	Calibrated mode 1078 / 1732 in 3131.617s
	Calibrated mode 1079 / 1732 in 3134.514s
	Calibrated mode 1080 / 1732 in 3137.410s
	Calibrated mode 1081 / 1732 in 3140.305s
	Calibrated mode 1082 / 1732 in 3143.263s
	Calibrated mode 1083 / 1732 in 3146.163s
	Calibrated mode 1084 / 1732 in 3149.061s
	Calibrated mode 1085 / 1732 in 3151.957s
	Calibrated mode 1086 / 1732 in 3154.855s
	Calibrated mode 1087 / 1732 in 3157.746s
	Calibrated mode 1088 / 1732 in 3160.646s
	Calibrated mode 1089 / 1732 in 3163.543s
	Calibrated mode 1090 / 1732 in 3166.441s
	Calibrated mode 1091 / 1732 in 3169.337s
	Calibrated mode 1092 / 1732 in 3172.236s
	Calibrated mode 1093 / 1732 in 3175.156s
	Calibrated mode 1094 / 1732 in 3178.115s
	Calibrated mode 1095 / 1732 in 3181.012s
	Calibrated mode 1096 / 1732 in 3183.908s
	Calibrated mode 1097 / 1732 in 3186.810s
	Calibrated mode 1098 / 1732 in 3189.708s
	Calibrated mode 1099 / 1732 in 3192.623s
	Calibrated mode 1100 / 1732 in 3195.521s
	Calibrated mode 1101 / 1732 in 3198.417s
	Calibrated mode 1102 / 1732 in 3201.306s
	Calibrated mode 1103 / 1732 in 3204.189s
	Calibrated mode 1104 / 1732 in 3207.074s
	Calibrated mode 1105 / 1732 in 3209.968s
	Calibrated mode 1106 / 1732 in 3212.904s
	Calibrated mode 1107 / 1732 in 3215.778s
	Calibrated mode 1108 / 1732 in 3218.656s
	Calibrated mode 1109 / 1732 in 3221.530s
	Calibrated mode 1110 / 1732 in 3224.426s
	Calibrated mode 1111 / 1732 in 3227.322s
	Calibrated mode 1112 / 1732 in 3230.220s
	Calibrated mode 1113 / 1732 in 3233.116s
	Calibrated mode 1114 / 1732 in 3236.017s
	Calibrated mode 1115 / 1732 in 3238.918s
	Calibrated mode 1116 / 1732 in 3241.984s
	Calibrated mode 1117 / 1732 in 3244.884s
	Calibrated mode 1118 / 1732 in 3247.843s
	Calibrated mode 1119 / 1732 in 3250.742s
	Calibrated mode 1120 / 1732 in 3253.642s
	Calibrated mode 1121 / 1732 in 3256.546s
	Calibrated mode 1122 / 1732 in 3259.445s
	Calibrated mode 1123 / 1732 in 3262.345s
	Calibrated mode 1124 / 1732 in 3265.246s
	Calibrated mode 1125 / 1732 in 3268.149s
	Calibrated mode 1126 / 1732 in 3271.055s
	Calibrated mode 1127 / 1732 in 3273.950s
	Calibrated mode 1128 / 1732 in 3276.849s
	Calibrated mode 1129 / 1732 in 3279.751s
	Calibrated mode 1130 / 1732 in 3282.705s
	Calibrated mode 1131 / 1732 in 3285.600s
	Calibrated mode 1132 / 1732 in 3288.495s
	Calibrated mode 1133 / 1732 in 3291.391s
	Calibrated mode 1134 / 1732 in 3294.290s
	Calibrated mode 1135 / 1732 in 3297.193s
	Calibrated mode 1136 / 1732 in 3300.093s
	Calibrated mode 1137 / 1732 in 3302.988s
	Calibrated mode 1138 / 1732 in 3305.884s
	Calibrated mode 1139 / 1732 in 3308.785s
	Calibrated mode 1140 / 1732 in 3311.686s
	Calibrated mode 1141 / 1732 in 3314.585s
	Calibrated mode 1142 / 1732 in 3317.531s
	Calibrated mode 1143 / 1732 in 3320.427s
	Calibrated mode 1144 / 1732 in 3323.326s
	Calibrated mode 1145 / 1732 in 3326.223s
	Calibrated mode 1146 / 1732 in 3329.116s
	Calibrated mode 1147 / 1732 in 3332.022s
	Calibrated mode 1148 / 1732 in 3334.917s
	Calibrated mode 1149 / 1732 in 3337.811s
	Calibrated mode 1150 / 1732 in 3340.708s
	Calibrated mode 1151 / 1732 in 3343.603s
	Calibrated mode 1152 / 1732 in 3346.500s
	Calibrated mode 1153 / 1732 in 3349.398s
	Calibrated mode 1154 / 1732 in 3352.354s
	Calibrated mode 1155 / 1732 in 3355.246s
	Calibrated mode 1156 / 1732 in 3358.145s
	Calibrated mode 1157 / 1732 in 3361.040s
	Calibrated mode 1158 / 1732 in 3363.936s
	Calibrated mode 1159 / 1732 in 3366.830s
	Calibrated mode 1160 / 1732 in 3369.727s
	Calibrated mode 1161 / 1732 in 3372.623s
	Calibrated mode 1162 / 1732 in 3375.521s
	Calibrated mode 1163 / 1732 in 3378.417s
	Calibrated mode 1164 / 1732 in 3381.311s
	Calibrated mode 1165 / 1732 in 3384.205s
	Calibrated mode 1166 / 1732 in 3387.168s
	Calibrated mode 1167 / 1732 in 3390.075s
	Calibrated mode 1168 / 1732 in 3392.975s
	Calibrated mode 1169 / 1732 in 3395.870s
	Calibrated mode 1170 / 1732 in 3398.767s
	Calibrated mode 1171 / 1732 in 3401.666s
	Calibrated mode 1172 / 1732 in 3404.561s
	Calibrated mode 1173 / 1732 in 3407.456s
	Calibrated mode 1174 / 1732 in 3410.449s
	Calibrated mode 1175 / 1732 in 3413.346s
	Calibrated mode 1176 / 1732 in 3416.242s
	Calibrated mode 1177 / 1732 in 3419.145s
	Calibrated mode 1178 / 1732 in 3422.093s
	Calibrated mode 1179 / 1732 in 3424.991s
	Calibrated mode 1180 / 1732 in 3427.885s
	Calibrated mode 1181 / 1732 in 3430.780s
	Calibrated mode 1182 / 1732 in 3433.676s
	Calibrated mode 1183 / 1732 in 3436.573s
	Calibrated mode 1184 / 1732 in 3439.468s
	Calibrated mode 1185 / 1732 in 3442.372s
	Calibrated mode 1186 / 1732 in 3445.271s
	Calibrated mode 1187 / 1732 in 3448.172s
	Calibrated mode 1188 / 1732 in 3451.067s
	Calibrated mode 1189 / 1732 in 3453.975s
	Calibrated mode 1190 / 1732 in 3456.929s
	Calibrated mode 1191 / 1732 in 3459.826s
	Calibrated mode 1192 / 1732 in 3462.721s
	Calibrated mode 1193 / 1732 in 3465.619s
	Calibrated mode 1194 / 1732 in 3468.510s
	Calibrated mode 1195 / 1732 in 3471.410s
	Calibrated mode 1196 / 1732 in 3474.307s
	Calibrated mode 1197 / 1732 in 3477.202s
	Calibrated mode 1198 / 1732 in 3480.105s
	Calibrated mode 1199 / 1732 in 3483.003s
	Calibrated mode 1200 / 1732 in 3485.898s
	Calibrated mode 1201 / 1732 in 3488.858s
	Calibrated mode 1202 / 1732 in 3491.758s
	Calibrated mode 1203 / 1732 in 3494.653s
	Calibrated mode 1204 / 1732 in 3497.545s
	Calibrated mode 1205 / 1732 in 3500.438s
	Calibrated mode 1206 / 1732 in 3503.342s
	Calibrated mode 1207 / 1732 in 3506.240s
	Calibrated mode 1208 / 1732 in 3509.136s
	Calibrated mode 1209 / 1732 in 3512.038s
	Calibrated mode 1210 / 1732 in 3514.937s
	Calibrated mode 1211 / 1732 in 3517.834s
	Calibrated mode 1212 / 1732 in 3520.736s
	Calibrated mode 1213 / 1732 in 3523.694s
	Calibrated mode 1214 / 1732 in 3526.595s
	Calibrated mode 1215 / 1732 in 3529.493s
	Calibrated mode 1216 / 1732 in 3532.392s
	Calibrated mode 1217 / 1732 in 3535.294s
	Calibrated mode 1218 / 1732 in 3538.197s
	Calibrated mode 1219 / 1732 in 3541.098s
	Calibrated mode 1220 / 1732 in 3543.998s
	Calibrated mode 1221 / 1732 in 3546.891s
	Calibrated mode 1222 / 1732 in 3549.789s
	Calibrated mode 1223 / 1732 in 3552.686s
	Calibrated mode 1224 / 1732 in 3555.586s
	Calibrated mode 1225 / 1732 in 3558.726s
	Calibrated mode 1226 / 1732 in 3561.622s
	Calibrated mode 1227 / 1732 in 3564.519s
	Calibrated mode 1228 / 1732 in 3567.416s
	Calibrated mode 1229 / 1732 in 3570.313s
	Calibrated mode 1230 / 1732 in 3573.213s
	Calibrated mode 1231 / 1732 in 3576.112s
	Calibrated mode 1232 / 1732 in 3579.010s
	Calibrated mode 1233 / 1732 in 3581.910s
	Calibrated mode 1234 / 1732 in 3584.810s
	Calibrated mode 1235 / 1732 in 3587.706s
	Calibrated mode 1236 / 1732 in 3590.612s
	Calibrated mode 1237 / 1732 in 3593.558s
	Calibrated mode 1238 / 1732 in 3596.461s
	Calibrated mode 1239 / 1732 in 3599.363s
	Calibrated mode 1240 / 1732 in 3602.263s
	Calibrated mode 1241 / 1732 in 3605.160s
	Calibrated mode 1242 / 1732 in 3608.053s
	Calibrated mode 1243 / 1732 in 3610.951s
	Calibrated mode 1244 / 1732 in 3613.854s
	Calibrated mode 1245 / 1732 in 3616.751s
	Calibrated mode 1246 / 1732 in 3619.648s
	Calibrated mode 1247 / 1732 in 3622.611s
	Calibrated mode 1248 / 1732 in 3625.507s
	Calibrated mode 1249 / 1732 in 3628.459s
	Calibrated mode 1250 / 1732 in 3631.353s
	Calibrated mode 1251 / 1732 in 3634.254s
	Calibrated mode 1252 / 1732 in 3637.148s
	Calibrated mode 1253 / 1732 in 3640.044s
	Calibrated mode 1254 / 1732 in 3642.942s
	Calibrated mode 1255 / 1732 in 3645.849s
	Calibrated mode 1256 / 1732 in 3648.746s
	Calibrated mode 1257 / 1732 in 3651.640s
	Calibrated mode 1258 / 1732 in 3654.534s
	Calibrated mode 1259 / 1732 in 3657.431s
	Calibrated mode 1260 / 1732 in 3660.328s
	Calibrated mode 1261 / 1732 in 3663.281s
	Calibrated mode 1262 / 1732 in 3666.172s
	Calibrated mode 1263 / 1732 in 3669.065s
	Calibrated mode 1264 / 1732 in 3671.960s
	Calibrated mode 1265 / 1732 in 3674.840s
	Calibrated mode 1266 / 1732 in 3677.718s
	Calibrated mode 1267 / 1732 in 3680.591s
	Calibrated mode 1268 / 1732 in 3683.465s
	Calibrated mode 1269 / 1732 in 3686.352s
	Calibrated mode 1270 / 1732 in 3689.241s
	Calibrated mode 1271 / 1732 in 3692.132s
	Calibrated mode 1272 / 1732 in 3695.035s
	Calibrated mode 1273 / 1732 in 3697.971s
	Calibrated mode 1274 / 1732 in 3700.860s
	Calibrated mode 1275 / 1732 in 3703.754s
	Calibrated mode 1276 / 1732 in 3706.645s
	Calibrated mode 1277 / 1732 in 3709.533s
	Calibrated mode 1278 / 1732 in 3712.422s
	Calibrated mode 1279 / 1732 in 3715.312s
	Calibrated mode 1280 / 1732 in 3718.207s
	Calibrated mode 1281 / 1732 in 3721.099s
	Calibrated mode 1282 / 1732 in 3723.991s
	Calibrated mode 1283 / 1732 in 3726.886s
	Calibrated mode 1284 / 1732 in 3729.844s
	Calibrated mode 1285 / 1732 in 3732.736s
	Calibrated mode 1286 / 1732 in 3735.626s
	Calibrated mode 1287 / 1732 in 3738.520s
	Calibrated mode 1288 / 1732 in 3741.409s
	Calibrated mode 1289 / 1732 in 3744.294s
	Calibrated mode 1290 / 1732 in 3747.197s
	Calibrated mode 1291 / 1732 in 3750.089s
	Calibrated mode 1292 / 1732 in 3752.983s
	Calibrated mode 1293 / 1732 in 3755.872s
	Calibrated mode 1294 / 1732 in 3758.761s
	Calibrated mode 1295 / 1732 in 3761.650s
	Calibrated mode 1296 / 1732 in 3764.603s
	Calibrated mode 1297 / 1732 in 3767.493s
	Calibrated mode 1298 / 1732 in 3770.380s
	Calibrated mode 1299 / 1732 in 3773.268s
	Calibrated mode 1300 / 1732 in 3776.162s
	Calibrated mode 1301 / 1732 in 3779.057s
	Calibrated mode 1302 / 1732 in 3781.947s
	Calibrated mode 1303 / 1732 in 3784.838s
	Calibrated mode 1304 / 1732 in 3787.729s
	Calibrated mode 1305 / 1732 in 3790.621s
	Calibrated mode 1306 / 1732 in 3793.518s
	Calibrated mode 1307 / 1732 in 3796.407s
	Calibrated mode 1308 / 1732 in 3799.349s
	Calibrated mode 1309 / 1732 in 3802.236s
	Calibrated mode 1310 / 1732 in 3805.127s
	Calibrated mode 1311 / 1732 in 3808.016s
	Calibrated mode 1312 / 1732 in 3810.907s
	Calibrated mode 1313 / 1732 in 3813.804s
	Calibrated mode 1314 / 1732 in 3816.696s
	Calibrated mode 1315 / 1732 in 3819.588s
	Calibrated mode 1316 / 1732 in 3822.478s
	Calibrated mode 1317 / 1732 in 3825.378s
	Calibrated mode 1318 / 1732 in 3828.269s
	Calibrated mode 1319 / 1732 in 3831.162s
	Calibrated mode 1320 / 1732 in 3834.125s
	Calibrated mode 1321 / 1732 in 3837.015s
	Calibrated mode 1322 / 1732 in 3839.907s
	Calibrated mode 1323 / 1732 in 3842.798s
	Calibrated mode 1324 / 1732 in 3845.688s
	Calibrated mode 1325 / 1732 in 3848.579s
	Calibrated mode 1326 / 1732 in 3851.478s
	Calibrated mode 1327 / 1732 in 3854.370s
	Calibrated mode 1328 / 1732 in 3857.262s
	Calibrated mode 1329 / 1732 in 3860.156s
	Calibrated mode 1330 / 1732 in 3863.046s
	Calibrated mode 1331 / 1732 in 3865.938s
	Calibrated mode 1332 / 1732 in 3868.904s
	Calibrated mode 1333 / 1732 in 3871.792s
	Calibrated mode 1334 / 1732 in 3874.689s
	Calibrated mode 1335 / 1732 in 3877.581s
	Calibrated mode 1336 / 1732 in 3880.482s
	Calibrated mode 1337 / 1732 in 3883.370s
	Calibrated mode 1338 / 1732 in 3886.265s
	Calibrated mode 1339 / 1732 in 3889.162s
	Calibrated mode 1340 / 1732 in 3892.051s
	Calibrated mode 1341 / 1732 in 3894.951s
	Calibrated mode 1342 / 1732 in 3897.846s
	Calibrated mode 1343 / 1732 in 3900.741s
	Calibrated mode 1344 / 1732 in 3903.686s
	Calibrated mode 1345 / 1732 in 3906.581s
	Calibrated mode 1346 / 1732 in 3909.473s
	Calibrated mode 1347 / 1732 in 3912.365s
	Calibrated mode 1348 / 1732 in 3915.257s
	Calibrated mode 1349 / 1732 in 3918.151s
	Calibrated mode 1350 / 1732 in 3921.049s
	Calibrated mode 1351 / 1732 in 3923.942s
	Calibrated mode 1352 / 1732 in 3926.835s
	Calibrated mode 1353 / 1732 in 3929.735s
	Calibrated mode 1354 / 1732 in 3932.628s
	Calibrated mode 1355 / 1732 in 3935.522s
	Calibrated mode 1356 / 1732 in 3938.479s
	Calibrated mode 1357 / 1732 in 3941.373s
	Calibrated mode 1358 / 1732 in 3944.266s
	Calibrated mode 1359 / 1732 in 3947.163s
	Calibrated mode 1360 / 1732 in 3950.060s
	Calibrated mode 1361 / 1732 in 3952.958s
	Calibrated mode 1362 / 1732 in 3955.856s
	Calibrated mode 1363 / 1732 in 3958.750s
	Calibrated mode 1364 / 1732 in 3961.642s
	Calibrated mode 1365 / 1732 in 3964.536s
	Calibrated mode 1366 / 1732 in 3967.433s
	Calibrated mode 1367 / 1732 in 3970.328s
	Calibrated mode 1368 / 1732 in 3973.281s
	Calibrated mode 1369 / 1732 in 3976.177s
	Calibrated mode 1370 / 1732 in 3979.067s
	Calibrated mode 1371 / 1732 in 3981.962s
	Calibrated mode 1372 / 1732 in 3984.857s
	Calibrated mode 1373 / 1732 in 3987.752s
	Calibrated mode 1374 / 1732 in 3990.649s
	Calibrated mode 1375 / 1732 in 3993.548s
	Calibrated mode 1376 / 1732 in 3996.448s
	Calibrated mode 1377 / 1732 in 3999.346s
	Calibrated mode 1378 / 1732 in 4002.246s
	Calibrated mode 1379 / 1732 in 4005.146s
	Calibrated mode 1380 / 1732 in 4008.090s
	Calibrated mode 1381 / 1732 in 4010.986s
	Calibrated mode 1382 / 1732 in 4013.883s
	Calibrated mode 1383 / 1732 in 4016.781s
	Calibrated mode 1384 / 1732 in 4019.676s
	Calibrated mode 1385 / 1732 in 4022.569s
	Calibrated mode 1386 / 1732 in 4025.466s
	Calibrated mode 1387 / 1732 in 4028.364s
	Calibrated mode 1388 / 1732 in 4031.262s
	Calibrated mode 1389 / 1732 in 4034.161s
	Calibrated mode 1390 / 1732 in 4037.061s
	Calibrated mode 1391 / 1732 in 4039.959s
	Calibrated mode 1392 / 1732 in 4042.913s
	Calibrated mode 1393 / 1732 in 4045.815s
	Calibrated mode 1394 / 1732 in 4048.712s
	Calibrated mode 1395 / 1732 in 4051.610s
	Calibrated mode 1396 / 1732 in 4054.517s
	Calibrated mode 1397 / 1732 in 4057.414s
	Calibrated mode 1398 / 1732 in 4060.311s
	Calibrated mode 1399 / 1732 in 4063.212s
	Calibrated mode 1400 / 1732 in 4066.126s
	Calibrated mode 1401 / 1732 in 4069.025s
	Calibrated mode 1402 / 1732 in 4071.921s
	Calibrated mode 1403 / 1732 in 4074.820s
	Calibrated mode 1404 / 1732 in 4077.775s
	Calibrated mode 1405 / 1732 in 4080.676s
	Calibrated mode 1406 / 1732 in 4083.574s
	Calibrated mode 1407 / 1732 in 4086.470s
	Calibrated mode 1408 / 1732 in 4089.367s
	Calibrated mode 1409 / 1732 in 4092.263s
	Calibrated mode 1410 / 1732 in 4095.158s
	Calibrated mode 1411 / 1732 in 4098.057s
	Calibrated mode 1412 / 1732 in 4100.955s
	Calibrated mode 1413 / 1732 in 4103.847s
	Calibrated mode 1414 / 1732 in 4106.744s
	Calibrated mode 1415 / 1732 in 4109.642s
	Calibrated mode 1416 / 1732 in 4112.588s
	Calibrated mode 1417 / 1732 in 4115.487s
	Calibrated mode 1418 / 1732 in 4118.382s
	Calibrated mode 1419 / 1732 in 4121.282s
	Calibrated mode 1420 / 1732 in 4124.177s
	Calibrated mode 1421 / 1732 in 4127.074s
	Calibrated mode 1422 / 1732 in 4129.971s
	Calibrated mode 1423 / 1732 in 4132.867s
	Calibrated mode 1424 / 1732 in 4135.761s
	Calibrated mode 1425 / 1732 in 4138.716s
	Calibrated mode 1426 / 1732 in 4141.618s
	Calibrated mode 1427 / 1732 in 4144.578s
	Calibrated mode 1428 / 1732 in 4147.467s
	Calibrated mode 1429 / 1732 in 4150.364s
	Calibrated mode 1430 / 1732 in 4153.264s
	Calibrated mode 1431 / 1732 in 4156.159s
	Calibrated mode 1432 / 1732 in 4159.056s
	Calibrated mode 1433 / 1732 in 4161.950s
	Calibrated mode 1434 / 1732 in 4164.847s
	Calibrated mode 1435 / 1732 in 4167.746s
	Calibrated mode 1436 / 1732 in 4170.640s
	Calibrated mode 1437 / 1732 in 4173.532s
	Calibrated mode 1438 / 1732 in 4176.432s
	Calibrated mode 1439 / 1732 in 4179.381s
	Calibrated mode 1440 / 1732 in 4182.275s
	Calibrated mode 1441 / 1732 in 4185.175s
	Calibrated mode 1442 / 1732 in 4188.070s
	Calibrated mode 1443 / 1732 in 4190.968s
	Calibrated mode 1444 / 1732 in 4193.866s
	Calibrated mode 1445 / 1732 in 4196.764s
	Calibrated mode 1446 / 1732 in 4199.670s
	Calibrated mode 1447 / 1732 in 4202.569s
	Calibrated mode 1448 / 1732 in 4205.467s
	Calibrated mode 1449 / 1732 in 4208.363s
	Calibrated mode 1450 / 1732 in 4211.258s
	Calibrated mode 1451 / 1732 in 4214.203s
	Calibrated mode 1452 / 1732 in 4217.098s
	Calibrated mode 1453 / 1732 in 4219.996s
	Calibrated mode 1454 / 1732 in 4222.887s
	Calibrated mode 1455 / 1732 in 4225.784s
	Calibrated mode 1456 / 1732 in 4228.682s
	Calibrated mode 1457 / 1732 in 4231.575s
	Calibrated mode 1458 / 1732 in 4234.473s
	Calibrated mode 1459 / 1732 in 4237.368s
	Calibrated mode 1460 / 1732 in 4240.265s
	Calibrated mode 1461 / 1732 in 4243.160s
	Calibrated mode 1462 / 1732 in 4246.055s
	Calibrated mode 1463 / 1732 in 4249.014s
	Calibrated mode 1464 / 1732 in 4251.911s
	Calibrated mode 1465 / 1732 in 4254.807s
	Calibrated mode 1466 / 1732 in 4257.704s
	Calibrated mode 1467 / 1732 in 4260.603s
	Calibrated mode 1468 / 1732 in 4263.498s
	Calibrated mode 1469 / 1732 in 4266.392s
	Calibrated mode 1470 / 1732 in 4269.289s
	Calibrated mode 1471 / 1732 in 4272.187s
	Calibrated mode 1472 / 1732 in 4275.083s
	Calibrated mode 1473 / 1732 in 4277.983s
	Calibrated mode 1474 / 1732 in 4280.879s
	Calibrated mode 1475 / 1732 in 4283.838s
	Calibrated mode 1476 / 1732 in 4286.734s
	Calibrated mode 1477 / 1732 in 4289.628s
	Calibrated mode 1478 / 1732 in 4292.522s
	Calibrated mode 1479 / 1732 in 4295.422s
	Calibrated mode 1480 / 1732 in 4298.317s
	Calibrated mode 1481 / 1732 in 4301.215s
	Calibrated mode 1482 / 1732 in 4304.112s
	Calibrated mode 1483 / 1732 in 4307.007s
	Calibrated mode 1484 / 1732 in 4309.902s
	Calibrated mode 1485 / 1732 in 4312.795s
	Calibrated mode 1486 / 1732 in 4315.696s
	Calibrated mode 1487 / 1732 in 4318.646s
	Calibrated mode 1488 / 1732 in 4321.546s
	Calibrated mode 1489 / 1732 in 4324.444s
	Calibrated mode 1490 / 1732 in 4327.343s
	Calibrated mode 1491 / 1732 in 4330.240s
	Calibrated mode 1492 / 1732 in 4333.146s
	Calibrated mode 1493 / 1732 in 4336.039s
	Calibrated mode 1494 / 1732 in 4338.941s
	Calibrated mode 1495 / 1732 in 4341.837s
	Calibrated mode 1496 / 1732 in 4344.731s
	Calibrated mode 1497 / 1732 in 4347.630s
	Calibrated mode 1498 / 1732 in 4350.527s
	Calibrated mode 1499 / 1732 in 4353.482s
	Calibrated mode 1500 / 1732 in 4356.380s
	Calibrated mode 1501 / 1732 in 4359.277s
	Calibrated mode 1502 / 1732 in 4362.182s
	Calibrated mode 1503 / 1732 in 4365.102s
	Calibrated mode 1504 / 1732 in 4368.002s
	Calibrated mode 1505 / 1732 in 4370.905s
	Calibrated mode 1506 / 1732 in 4373.805s
	Calibrated mode 1507 / 1732 in 4376.704s
	Calibrated mode 1508 / 1732 in 4379.601s
	Calibrated mode 1509 / 1732 in 4382.499s
	Calibrated mode 1510 / 1732 in 4385.393s
	Calibrated mode 1511 / 1732 in 4388.357s
	Calibrated mode 1512 / 1732 in 4391.254s
	Calibrated mode 1513 / 1732 in 4394.157s
	Calibrated mode 1514 / 1732 in 4397.055s
	Calibrated mode 1515 / 1732 in 4399.952s
	Calibrated mode 1516 / 1732 in 4402.848s
	Calibrated mode 1517 / 1732 in 4405.746s
	Calibrated mode 1518 / 1732 in 4408.637s
	Calibrated mode 1519 / 1732 in 4411.531s
	Calibrated mode 1520 / 1732 in 4414.431s
	Calibrated mode 1521 / 1732 in 4417.330s
	Calibrated mode 1522 / 1732 in 4420.234s
	Calibrated mode 1523 / 1732 in 4423.183s
	Calibrated mode 1524 / 1732 in 4426.079s
	Calibrated mode 1525 / 1732 in 4428.973s
	Calibrated mode 1526 / 1732 in 4431.870s
	Calibrated mode 1527 / 1732 in 4434.769s
	Calibrated mode 1528 / 1732 in 4437.662s
	Calibrated mode 1529 / 1732 in 4440.566s
	Calibrated mode 1530 / 1732 in 4443.475s
	Calibrated mode 1531 / 1732 in 4446.372s
	Calibrated mode 1532 / 1732 in 4449.294s
	Calibrated mode 1533 / 1732 in 4452.187s
	Calibrated mode 1534 / 1732 in 4455.082s
	Calibrated mode 1535 / 1732 in 4458.037s
	Calibrated mode 1536 / 1732 in 4460.930s
	Calibrated mode 1537 / 1732 in 4463.822s
	Calibrated mode 1538 / 1732 in 4466.720s
	Calibrated mode 1539 / 1732 in 4469.616s
	Calibrated mode 1540 / 1732 in 4472.513s
	Calibrated mode 1541 / 1732 in 4475.413s
	Calibrated mode 1542 / 1732 in 4478.310s
	Calibrated mode 1543 / 1732 in 4481.205s
	Calibrated mode 1544 / 1732 in 4484.104s
	Calibrated mode 1545 / 1732 in 4486.998s
	Calibrated mode 1546 / 1732 in 4489.955s
	Calibrated mode 1547 / 1732 in 4492.845s
	Calibrated mode 1548 / 1732 in 4495.739s
	Calibrated mode 1549 / 1732 in 4498.628s
	Calibrated mode 1550 / 1732 in 4501.526s
	Calibrated mode 1551 / 1732 in 4504.422s
	Calibrated mode 1552 / 1732 in 4507.319s
	Calibrated mode 1553 / 1732 in 4510.219s
	Calibrated mode 1554 / 1732 in 4513.115s
	Calibrated mode 1555 / 1732 in 4516.007s
	Calibrated mode 1556 / 1732 in 4518.897s
	Calibrated mode 1557 / 1732 in 4521.793s
	Calibrated mode 1558 / 1732 in 4524.743s
	Calibrated mode 1559 / 1732 in 4527.637s
	Calibrated mode 1560 / 1732 in 4530.531s
	Calibrated mode 1561 / 1732 in 4533.423s
	Calibrated mode 1562 / 1732 in 4536.317s
	Calibrated mode 1563 / 1732 in 4539.209s
	Calibrated mode 1564 / 1732 in 4542.101s
	Calibrated mode 1565 / 1732 in 4544.989s
	Calibrated mode 1566 / 1732 in 4547.880s
	Calibrated mode 1567 / 1732 in 4550.771s
	Calibrated mode 1568 / 1732 in 4553.664s
	Calibrated mode 1569 / 1732 in 4556.558s
	Calibrated mode 1570 / 1732 in 4559.508s
	Calibrated mode 1571 / 1732 in 4562.404s
	Calibrated mode 1572 / 1732 in 4565.296s
	Calibrated mode 1573 / 1732 in 4568.186s
	Calibrated mode 1574 / 1732 in 4571.075s
	Calibrated mode 1575 / 1732 in 4573.965s
	Calibrated mode 1576 / 1732 in 4576.860s
	Calibrated mode 1577 / 1732 in 4579.751s
	Calibrated mode 1578 / 1732 in 4582.646s
	Calibrated mode 1579 / 1732 in 4585.538s
	Calibrated mode 1580 / 1732 in 4588.429s
	Calibrated mode 1581 / 1732 in 4591.380s
	Calibrated mode 1582 / 1732 in 4594.271s
	Calibrated mode 1583 / 1732 in 4597.162s
	Calibrated mode 1584 / 1732 in 4600.050s
	Calibrated mode 1585 / 1732 in 4602.953s
	Calibrated mode 1586 / 1732 in 4605.848s
	Calibrated mode 1587 / 1732 in 4608.737s
	Calibrated mode 1588 / 1732 in 4611.627s
	Calibrated mode 1589 / 1732 in 4614.522s
	Calibrated mode 1590 / 1732 in 4617.416s
	Calibrated mode 1591 / 1732 in 4620.309s
	Calibrated mode 1592 / 1732 in 4623.209s
	Calibrated mode 1593 / 1732 in 4626.160s
	Calibrated mode 1594 / 1732 in 4629.051s
	Calibrated mode 1595 / 1732 in 4631.943s
	Calibrated mode 1596 / 1732 in 4634.841s
	Calibrated mode 1597 / 1732 in 4637.729s
	Calibrated mode 1598 / 1732 in 4640.618s
	Calibrated mode 1599 / 1732 in 4643.508s
	Calibrated mode 1600 / 1732 in 4646.402s
	Calibrated mode 1601 / 1732 in 4649.294s
	Calibrated mode 1602 / 1732 in 4652.187s
	Calibrated mode 1603 / 1732 in 4655.082s
	Calibrated mode 1604 / 1732 in 4658.038s
	Calibrated mode 1605 / 1732 in 4660.928s
	Calibrated mode 1606 / 1732 in 4663.820s
	Calibrated mode 1607 / 1732 in 4666.712s
	Calibrated mode 1608 / 1732 in 4669.604s
	Calibrated mode 1609 / 1732 in 4672.492s
	Calibrated mode 1610 / 1732 in 4675.383s
	Calibrated mode 1611 / 1732 in 4678.274s
	Calibrated mode 1612 / 1732 in 4681.183s
	Calibrated mode 1613 / 1732 in 4684.079s
	Calibrated mode 1614 / 1732 in 4686.971s
	Calibrated mode 1615 / 1732 in 4689.864s
	Calibrated mode 1616 / 1732 in 4692.821s
	Calibrated mode 1617 / 1732 in 4695.713s
	Calibrated mode 1618 / 1732 in 4698.605s
	Calibrated mode 1619 / 1732 in 4701.495s
	Calibrated mode 1620 / 1732 in 4704.384s
	Calibrated mode 1621 / 1732 in 4707.273s
	Calibrated mode 1622 / 1732 in 4710.158s
	Calibrated mode 1623 / 1732 in 4713.048s
	Calibrated mode 1624 / 1732 in 4715.949s
	Calibrated mode 1625 / 1732 in 4718.846s
	Calibrated mode 1626 / 1732 in 4721.737s
	Calibrated mode 1627 / 1732 in 4724.630s
	Calibrated mode 1628 / 1732 in 4727.579s
	Calibrated mode 1629 / 1732 in 4730.466s
	Calibrated mode 1630 / 1732 in 4733.354s
	Calibrated mode 1631 / 1732 in 4736.242s
	Calibrated mode 1632 / 1732 in 4739.134s
	Calibrated mode 1633 / 1732 in 4742.029s
	Calibrated mode 1634 / 1732 in 4744.918s
	Calibrated mode 1635 / 1732 in 4747.809s
	Calibrated mode 1636 / 1732 in 4750.701s
	Calibrated mode 1637 / 1732 in 4753.594s
	Calibrated mode 1638 / 1732 in 4756.482s
	Calibrated mode 1639 / 1732 in 4759.436s
	Calibrated mode 1640 / 1732 in 4762.323s
	Calibrated mode 1641 / 1732 in 4765.212s
	Calibrated mode 1642 / 1732 in 4768.098s
	Calibrated mode 1643 / 1732 in 4770.987s
	Calibrated mode 1644 / 1732 in 4773.877s
	Calibrated mode 1645 / 1732 in 4776.774s
	Calibrated mode 1646 / 1732 in 4779.663s
	Calibrated mode 1647 / 1732 in 4782.551s
	Calibrated mode 1648 / 1732 in 4785.447s
	Calibrated mode 1649 / 1732 in 4788.341s
	Calibrated mode 1650 / 1732 in 4791.229s
	Calibrated mode 1651 / 1732 in 4794.181s
	Calibrated mode 1652 / 1732 in 4797.070s
	Calibrated mode 1653 / 1732 in 4799.959s
	Calibrated mode 1654 / 1732 in 4802.848s
	Calibrated mode 1655 / 1732 in 4805.738s
	Calibrated mode 1656 / 1732 in 4808.625s
	Calibrated mode 1657 / 1732 in 4811.515s
	Calibrated mode 1658 / 1732 in 4814.480s
	Calibrated mode 1659 / 1732 in 4817.373s
	Calibrated mode 1660 / 1732 in 4820.263s
	Calibrated mode 1661 / 1732 in 4823.151s
	Calibrated mode 1662 / 1732 in 4826.040s
	Calibrated mode 1663 / 1732 in 4828.979s
	Calibrated mode 1664 / 1732 in 4831.869s
	Calibrated mode 1665 / 1732 in 4834.763s
	Calibrated mode 1666 / 1732 in 4837.658s
	Calibrated mode 1667 / 1732 in 4840.546s
	Calibrated mode 1668 / 1732 in 4843.437s
	Calibrated mode 1669 / 1732 in 4846.326s
	Calibrated mode 1670 / 1732 in 4849.215s
	Calibrated mode 1671 / 1732 in 4852.105s
	Calibrated mode 1672 / 1732 in 4854.995s
	Calibrated mode 1673 / 1732 in 4857.887s
	Calibrated mode 1674 / 1732 in 4860.782s
	Calibrated mode 1675 / 1732 in 4863.735s
	Calibrated mode 1676 / 1732 in 4866.623s
	Calibrated mode 1677 / 1732 in 4869.512s
	Calibrated mode 1678 / 1732 in 4872.405s
	Calibrated mode 1679 / 1732 in 4875.298s
	Calibrated mode 1680 / 1732 in 4878.190s
	Calibrated mode 1681 / 1732 in 4881.082s
	Calibrated mode 1682 / 1732 in 4883.978s
	Calibrated mode 1683 / 1732 in 4886.878s
	Calibrated mode 1684 / 1732 in 4889.773s
	Calibrated mode 1685 / 1732 in 4892.673s
	Calibrated mode 1686 / 1732 in 4895.625s
	Calibrated mode 1687 / 1732 in 4898.511s
	Calibrated mode 1688 / 1732 in 4901.402s
	Calibrated mode 1689 / 1732 in 4904.292s
	Calibrated mode 1690 / 1732 in 4907.183s
	Calibrated mode 1691 / 1732 in 4910.073s
	Calibrated mode 1692 / 1732 in 4912.961s
	Calibrated mode 1693 / 1732 in 4915.854s
	Calibrated mode 1694 / 1732 in 4918.742s
	Calibrated mode 1695 / 1732 in 4921.636s
	Calibrated mode 1696 / 1732 in 4924.529s
	Calibrated mode 1697 / 1732 in 4927.417s
	Calibrated mode 1698 / 1732 in 4930.361s
	Calibrated mode 1699 / 1732 in 4933.253s
	Calibrated mode 1700 / 1732 in 4936.147s
	Calibrated mode 1701 / 1732 in 4939.037s
	Calibrated mode 1702 / 1732 in 4941.924s
	Calibrated mode 1703 / 1732 in 4944.816s
	Calibrated mode 1704 / 1732 in 4947.707s
	Calibrated mode 1705 / 1732 in 4950.599s
	Calibrated mode 1706 / 1732 in 4953.490s
	Calibrated mode 1707 / 1732 in 4956.383s
	Calibrated mode 1708 / 1732 in 4959.276s
	Calibrated mode 1709 / 1732 in 4962.167s
	Calibrated mode 1710 / 1732 in 4965.112s
	Calibrated mode 1711 / 1732 in 4968.002s
	Calibrated mode 1712 / 1732 in 4970.895s
	Calibrated mode 1713 / 1732 in 4973.783s
	Calibrated mode 1714 / 1732 in 4976.679s
	Calibrated mode 1715 / 1732 in 4979.567s
	Calibrated mode 1716 / 1732 in 4982.455s
	Calibrated mode 1717 / 1732 in 4985.343s
	Calibrated mode 1718 / 1732 in 4988.230s
	Calibrated mode 1719 / 1732 in 4991.122s
	Calibrated mode 1720 / 1732 in 4994.016s
	Calibrated mode 1721 / 1732 in 4996.907s
	Calibrated mode 1722 / 1732 in 4999.862s
	Calibrated mode 1723 / 1732 in 5002.762s
	Calibrated mode 1724 / 1732 in 5005.652s
	Calibrated mode 1725 / 1732 in 5008.542s
	Calibrated mode 1726 / 1732 in 5011.430s
	Calibrated mode 1727 / 1732 in 5014.319s
	Calibrated mode 1728 / 1732 in 5017.206s
	Calibrated mode 1729 / 1732 in 5020.092s
	Calibrated mode 1730 / 1732 in 5022.982s
	Calibrated mode 1731 / 1732 in 5025.877s
	Calibrated mode 1732 / 1732 in 5028.764s
Calibration complete.
Saved data to:  /groups/douglase/kians-data-files/roman-cgi-iefc-data/response-data/spc-wide_2dm_annular_2poke_fourier.pkl
Saved data to:  /groups/douglase/kians-data-files/roman-cgi-iefc-data/calibration-data/spc-wide_2dm_annular_2poke_fourier.pkl
Detailed performance metrics for this job will be available at https://metrics.hpc.arizona.edu/#job_viewer?action=show&realm=SUPREMM&resource_id=73&local_job_id=6483027 by 8am on 2023/02/10.
