INFO:numexpr.utils:Note: detected 96 virtual cores but NumExpr set to maximum of 64, check "NUMEXPR_MAX_THREADS" environment variable.
INFO:numexpr.utils:Note: NumExpr detected 96 cores but "NUMEXPR_MAX_THREADS" not set, so enforcing safe limit of 8.
3826008.430443305
(1836, 2304) (918, 2)
Calibrating I-EFC...
	Calibrated mode 1 / 1836 in 8.447s
	Calibrated mode 2 / 1836 in 16.885s
	Calibrated mode 3 / 1836 in 25.326s
	Calibrated mode 4 / 1836 in 33.767s
	Calibrated mode 5 / 1836 in 42.265s
	Calibrated mode 6 / 1836 in 50.704s
	Calibrated mode 7 / 1836 in 59.150s
	Calibrated mode 8 / 1836 in 67.594s
	Calibrated mode 9 / 1836 in 76.105s
	Calibrated mode 10 / 1836 in 84.542s
	Calibrated mode 11 / 1836 in 92.981s
	Calibrated mode 12 / 1836 in 101.420s
	Calibrated mode 13 / 1836 in 109.930s
	Calibrated mode 14 / 1836 in 118.366s
	Calibrated mode 15 / 1836 in 126.822s
	Calibrated mode 16 / 1836 in 135.266s
	Calibrated mode 17 / 1836 in 143.713s
	Calibrated mode 18 / 1836 in 152.207s
	Calibrated mode 19 / 1836 in 160.647s
	Calibrated mode 20 / 1836 in 169.090s
	Calibrated mode 21 / 1836 in 177.535s
	Calibrated mode 22 / 1836 in 186.040s
	Calibrated mode 23 / 1836 in 194.476s
	Calibrated mode 24 / 1836 in 202.922s
	Calibrated mode 25 / 1836 in 211.362s
	Calibrated mode 26 / 1836 in 219.799s
	Calibrated mode 27 / 1836 in 228.294s
	Calibrated mode 28 / 1836 in 236.735s
	Calibrated mode 29 / 1836 in 245.268s
	Calibrated mode 30 / 1836 in 253.722s
	Calibrated mode 31 / 1836 in 262.227s
	Calibrated mode 32 / 1836 in 270.669s
	Calibrated mode 33 / 1836 in 279.115s
	Calibrated mode 34 / 1836 in 287.558s
	Calibrated mode 35 / 1836 in 296.062s
	Calibrated mode 36 / 1836 in 304.493s
	Calibrated mode 37 / 1836 in 312.932s
	Calibrated mode 38 / 1836 in 321.367s
	Calibrated mode 39 / 1836 in 329.810s
	Calibrated mode 40 / 1836 in 338.299s
	Calibrated mode 41 / 1836 in 346.740s
	Calibrated mode 42 / 1836 in 355.188s
	Calibrated mode 43 / 1836 in 363.644s
	Calibrated mode 44 / 1836 in 372.137s
	Calibrated mode 45 / 1836 in 380.570s
	Calibrated mode 46 / 1836 in 389.004s
	Calibrated mode 47 / 1836 in 397.441s
	Calibrated mode 48 / 1836 in 405.941s
	Calibrated mode 49 / 1836 in 414.375s
	Calibrated mode 50 / 1836 in 422.813s
	Calibrated mode 51 / 1836 in 431.255s
	Calibrated mode 52 / 1836 in 439.698s
	Calibrated mode 53 / 1836 in 448.201s
	Calibrated mode 54 / 1836 in 456.632s
	Calibrated mode 55 / 1836 in 465.072s
	Calibrated mode 56 / 1836 in 473.511s
	Calibrated mode 57 / 1836 in 482.195s
	Calibrated mode 58 / 1836 in 490.631s
	Calibrated mode 59 / 1836 in 499.070s
	Calibrated mode 60 / 1836 in 507.517s
	Calibrated mode 61 / 1836 in 516.024s
	Calibrated mode 62 / 1836 in 524.465s
	Calibrated mode 63 / 1836 in 532.904s
	Calibrated mode 64 / 1836 in 541.355s
	Calibrated mode 65 / 1836 in 549.796s
	Calibrated mode 66 / 1836 in 558.293s
	Calibrated mode 67 / 1836 in 566.730s
	Calibrated mode 68 / 1836 in 575.166s
	Calibrated mode 69 / 1836 in 583.605s
	Calibrated mode 70 / 1836 in 592.115s
	Calibrated mode 71 / 1836 in 600.551s
	Calibrated mode 72 / 1836 in 608.987s
	Calibrated mode 73 / 1836 in 617.427s
	Calibrated mode 74 / 1836 in 625.872s
	Calibrated mode 75 / 1836 in 634.365s
	Calibrated mode 76 / 1836 in 642.808s
	Calibrated mode 77 / 1836 in 651.250s
	Calibrated mode 78 / 1836 in 659.694s
	Calibrated mode 79 / 1836 in 668.198s
	Calibrated mode 80 / 1836 in 676.634s
	Calibrated mode 81 / 1836 in 685.072s
	Calibrated mode 82 / 1836 in 693.512s
	Calibrated mode 83 / 1836 in 702.017s
	Calibrated mode 84 / 1836 in 710.451s
	Calibrated mode 85 / 1836 in 718.889s
	Calibrated mode 86 / 1836 in 727.334s
	Calibrated mode 87 / 1836 in 735.776s
	Calibrated mode 88 / 1836 in 744.282s
	Calibrated mode 89 / 1836 in 752.740s
	Calibrated mode 90 / 1836 in 761.176s
	Calibrated mode 91 / 1836 in 769.626s
	Calibrated mode 92 / 1836 in 778.133s
	Calibrated mode 93 / 1836 in 786.568s
	Calibrated mode 94 / 1836 in 795.001s
	Calibrated mode 95 / 1836 in 803.438s
	Calibrated mode 96 / 1836 in 811.876s
	Calibrated mode 97 / 1836 in 820.377s
	Calibrated mode 98 / 1836 in 828.820s
	Calibrated mode 99 / 1836 in 837.264s
	Calibrated mode 100 / 1836 in 845.696s
	Calibrated mode 101 / 1836 in 854.180s
	Calibrated mode 102 / 1836 in 862.601s
	Calibrated mode 103 / 1836 in 871.020s
	Calibrated mode 104 / 1836 in 879.452s
	Calibrated mode 105 / 1836 in 887.949s
	Calibrated mode 106 / 1836 in 896.375s
	Calibrated mode 107 / 1836 in 904.804s
	Calibrated mode 108 / 1836 in 913.230s
	Calibrated mode 109 / 1836 in 921.658s
	Calibrated mode 110 / 1836 in 930.138s
	Calibrated mode 111 / 1836 in 938.560s
	Calibrated mode 112 / 1836 in 946.976s
	Calibrated mode 113 / 1836 in 955.396s
	Calibrated mode 114 / 1836 in 963.882s
	Calibrated mode 115 / 1836 in 972.299s
	Calibrated mode 116 / 1836 in 980.720s
	Calibrated mode 117 / 1836 in 989.155s
	Calibrated mode 118 / 1836 in 997.607s
	Calibrated mode 119 / 1836 in 1006.116s
	Calibrated mode 120 / 1836 in 1014.566s
	Calibrated mode 121 / 1836 in 1023.010s
	Calibrated mode 122 / 1836 in 1031.466s
	Calibrated mode 123 / 1836 in 1039.997s
	Calibrated mode 124 / 1836 in 1048.458s
	Calibrated mode 125 / 1836 in 1056.913s
	Calibrated mode 126 / 1836 in 1065.374s
	Calibrated mode 127 / 1836 in 1073.892s
	Calibrated mode 128 / 1836 in 1082.342s
	Calibrated mode 129 / 1836 in 1090.797s
	Calibrated mode 130 / 1836 in 1099.244s
	Calibrated mode 131 / 1836 in 1107.693s
	Calibrated mode 132 / 1836 in 1116.196s
	Calibrated mode 133 / 1836 in 1124.649s
	Calibrated mode 134 / 1836 in 1133.100s
	Calibrated mode 135 / 1836 in 1141.554s
	Calibrated mode 136 / 1836 in 1150.067s
	Calibrated mode 137 / 1836 in 1158.513s
	Calibrated mode 138 / 1836 in 1166.981s
	Calibrated mode 139 / 1836 in 1175.441s
	Calibrated mode 140 / 1836 in 1183.900s
	Calibrated mode 141 / 1836 in 1192.410s
	Calibrated mode 142 / 1836 in 1200.864s
	Calibrated mode 143 / 1836 in 1209.319s
	Calibrated mode 144 / 1836 in 1217.776s
	Calibrated mode 145 / 1836 in 1226.309s
	Calibrated mode 146 / 1836 in 1234.761s
	Calibrated mode 147 / 1836 in 1243.221s
	Calibrated mode 148 / 1836 in 1251.676s
	Calibrated mode 149 / 1836 in 1260.204s
	Calibrated mode 150 / 1836 in 1268.723s
	Calibrated mode 151 / 1836 in 1277.174s
	Calibrated mode 152 / 1836 in 1285.615s
	Calibrated mode 153 / 1836 in 1294.074s
	Calibrated mode 154 / 1836 in 1302.588s
	Calibrated mode 155 / 1836 in 1311.040s
	Calibrated mode 156 / 1836 in 1319.505s
	Calibrated mode 157 / 1836 in 1327.958s
	Calibrated mode 158 / 1836 in 1336.479s
	Calibrated mode 159 / 1836 in 1344.926s
	Calibrated mode 160 / 1836 in 1353.382s
	Calibrated mode 161 / 1836 in 1361.826s
	Calibrated mode 162 / 1836 in 1370.270s
	Calibrated mode 163 / 1836 in 1378.778s
	Calibrated mode 164 / 1836 in 1387.218s
	Calibrated mode 165 / 1836 in 1395.665s
	Calibrated mode 166 / 1836 in 1404.132s
	Calibrated mode 167 / 1836 in 1412.693s
	Calibrated mode 168 / 1836 in 1421.131s
	Calibrated mode 169 / 1836 in 1429.579s
	Calibrated mode 170 / 1836 in 1438.020s
	Calibrated mode 171 / 1836 in 1446.524s
	Calibrated mode 172 / 1836 in 1454.964s
	Calibrated mode 173 / 1836 in 1463.411s
	Calibrated mode 174 / 1836 in 1471.864s
	Calibrated mode 175 / 1836 in 1480.330s
	Calibrated mode 176 / 1836 in 1488.850s
	Calibrated mode 177 / 1836 in 1497.321s
	Calibrated mode 178 / 1836 in 1505.779s
	Calibrated mode 179 / 1836 in 1514.247s
	Calibrated mode 180 / 1836 in 1522.788s
	Calibrated mode 181 / 1836 in 1531.234s
	Calibrated mode 182 / 1836 in 1539.718s
	Calibrated mode 183 / 1836 in 1548.183s
	Calibrated mode 184 / 1836 in 1556.634s
	Calibrated mode 185 / 1836 in 1565.171s
	Calibrated mode 186 / 1836 in 1573.626s
	Calibrated mode 187 / 1836 in 1582.077s
	Calibrated mode 188 / 1836 in 1590.528s
	Calibrated mode 189 / 1836 in 1599.053s
	Calibrated mode 190 / 1836 in 1607.491s
	Calibrated mode 191 / 1836 in 1615.934s
	Calibrated mode 192 / 1836 in 1624.376s
	Calibrated mode 193 / 1836 in 1632.904s
	Calibrated mode 194 / 1836 in 1641.361s
	Calibrated mode 195 / 1836 in 1649.826s
	Calibrated mode 196 / 1836 in 1658.284s
	Calibrated mode 197 / 1836 in 1666.725s
	Calibrated mode 198 / 1836 in 1675.249s
	Calibrated mode 199 / 1836 in 1683.703s
	Calibrated mode 200 / 1836 in 1692.159s
	Calibrated mode 201 / 1836 in 1700.602s
	Calibrated mode 202 / 1836 in 1709.105s
	Calibrated mode 203 / 1836 in 1717.539s
	Calibrated mode 204 / 1836 in 1725.975s
	Calibrated mode 205 / 1836 in 1734.414s
	Calibrated mode 206 / 1836 in 1742.860s
	Calibrated mode 207 / 1836 in 1751.385s
	Calibrated mode 208 / 1836 in 1759.829s
	Calibrated mode 209 / 1836 in 1768.261s
	Calibrated mode 210 / 1836 in 1776.725s
	Calibrated mode 211 / 1836 in 1785.243s
	Calibrated mode 212 / 1836 in 1793.681s
	Calibrated mode 213 / 1836 in 1802.129s
	Calibrated mode 214 / 1836 in 1810.591s
	Calibrated mode 215 / 1836 in 1819.112s
	Calibrated mode 216 / 1836 in 1827.572s
	Calibrated mode 217 / 1836 in 1836.013s
	Calibrated mode 218 / 1836 in 1844.461s
	Calibrated mode 219 / 1836 in 1852.915s
	Calibrated mode 220 / 1836 in 1861.425s
	Calibrated mode 221 / 1836 in 1869.874s
	Calibrated mode 222 / 1836 in 1878.316s
	Calibrated mode 223 / 1836 in 1886.766s
	Calibrated mode 224 / 1836 in 1895.274s
	Calibrated mode 225 / 1836 in 1903.712s
	Calibrated mode 226 / 1836 in 1912.163s
	Calibrated mode 227 / 1836 in 1920.613s
	Calibrated mode 228 / 1836 in 1929.060s
	Calibrated mode 229 / 1836 in 1937.581s
	Calibrated mode 230 / 1836 in 1946.031s
	Calibrated mode 231 / 1836 in 1954.472s
	Calibrated mode 232 / 1836 in 1962.917s
	Calibrated mode 233 / 1836 in 1971.427s
	Calibrated mode 234 / 1836 in 1979.876s
	Calibrated mode 235 / 1836 in 1988.327s
	Calibrated mode 236 / 1836 in 1996.764s
	Calibrated mode 237 / 1836 in 2005.274s
	Calibrated mode 238 / 1836 in 2013.718s
	Calibrated mode 239 / 1836 in 2022.159s
	Calibrated mode 240 / 1836 in 2030.597s
	Calibrated mode 241 / 1836 in 2039.049s
	Calibrated mode 242 / 1836 in 2047.568s
	Calibrated mode 243 / 1836 in 2056.008s
	Calibrated mode 244 / 1836 in 2064.440s
	Calibrated mode 245 / 1836 in 2072.884s
	Calibrated mode 246 / 1836 in 2081.385s
	Calibrated mode 247 / 1836 in 2089.827s
	Calibrated mode 248 / 1836 in 2098.265s
	Calibrated mode 249 / 1836 in 2106.727s
	Calibrated mode 250 / 1836 in 2115.182s
	Calibrated mode 251 / 1836 in 2123.688s
	Calibrated mode 252 / 1836 in 2132.141s
	Calibrated mode 253 / 1836 in 2140.587s
	Calibrated mode 254 / 1836 in 2149.032s
	Calibrated mode 255 / 1836 in 2157.556s
	Calibrated mode 256 / 1836 in 2166.003s
	Calibrated mode 257 / 1836 in 2174.446s
	Calibrated mode 258 / 1836 in 2182.889s
	Calibrated mode 259 / 1836 in 2191.406s
	Calibrated mode 260 / 1836 in 2199.835s
	Calibrated mode 261 / 1836 in 2208.271s
	Calibrated mode 262 / 1836 in 2216.720s
	Calibrated mode 263 / 1836 in 2225.169s
	Calibrated mode 264 / 1836 in 2233.686s
	Calibrated mode 265 / 1836 in 2242.127s
	Calibrated mode 266 / 1836 in 2250.572s
	Calibrated mode 267 / 1836 in 2259.029s
	Calibrated mode 268 / 1836 in 2267.537s
	Calibrated mode 269 / 1836 in 2275.994s
	Calibrated mode 270 / 1836 in 2284.443s
	Calibrated mode 271 / 1836 in 2292.895s
	Calibrated mode 272 / 1836 in 2301.333s
	Calibrated mode 273 / 1836 in 2309.854s
	Calibrated mode 274 / 1836 in 2318.308s
	Calibrated mode 275 / 1836 in 2326.771s
	Calibrated mode 276 / 1836 in 2335.225s
	Calibrated mode 277 / 1836 in 2343.738s
	Calibrated mode 278 / 1836 in 2352.179s
	Calibrated mode 279 / 1836 in 2360.636s
	Calibrated mode 280 / 1836 in 2369.090s
	Calibrated mode 281 / 1836 in 2377.611s
	Calibrated mode 282 / 1836 in 2386.066s
	Calibrated mode 283 / 1836 in 2394.503s
	Calibrated mode 284 / 1836 in 2402.946s
	Calibrated mode 285 / 1836 in 2411.397s
	Calibrated mode 286 / 1836 in 2419.922s
	Calibrated mode 287 / 1836 in 2428.367s
	Calibrated mode 288 / 1836 in 2436.822s
	Calibrated mode 289 / 1836 in 2445.267s
	Calibrated mode 290 / 1836 in 2453.774s
	Calibrated mode 291 / 1836 in 2462.211s
	Calibrated mode 292 / 1836 in 2470.661s
	Calibrated mode 293 / 1836 in 2479.106s
	Calibrated mode 294 / 1836 in 2487.552s
	Calibrated mode 295 / 1836 in 2496.063s
	Calibrated mode 296 / 1836 in 2504.519s
	Calibrated mode 297 / 1836 in 2512.975s
	Calibrated mode 298 / 1836 in 2521.427s
	Calibrated mode 299 / 1836 in 2529.950s
	Calibrated mode 300 / 1836 in 2538.397s
	Calibrated mode 301 / 1836 in 2546.850s
	Calibrated mode 302 / 1836 in 2555.305s
	Calibrated mode 303 / 1836 in 2563.820s
	Calibrated mode 304 / 1836 in 2572.273s
	Calibrated mode 305 / 1836 in 2580.717s
	Calibrated mode 306 / 1836 in 2589.154s
	Calibrated mode 307 / 1836 in 2597.598s
	Calibrated mode 308 / 1836 in 2606.110s
	Calibrated mode 309 / 1836 in 2614.559s
	Calibrated mode 310 / 1836 in 2623.006s
	Calibrated mode 311 / 1836 in 2631.464s
	Calibrated mode 312 / 1836 in 2639.995s
	Calibrated mode 313 / 1836 in 2648.453s
	Calibrated mode 314 / 1836 in 2656.893s
	Calibrated mode 315 / 1836 in 2665.347s
	Calibrated mode 316 / 1836 in 2673.795s
	Calibrated mode 317 / 1836 in 2682.307s
	Calibrated mode 318 / 1836 in 2690.768s
	Calibrated mode 319 / 1836 in 2699.224s
	Calibrated mode 320 / 1836 in 2707.671s
	Calibrated mode 321 / 1836 in 2716.194s
	Calibrated mode 322 / 1836 in 2724.637s
	Calibrated mode 323 / 1836 in 2733.073s
	Calibrated mode 324 / 1836 in 2741.529s
	Calibrated mode 325 / 1836 in 2749.981s
	Calibrated mode 326 / 1836 in 2759.659s
	Calibrated mode 327 / 1836 in 2768.110s
	Calibrated mode 328 / 1836 in 2776.552s
	Calibrated mode 329 / 1836 in 2784.993s
	Calibrated mode 330 / 1836 in 2793.508s
	Calibrated mode 331 / 1836 in 2801.957s
	Calibrated mode 332 / 1836 in 2810.408s
	Calibrated mode 333 / 1836 in 2818.851s
	Calibrated mode 334 / 1836 in 2827.322s
	Calibrated mode 335 / 1836 in 2835.821s
	Calibrated mode 336 / 1836 in 2844.252s
	Calibrated mode 337 / 1836 in 2852.696s
	Calibrated mode 338 / 1836 in 2861.147s
	Calibrated mode 339 / 1836 in 2869.664s
	Calibrated mode 340 / 1836 in 2878.102s
	Calibrated mode 341 / 1836 in 2886.547s
	Calibrated mode 342 / 1836 in 2894.993s
	Calibrated mode 343 / 1836 in 2903.446s
	Calibrated mode 344 / 1836 in 2911.948s
	Calibrated mode 345 / 1836 in 2920.392s
	Calibrated mode 346 / 1836 in 2928.830s
	Calibrated mode 347 / 1836 in 2937.271s
	Calibrated mode 348 / 1836 in 2945.786s
	Calibrated mode 349 / 1836 in 2954.225s
	Calibrated mode 350 / 1836 in 2962.667s
	Calibrated mode 351 / 1836 in 2971.116s
	Calibrated mode 352 / 1836 in 2979.574s
	Calibrated mode 353 / 1836 in 2988.090s
	Calibrated mode 354 / 1836 in 2996.525s
	Calibrated mode 355 / 1836 in 3004.966s
	Calibrated mode 356 / 1836 in 3013.408s
	Calibrated mode 357 / 1836 in 3021.918s
	Calibrated mode 358 / 1836 in 3030.368s
	Calibrated mode 359 / 1836 in 3038.812s
	Calibrated mode 360 / 1836 in 3047.247s
	Calibrated mode 361 / 1836 in 3055.696s
	Calibrated mode 362 / 1836 in 3064.214s
	Calibrated mode 363 / 1836 in 3072.658s
	Calibrated mode 364 / 1836 in 3081.096s
	Calibrated mode 365 / 1836 in 3089.537s
	Calibrated mode 366 / 1836 in 3098.041s
	Calibrated mode 367 / 1836 in 3106.492s
	Calibrated mode 368 / 1836 in 3114.950s
	Calibrated mode 369 / 1836 in 3123.407s
	Calibrated mode 370 / 1836 in 3131.921s
	Calibrated mode 371 / 1836 in 3140.352s
	Calibrated mode 372 / 1836 in 3148.783s
	Calibrated mode 373 / 1836 in 3157.230s
	Calibrated mode 374 / 1836 in 3165.691s
	Calibrated mode 375 / 1836 in 3174.192s
	Calibrated mode 376 / 1836 in 3182.649s
	Calibrated mode 377 / 1836 in 3191.097s
	Calibrated mode 378 / 1836 in 3199.535s
	Calibrated mode 379 / 1836 in 3208.042s
	Calibrated mode 380 / 1836 in 3216.483s
	Calibrated mode 381 / 1836 in 3224.929s
	Calibrated mode 382 / 1836 in 3233.383s
	Calibrated mode 383 / 1836 in 3241.830s
	Calibrated mode 384 / 1836 in 3250.572s
	Calibrated mode 385 / 1836 in 3259.011s
	Calibrated mode 386 / 1836 in 3267.459s
	Calibrated mode 387 / 1836 in 3275.929s
	Calibrated mode 388 / 1836 in 3284.437s
	Calibrated mode 389 / 1836 in 3292.876s
	Calibrated mode 390 / 1836 in 3301.306s
	Calibrated mode 391 / 1836 in 3309.752s
	Calibrated mode 392 / 1836 in 3318.263s
	Calibrated mode 393 / 1836 in 3326.711s
	Calibrated mode 394 / 1836 in 3335.154s
	Calibrated mode 395 / 1836 in 3343.603s
	Calibrated mode 396 / 1836 in 3352.050s
	Calibrated mode 397 / 1836 in 3360.558s
	Calibrated mode 398 / 1836 in 3368.998s
	Calibrated mode 399 / 1836 in 3377.446s
	Calibrated mode 400 / 1836 in 3385.896s
	Calibrated mode 401 / 1836 in 3394.413s
	Calibrated mode 402 / 1836 in 3402.860s
	Calibrated mode 403 / 1836 in 3411.295s
	Calibrated mode 404 / 1836 in 3419.741s
	Calibrated mode 405 / 1836 in 3428.210s
	Calibrated mode 406 / 1836 in 3436.732s
	Calibrated mode 407 / 1836 in 3445.189s
	Calibrated mode 408 / 1836 in 3453.635s
	Calibrated mode 409 / 1836 in 3462.083s
	Calibrated mode 410 / 1836 in 3470.586s
	Calibrated mode 411 / 1836 in 3479.026s
	Calibrated mode 412 / 1836 in 3487.479s
	Calibrated mode 413 / 1836 in 3495.924s
	Calibrated mode 414 / 1836 in 3504.448s
	Calibrated mode 415 / 1836 in 3512.891s
	Calibrated mode 416 / 1836 in 3521.339s
	Calibrated mode 417 / 1836 in 3529.787s
	Calibrated mode 418 / 1836 in 3538.242s
	Calibrated mode 419 / 1836 in 3546.774s
	Calibrated mode 420 / 1836 in 3555.230s
	Calibrated mode 421 / 1836 in 3563.689s
	Calibrated mode 422 / 1836 in 3572.143s
	Calibrated mode 423 / 1836 in 3580.668s
	Calibrated mode 424 / 1836 in 3589.109s
	Calibrated mode 425 / 1836 in 3597.563s
	Calibrated mode 426 / 1836 in 3606.011s
	Calibrated mode 427 / 1836 in 3614.462s
	Calibrated mode 428 / 1836 in 3622.980s
	Calibrated mode 429 / 1836 in 3631.431s
	Calibrated mode 430 / 1836 in 3639.873s
	Calibrated mode 431 / 1836 in 3648.319s
	Calibrated mode 432 / 1836 in 3656.832s
	Calibrated mode 433 / 1836 in 3665.271s
	Calibrated mode 434 / 1836 in 3673.712s
	Calibrated mode 435 / 1836 in 3682.158s
	Calibrated mode 436 / 1836 in 3690.602s
	Calibrated mode 437 / 1836 in 3699.116s
	Calibrated mode 438 / 1836 in 3707.555s
	Calibrated mode 439 / 1836 in 3715.989s
	Calibrated mode 440 / 1836 in 3724.421s
	Calibrated mode 441 / 1836 in 3732.935s
	Calibrated mode 442 / 1836 in 3741.379s
	Calibrated mode 443 / 1836 in 3749.817s
	Calibrated mode 444 / 1836 in 3758.257s
	Calibrated mode 445 / 1836 in 3766.719s
	Calibrated mode 446 / 1836 in 3775.232s
	Calibrated mode 447 / 1836 in 3783.680s
	Calibrated mode 448 / 1836 in 3792.120s
	Calibrated mode 449 / 1836 in 3800.576s
	Calibrated mode 450 / 1836 in 3809.093s
	Calibrated mode 451 / 1836 in 3817.533s
	Calibrated mode 452 / 1836 in 3825.975s
	Calibrated mode 453 / 1836 in 3834.620s
	Calibrated mode 454 / 1836 in 3843.076s
	Calibrated mode 455 / 1836 in 3851.604s
	Calibrated mode 456 / 1836 in 3860.034s
	Calibrated mode 457 / 1836 in 3868.478s
	Calibrated mode 458 / 1836 in 3876.936s
	Calibrated mode 459 / 1836 in 3885.452s
	Calibrated mode 460 / 1836 in 3893.887s
	Calibrated mode 461 / 1836 in 3902.330s
	Calibrated mode 462 / 1836 in 3910.778s
	Calibrated mode 463 / 1836 in 3919.219s
	Calibrated mode 464 / 1836 in 3927.741s
	Calibrated mode 465 / 1836 in 3936.187s
	Calibrated mode 466 / 1836 in 3944.632s
	Calibrated mode 467 / 1836 in 3953.066s
	Calibrated mode 468 / 1836 in 3961.565s
	Calibrated mode 469 / 1836 in 3970.006s
	Calibrated mode 470 / 1836 in 3978.449s
	Calibrated mode 471 / 1836 in 3986.883s
	Calibrated mode 472 / 1836 in 3995.325s
	Calibrated mode 473 / 1836 in 4003.838s
	Calibrated mode 474 / 1836 in 4012.269s
	Calibrated mode 475 / 1836 in 4020.705s
	Calibrated mode 476 / 1836 in 4029.140s
	Calibrated mode 477 / 1836 in 4037.654s
	Calibrated mode 478 / 1836 in 4046.090s
	Calibrated mode 479 / 1836 in 4054.523s
	Calibrated mode 480 / 1836 in 4062.964s
	Calibrated mode 481 / 1836 in 4071.403s
	Calibrated mode 482 / 1836 in 4079.916s
	Calibrated mode 483 / 1836 in 4088.348s
	Calibrated mode 484 / 1836 in 4096.785s
	Calibrated mode 485 / 1836 in 4105.237s
	Calibrated mode 486 / 1836 in 4113.750s
	Calibrated mode 487 / 1836 in 4122.194s
	Calibrated mode 488 / 1836 in 4130.637s
	Calibrated mode 489 / 1836 in 4139.085s
	Calibrated mode 490 / 1836 in 4147.597s
	Calibrated mode 491 / 1836 in 4156.036s
	Calibrated mode 492 / 1836 in 4164.486s
	Calibrated mode 493 / 1836 in 4172.933s
	Calibrated mode 494 / 1836 in 4181.376s
	Calibrated mode 495 / 1836 in 4189.895s
	Calibrated mode 496 / 1836 in 4198.327s
	Calibrated mode 497 / 1836 in 4206.761s
	Calibrated mode 498 / 1836 in 4215.215s
	Calibrated mode 499 / 1836 in 4223.738s
	Calibrated mode 500 / 1836 in 4232.182s
	Calibrated mode 501 / 1836 in 4240.616s
	Calibrated mode 502 / 1836 in 4249.061s
	Calibrated mode 503 / 1836 in 4257.516s
	Calibrated mode 504 / 1836 in 4266.014s
	Calibrated mode 505 / 1836 in 4274.468s
	Calibrated mode 506 / 1836 in 4282.907s
	Calibrated mode 507 / 1836 in 4291.363s
	Calibrated mode 508 / 1836 in 4299.867s
	Calibrated mode 509 / 1836 in 4308.306s
	Calibrated mode 510 / 1836 in 4316.747s
	Calibrated mode 511 / 1836 in 4325.184s
	Calibrated mode 512 / 1836 in 4333.692s
	Calibrated mode 513 / 1836 in 4342.117s
	Calibrated mode 514 / 1836 in 4350.552s
	Calibrated mode 515 / 1836 in 4358.986s
	Calibrated mode 516 / 1836 in 4367.421s
	Calibrated mode 517 / 1836 in 4375.928s
	Calibrated mode 518 / 1836 in 4384.367s
	Calibrated mode 519 / 1836 in 4392.825s
	Calibrated mode 520 / 1836 in 4401.270s
	Calibrated mode 521 / 1836 in 4409.793s
	Calibrated mode 522 / 1836 in 4418.234s
	Calibrated mode 523 / 1836 in 4426.675s
	Calibrated mode 524 / 1836 in 4435.118s
	Calibrated mode 525 / 1836 in 4443.566s
	Calibrated mode 526 / 1836 in 4452.082s
	Calibrated mode 527 / 1836 in 4460.524s
	Calibrated mode 528 / 1836 in 4468.956s
	Calibrated mode 529 / 1836 in 4477.391s
	Calibrated mode 530 / 1836 in 4485.916s
	Calibrated mode 531 / 1836 in 4494.350s
	Calibrated mode 532 / 1836 in 4502.792s
	Calibrated mode 533 / 1836 in 4511.230s
	Calibrated mode 534 / 1836 in 4519.654s
	Calibrated mode 535 / 1836 in 4528.146s
	Calibrated mode 536 / 1836 in 4536.583s
	Calibrated mode 537 / 1836 in 4545.027s
	Calibrated mode 538 / 1836 in 4553.466s
	Calibrated mode 539 / 1836 in 4561.978s
	Calibrated mode 540 / 1836 in 4570.415s
	Calibrated mode 541 / 1836 in 4578.866s
	Calibrated mode 542 / 1836 in 4587.529s
	Calibrated mode 543 / 1836 in 4595.968s
	Calibrated mode 544 / 1836 in 4604.475s
	Calibrated mode 545 / 1836 in 4612.907s
	Calibrated mode 546 / 1836 in 4621.357s
	Calibrated mode 547 / 1836 in 4629.810s
	Calibrated mode 548 / 1836 in 4638.340s
	Calibrated mode 549 / 1836 in 4646.782s
	Calibrated mode 550 / 1836 in 4655.223s
	Calibrated mode 551 / 1836 in 4663.665s
	Calibrated mode 552 / 1836 in 4672.112s
	Calibrated mode 553 / 1836 in 4680.635s
	Calibrated mode 554 / 1836 in 4689.072s
	Calibrated mode 555 / 1836 in 4697.532s
	Calibrated mode 556 / 1836 in 4705.975s
	Calibrated mode 557 / 1836 in 4714.476s
	Calibrated mode 558 / 1836 in 4722.923s
	Calibrated mode 559 / 1836 in 4731.368s
	Calibrated mode 560 / 1836 in 4739.812s
	Calibrated mode 561 / 1836 in 4748.257s
	Calibrated mode 562 / 1836 in 4756.761s
	Calibrated mode 563 / 1836 in 4765.203s
	Calibrated mode 564 / 1836 in 4773.638s
	Calibrated mode 565 / 1836 in 4782.073s
	Calibrated mode 566 / 1836 in 4790.608s
	Calibrated mode 567 / 1836 in 4799.038s
	Calibrated mode 568 / 1836 in 4807.480s
	Calibrated mode 569 / 1836 in 4815.925s
	Calibrated mode 570 / 1836 in 4824.373s
	Calibrated mode 571 / 1836 in 4832.878s
	Calibrated mode 572 / 1836 in 4841.310s
	Calibrated mode 573 / 1836 in 4849.757s
	Calibrated mode 574 / 1836 in 4858.205s
	Calibrated mode 575 / 1836 in 4866.714s
	Calibrated mode 576 / 1836 in 4875.149s
	Calibrated mode 577 / 1836 in 4883.585s
	Calibrated mode 578 / 1836 in 4892.038s
	Calibrated mode 579 / 1836 in 4900.493s
	Calibrated mode 580 / 1836 in 4909.018s
	Calibrated mode 581 / 1836 in 4917.471s
	Calibrated mode 582 / 1836 in 4925.928s
	Calibrated mode 583 / 1836 in 4934.382s
	Calibrated mode 584 / 1836 in 4942.893s
	Calibrated mode 585 / 1836 in 4951.336s
	Calibrated mode 586 / 1836 in 4959.799s
	Calibrated mode 587 / 1836 in 4968.258s
	Calibrated mode 588 / 1836 in 4976.710s
	Calibrated mode 589 / 1836 in 4985.233s
	Calibrated mode 590 / 1836 in 4993.686s
	Calibrated mode 591 / 1836 in 5002.146s
	Calibrated mode 592 / 1836 in 5010.597s
	Calibrated mode 593 / 1836 in 5019.123s
	Calibrated mode 594 / 1836 in 5027.561s
	Calibrated mode 595 / 1836 in 5036.003s
	Calibrated mode 596 / 1836 in 5044.451s
	Calibrated mode 597 / 1836 in 5052.907s
	Calibrated mode 598 / 1836 in 5061.425s
	Calibrated mode 599 / 1836 in 5069.886s
	Calibrated mode 600 / 1836 in 5078.334s
	Calibrated mode 601 / 1836 in 5086.788s
	Calibrated mode 602 / 1836 in 5095.310s
	Calibrated mode 603 / 1836 in 5103.753s
	Calibrated mode 604 / 1836 in 5112.205s
	Calibrated mode 605 / 1836 in 5120.661s
	Calibrated mode 606 / 1836 in 5129.103s
	Calibrated mode 607 / 1836 in 5137.609s
	Calibrated mode 608 / 1836 in 5146.053s
	Calibrated mode 609 / 1836 in 5154.490s
	Calibrated mode 610 / 1836 in 5162.929s
	Calibrated mode 611 / 1836 in 5171.424s
	Calibrated mode 612 / 1836 in 5179.857s
	Calibrated mode 613 / 1836 in 5188.306s
	Calibrated mode 614 / 1836 in 5196.749s
	Calibrated mode 615 / 1836 in 5205.202s
	Calibrated mode 616 / 1836 in 5213.708s
	Calibrated mode 617 / 1836 in 5222.158s
	Calibrated mode 618 / 1836 in 5230.621s
	Calibrated mode 619 / 1836 in 5239.072s
	Calibrated mode 620 / 1836 in 5247.589s
	Calibrated mode 621 / 1836 in 5256.036s
	Calibrated mode 622 / 1836 in 5264.481s
	Calibrated mode 623 / 1836 in 5272.933s
	Calibrated mode 624 / 1836 in 5281.366s
	Calibrated mode 625 / 1836 in 5289.864s
	Calibrated mode 626 / 1836 in 5298.329s
	Calibrated mode 627 / 1836 in 5306.784s
	Calibrated mode 628 / 1836 in 5315.237s
	Calibrated mode 629 / 1836 in 5323.749s
	Calibrated mode 630 / 1836 in 5332.191s
	Calibrated mode 631 / 1836 in 5340.630s
	Calibrated mode 632 / 1836 in 5349.084s
	Calibrated mode 633 / 1836 in 5357.533s
	Calibrated mode 634 / 1836 in 5366.041s
	Calibrated mode 635 / 1836 in 5374.485s
	Calibrated mode 636 / 1836 in 5382.930s
	Calibrated mode 637 / 1836 in 5391.384s
	Calibrated mode 638 / 1836 in 5399.895s
	Calibrated mode 639 / 1836 in 5408.337s
	Calibrated mode 640 / 1836 in 5416.776s
	Calibrated mode 641 / 1836 in 5425.221s
	Calibrated mode 642 / 1836 in 5433.661s
	Calibrated mode 643 / 1836 in 5442.173s
	Calibrated mode 644 / 1836 in 5450.621s
	Calibrated mode 645 / 1836 in 5459.072s
	Calibrated mode 646 / 1836 in 5467.526s
	Calibrated mode 647 / 1836 in 5476.032s
	Calibrated mode 648 / 1836 in 5484.473s
	Calibrated mode 649 / 1836 in 5492.931s
	Calibrated mode 650 / 1836 in 5501.386s
	Calibrated mode 651 / 1836 in 5509.841s
	Calibrated mode 652 / 1836 in 5518.338s
	Calibrated mode 653 / 1836 in 5526.765s
	Calibrated mode 654 / 1836 in 5535.191s
	Calibrated mode 655 / 1836 in 5543.638s
	Calibrated mode 656 / 1836 in 5552.158s
	Calibrated mode 657 / 1836 in 5560.617s
	Calibrated mode 658 / 1836 in 5569.067s
	Calibrated mode 659 / 1836 in 5577.517s
	Calibrated mode 660 / 1836 in 5585.978s
	Calibrated mode 661 / 1836 in 5594.497s
	Calibrated mode 662 / 1836 in 5602.930s
	Calibrated mode 663 / 1836 in 5611.366s
	Calibrated mode 664 / 1836 in 5619.793s
	Calibrated mode 665 / 1836 in 5628.300s
	Calibrated mode 666 / 1836 in 5636.738s
	Calibrated mode 667 / 1836 in 5645.182s
	Calibrated mode 668 / 1836 in 5653.627s
	Calibrated mode 669 / 1836 in 5662.066s
	Calibrated mode 670 / 1836 in 5670.570s
	Calibrated mode 671 / 1836 in 5679.008s
	Calibrated mode 672 / 1836 in 5687.440s
	Calibrated mode 673 / 1836 in 5695.878s
	Calibrated mode 674 / 1836 in 5704.389s
	Calibrated mode 675 / 1836 in 5712.823s
	Calibrated mode 676 / 1836 in 5721.261s
	Calibrated mode 677 / 1836 in 5729.705s
	Calibrated mode 678 / 1836 in 5738.145s
	Calibrated mode 679 / 1836 in 5746.642s
	Calibrated mode 680 / 1836 in 5755.079s
	Calibrated mode 681 / 1836 in 5763.524s
	Calibrated mode 682 / 1836 in 5771.963s
	Calibrated mode 683 / 1836 in 5780.479s
	Calibrated mode 684 / 1836 in 5788.925s
	Calibrated mode 685 / 1836 in 5797.361s
	Calibrated mode 686 / 1836 in 5805.775s
	Calibrated mode 687 / 1836 in 5814.195s
	Calibrated mode 688 / 1836 in 5822.661s
	Calibrated mode 689 / 1836 in 5831.078s
	Calibrated mode 690 / 1836 in 5839.486s
	Calibrated mode 691 / 1836 in 5847.903s
	Calibrated mode 692 / 1836 in 5856.379s
	Calibrated mode 693 / 1836 in 5864.782s
	Calibrated mode 694 / 1836 in 5873.198s
	Calibrated mode 695 / 1836 in 5881.619s
	Calibrated mode 696 / 1836 in 5890.048s
	Calibrated mode 697 / 1836 in 5898.514s
	Calibrated mode 698 / 1836 in 5906.919s
	Calibrated mode 699 / 1836 in 5915.324s
	Calibrated mode 700 / 1836 in 5923.731s
	Calibrated mode 701 / 1836 in 5932.203s
	Calibrated mode 702 / 1836 in 5940.615s
	Calibrated mode 703 / 1836 in 5949.024s
	Calibrated mode 704 / 1836 in 5957.436s
	Calibrated mode 705 / 1836 in 5965.847s
	Calibrated mode 706 / 1836 in 5974.318s
	Calibrated mode 707 / 1836 in 5982.718s
	Calibrated mode 708 / 1836 in 5991.120s
	Calibrated mode 709 / 1836 in 5999.527s
	Calibrated mode 710 / 1836 in 6007.995s
	Calibrated mode 711 / 1836 in 6016.400s
	Calibrated mode 712 / 1836 in 6024.806s
	Calibrated mode 713 / 1836 in 6033.218s
	Calibrated mode 714 / 1836 in 6041.631s
	Calibrated mode 715 / 1836 in 6050.108s
	Calibrated mode 716 / 1836 in 6058.526s
	Calibrated mode 717 / 1836 in 6066.936s
	Calibrated mode 718 / 1836 in 6075.353s
	Calibrated mode 719 / 1836 in 6083.818s
	Calibrated mode 720 / 1836 in 6092.245s
	Calibrated mode 721 / 1836 in 6100.670s
	Calibrated mode 722 / 1836 in 6109.090s
	Calibrated mode 723 / 1836 in 6117.509s
	Calibrated mode 724 / 1836 in 6125.989s
	Calibrated mode 725 / 1836 in 6134.406s
	Calibrated mode 726 / 1836 in 6142.810s
	Calibrated mode 727 / 1836 in 6151.223s
	Calibrated mode 728 / 1836 in 6159.703s
	Calibrated mode 729 / 1836 in 6168.110s
	Calibrated mode 730 / 1836 in 6176.528s
	Calibrated mode 731 / 1836 in 6184.937s
	Calibrated mode 732 / 1836 in 6193.349s
	Calibrated mode 733 / 1836 in 6201.832s
	Calibrated mode 734 / 1836 in 6210.244s
	Calibrated mode 735 / 1836 in 6218.661s
	Calibrated mode 736 / 1836 in 6227.084s
	Calibrated mode 737 / 1836 in 6235.570s
	Calibrated mode 738 / 1836 in 6243.976s
	Calibrated mode 739 / 1836 in 6252.379s
	Calibrated mode 740 / 1836 in 6260.779s
	Calibrated mode 741 / 1836 in 6269.183s
	Calibrated mode 742 / 1836 in 6277.650s
	Calibrated mode 743 / 1836 in 6286.056s
	Calibrated mode 744 / 1836 in 6294.463s
	Calibrated mode 745 / 1836 in 6302.875s
	Calibrated mode 746 / 1836 in 6311.352s
	Calibrated mode 747 / 1836 in 6319.760s
	Calibrated mode 748 / 1836 in 6328.165s
	Calibrated mode 749 / 1836 in 6336.572s
	Calibrated mode 750 / 1836 in 6344.988s
	Calibrated mode 751 / 1836 in 6353.457s
	Calibrated mode 752 / 1836 in 6361.876s
	Calibrated mode 753 / 1836 in 6370.283s
	Calibrated mode 754 / 1836 in 6378.691s
	Calibrated mode 755 / 1836 in 6387.170s
	Calibrated mode 756 / 1836 in 6395.575s
	Calibrated mode 757 / 1836 in 6403.980s
	Calibrated mode 758 / 1836 in 6412.393s
	Calibrated mode 759 / 1836 in 6420.824s
	Calibrated mode 760 / 1836 in 6429.305s
	Calibrated mode 761 / 1836 in 6437.712s
	Calibrated mode 762 / 1836 in 6446.142s
	Calibrated mode 763 / 1836 in 6454.547s
	Calibrated mode 764 / 1836 in 6463.031s
	Calibrated mode 765 / 1836 in 6471.437s
	Calibrated mode 766 / 1836 in 6479.854s
	Calibrated mode 767 / 1836 in 6488.262s
	Calibrated mode 768 / 1836 in 6496.665s
	Calibrated mode 769 / 1836 in 6505.138s
	Calibrated mode 770 / 1836 in 6513.544s
	Calibrated mode 771 / 1836 in 6521.967s
	Calibrated mode 772 / 1836 in 6530.383s
	Calibrated mode 773 / 1836 in 6538.878s
	Calibrated mode 774 / 1836 in 6547.285s
	Calibrated mode 775 / 1836 in 6555.702s
	Calibrated mode 776 / 1836 in 6564.107s
	Calibrated mode 777 / 1836 in 6572.516s
	Calibrated mode 778 / 1836 in 6580.985s
	Calibrated mode 779 / 1836 in 6589.391s
	Calibrated mode 780 / 1836 in 6597.796s
	Calibrated mode 781 / 1836 in 6606.209s
	Calibrated mode 782 / 1836 in 6614.695s
	Calibrated mode 783 / 1836 in 6623.107s
	Calibrated mode 784 / 1836 in 6631.527s
	Calibrated mode 785 / 1836 in 6639.939s
	Calibrated mode 786 / 1836 in 6648.372s
	Calibrated mode 787 / 1836 in 6656.842s
	Calibrated mode 788 / 1836 in 6665.238s
	Calibrated mode 789 / 1836 in 6673.643s
	Calibrated mode 790 / 1836 in 6682.051s
	Calibrated mode 791 / 1836 in 6690.531s
	Calibrated mode 792 / 1836 in 6698.923s
	Calibrated mode 793 / 1836 in 6707.322s
	Calibrated mode 794 / 1836 in 6715.727s
	Calibrated mode 795 / 1836 in 6724.124s
	Calibrated mode 796 / 1836 in 6732.593s
	Calibrated mode 797 / 1836 in 6741.000s
	Calibrated mode 798 / 1836 in 6749.409s
	Calibrated mode 799 / 1836 in 6757.818s
	Calibrated mode 800 / 1836 in 6766.288s
	Calibrated mode 801 / 1836 in 6774.684s
	Calibrated mode 802 / 1836 in 6783.084s
	Calibrated mode 803 / 1836 in 6791.495s
	Calibrated mode 804 / 1836 in 6799.915s
	Calibrated mode 805 / 1836 in 6808.376s
	Calibrated mode 806 / 1836 in 6816.781s
	Calibrated mode 807 / 1836 in 6825.190s
	Calibrated mode 808 / 1836 in 6833.606s
	Calibrated mode 809 / 1836 in 6842.083s
	Calibrated mode 810 / 1836 in 6850.488s
	Calibrated mode 811 / 1836 in 6859.058s
	Calibrated mode 812 / 1836 in 6867.463s
	Calibrated mode 813 / 1836 in 6875.866s
	Calibrated mode 814 / 1836 in 6884.325s
	Calibrated mode 815 / 1836 in 6892.726s
	Calibrated mode 816 / 1836 in 6901.122s
	Calibrated mode 817 / 1836 in 6909.529s
	Calibrated mode 818 / 1836 in 6917.998s
	Calibrated mode 819 / 1836 in 6926.407s
	Calibrated mode 820 / 1836 in 6934.805s
	Calibrated mode 821 / 1836 in 6943.216s
	Calibrated mode 822 / 1836 in 6951.629s
	Calibrated mode 823 / 1836 in 6960.102s
	Calibrated mode 824 / 1836 in 6968.510s
	Calibrated mode 825 / 1836 in 6976.910s
	Calibrated mode 826 / 1836 in 6985.318s
	Calibrated mode 827 / 1836 in 6993.775s
	Calibrated mode 828 / 1836 in 7002.171s
	Calibrated mode 829 / 1836 in 7010.567s
	Calibrated mode 830 / 1836 in 7018.969s
	Calibrated mode 831 / 1836 in 7027.365s
	Calibrated mode 832 / 1836 in 7035.829s
	Calibrated mode 833 / 1836 in 7044.237s
	Calibrated mode 834 / 1836 in 7052.641s
	Calibrated mode 835 / 1836 in 7061.039s
	Calibrated mode 836 / 1836 in 7069.513s
	Calibrated mode 837 / 1836 in 7077.915s
	Calibrated mode 838 / 1836 in 7086.308s
	Calibrated mode 839 / 1836 in 7094.704s
	Calibrated mode 840 / 1836 in 7103.111s
	Calibrated mode 841 / 1836 in 7111.584s
	Calibrated mode 842 / 1836 in 7119.988s
	Calibrated mode 843 / 1836 in 7128.389s
	Calibrated mode 844 / 1836 in 7136.801s
	Calibrated mode 845 / 1836 in 7145.262s
	Calibrated mode 846 / 1836 in 7153.671s
	Calibrated mode 847 / 1836 in 7162.071s
	Calibrated mode 848 / 1836 in 7170.476s
	Calibrated mode 849 / 1836 in 7178.885s
	Calibrated mode 850 / 1836 in 7187.341s
	Calibrated mode 851 / 1836 in 7195.749s
	Calibrated mode 852 / 1836 in 7204.162s
	Calibrated mode 853 / 1836 in 7212.575s
	Calibrated mode 854 / 1836 in 7221.036s
	Calibrated mode 855 / 1836 in 7229.433s
	Calibrated mode 856 / 1836 in 7237.827s
	Calibrated mode 857 / 1836 in 7246.243s
	Calibrated mode 858 / 1836 in 7254.657s
	Calibrated mode 859 / 1836 in 7263.122s
	Calibrated mode 860 / 1836 in 7271.706s
	Calibrated mode 861 / 1836 in 7280.110s
	Calibrated mode 862 / 1836 in 7288.513s
	Calibrated mode 863 / 1836 in 7296.978s
	Calibrated mode 864 / 1836 in 7305.392s
	Calibrated mode 865 / 1836 in 7313.802s
	Calibrated mode 866 / 1836 in 7322.211s
	Calibrated mode 867 / 1836 in 7330.619s
	Calibrated mode 868 / 1836 in 7339.068s
	Calibrated mode 869 / 1836 in 7347.467s
	Calibrated mode 870 / 1836 in 7355.869s
	Calibrated mode 871 / 1836 in 7364.269s
	Calibrated mode 872 / 1836 in 7372.747s
	Calibrated mode 873 / 1836 in 7381.151s
	Calibrated mode 874 / 1836 in 7389.560s
	Calibrated mode 875 / 1836 in 7397.958s
	Calibrated mode 876 / 1836 in 7406.357s
	Calibrated mode 877 / 1836 in 7414.827s
	Calibrated mode 878 / 1836 in 7423.228s
	Calibrated mode 879 / 1836 in 7431.622s
	Calibrated mode 880 / 1836 in 7440.020s
	Calibrated mode 881 / 1836 in 7448.473s
	Calibrated mode 882 / 1836 in 7456.865s
	Calibrated mode 883 / 1836 in 7465.269s
	Calibrated mode 884 / 1836 in 7473.664s
	Calibrated mode 885 / 1836 in 7482.075s
	Calibrated mode 886 / 1836 in 7490.542s
	Calibrated mode 887 / 1836 in 7498.941s
	Calibrated mode 888 / 1836 in 7507.343s
	Calibrated mode 889 / 1836 in 7515.743s
	Calibrated mode 890 / 1836 in 7524.223s
	Calibrated mode 891 / 1836 in 7532.636s
	Calibrated mode 892 / 1836 in 7541.044s
	Calibrated mode 893 / 1836 in 7549.456s
	Calibrated mode 894 / 1836 in 7557.870s
	Calibrated mode 895 / 1836 in 7566.331s
	Calibrated mode 896 / 1836 in 7574.739s
	Calibrated mode 897 / 1836 in 7583.143s
	Calibrated mode 898 / 1836 in 7591.550s
	Calibrated mode 899 / 1836 in 7600.024s
	Calibrated mode 900 / 1836 in 7608.434s
	Calibrated mode 901 / 1836 in 7616.833s
	Calibrated mode 902 / 1836 in 7625.240s
	Calibrated mode 903 / 1836 in 7633.649s
	Calibrated mode 904 / 1836 in 7642.118s
	Calibrated mode 905 / 1836 in 7650.524s
	Calibrated mode 906 / 1836 in 7658.921s
	Calibrated mode 907 / 1836 in 7667.324s
	Calibrated mode 908 / 1836 in 7675.796s
	Calibrated mode 909 / 1836 in 7684.204s
	Calibrated mode 910 / 1836 in 7692.624s
	Calibrated mode 911 / 1836 in 7701.038s
	Calibrated mode 912 / 1836 in 7709.453s
	Calibrated mode 913 / 1836 in 7717.943s
	Calibrated mode 914 / 1836 in 7726.341s
	Calibrated mode 915 / 1836 in 7734.738s
	Calibrated mode 916 / 1836 in 7743.146s
	Calibrated mode 917 / 1836 in 7751.613s
	Calibrated mode 918 / 1836 in 7760.007s
	Calibrated mode 919 / 1836 in 7768.405s
	Calibrated mode 920 / 1836 in 7776.797s
	Calibrated mode 921 / 1836 in 7785.205s
	Calibrated mode 922 / 1836 in 7793.684s
	Calibrated mode 923 / 1836 in 7802.098s
	Calibrated mode 924 / 1836 in 7810.504s
	Calibrated mode 925 / 1836 in 7818.912s
	Calibrated mode 926 / 1836 in 7827.384s
	Calibrated mode 927 / 1836 in 7835.790s
	Calibrated mode 928 / 1836 in 7844.193s
	Calibrated mode 929 / 1836 in 7852.599s
	Calibrated mode 930 / 1836 in 7861.016s
	Calibrated mode 931 / 1836 in 7869.485s
	Calibrated mode 932 / 1836 in 7877.887s
	Calibrated mode 933 / 1836 in 7886.313s
	Calibrated mode 934 / 1836 in 7894.715s
	Calibrated mode 935 / 1836 in 7903.192s
	Calibrated mode 936 / 1836 in 7911.595s
	Calibrated mode 937 / 1836 in 7920.000s
	Calibrated mode 938 / 1836 in 7928.424s
	Calibrated mode 939 / 1836 in 7936.845s
	Calibrated mode 940 / 1836 in 7945.335s
	Calibrated mode 941 / 1836 in 7953.743s
	Calibrated mode 942 / 1836 in 7962.146s
	Calibrated mode 943 / 1836 in 7970.542s
	Calibrated mode 944 / 1836 in 7978.947s
	Calibrated mode 945 / 1836 in 7987.418s
	Calibrated mode 946 / 1836 in 7995.821s
	Calibrated mode 947 / 1836 in 8004.224s
	Calibrated mode 948 / 1836 in 8012.627s
	Calibrated mode 949 / 1836 in 8021.098s
	Calibrated mode 950 / 1836 in 8029.500s
	Calibrated mode 951 / 1836 in 8037.910s
	Calibrated mode 952 / 1836 in 8046.315s
	Calibrated mode 953 / 1836 in 8054.722s
	Calibrated mode 954 / 1836 in 8063.195s
	Calibrated mode 955 / 1836 in 8071.595s
	Calibrated mode 956 / 1836 in 8080.005s
	Calibrated mode 957 / 1836 in 8088.420s
	Calibrated mode 958 / 1836 in 8096.900s
	Calibrated mode 959 / 1836 in 8105.311s
	Calibrated mode 960 / 1836 in 8113.723s
	Calibrated mode 961 / 1836 in 8122.136s
	Calibrated mode 962 / 1836 in 8130.549s
	Calibrated mode 963 / 1836 in 8139.030s
	Calibrated mode 964 / 1836 in 8147.434s
	Calibrated mode 965 / 1836 in 8155.839s
	Calibrated mode 966 / 1836 in 8164.259s
	Calibrated mode 967 / 1836 in 8172.667s
	Calibrated mode 968 / 1836 in 8181.141s
	Calibrated mode 969 / 1836 in 8189.539s
	Calibrated mode 970 / 1836 in 8197.938s
	Calibrated mode 971 / 1836 in 8206.338s
	Calibrated mode 972 / 1836 in 8214.809s
	Calibrated mode 973 / 1836 in 8223.212s
	Calibrated mode 974 / 1836 in 8231.618s
	Calibrated mode 975 / 1836 in 8240.032s
	Calibrated mode 976 / 1836 in 8248.455s
	Calibrated mode 977 / 1836 in 8256.923s
	Calibrated mode 978 / 1836 in 8265.315s
	Calibrated mode 979 / 1836 in 8273.727s
	Calibrated mode 980 / 1836 in 8282.136s
	Calibrated mode 981 / 1836 in 8290.614s
	Calibrated mode 982 / 1836 in 8299.019s
	Calibrated mode 983 / 1836 in 8307.427s
	Calibrated mode 984 / 1836 in 8315.834s
	Calibrated mode 985 / 1836 in 8324.240s
	Calibrated mode 986 / 1836 in 8332.712s
	Calibrated mode 987 / 1836 in 8341.133s
	Calibrated mode 988 / 1836 in 8349.559s
	Calibrated mode 989 / 1836 in 8357.974s
	Calibrated mode 990 / 1836 in 8366.389s
	Calibrated mode 991 / 1836 in 8374.861s
	Calibrated mode 992 / 1836 in 8383.271s
	Calibrated mode 993 / 1836 in 8391.681s
	Calibrated mode 994 / 1836 in 8400.095s
	Calibrated mode 995 / 1836 in 8408.566s
	Calibrated mode 996 / 1836 in 8416.973s
	Calibrated mode 997 / 1836 in 8425.379s
	Calibrated mode 998 / 1836 in 8433.780s
	Calibrated mode 999 / 1836 in 8442.190s
	Calibrated mode 1000 / 1836 in 8450.664s
	Calibrated mode 1001 / 1836 in 8459.064s
	Calibrated mode 1002 / 1836 in 8467.471s
	Calibrated mode 1003 / 1836 in 8475.875s
	Calibrated mode 1004 / 1836 in 8484.354s
	Calibrated mode 1005 / 1836 in 8492.753s
	Calibrated mode 1006 / 1836 in 8501.159s
	Calibrated mode 1007 / 1836 in 8509.565s
	Calibrated mode 1008 / 1836 in 8517.979s
	Calibrated mode 1009 / 1836 in 8526.454s
	Calibrated mode 1010 / 1836 in 8534.855s
	Calibrated mode 1011 / 1836 in 8543.260s
	Calibrated mode 1012 / 1836 in 8551.663s
	Calibrated mode 1013 / 1836 in 8560.079s
	Calibrated mode 1014 / 1836 in 8568.556s
	Calibrated mode 1015 / 1836 in 8576.970s
	Calibrated mode 1016 / 1836 in 8585.380s
	Calibrated mode 1017 / 1836 in 8593.794s
	Calibrated mode 1018 / 1836 in 8602.274s
	Calibrated mode 1019 / 1836 in 8610.689s
	Calibrated mode 1020 / 1836 in 8619.095s
	Calibrated mode 1021 / 1836 in 8627.506s
	Calibrated mode 1022 / 1836 in 8635.921s
	Calibrated mode 1023 / 1836 in 8644.393s
	Calibrated mode 1024 / 1836 in 8652.795s
	Calibrated mode 1025 / 1836 in 8661.203s
	Calibrated mode 1026 / 1836 in 8669.610s
	Calibrated mode 1027 / 1836 in 8678.086s
	Calibrated mode 1028 / 1836 in 8686.484s
	Calibrated mode 1029 / 1836 in 8694.898s
	Calibrated mode 1030 / 1836 in 8703.307s
	Calibrated mode 1031 / 1836 in 8711.725s
	Calibrated mode 1032 / 1836 in 8720.186s
	Calibrated mode 1033 / 1836 in 8728.598s
	Calibrated mode 1034 / 1836 in 8737.011s
	Calibrated mode 1035 / 1836 in 8745.420s
	Calibrated mode 1036 / 1836 in 8753.821s
	Calibrated mode 1037 / 1836 in 8762.292s
	Calibrated mode 1038 / 1836 in 8770.691s
	Calibrated mode 1039 / 1836 in 8779.110s
	Calibrated mode 1040 / 1836 in 8787.519s
	Calibrated mode 1041 / 1836 in 8795.989s
	Calibrated mode 1042 / 1836 in 8804.387s
	Calibrated mode 1043 / 1836 in 8812.797s
	Calibrated mode 1044 / 1836 in 8821.205s
	Calibrated mode 1045 / 1836 in 8829.607s
	Calibrated mode 1046 / 1836 in 8838.086s
	Calibrated mode 1047 / 1836 in 8846.507s
	Calibrated mode 1048 / 1836 in 8854.921s
	Calibrated mode 1049 / 1836 in 8863.337s
	Calibrated mode 1050 / 1836 in 8871.841s
	Calibrated mode 1051 / 1836 in 8880.248s
	Calibrated mode 1052 / 1836 in 8888.669s
	Calibrated mode 1053 / 1836 in 8897.083s
	Calibrated mode 1054 / 1836 in 8905.499s
	Calibrated mode 1055 / 1836 in 8913.975s
	Calibrated mode 1056 / 1836 in 8922.381s
	Calibrated mode 1057 / 1836 in 8930.803s
	Calibrated mode 1058 / 1836 in 8939.228s
	Calibrated mode 1059 / 1836 in 8947.635s
	Calibrated mode 1060 / 1836 in 8956.118s
	Calibrated mode 1061 / 1836 in 8964.533s
	Calibrated mode 1062 / 1836 in 8972.940s
	Calibrated mode 1063 / 1836 in 8981.339s
	Calibrated mode 1064 / 1836 in 8989.820s
	Calibrated mode 1065 / 1836 in 8998.228s
	Calibrated mode 1066 / 1836 in 9006.634s
	Calibrated mode 1067 / 1836 in 9015.040s
	Calibrated mode 1068 / 1836 in 9023.450s
	Calibrated mode 1069 / 1836 in 9031.927s
	Calibrated mode 1070 / 1836 in 9040.335s
	Calibrated mode 1071 / 1836 in 9048.737s
	Calibrated mode 1072 / 1836 in 9057.155s
	Calibrated mode 1073 / 1836 in 9065.641s
	Calibrated mode 1074 / 1836 in 9074.050s
	Calibrated mode 1075 / 1836 in 9082.471s
	Calibrated mode 1076 / 1836 in 9090.888s
	Calibrated mode 1077 / 1836 in 9099.299s
	Calibrated mode 1078 / 1836 in 9107.762s
	Calibrated mode 1079 / 1836 in 9116.174s
	Calibrated mode 1080 / 1836 in 9124.583s
	Calibrated mode 1081 / 1836 in 9132.996s
	Calibrated mode 1082 / 1836 in 9141.411s
	Calibrated mode 1083 / 1836 in 9149.894s
	Calibrated mode 1084 / 1836 in 9158.303s
	Calibrated mode 1085 / 1836 in 9166.715s
	Calibrated mode 1086 / 1836 in 9175.131s
	Calibrated mode 1087 / 1836 in 9183.622s
	Calibrated mode 1088 / 1836 in 9192.033s
	Calibrated mode 1089 / 1836 in 9200.446s
	Calibrated mode 1090 / 1836 in 9208.858s
	Calibrated mode 1091 / 1836 in 9217.287s
	Calibrated mode 1092 / 1836 in 9225.753s
	Calibrated mode 1093 / 1836 in 9234.166s
	Calibrated mode 1094 / 1836 in 9242.577s
	Calibrated mode 1095 / 1836 in 9250.993s
	Calibrated mode 1096 / 1836 in 9259.470s
	Calibrated mode 1097 / 1836 in 9267.874s
	Calibrated mode 1098 / 1836 in 9276.279s
	Calibrated mode 1099 / 1836 in 9284.687s
	Calibrated mode 1100 / 1836 in 9293.100s
	Calibrated mode 1101 / 1836 in 9301.576s
	Calibrated mode 1102 / 1836 in 9309.983s
	Calibrated mode 1103 / 1836 in 9318.402s
	Calibrated mode 1104 / 1836 in 9326.827s
	Calibrated mode 1105 / 1836 in 9335.244s
	Calibrated mode 1106 / 1836 in 9343.726s
	Calibrated mode 1107 / 1836 in 9352.141s
	Calibrated mode 1108 / 1836 in 9360.561s
	Calibrated mode 1109 / 1836 in 9368.974s
	Calibrated mode 1110 / 1836 in 9377.456s
	Calibrated mode 1111 / 1836 in 9385.858s
	Calibrated mode 1112 / 1836 in 9394.273s
	Calibrated mode 1113 / 1836 in 9402.685s
	Calibrated mode 1114 / 1836 in 9411.104s
	Calibrated mode 1115 / 1836 in 9419.588s
	Calibrated mode 1116 / 1836 in 9428.004s
	Calibrated mode 1117 / 1836 in 9436.419s
	Calibrated mode 1118 / 1836 in 9444.838s
	Calibrated mode 1119 / 1836 in 9453.326s
	Calibrated mode 1120 / 1836 in 9461.735s
	Calibrated mode 1121 / 1836 in 9470.153s
	Calibrated mode 1122 / 1836 in 9478.565s
	Calibrated mode 1123 / 1836 in 9486.976s
	Calibrated mode 1124 / 1836 in 9495.459s
	Calibrated mode 1125 / 1836 in 9503.864s
	Calibrated mode 1126 / 1836 in 9512.273s
	Calibrated mode 1127 / 1836 in 9520.682s
	Calibrated mode 1128 / 1836 in 9529.087s
	Calibrated mode 1129 / 1836 in 9537.562s
	Calibrated mode 1130 / 1836 in 9546.014s
	Calibrated mode 1131 / 1836 in 9554.420s
	Calibrated mode 1132 / 1836 in 9562.827s
	Calibrated mode 1133 / 1836 in 9571.306s
	Calibrated mode 1134 / 1836 in 9579.710s
	Calibrated mode 1135 / 1836 in 9588.117s
	Calibrated mode 1136 / 1836 in 9596.530s
	Calibrated mode 1137 / 1836 in 9604.940s
	Calibrated mode 1138 / 1836 in 9613.404s
	Calibrated mode 1139 / 1836 in 9621.807s
	Calibrated mode 1140 / 1836 in 9630.220s
	Calibrated mode 1141 / 1836 in 9638.624s
	Calibrated mode 1142 / 1836 in 9647.111s
	Calibrated mode 1143 / 1836 in 9655.514s
	Calibrated mode 1144 / 1836 in 9663.928s
	Calibrated mode 1145 / 1836 in 9672.333s
	Calibrated mode 1146 / 1836 in 9680.739s
	Calibrated mode 1147 / 1836 in 9689.213s
	Calibrated mode 1148 / 1836 in 9697.613s
	Calibrated mode 1149 / 1836 in 9706.027s
	Calibrated mode 1150 / 1836 in 9714.438s
	Calibrated mode 1151 / 1836 in 9722.854s
	Calibrated mode 1152 / 1836 in 9731.315s
	Calibrated mode 1153 / 1836 in 9739.727s
	Calibrated mode 1154 / 1836 in 9748.139s
	Calibrated mode 1155 / 1836 in 9756.550s
	Calibrated mode 1156 / 1836 in 9765.027s
	Calibrated mode 1157 / 1836 in 9773.433s
	Calibrated mode 1158 / 1836 in 9781.842s
	Calibrated mode 1159 / 1836 in 9790.261s
	Calibrated mode 1160 / 1836 in 9798.674s
	Calibrated mode 1161 / 1836 in 9807.156s
	Calibrated mode 1162 / 1836 in 9815.559s
	Calibrated mode 1163 / 1836 in 9823.972s
	Calibrated mode 1164 / 1836 in 9832.388s
	Calibrated mode 1165 / 1836 in 9840.873s
	Calibrated mode 1166 / 1836 in 9849.292s
	Calibrated mode 1167 / 1836 in 9857.694s
	Calibrated mode 1168 / 1836 in 9866.118s
	Calibrated mode 1169 / 1836 in 9874.538s
	Calibrated mode 1170 / 1836 in 9883.020s
	Calibrated mode 1171 / 1836 in 9891.428s
	Calibrated mode 1172 / 1836 in 9899.841s
	Calibrated mode 1173 / 1836 in 9908.252s
	Calibrated mode 1174 / 1836 in 9916.665s
	Calibrated mode 1175 / 1836 in 9925.134s
	Calibrated mode 1176 / 1836 in 9933.535s
	Calibrated mode 1177 / 1836 in 9941.944s
	Calibrated mode 1178 / 1836 in 9950.355s
	Calibrated mode 1179 / 1836 in 9958.849s
	Calibrated mode 1180 / 1836 in 9967.256s
	Calibrated mode 1181 / 1836 in 9975.670s
	Calibrated mode 1182 / 1836 in 9984.078s
	Calibrated mode 1183 / 1836 in 9992.481s
	Calibrated mode 1184 / 1836 in 10000.948s
	Calibrated mode 1185 / 1836 in 10009.357s
	Calibrated mode 1186 / 1836 in 10017.769s
	Calibrated mode 1187 / 1836 in 10026.177s
	Calibrated mode 1188 / 1836 in 10034.653s
	Calibrated mode 1189 / 1836 in 10043.058s
	Calibrated mode 1190 / 1836 in 10051.473s
	Calibrated mode 1191 / 1836 in 10059.886s
	Calibrated mode 1192 / 1836 in 10068.299s
	Calibrated mode 1193 / 1836 in 10076.783s
	Calibrated mode 1194 / 1836 in 10085.203s
	Calibrated mode 1195 / 1836 in 10093.605s
	Calibrated mode 1196 / 1836 in 10102.015s
	Calibrated mode 1197 / 1836 in 10110.425s
	Calibrated mode 1198 / 1836 in 10118.901s
	Calibrated mode 1199 / 1836 in 10127.308s
	Calibrated mode 1200 / 1836 in 10135.713s
	Calibrated mode 1201 / 1836 in 10144.137s
	Calibrated mode 1202 / 1836 in 10152.615s
	Calibrated mode 1203 / 1836 in 10161.033s
	Calibrated mode 1204 / 1836 in 10169.448s
	Calibrated mode 1205 / 1836 in 10177.856s
	Calibrated mode 1206 / 1836 in 10186.263s
	Calibrated mode 1207 / 1836 in 10194.745s
	Calibrated mode 1208 / 1836 in 10203.163s
	Calibrated mode 1209 / 1836 in 10211.573s
	Calibrated mode 1210 / 1836 in 10219.986s
	Calibrated mode 1211 / 1836 in 10228.472s
	Calibrated mode 1212 / 1836 in 10236.886s
	Calibrated mode 1213 / 1836 in 10245.313s
	Calibrated mode 1214 / 1836 in 10253.732s
	Calibrated mode 1215 / 1836 in 10262.145s
	Calibrated mode 1216 / 1836 in 10270.625s
	Calibrated mode 1217 / 1836 in 10279.028s
	Calibrated mode 1218 / 1836 in 10287.432s
	Calibrated mode 1219 / 1836 in 10295.840s
	Calibrated mode 1220 / 1836 in 10304.245s
	Calibrated mode 1221 / 1836 in 10312.717s
	Calibrated mode 1222 / 1836 in 10321.119s
	Calibrated mode 1223 / 1836 in 10329.520s
	Calibrated mode 1224 / 1836 in 10337.930s
	Calibrated mode 1225 / 1836 in 10346.409s
	Calibrated mode 1226 / 1836 in 10354.821s
	Calibrated mode 1227 / 1836 in 10363.233s
	Calibrated mode 1228 / 1836 in 10371.638s
	Calibrated mode 1229 / 1836 in 10380.052s
	Calibrated mode 1230 / 1836 in 10388.535s
	Calibrated mode 1231 / 1836 in 10396.938s
	Calibrated mode 1232 / 1836 in 10405.352s
	Calibrated mode 1233 / 1836 in 10413.767s
	Calibrated mode 1234 / 1836 in 10422.249s
	Calibrated mode 1235 / 1836 in 10430.660s
	Calibrated mode 1236 / 1836 in 10439.087s
	Calibrated mode 1237 / 1836 in 10447.502s
	Calibrated mode 1238 / 1836 in 10455.919s
	Calibrated mode 1239 / 1836 in 10464.404s
	Calibrated mode 1240 / 1836 in 10472.812s
	Calibrated mode 1241 / 1836 in 10481.216s
	Calibrated mode 1242 / 1836 in 10489.634s
	Calibrated mode 1243 / 1836 in 10498.051s
	Calibrated mode 1244 / 1836 in 10506.511s
	Calibrated mode 1245 / 1836 in 10514.916s
	Calibrated mode 1246 / 1836 in 10523.332s
	Calibrated mode 1247 / 1836 in 10531.748s
	Calibrated mode 1248 / 1836 in 10540.233s
	Calibrated mode 1249 / 1836 in 10548.638s
	Calibrated mode 1250 / 1836 in 10557.057s
	Calibrated mode 1251 / 1836 in 10565.472s
	Calibrated mode 1252 / 1836 in 10573.894s
	Calibrated mode 1253 / 1836 in 10582.384s
	Calibrated mode 1254 / 1836 in 10590.795s
	Calibrated mode 1255 / 1836 in 10599.208s
	Calibrated mode 1256 / 1836 in 10607.620s
	Calibrated mode 1257 / 1836 in 10616.097s
	Calibrated mode 1258 / 1836 in 10624.510s
	Calibrated mode 1259 / 1836 in 10632.918s
	Calibrated mode 1260 / 1836 in 10641.331s
	Calibrated mode 1261 / 1836 in 10649.749s
	Calibrated mode 1262 / 1836 in 10658.228s
	Calibrated mode 1263 / 1836 in 10666.623s
	Calibrated mode 1264 / 1836 in 10675.023s
	Calibrated mode 1265 / 1836 in 10683.425s
	Calibrated mode 1266 / 1836 in 10691.825s
	Calibrated mode 1267 / 1836 in 10700.297s
	Calibrated mode 1268 / 1836 in 10708.695s
	Calibrated mode 1269 / 1836 in 10717.101s
	Calibrated mode 1270 / 1836 in 10725.513s
	Calibrated mode 1271 / 1836 in 10733.996s
	Calibrated mode 1272 / 1836 in 10742.411s
	Calibrated mode 1273 / 1836 in 10750.822s
	Calibrated mode 1274 / 1836 in 10759.236s
	Calibrated mode 1275 / 1836 in 10767.652s
	Calibrated mode 1276 / 1836 in 10776.134s
	Calibrated mode 1277 / 1836 in 10784.542s
	Calibrated mode 1278 / 1836 in 10792.950s
	Calibrated mode 1279 / 1836 in 10801.364s
	Calibrated mode 1280 / 1836 in 10809.843s
	Calibrated mode 1281 / 1836 in 10818.248s
	Calibrated mode 1282 / 1836 in 10826.657s
	Calibrated mode 1283 / 1836 in 10835.063s
	Calibrated mode 1284 / 1836 in 10843.478s
	Calibrated mode 1285 / 1836 in 10851.956s
	Calibrated mode 1286 / 1836 in 10860.365s
	Calibrated mode 1287 / 1836 in 10868.773s
	Calibrated mode 1288 / 1836 in 10877.193s
	Calibrated mode 1289 / 1836 in 10885.616s
	Calibrated mode 1290 / 1836 in 10894.101s
	Calibrated mode 1291 / 1836 in 10902.522s
	Calibrated mode 1292 / 1836 in 10910.925s
	Calibrated mode 1293 / 1836 in 10919.341s
	Calibrated mode 1294 / 1836 in 10927.808s
	Calibrated mode 1295 / 1836 in 10936.213s
	Calibrated mode 1296 / 1836 in 10944.640s
	Calibrated mode 1297 / 1836 in 10953.062s
	Calibrated mode 1298 / 1836 in 10961.477s
	Calibrated mode 1299 / 1836 in 10969.958s
	Calibrated mode 1300 / 1836 in 10978.374s
	Calibrated mode 1301 / 1836 in 10986.789s
	Calibrated mode 1302 / 1836 in 10995.200s
	Calibrated mode 1303 / 1836 in 11003.686s
	Calibrated mode 1304 / 1836 in 11012.089s
	Calibrated mode 1305 / 1836 in 11020.493s
	Calibrated mode 1306 / 1836 in 11028.899s
	Calibrated mode 1307 / 1836 in 11037.327s
	Calibrated mode 1308 / 1836 in 11045.812s
	Calibrated mode 1309 / 1836 in 11054.212s
	Calibrated mode 1310 / 1836 in 11062.625s
	Calibrated mode 1311 / 1836 in 11071.035s
	Calibrated mode 1312 / 1836 in 11079.453s
	Calibrated mode 1313 / 1836 in 11087.931s
	Calibrated mode 1314 / 1836 in 11096.352s
	Calibrated mode 1315 / 1836 in 11104.765s
	Calibrated mode 1316 / 1836 in 11113.181s
	Calibrated mode 1317 / 1836 in 11121.661s
	Calibrated mode 1318 / 1836 in 11130.071s
	Calibrated mode 1319 / 1836 in 11138.484s
	Calibrated mode 1320 / 1836 in 11146.894s
	Calibrated mode 1321 / 1836 in 11155.303s
	Calibrated mode 1322 / 1836 in 11163.784s
	Calibrated mode 1323 / 1836 in 11172.179s
	Calibrated mode 1324 / 1836 in 11180.589s
	Calibrated mode 1325 / 1836 in 11189.003s
	Calibrated mode 1326 / 1836 in 11197.481s
	Calibrated mode 1327 / 1836 in 11205.883s
	Calibrated mode 1328 / 1836 in 11214.289s
	Calibrated mode 1329 / 1836 in 11222.696s
	Calibrated mode 1330 / 1836 in 11231.101s
	Calibrated mode 1331 / 1836 in 11239.591s
	Calibrated mode 1332 / 1836 in 11247.997s
	Calibrated mode 1333 / 1836 in 11256.403s
	Calibrated mode 1334 / 1836 in 11264.804s
	Calibrated mode 1335 / 1836 in 11273.213s
	Calibrated mode 1336 / 1836 in 11281.686s
	Calibrated mode 1337 / 1836 in 11290.098s
	Calibrated mode 1338 / 1836 in 11298.509s
	Calibrated mode 1339 / 1836 in 11306.926s
	Calibrated mode 1340 / 1836 in 11315.417s
	Calibrated mode 1341 / 1836 in 11323.829s
	Calibrated mode 1342 / 1836 in 11332.237s
	Calibrated mode 1343 / 1836 in 11340.651s
	Calibrated mode 1344 / 1836 in 11349.062s
	Calibrated mode 1345 / 1836 in 11357.542s
	Calibrated mode 1346 / 1836 in 11365.953s
	Calibrated mode 1347 / 1836 in 11374.369s
	Calibrated mode 1348 / 1836 in 11382.771s
	Calibrated mode 1349 / 1836 in 11391.179s
	Calibrated mode 1350 / 1836 in 11399.654s
	Calibrated mode 1351 / 1836 in 11408.058s
	Calibrated mode 1352 / 1836 in 11416.467s
	Calibrated mode 1353 / 1836 in 11424.878s
	Calibrated mode 1354 / 1836 in 11433.362s
	Calibrated mode 1355 / 1836 in 11441.771s
	Calibrated mode 1356 / 1836 in 11450.176s
	Calibrated mode 1357 / 1836 in 11458.589s
	Calibrated mode 1358 / 1836 in 11467.012s
	Calibrated mode 1359 / 1836 in 11475.492s
	Calibrated mode 1360 / 1836 in 11483.900s
	Calibrated mode 1361 / 1836 in 11492.320s
	Calibrated mode 1362 / 1836 in 11500.737s
	Calibrated mode 1363 / 1836 in 11509.175s
	Calibrated mode 1364 / 1836 in 11517.675s
	Calibrated mode 1365 / 1836 in 11526.097s
	Calibrated mode 1366 / 1836 in 11534.516s
	Calibrated mode 1367 / 1836 in 11542.940s
	Calibrated mode 1368 / 1836 in 11551.434s
	Calibrated mode 1369 / 1836 in 11559.859s
	Calibrated mode 1370 / 1836 in 11568.269s
	Calibrated mode 1371 / 1836 in 11576.696s
	Calibrated mode 1372 / 1836 in 11585.121s
	Calibrated mode 1373 / 1836 in 11593.608s
	Calibrated mode 1374 / 1836 in 11602.028s
	Calibrated mode 1375 / 1836 in 11610.454s
	Calibrated mode 1376 / 1836 in 11618.878s
	Calibrated mode 1377 / 1836 in 11627.369s
	Calibrated mode 1378 / 1836 in 11635.785s
	Calibrated mode 1379 / 1836 in 11644.182s
	Calibrated mode 1380 / 1836 in 11652.610s
	Calibrated mode 1381 / 1836 in 11661.033s
	Calibrated mode 1382 / 1836 in 11669.517s
	Calibrated mode 1383 / 1836 in 11677.924s
	Calibrated mode 1384 / 1836 in 11686.329s
	Calibrated mode 1385 / 1836 in 11694.731s
	Calibrated mode 1386 / 1836 in 11703.144s
	Calibrated mode 1387 / 1836 in 11711.619s
	Calibrated mode 1388 / 1836 in 11720.035s
	Calibrated mode 1389 / 1836 in 11728.448s
	Calibrated mode 1390 / 1836 in 11736.852s
	Calibrated mode 1391 / 1836 in 11745.329s
	Calibrated mode 1392 / 1836 in 11753.729s
	Calibrated mode 1393 / 1836 in 11762.128s
	Calibrated mode 1394 / 1836 in 11770.536s
	Calibrated mode 1395 / 1836 in 11778.953s
	Calibrated mode 1396 / 1836 in 11787.444s
	Calibrated mode 1397 / 1836 in 11795.847s
	Calibrated mode 1398 / 1836 in 11804.249s
	Calibrated mode 1399 / 1836 in 11812.658s
	Calibrated mode 1400 / 1836 in 11821.061s
	Calibrated mode 1401 / 1836 in 11829.532s
	Calibrated mode 1402 / 1836 in 11837.938s
	Calibrated mode 1403 / 1836 in 11846.356s
	Calibrated mode 1404 / 1836 in 11854.772s
	Calibrated mode 1405 / 1836 in 11863.251s
	Calibrated mode 1406 / 1836 in 11871.657s
	Calibrated mode 1407 / 1836 in 11880.068s
	Calibrated mode 1408 / 1836 in 11888.477s
	Calibrated mode 1409 / 1836 in 11896.897s
	Calibrated mode 1410 / 1836 in 11905.385s
	Calibrated mode 1411 / 1836 in 11913.804s
	Calibrated mode 1412 / 1836 in 11922.234s
	Calibrated mode 1413 / 1836 in 11930.656s
	Calibrated mode 1414 / 1836 in 11939.079s
	Calibrated mode 1415 / 1836 in 11947.566s
	Calibrated mode 1416 / 1836 in 11955.969s
	Calibrated mode 1417 / 1836 in 11964.386s
	Calibrated mode 1418 / 1836 in 11972.816s
	Calibrated mode 1419 / 1836 in 11981.320s
	Calibrated mode 1420 / 1836 in 11989.741s
	Calibrated mode 1421 / 1836 in 11998.165s
	Calibrated mode 1422 / 1836 in 12006.586s
	Calibrated mode 1423 / 1836 in 12015.017s
	Calibrated mode 1424 / 1836 in 12023.489s
	Calibrated mode 1425 / 1836 in 12031.901s
	Calibrated mode 1426 / 1836 in 12040.327s
	Calibrated mode 1427 / 1836 in 12048.759s
	Calibrated mode 1428 / 1836 in 12057.186s
	Calibrated mode 1429 / 1836 in 12065.675s
	Calibrated mode 1430 / 1836 in 12074.097s
	Calibrated mode 1431 / 1836 in 12082.512s
	Calibrated mode 1432 / 1836 in 12090.939s
	Calibrated mode 1433 / 1836 in 12099.427s
	Calibrated mode 1434 / 1836 in 12107.839s
	Calibrated mode 1435 / 1836 in 12116.255s
	Calibrated mode 1436 / 1836 in 12124.668s
	Calibrated mode 1437 / 1836 in 12133.069s
	Calibrated mode 1438 / 1836 in 12141.557s
	Calibrated mode 1439 / 1836 in 12149.981s
	Calibrated mode 1440 / 1836 in 12158.397s
	Calibrated mode 1441 / 1836 in 12166.817s
	Calibrated mode 1442 / 1836 in 12175.242s
	Calibrated mode 1443 / 1836 in 12183.743s
	Calibrated mode 1444 / 1836 in 12192.158s
	Calibrated mode 1445 / 1836 in 12200.576s
	Calibrated mode 1446 / 1836 in 12209.005s
	Calibrated mode 1447 / 1836 in 12217.499s
	Calibrated mode 1448 / 1836 in 12225.913s
	Calibrated mode 1449 / 1836 in 12234.327s
	Calibrated mode 1450 / 1836 in 12242.738s
	Calibrated mode 1451 / 1836 in 12251.157s
	Calibrated mode 1452 / 1836 in 12259.776s
	Calibrated mode 1453 / 1836 in 12268.226s
	Calibrated mode 1454 / 1836 in 12276.642s
	Calibrated mode 1455 / 1836 in 12285.058s
	Calibrated mode 1456 / 1836 in 12293.479s
	Calibrated mode 1457 / 1836 in 12301.969s
	Calibrated mode 1458 / 1836 in 12310.390s
	Calibrated mode 1459 / 1836 in 12318.813s
	Calibrated mode 1460 / 1836 in 12327.232s
	Calibrated mode 1461 / 1836 in 12335.645s
	Calibrated mode 1462 / 1836 in 12344.122s
	Calibrated mode 1463 / 1836 in 12352.535s
	Calibrated mode 1464 / 1836 in 12360.955s
	Calibrated mode 1465 / 1836 in 12369.376s
	Calibrated mode 1466 / 1836 in 12377.872s
	Calibrated mode 1467 / 1836 in 12386.291s
	Calibrated mode 1468 / 1836 in 12394.699s
	Calibrated mode 1469 / 1836 in 12403.108s
	Calibrated mode 1470 / 1836 in 12411.523s
	Calibrated mode 1471 / 1836 in 12420.003s
	Calibrated mode 1472 / 1836 in 12428.422s
	Calibrated mode 1473 / 1836 in 12436.836s
	Calibrated mode 1474 / 1836 in 12445.252s
	Calibrated mode 1475 / 1836 in 12453.666s
	Calibrated mode 1476 / 1836 in 12462.142s
	Calibrated mode 1477 / 1836 in 12470.556s
	Calibrated mode 1478 / 1836 in 12478.967s
	Calibrated mode 1479 / 1836 in 12487.382s
	Calibrated mode 1480 / 1836 in 12495.876s
	Calibrated mode 1481 / 1836 in 12504.286s
	Calibrated mode 1482 / 1836 in 12512.699s
	Calibrated mode 1483 / 1836 in 12521.123s
	Calibrated mode 1484 / 1836 in 12529.544s
	Calibrated mode 1485 / 1836 in 12538.058s
	Calibrated mode 1486 / 1836 in 12546.472s
	Calibrated mode 1487 / 1836 in 12554.885s
	Calibrated mode 1488 / 1836 in 12563.308s
	Calibrated mode 1489 / 1836 in 12571.738s
	Calibrated mode 1490 / 1836 in 12580.230s
	Calibrated mode 1491 / 1836 in 12588.637s
	Calibrated mode 1492 / 1836 in 12597.048s
	Calibrated mode 1493 / 1836 in 12605.455s
	Calibrated mode 1494 / 1836 in 12613.931s
	Calibrated mode 1495 / 1836 in 12622.336s
	Calibrated mode 1496 / 1836 in 12630.757s
	Calibrated mode 1497 / 1836 in 12639.185s
	Calibrated mode 1498 / 1836 in 12647.610s
	Calibrated mode 1499 / 1836 in 12656.094s
	Calibrated mode 1500 / 1836 in 12664.523s
	Calibrated mode 1501 / 1836 in 12673.100s
	Calibrated mode 1502 / 1836 in 12681.527s
	Calibrated mode 1503 / 1836 in 12689.953s
	Calibrated mode 1504 / 1836 in 12698.447s
	Calibrated mode 1505 / 1836 in 12706.864s
	Calibrated mode 1506 / 1836 in 12715.272s
	Calibrated mode 1507 / 1836 in 12723.683s
	Calibrated mode 1508 / 1836 in 12732.103s
	Calibrated mode 1509 / 1836 in 12740.590s
	Calibrated mode 1510 / 1836 in 12749.001s
	Calibrated mode 1511 / 1836 in 12757.414s
	Calibrated mode 1512 / 1836 in 12765.823s
	Calibrated mode 1513 / 1836 in 12774.304s
	Calibrated mode 1514 / 1836 in 12782.728s
	Calibrated mode 1515 / 1836 in 12791.148s
	Calibrated mode 1516 / 1836 in 12799.572s
	Calibrated mode 1517 / 1836 in 12808.004s
	Calibrated mode 1518 / 1836 in 12816.496s
	Calibrated mode 1519 / 1836 in 12824.915s
	Calibrated mode 1520 / 1836 in 12833.326s
	Calibrated mode 1521 / 1836 in 12841.743s
	Calibrated mode 1522 / 1836 in 12850.156s
	Calibrated mode 1523 / 1836 in 12858.637s
	Calibrated mode 1524 / 1836 in 12867.045s
	Calibrated mode 1525 / 1836 in 12875.457s
	Calibrated mode 1526 / 1836 in 12883.873s
	Calibrated mode 1527 / 1836 in 12892.360s
	Calibrated mode 1528 / 1836 in 12900.782s
	Calibrated mode 1529 / 1836 in 12909.212s
	Calibrated mode 1530 / 1836 in 12917.644s
	Calibrated mode 1531 / 1836 in 12926.081s
	Calibrated mode 1532 / 1836 in 12934.581s
	Calibrated mode 1533 / 1836 in 12943.005s
	Calibrated mode 1534 / 1836 in 12951.430s
	Calibrated mode 1535 / 1836 in 12959.865s
	Calibrated mode 1536 / 1836 in 12968.299s
	Calibrated mode 1537 / 1836 in 12976.797s
	Calibrated mode 1538 / 1836 in 12985.219s
	Calibrated mode 1539 / 1836 in 12993.655s
	Calibrated mode 1540 / 1836 in 13002.084s
	Calibrated mode 1541 / 1836 in 13010.585s
	Calibrated mode 1542 / 1836 in 13019.003s
	Calibrated mode 1543 / 1836 in 13027.413s
	Calibrated mode 1544 / 1836 in 13035.834s
	Calibrated mode 1545 / 1836 in 13044.268s
	Calibrated mode 1546 / 1836 in 13052.752s
	Calibrated mode 1547 / 1836 in 13061.160s
	Calibrated mode 1548 / 1836 in 13069.574s
	Calibrated mode 1549 / 1836 in 13077.997s
	Calibrated mode 1550 / 1836 in 13086.417s
	Calibrated mode 1551 / 1836 in 13094.902s
	Calibrated mode 1552 / 1836 in 13103.331s
	Calibrated mode 1553 / 1836 in 13111.757s
	Calibrated mode 1554 / 1836 in 13120.184s
	Calibrated mode 1555 / 1836 in 13128.638s
	Calibrated mode 1556 / 1836 in 13137.129s
	Calibrated mode 1557 / 1836 in 13145.570s
	Calibrated mode 1558 / 1836 in 13154.009s
	Calibrated mode 1559 / 1836 in 13162.450s
	Calibrated mode 1560 / 1836 in 13170.952s
	Calibrated mode 1561 / 1836 in 13179.378s
	Calibrated mode 1562 / 1836 in 13187.801s
	Calibrated mode 1563 / 1836 in 13196.229s
	Calibrated mode 1564 / 1836 in 13204.656s
	Calibrated mode 1565 / 1836 in 13213.145s
	Calibrated mode 1566 / 1836 in 13221.553s
	Calibrated mode 1567 / 1836 in 13229.974s
	Calibrated mode 1568 / 1836 in 13238.393s
	Calibrated mode 1569 / 1836 in 13246.815s
	Calibrated mode 1570 / 1836 in 13255.320s
	Calibrated mode 1571 / 1836 in 13263.736s
	Calibrated mode 1572 / 1836 in 13272.139s
	Calibrated mode 1573 / 1836 in 13280.543s
	Calibrated mode 1574 / 1836 in 13289.024s
	Calibrated mode 1575 / 1836 in 13297.424s
	Calibrated mode 1576 / 1836 in 13305.834s
	Calibrated mode 1577 / 1836 in 13314.243s
	Calibrated mode 1578 / 1836 in 13322.662s
	Calibrated mode 1579 / 1836 in 13331.136s
	Calibrated mode 1580 / 1836 in 13339.551s
	Calibrated mode 1581 / 1836 in 13347.975s
	Calibrated mode 1582 / 1836 in 13356.391s
	Calibrated mode 1583 / 1836 in 13364.816s
	Calibrated mode 1584 / 1836 in 13373.303s
	Calibrated mode 1585 / 1836 in 13381.724s
	Calibrated mode 1586 / 1836 in 13390.146s
	Calibrated mode 1587 / 1836 in 13398.560s
	Calibrated mode 1588 / 1836 in 13407.055s
	Calibrated mode 1589 / 1836 in 13415.465s
	Calibrated mode 1590 / 1836 in 13423.901s
	Calibrated mode 1591 / 1836 in 13432.321s
	Calibrated mode 1592 / 1836 in 13440.763s
	Calibrated mode 1593 / 1836 in 13449.258s
	Calibrated mode 1594 / 1836 in 13457.683s
	Calibrated mode 1595 / 1836 in 13466.122s
	Calibrated mode 1596 / 1836 in 13474.543s
	Calibrated mode 1597 / 1836 in 13482.973s
	Calibrated mode 1598 / 1836 in 13491.469s
	Calibrated mode 1599 / 1836 in 13499.906s
	Calibrated mode 1600 / 1836 in 13508.337s
	Calibrated mode 1601 / 1836 in 13516.753s
	Calibrated mode 1602 / 1836 in 13525.174s
	Calibrated mode 1603 / 1836 in 13533.648s
	Calibrated mode 1604 / 1836 in 13542.060s
	Calibrated mode 1605 / 1836 in 13550.475s
	Calibrated mode 1606 / 1836 in 13558.914s
	Calibrated mode 1607 / 1836 in 13567.413s
	Calibrated mode 1608 / 1836 in 13575.832s
	Calibrated mode 1609 / 1836 in 13584.269s
	Calibrated mode 1610 / 1836 in 13592.711s
	Calibrated mode 1611 / 1836 in 13601.128s
	Calibrated mode 1612 / 1836 in 13609.604s
	Calibrated mode 1613 / 1836 in 13618.010s
	Calibrated mode 1614 / 1836 in 13626.429s
	Calibrated mode 1615 / 1836 in 13634.851s
	Calibrated mode 1616 / 1836 in 13643.273s
	Calibrated mode 1617 / 1836 in 13651.757s
	Calibrated mode 1618 / 1836 in 13660.191s
	Calibrated mode 1619 / 1836 in 13668.620s
	Calibrated mode 1620 / 1836 in 13677.042s
	Calibrated mode 1621 / 1836 in 13685.534s
	Calibrated mode 1622 / 1836 in 13693.948s
	Calibrated mode 1623 / 1836 in 13702.382s
	Calibrated mode 1624 / 1836 in 13710.803s
	Calibrated mode 1625 / 1836 in 13719.223s
	Calibrated mode 1626 / 1836 in 13727.710s
	Calibrated mode 1627 / 1836 in 13736.129s
	Calibrated mode 1628 / 1836 in 13744.552s
	Calibrated mode 1629 / 1836 in 13752.970s
	Calibrated mode 1630 / 1836 in 13761.387s
	Calibrated mode 1631 / 1836 in 13769.875s
	Calibrated mode 1632 / 1836 in 13778.291s
	Calibrated mode 1633 / 1836 in 13786.789s
	Calibrated mode 1634 / 1836 in 13795.218s
	Calibrated mode 1635 / 1836 in 13803.709s
	Calibrated mode 1636 / 1836 in 13812.119s
	Calibrated mode 1637 / 1836 in 13820.537s
	Calibrated mode 1638 / 1836 in 13828.961s
	Calibrated mode 1639 / 1836 in 13837.367s
	Calibrated mode 1640 / 1836 in 13845.863s
	Calibrated mode 1641 / 1836 in 13854.279s
	Calibrated mode 1642 / 1836 in 13862.694s
	Calibrated mode 1643 / 1836 in 13871.115s
	Calibrated mode 1644 / 1836 in 13879.543s
	Calibrated mode 1645 / 1836 in 13888.040s
	Calibrated mode 1646 / 1836 in 13896.460s
	Calibrated mode 1647 / 1836 in 13904.874s
	Calibrated mode 1648 / 1836 in 13913.292s
	Calibrated mode 1649 / 1836 in 13921.723s
	Calibrated mode 1650 / 1836 in 13930.222s
	Calibrated mode 1651 / 1836 in 13938.655s
	Calibrated mode 1652 / 1836 in 13947.084s
	Calibrated mode 1653 / 1836 in 13955.507s
	Calibrated mode 1654 / 1836 in 13963.995s
	Calibrated mode 1655 / 1836 in 13972.421s
	Calibrated mode 1656 / 1836 in 13980.850s
	Calibrated mode 1657 / 1836 in 13989.281s
	Calibrated mode 1658 / 1836 in 13997.690s
	Calibrated mode 1659 / 1836 in 14006.178s
	Calibrated mode 1660 / 1836 in 14014.609s
	Calibrated mode 1661 / 1836 in 14023.044s
	Calibrated mode 1662 / 1836 in 14031.470s
	Calibrated mode 1663 / 1836 in 14039.899s
	Calibrated mode 1664 / 1836 in 14048.400s
	Calibrated mode 1665 / 1836 in 14056.825s
	Calibrated mode 1666 / 1836 in 14065.255s
	Calibrated mode 1667 / 1836 in 14073.683s
	Calibrated mode 1668 / 1836 in 14082.205s
	Calibrated mode 1669 / 1836 in 14090.640s
	Calibrated mode 1670 / 1836 in 14099.065s
	Calibrated mode 1671 / 1836 in 14107.489s
	Calibrated mode 1672 / 1836 in 14115.897s
	Calibrated mode 1673 / 1836 in 14124.372s
	Calibrated mode 1674 / 1836 in 14132.783s
	Calibrated mode 1675 / 1836 in 14141.209s
	Calibrated mode 1676 / 1836 in 14149.634s
	Calibrated mode 1677 / 1836 in 14158.067s
	Calibrated mode 1678 / 1836 in 14166.577s
	Calibrated mode 1679 / 1836 in 14175.000s
	Calibrated mode 1680 / 1836 in 14183.430s
	Calibrated mode 1681 / 1836 in 14191.857s
	Calibrated mode 1682 / 1836 in 14200.353s
	Calibrated mode 1683 / 1836 in 14208.790s
	Calibrated mode 1684 / 1836 in 14217.203s
	Calibrated mode 1685 / 1836 in 14225.618s
	Calibrated mode 1686 / 1836 in 14234.059s
	Calibrated mode 1687 / 1836 in 14242.564s
	Calibrated mode 1688 / 1836 in 14250.998s
	Calibrated mode 1689 / 1836 in 14259.415s
	Calibrated mode 1690 / 1836 in 14267.827s
	Calibrated mode 1691 / 1836 in 14276.248s
	Calibrated mode 1692 / 1836 in 14284.732s
	Calibrated mode 1693 / 1836 in 14293.219s
	Calibrated mode 1694 / 1836 in 14301.638s
	Calibrated mode 1695 / 1836 in 14310.060s
	Calibrated mode 1696 / 1836 in 14318.506s
	Calibrated mode 1697 / 1836 in 14326.995s
	Calibrated mode 1698 / 1836 in 14335.410s
	Calibrated mode 1699 / 1836 in 14343.836s
	Calibrated mode 1700 / 1836 in 14352.277s
	Calibrated mode 1701 / 1836 in 14360.773s
	Calibrated mode 1702 / 1836 in 14369.206s
	Calibrated mode 1703 / 1836 in 14377.638s
	Calibrated mode 1704 / 1836 in 14386.064s
	Calibrated mode 1705 / 1836 in 14394.500s
	Calibrated mode 1706 / 1836 in 14403.030s
	Calibrated mode 1707 / 1836 in 14411.439s
	Calibrated mode 1708 / 1836 in 14419.864s
	Calibrated mode 1709 / 1836 in 14428.290s
	Calibrated mode 1710 / 1836 in 14436.705s
	Calibrated mode 1711 / 1836 in 14445.197s
	Calibrated mode 1712 / 1836 in 14453.622s
	Calibrated mode 1713 / 1836 in 14462.047s
	Calibrated mode 1714 / 1836 in 14470.467s
	Calibrated mode 1715 / 1836 in 14478.953s
	Calibrated mode 1716 / 1836 in 14487.374s
	Calibrated mode 1717 / 1836 in 14495.803s
	Calibrated mode 1718 / 1836 in 14504.230s
	Calibrated mode 1719 / 1836 in 14512.652s
	Calibrated mode 1720 / 1836 in 14521.147s
	Calibrated mode 1721 / 1836 in 14529.565s
	Calibrated mode 1722 / 1836 in 14537.980s
	Calibrated mode 1723 / 1836 in 14546.406s
	Calibrated mode 1724 / 1836 in 14554.877s
	Calibrated mode 1725 / 1836 in 14563.354s
	Calibrated mode 1726 / 1836 in 14571.761s
	Calibrated mode 1727 / 1836 in 14580.375s
	Calibrated mode 1728 / 1836 in 14588.792s
	Calibrated mode 1729 / 1836 in 14597.281s
	Calibrated mode 1730 / 1836 in 14605.694s
	Calibrated mode 1731 / 1836 in 14614.120s
	Calibrated mode 1732 / 1836 in 14622.543s
	Calibrated mode 1733 / 1836 in 14630.972s
	Calibrated mode 1734 / 1836 in 14639.473s
	Calibrated mode 1735 / 1836 in 14647.896s
	Calibrated mode 1736 / 1836 in 14656.319s
	Calibrated mode 1737 / 1836 in 14664.753s
	Calibrated mode 1738 / 1836 in 14673.175s
	Calibrated mode 1739 / 1836 in 14681.662s
	Calibrated mode 1740 / 1836 in 14690.089s
	Calibrated mode 1741 / 1836 in 14698.509s
	Calibrated mode 1742 / 1836 in 14706.935s
	Calibrated mode 1743 / 1836 in 14715.378s
	Calibrated mode 1744 / 1836 in 14723.889s
	Calibrated mode 1745 / 1836 in 14732.308s
	Calibrated mode 1746 / 1836 in 14740.740s
	Calibrated mode 1747 / 1836 in 14749.177s
	Calibrated mode 1748 / 1836 in 14757.690s
	Calibrated mode 1749 / 1836 in 14766.126s
	Calibrated mode 1750 / 1836 in 14774.547s
	Calibrated mode 1751 / 1836 in 14782.969s
	Calibrated mode 1752 / 1836 in 14791.397s
	Calibrated mode 1753 / 1836 in 14799.909s
	Calibrated mode 1754 / 1836 in 14808.344s
	Calibrated mode 1755 / 1836 in 14816.785s
	Calibrated mode 1756 / 1836 in 14825.223s
	Calibrated mode 1757 / 1836 in 14833.651s
	Calibrated mode 1758 / 1836 in 14842.140s
	Calibrated mode 1759 / 1836 in 14850.559s
	Calibrated mode 1760 / 1836 in 14858.975s
	Calibrated mode 1761 / 1836 in 14867.383s
	Calibrated mode 1762 / 1836 in 14875.795s
	Calibrated mode 1763 / 1836 in 14884.281s
	Calibrated mode 1764 / 1836 in 14892.694s
	Calibrated mode 1765 / 1836 in 14901.110s
	Calibrated mode 1766 / 1836 in 14909.533s
	Calibrated mode 1767 / 1836 in 14918.026s
	Calibrated mode 1768 / 1836 in 14926.444s
	Calibrated mode 1769 / 1836 in 14934.868s
	Calibrated mode 1770 / 1836 in 14943.299s
	Calibrated mode 1771 / 1836 in 14951.723s
	Calibrated mode 1772 / 1836 in 14960.220s
	Calibrated mode 1773 / 1836 in 14968.647s
	Calibrated mode 1774 / 1836 in 14977.073s
	Calibrated mode 1775 / 1836 in 14985.502s
	Calibrated mode 1776 / 1836 in 14993.949s
	Calibrated mode 1777 / 1836 in 15002.453s
	Calibrated mode 1778 / 1836 in 15010.876s
	Calibrated mode 1779 / 1836 in 15019.301s
	Calibrated mode 1780 / 1836 in 15027.710s
	Calibrated mode 1781 / 1836 in 15036.219s
	Calibrated mode 1782 / 1836 in 15044.651s
	Calibrated mode 1783 / 1836 in 15053.083s
	Calibrated mode 1784 / 1836 in 15061.507s
	Calibrated mode 1785 / 1836 in 15069.929s
	Calibrated mode 1786 / 1836 in 15078.418s
	Calibrated mode 1787 / 1836 in 15086.856s
	Calibrated mode 1788 / 1836 in 15095.285s
	Calibrated mode 1789 / 1836 in 15103.709s
	Calibrated mode 1790 / 1836 in 15112.135s
	Calibrated mode 1791 / 1836 in 15120.634s
	Calibrated mode 1792 / 1836 in 15129.059s
	Calibrated mode 1793 / 1836 in 15137.485s
	Calibrated mode 1794 / 1836 in 15145.914s
	Calibrated mode 1795 / 1836 in 15154.340s
	Calibrated mode 1796 / 1836 in 15162.811s
	Calibrated mode 1797 / 1836 in 15171.215s
	Calibrated mode 1798 / 1836 in 15179.624s
	Calibrated mode 1799 / 1836 in 15188.036s
	Calibrated mode 1800 / 1836 in 15196.546s
	Calibrated mode 1801 / 1836 in 15204.980s
	Calibrated mode 1802 / 1836 in 15213.407s
	Calibrated mode 1803 / 1836 in 15221.828s
	Calibrated mode 1804 / 1836 in 15230.251s
	Calibrated mode 1805 / 1836 in 15238.738s
	Calibrated mode 1806 / 1836 in 15247.149s
	Calibrated mode 1807 / 1836 in 15255.570s
	Calibrated mode 1808 / 1836 in 15263.990s
	Calibrated mode 1809 / 1836 in 15272.416s
	Calibrated mode 1810 / 1836 in 15280.903s
	Calibrated mode 1811 / 1836 in 15289.337s
	Calibrated mode 1812 / 1836 in 15297.779s
	Calibrated mode 1813 / 1836 in 15306.211s
	Calibrated mode 1814 / 1836 in 15314.642s
	Calibrated mode 1815 / 1836 in 15323.139s
	Calibrated mode 1816 / 1836 in 15331.570s
	Calibrated mode 1817 / 1836 in 15339.985s
	Calibrated mode 1818 / 1836 in 15348.405s
	Calibrated mode 1819 / 1836 in 15356.839s
	Calibrated mode 1820 / 1836 in 15365.332s
	Calibrated mode 1821 / 1836 in 15373.763s
	Calibrated mode 1822 / 1836 in 15382.196s
	Calibrated mode 1823 / 1836 in 15390.641s
	Calibrated mode 1824 / 1836 in 15399.155s
	Calibrated mode 1825 / 1836 in 15407.590s
	Calibrated mode 1826 / 1836 in 15416.025s
	Calibrated mode 1827 / 1836 in 15424.462s
	Calibrated mode 1828 / 1836 in 15432.909s
	Calibrated mode 1829 / 1836 in 15441.413s
	Calibrated mode 1830 / 1836 in 15449.849s
	Calibrated mode 1831 / 1836 in 15458.288s
	Calibrated mode 1832 / 1836 in 15466.723s
	Calibrated mode 1833 / 1836 in 15475.147s
	Calibrated mode 1834 / 1836 in 15483.642s
	Calibrated mode 1835 / 1836 in 15492.063s
	Calibrated mode 1836 / 1836 in 15500.481s
Calibration complete.
Saved data to:  /groups/douglase/kians-data-files/roman-cgi-iefc-data/response-data/spcwide_iefc_2dm_response_matrix_20230524.fits
Saved data to:  /groups/douglase/kians-data-files/roman-cgi-iefc-data/response-data/spcwide_iefc_2dm_response_cube_20230524.fits
Figure(500x500)
Detailed performance metrics for this job will be available at https://metrics.hpc.arizona.edu/#job_viewer?action=show&realm=SUPREMM&resource_id=73&local_job_id=7293962 by 8am on 2023/05/26.
