INFO:numexpr.utils:Note: detected 96 virtual cores but NumExpr set to maximum of 64, check "NUMEXPR_MAX_THREADS" environment variable.
INFO:numexpr.utils:Note: NumExpr detected 96 cores but "NUMEXPR_MAX_THREADS" not set, so enforcing safe limit of 8.
Figure(1250x500)
Figure(500x500)
Figure(1250x500)
(1276, 2304) (638, 2)
Figure(500x500)
Figure(1250x500)
Calibrating I-EFC...
	Calibrated mode 1 / 1276 in 5.783s
	Calibrated mode 2 / 1276 in 11.658s
	Calibrated mode 3 / 1276 in 17.438s
	Calibrated mode 4 / 1276 in 23.225s
	Calibrated mode 5 / 1276 in 29.010s
	Calibrated mode 6 / 1276 in 34.804s
	Calibrated mode 7 / 1276 in 40.601s
	Calibrated mode 8 / 1276 in 46.408s
	Calibrated mode 9 / 1276 in 52.278s
	Calibrated mode 10 / 1276 in 58.047s
	Calibrated mode 11 / 1276 in 63.819s
	Calibrated mode 12 / 1276 in 69.588s
	Calibrated mode 13 / 1276 in 75.371s
	Calibrated mode 14 / 1276 in 81.166s
	Calibrated mode 15 / 1276 in 86.959s
	Calibrated mode 16 / 1276 in 92.862s
	Calibrated mode 17 / 1276 in 98.667s
	Calibrated mode 18 / 1276 in 104.475s
	Calibrated mode 19 / 1276 in 110.280s
	Calibrated mode 20 / 1276 in 116.092s
	Calibrated mode 21 / 1276 in 121.906s
	Calibrated mode 22 / 1276 in 127.713s
	Calibrated mode 23 / 1276 in 133.617s
	Calibrated mode 24 / 1276 in 139.425s
	Calibrated mode 25 / 1276 in 145.229s
	Calibrated mode 26 / 1276 in 151.038s
	Calibrated mode 27 / 1276 in 156.850s
	Calibrated mode 28 / 1276 in 162.665s
	Calibrated mode 29 / 1276 in 168.466s
	Calibrated mode 30 / 1276 in 174.365s
	Calibrated mode 31 / 1276 in 180.177s
	Calibrated mode 32 / 1276 in 185.983s
	Calibrated mode 33 / 1276 in 191.791s
	Calibrated mode 34 / 1276 in 197.601s
	Calibrated mode 35 / 1276 in 203.409s
	Calibrated mode 36 / 1276 in 209.219s
	Calibrated mode 37 / 1276 in 215.121s
	Calibrated mode 38 / 1276 in 220.932s
	Calibrated mode 39 / 1276 in 226.738s
	Calibrated mode 40 / 1276 in 232.542s
	Calibrated mode 41 / 1276 in 238.356s
	Calibrated mode 42 / 1276 in 244.167s
	Calibrated mode 43 / 1276 in 249.978s
	Calibrated mode 44 / 1276 in 255.882s
	Calibrated mode 45 / 1276 in 261.684s
	Calibrated mode 46 / 1276 in 267.483s
	Calibrated mode 47 / 1276 in 273.281s
	Calibrated mode 48 / 1276 in 279.081s
	Calibrated mode 49 / 1276 in 284.881s
	Calibrated mode 50 / 1276 in 290.681s
	Calibrated mode 51 / 1276 in 296.585s
	Calibrated mode 52 / 1276 in 302.390s
	Calibrated mode 53 / 1276 in 308.189s
	Calibrated mode 54 / 1276 in 313.990s
	Calibrated mode 55 / 1276 in 319.794s
	Calibrated mode 56 / 1276 in 325.596s
	Calibrated mode 57 / 1276 in 331.400s
	Calibrated mode 58 / 1276 in 337.297s
	Calibrated mode 59 / 1276 in 343.098s
	Calibrated mode 60 / 1276 in 348.904s
	Calibrated mode 61 / 1276 in 354.716s
	Calibrated mode 62 / 1276 in 360.526s
	Calibrated mode 63 / 1276 in 366.334s
	Calibrated mode 64 / 1276 in 372.141s
	Calibrated mode 65 / 1276 in 377.940s
	Calibrated mode 66 / 1276 in 383.838s
	Calibrated mode 67 / 1276 in 389.637s
	Calibrated mode 68 / 1276 in 395.444s
	Calibrated mode 69 / 1276 in 401.248s
	Calibrated mode 70 / 1276 in 407.052s
	Calibrated mode 71 / 1276 in 412.863s
	Calibrated mode 72 / 1276 in 418.673s
	Calibrated mode 73 / 1276 in 424.577s
	Calibrated mode 74 / 1276 in 430.381s
	Calibrated mode 75 / 1276 in 436.147s
	Calibrated mode 76 / 1276 in 441.913s
	Calibrated mode 77 / 1276 in 447.694s
	Calibrated mode 78 / 1276 in 453.476s
	Calibrated mode 79 / 1276 in 459.265s
	Calibrated mode 80 / 1276 in 465.158s
	Calibrated mode 81 / 1276 in 470.946s
	Calibrated mode 82 / 1276 in 476.727s
	Calibrated mode 83 / 1276 in 482.528s
	Calibrated mode 84 / 1276 in 488.334s
	Calibrated mode 85 / 1276 in 494.142s
	Calibrated mode 86 / 1276 in 499.957s
	Calibrated mode 87 / 1276 in 505.767s
	Calibrated mode 88 / 1276 in 511.672s
	Calibrated mode 89 / 1276 in 517.481s
	Calibrated mode 90 / 1276 in 523.293s
	Calibrated mode 91 / 1276 in 529.101s
	Calibrated mode 92 / 1276 in 534.914s
	Calibrated mode 93 / 1276 in 540.729s
	Calibrated mode 94 / 1276 in 546.540s
	Calibrated mode 95 / 1276 in 552.444s
	Calibrated mode 96 / 1276 in 558.255s
	Calibrated mode 97 / 1276 in 564.024s
	Calibrated mode 98 / 1276 in 569.783s
	Calibrated mode 99 / 1276 in 575.547s
	Calibrated mode 100 / 1276 in 581.316s
	Calibrated mode 101 / 1276 in 587.092s
	Calibrated mode 102 / 1276 in 592.971s
	Calibrated mode 103 / 1276 in 598.766s
	Calibrated mode 104 / 1276 in 604.570s
	Calibrated mode 105 / 1276 in 610.379s
	Calibrated mode 106 / 1276 in 616.184s
	Calibrated mode 107 / 1276 in 621.986s
	Calibrated mode 108 / 1276 in 627.786s
	Calibrated mode 109 / 1276 in 633.592s
	Calibrated mode 110 / 1276 in 639.493s
	Calibrated mode 111 / 1276 in 645.293s
	Calibrated mode 112 / 1276 in 651.100s
	Calibrated mode 113 / 1276 in 656.913s
	Calibrated mode 114 / 1276 in 662.723s
	Calibrated mode 115 / 1276 in 668.524s
	Calibrated mode 116 / 1276 in 674.325s
	Calibrated mode 117 / 1276 in 680.241s
	Calibrated mode 118 / 1276 in 686.042s
	Calibrated mode 119 / 1276 in 691.844s
	Calibrated mode 120 / 1276 in 697.649s
	Calibrated mode 121 / 1276 in 703.454s
	Calibrated mode 122 / 1276 in 709.261s
	Calibrated mode 123 / 1276 in 715.070s
	Calibrated mode 124 / 1276 in 720.977s
	Calibrated mode 125 / 1276 in 726.781s
	Calibrated mode 126 / 1276 in 732.587s
	Calibrated mode 127 / 1276 in 738.397s
	Calibrated mode 128 / 1276 in 744.202s
	Calibrated mode 129 / 1276 in 750.007s
	Calibrated mode 130 / 1276 in 755.811s
	Calibrated mode 131 / 1276 in 761.620s
	Calibrated mode 132 / 1276 in 767.517s
	Calibrated mode 133 / 1276 in 773.325s
	Calibrated mode 134 / 1276 in 779.137s
	Calibrated mode 135 / 1276 in 784.946s
	Calibrated mode 136 / 1276 in 790.753s
	Calibrated mode 137 / 1276 in 796.538s
	Calibrated mode 138 / 1276 in 802.324s
	Calibrated mode 139 / 1276 in 808.226s
	Calibrated mode 140 / 1276 in 814.023s
	Calibrated mode 141 / 1276 in 819.822s
	Calibrated mode 142 / 1276 in 825.622s
	Calibrated mode 143 / 1276 in 831.448s
	Calibrated mode 144 / 1276 in 837.320s
	Calibrated mode 145 / 1276 in 843.223s
	Calibrated mode 146 / 1276 in 849.272s
	Calibrated mode 147 / 1276 in 855.172s
	Calibrated mode 148 / 1276 in 861.072s
	Calibrated mode 149 / 1276 in 866.972s
	Calibrated mode 150 / 1276 in 872.874s
	Calibrated mode 151 / 1276 in 878.772s
	Calibrated mode 152 / 1276 in 884.673s
	Calibrated mode 153 / 1276 in 890.694s
	Calibrated mode 154 / 1276 in 896.595s
	Calibrated mode 155 / 1276 in 902.501s
	Calibrated mode 156 / 1276 in 908.401s
	Calibrated mode 157 / 1276 in 914.295s
	Calibrated mode 158 / 1276 in 920.194s
	Calibrated mode 159 / 1276 in 926.099s
	Calibrated mode 160 / 1276 in 931.996s
	Calibrated mode 161 / 1276 in 938.018s
	Calibrated mode 162 / 1276 in 943.905s
	Calibrated mode 163 / 1276 in 949.800s
	Calibrated mode 164 / 1276 in 955.704s
	Calibrated mode 165 / 1276 in 961.610s
	Calibrated mode 166 / 1276 in 967.511s
	Calibrated mode 167 / 1276 in 973.408s
	Calibrated mode 168 / 1276 in 979.410s
	Calibrated mode 169 / 1276 in 985.307s
	Calibrated mode 170 / 1276 in 991.201s
	Calibrated mode 171 / 1276 in 997.097s
	Calibrated mode 172 / 1276 in 1002.996s
	Calibrated mode 173 / 1276 in 1008.904s
	Calibrated mode 174 / 1276 in 1014.808s
	Calibrated mode 175 / 1276 in 1020.834s
	Calibrated mode 176 / 1276 in 1026.739s
	Calibrated mode 177 / 1276 in 1032.638s
	Calibrated mode 178 / 1276 in 1038.535s
	Calibrated mode 179 / 1276 in 1044.433s
	Calibrated mode 180 / 1276 in 1050.339s
	Calibrated mode 181 / 1276 in 1056.222s
	Calibrated mode 182 / 1276 in 1062.110s
	Calibrated mode 183 / 1276 in 1068.137s
	Calibrated mode 184 / 1276 in 1074.035s
	Calibrated mode 185 / 1276 in 1079.933s
	Calibrated mode 186 / 1276 in 1085.843s
	Calibrated mode 187 / 1276 in 1091.744s
	Calibrated mode 188 / 1276 in 1097.640s
	Calibrated mode 189 / 1276 in 1103.538s
	Calibrated mode 190 / 1276 in 1109.569s
	Calibrated mode 191 / 1276 in 1115.472s
	Calibrated mode 192 / 1276 in 1121.376s
	Calibrated mode 193 / 1276 in 1127.270s
	Calibrated mode 194 / 1276 in 1133.172s
	Calibrated mode 195 / 1276 in 1139.084s
	Calibrated mode 196 / 1276 in 1144.984s
	Calibrated mode 197 / 1276 in 1151.009s
	Calibrated mode 198 / 1276 in 1156.904s
	Calibrated mode 199 / 1276 in 1162.793s
	Calibrated mode 200 / 1276 in 1168.688s
	Calibrated mode 201 / 1276 in 1174.581s
	Calibrated mode 202 / 1276 in 1180.472s
	Calibrated mode 203 / 1276 in 1186.365s
	Calibrated mode 204 / 1276 in 1192.261s
	Calibrated mode 205 / 1276 in 1198.313s
	Calibrated mode 206 / 1276 in 1204.214s
	Calibrated mode 207 / 1276 in 1210.106s
	Calibrated mode 208 / 1276 in 1216.003s
	Calibrated mode 209 / 1276 in 1221.905s
	Calibrated mode 210 / 1276 in 1227.804s
	Calibrated mode 211 / 1276 in 1233.702s
	Calibrated mode 212 / 1276 in 1239.721s
	Calibrated mode 213 / 1276 in 1245.620s
	Calibrated mode 214 / 1276 in 1251.518s
	Calibrated mode 215 / 1276 in 1257.415s
	Calibrated mode 216 / 1276 in 1263.314s
	Calibrated mode 217 / 1276 in 1269.213s
	Calibrated mode 218 / 1276 in 1275.106s
	Calibrated mode 219 / 1276 in 1281.114s
	Calibrated mode 220 / 1276 in 1287.008s
	Calibrated mode 221 / 1276 in 1292.906s
	Calibrated mode 222 / 1276 in 1298.808s
	Calibrated mode 223 / 1276 in 1304.703s
	Calibrated mode 224 / 1276 in 1310.592s
	Calibrated mode 225 / 1276 in 1316.491s
	Calibrated mode 226 / 1276 in 1322.396s
	Calibrated mode 227 / 1276 in 1328.434s
	Calibrated mode 228 / 1276 in 1334.323s
	Calibrated mode 229 / 1276 in 1340.231s
	Calibrated mode 230 / 1276 in 1346.116s
	Calibrated mode 231 / 1276 in 1352.008s
	Calibrated mode 232 / 1276 in 1357.915s
	Calibrated mode 233 / 1276 in 1363.818s
	Calibrated mode 234 / 1276 in 1369.833s
	Calibrated mode 235 / 1276 in 1375.728s
	Calibrated mode 236 / 1276 in 1381.625s
	Calibrated mode 237 / 1276 in 1387.513s
	Calibrated mode 238 / 1276 in 1393.410s
	Calibrated mode 239 / 1276 in 1399.309s
	Calibrated mode 240 / 1276 in 1405.210s
	Calibrated mode 241 / 1276 in 1411.242s
	Calibrated mode 242 / 1276 in 1417.142s
	Calibrated mode 243 / 1276 in 1423.031s
	Calibrated mode 244 / 1276 in 1428.909s
	Calibrated mode 245 / 1276 in 1434.798s
	Calibrated mode 246 / 1276 in 1440.694s
	Calibrated mode 247 / 1276 in 1446.593s
	Calibrated mode 248 / 1276 in 1452.493s
	Calibrated mode 249 / 1276 in 1458.518s
	Calibrated mode 250 / 1276 in 1464.418s
	Calibrated mode 251 / 1276 in 1470.303s
	Calibrated mode 252 / 1276 in 1476.180s
	Calibrated mode 253 / 1276 in 1482.064s
	Calibrated mode 254 / 1276 in 1487.953s
	Calibrated mode 255 / 1276 in 1493.844s
	Calibrated mode 256 / 1276 in 1499.855s
	Calibrated mode 257 / 1276 in 1505.746s
	Calibrated mode 258 / 1276 in 1511.627s
	Calibrated mode 259 / 1276 in 1517.517s
	Calibrated mode 260 / 1276 in 1523.417s
	Calibrated mode 261 / 1276 in 1529.313s
	Calibrated mode 262 / 1276 in 1535.210s
	Calibrated mode 263 / 1276 in 1541.218s
	Calibrated mode 264 / 1276 in 1547.104s
	Calibrated mode 265 / 1276 in 1552.977s
	Calibrated mode 266 / 1276 in 1558.867s
	Calibrated mode 267 / 1276 in 1564.766s
	Calibrated mode 268 / 1276 in 1570.656s
	Calibrated mode 269 / 1276 in 1576.546s
	Calibrated mode 270 / 1276 in 1582.571s
	Calibrated mode 271 / 1276 in 1588.461s
	Calibrated mode 272 / 1276 in 1594.345s
	Calibrated mode 273 / 1276 in 1600.243s
	Calibrated mode 274 / 1276 in 1606.124s
	Calibrated mode 275 / 1276 in 1612.008s
	Calibrated mode 276 / 1276 in 1617.902s
	Calibrated mode 277 / 1276 in 1623.734s
	Calibrated mode 278 / 1276 in 1629.703s
	Calibrated mode 279 / 1276 in 1635.595s
	Calibrated mode 280 / 1276 in 1641.487s
	Calibrated mode 281 / 1276 in 1647.380s
	Calibrated mode 282 / 1276 in 1653.278s
	Calibrated mode 283 / 1276 in 1659.175s
	Calibrated mode 284 / 1276 in 1665.080s
	Calibrated mode 285 / 1276 in 1671.108s
	Calibrated mode 286 / 1276 in 1676.958s
	Calibrated mode 287 / 1276 in 1682.741s
	Calibrated mode 288 / 1276 in 1688.526s
	Calibrated mode 289 / 1276 in 1694.306s
	Calibrated mode 290 / 1276 in 1700.091s
	Calibrated mode 291 / 1276 in 1705.874s
	Calibrated mode 292 / 1276 in 1711.776s
	Calibrated mode 293 / 1276 in 1717.563s
	Calibrated mode 294 / 1276 in 1723.352s
	Calibrated mode 295 / 1276 in 1729.142s
	Calibrated mode 296 / 1276 in 1734.936s
	Calibrated mode 297 / 1276 in 1740.738s
	Calibrated mode 298 / 1276 in 1746.532s
	Calibrated mode 299 / 1276 in 1752.327s
	Calibrated mode 300 / 1276 in 1758.241s
	Calibrated mode 301 / 1276 in 1764.028s
	Calibrated mode 302 / 1276 in 1769.814s
	Calibrated mode 303 / 1276 in 1775.598s
	Calibrated mode 304 / 1276 in 1781.386s
	Calibrated mode 305 / 1276 in 1787.173s
	Calibrated mode 306 / 1276 in 1792.962s
	Calibrated mode 307 / 1276 in 1798.857s
	Calibrated mode 308 / 1276 in 1804.648s
	Calibrated mode 309 / 1276 in 1810.439s
	Calibrated mode 310 / 1276 in 1816.232s
	Calibrated mode 311 / 1276 in 1822.020s
	Calibrated mode 312 / 1276 in 1827.811s
	Calibrated mode 313 / 1276 in 1833.601s
	Calibrated mode 314 / 1276 in 1839.509s
	Calibrated mode 315 / 1276 in 1845.302s
	Calibrated mode 316 / 1276 in 1851.099s
	Calibrated mode 317 / 1276 in 1856.897s
	Calibrated mode 318 / 1276 in 1862.692s
	Calibrated mode 319 / 1276 in 1868.496s
	Calibrated mode 320 / 1276 in 1874.285s
	Calibrated mode 321 / 1276 in 1880.081s
	Calibrated mode 322 / 1276 in 1885.978s
	Calibrated mode 323 / 1276 in 1891.771s
	Calibrated mode 324 / 1276 in 1897.570s
	Calibrated mode 325 / 1276 in 1903.367s
	Calibrated mode 326 / 1276 in 1909.162s
	Calibrated mode 327 / 1276 in 1914.956s
	Calibrated mode 328 / 1276 in 1920.756s
	Calibrated mode 329 / 1276 in 1926.658s
	Calibrated mode 330 / 1276 in 1932.452s
	Calibrated mode 331 / 1276 in 1938.248s
	Calibrated mode 332 / 1276 in 1944.037s
	Calibrated mode 333 / 1276 in 1949.835s
	Calibrated mode 334 / 1276 in 1955.634s
	Calibrated mode 335 / 1276 in 1961.430s
	Calibrated mode 336 / 1276 in 1967.336s
	Calibrated mode 337 / 1276 in 1973.130s
	Calibrated mode 338 / 1276 in 1978.948s
	Calibrated mode 339 / 1276 in 1984.856s
	Calibrated mode 340 / 1276 in 1990.753s
	Calibrated mode 341 / 1276 in 1996.627s
	Calibrated mode 342 / 1276 in 2002.503s
	Calibrated mode 343 / 1276 in 2008.393s
	Calibrated mode 344 / 1276 in 2014.432s
	Calibrated mode 345 / 1276 in 2020.337s
	Calibrated mode 346 / 1276 in 2026.239s
	Calibrated mode 347 / 1276 in 2032.139s
	Calibrated mode 348 / 1276 in 2038.038s
	Calibrated mode 349 / 1276 in 2043.936s
	Calibrated mode 350 / 1276 in 2049.835s
	Calibrated mode 351 / 1276 in 2055.838s
	Calibrated mode 352 / 1276 in 2061.730s
	Calibrated mode 353 / 1276 in 2067.623s
	Calibrated mode 354 / 1276 in 2073.517s
	Calibrated mode 355 / 1276 in 2079.412s
	Calibrated mode 356 / 1276 in 2085.302s
	Calibrated mode 357 / 1276 in 2091.195s
	Calibrated mode 358 / 1276 in 2097.223s
	Calibrated mode 359 / 1276 in 2103.111s
	Calibrated mode 360 / 1276 in 2109.001s
	Calibrated mode 361 / 1276 in 2114.892s
	Calibrated mode 362 / 1276 in 2120.783s
	Calibrated mode 363 / 1276 in 2126.678s
	Calibrated mode 364 / 1276 in 2132.566s
	Calibrated mode 365 / 1276 in 2138.462s
	Calibrated mode 366 / 1276 in 2144.467s
	Calibrated mode 367 / 1276 in 2150.358s
	Calibrated mode 368 / 1276 in 2156.246s
	Calibrated mode 369 / 1276 in 2162.141s
	Calibrated mode 370 / 1276 in 2168.040s
	Calibrated mode 371 / 1276 in 2173.936s
	Calibrated mode 372 / 1276 in 2179.825s
	Calibrated mode 373 / 1276 in 2185.859s
	Calibrated mode 374 / 1276 in 2191.747s
	Calibrated mode 375 / 1276 in 2197.645s
	Calibrated mode 376 / 1276 in 2203.541s
	Calibrated mode 377 / 1276 in 2209.432s
	Calibrated mode 378 / 1276 in 2215.335s
	Calibrated mode 379 / 1276 in 2221.241s
	Calibrated mode 380 / 1276 in 2227.270s
	Calibrated mode 381 / 1276 in 2233.164s
	Calibrated mode 382 / 1276 in 2239.065s
	Calibrated mode 383 / 1276 in 2244.968s
	Calibrated mode 384 / 1276 in 2250.862s
	Calibrated mode 385 / 1276 in 2256.768s
	Calibrated mode 386 / 1276 in 2262.669s
	Calibrated mode 387 / 1276 in 2268.702s
	Calibrated mode 388 / 1276 in 2274.599s
	Calibrated mode 389 / 1276 in 2280.508s
	Calibrated mode 390 / 1276 in 2286.412s
	Calibrated mode 391 / 1276 in 2292.315s
	Calibrated mode 392 / 1276 in 2298.221s
	Calibrated mode 393 / 1276 in 2304.116s
	Calibrated mode 394 / 1276 in 2310.016s
	Calibrated mode 395 / 1276 in 2316.007s
	Calibrated mode 396 / 1276 in 2321.907s
	Calibrated mode 397 / 1276 in 2327.802s
	Calibrated mode 398 / 1276 in 2333.705s
	Calibrated mode 399 / 1276 in 2339.613s
	Calibrated mode 400 / 1276 in 2345.519s
	Calibrated mode 401 / 1276 in 2351.441s
	Calibrated mode 402 / 1276 in 2357.451s
	Calibrated mode 403 / 1276 in 2363.337s
	Calibrated mode 404 / 1276 in 2369.229s
	Calibrated mode 405 / 1276 in 2375.126s
	Calibrated mode 406 / 1276 in 2381.019s
	Calibrated mode 407 / 1276 in 2386.921s
	Calibrated mode 408 / 1276 in 2392.820s
	Calibrated mode 409 / 1276 in 2398.854s
	Calibrated mode 410 / 1276 in 2404.748s
	Calibrated mode 411 / 1276 in 2410.648s
	Calibrated mode 412 / 1276 in 2416.542s
	Calibrated mode 413 / 1276 in 2422.434s
	Calibrated mode 414 / 1276 in 2428.332s
	Calibrated mode 415 / 1276 in 2434.226s
	Calibrated mode 416 / 1276 in 2440.133s
	Calibrated mode 417 / 1276 in 2446.149s
	Calibrated mode 418 / 1276 in 2452.050s
	Calibrated mode 419 / 1276 in 2457.950s
	Calibrated mode 420 / 1276 in 2463.851s
	Calibrated mode 421 / 1276 in 2469.752s
	Calibrated mode 422 / 1276 in 2475.651s
	Calibrated mode 423 / 1276 in 2481.543s
	Calibrated mode 424 / 1276 in 2487.574s
	Calibrated mode 425 / 1276 in 2493.475s
	Calibrated mode 426 / 1276 in 2499.375s
	Calibrated mode 427 / 1276 in 2505.274s
	Calibrated mode 428 / 1276 in 2511.173s
	Calibrated mode 429 / 1276 in 2517.077s
	Calibrated mode 430 / 1276 in 2522.981s
	Calibrated mode 431 / 1276 in 2529.022s
	Calibrated mode 432 / 1276 in 2534.917s
	Calibrated mode 433 / 1276 in 2540.821s
	Calibrated mode 434 / 1276 in 2546.715s
	Calibrated mode 435 / 1276 in 2552.610s
	Calibrated mode 436 / 1276 in 2558.510s
	Calibrated mode 437 / 1276 in 2564.418s
	Calibrated mode 438 / 1276 in 2570.321s
	Calibrated mode 439 / 1276 in 2576.351s
	Calibrated mode 440 / 1276 in 2582.258s
	Calibrated mode 441 / 1276 in 2588.152s
	Calibrated mode 442 / 1276 in 2594.049s
	Calibrated mode 443 / 1276 in 2599.947s
	Calibrated mode 444 / 1276 in 2605.849s
	Calibrated mode 445 / 1276 in 2611.752s
	Calibrated mode 446 / 1276 in 2617.789s
	Calibrated mode 447 / 1276 in 2623.683s
	Calibrated mode 448 / 1276 in 2629.566s
	Calibrated mode 449 / 1276 in 2635.469s
	Calibrated mode 450 / 1276 in 2641.362s
	Calibrated mode 451 / 1276 in 2647.273s
	Calibrated mode 452 / 1276 in 2653.177s
	Calibrated mode 453 / 1276 in 2659.216s
	Calibrated mode 454 / 1276 in 2665.110s
	Calibrated mode 455 / 1276 in 2671.010s
	Calibrated mode 456 / 1276 in 2676.896s
	Calibrated mode 457 / 1276 in 2682.793s
	Calibrated mode 458 / 1276 in 2688.689s
	Calibrated mode 459 / 1276 in 2694.584s
	Calibrated mode 460 / 1276 in 2700.489s
	Calibrated mode 461 / 1276 in 2706.494s
	Calibrated mode 462 / 1276 in 2712.384s
	Calibrated mode 463 / 1276 in 2718.277s
	Calibrated mode 464 / 1276 in 2724.174s
	Calibrated mode 465 / 1276 in 2730.076s
	Calibrated mode 466 / 1276 in 2735.965s
	Calibrated mode 467 / 1276 in 2741.860s
	Calibrated mode 468 / 1276 in 2747.856s
	Calibrated mode 469 / 1276 in 2753.758s
	Calibrated mode 470 / 1276 in 2759.659s
	Calibrated mode 471 / 1276 in 2765.556s
	Calibrated mode 472 / 1276 in 2771.452s
	Calibrated mode 473 / 1276 in 2777.347s
	Calibrated mode 474 / 1276 in 2783.243s
	Calibrated mode 475 / 1276 in 2789.280s
	Calibrated mode 476 / 1276 in 2795.188s
	Calibrated mode 477 / 1276 in 2801.081s
	Calibrated mode 478 / 1276 in 2806.970s
	Calibrated mode 479 / 1276 in 2812.866s
	Calibrated mode 480 / 1276 in 2818.771s
	Calibrated mode 481 / 1276 in 2824.679s
	Calibrated mode 482 / 1276 in 2830.574s
	Calibrated mode 483 / 1276 in 2836.602s
	Calibrated mode 484 / 1276 in 2842.503s
	Calibrated mode 485 / 1276 in 2848.409s
	Calibrated mode 486 / 1276 in 2854.316s
	Calibrated mode 487 / 1276 in 2860.216s
	Calibrated mode 488 / 1276 in 2866.118s
	Calibrated mode 489 / 1276 in 2872.012s
	Calibrated mode 490 / 1276 in 2878.025s
	Calibrated mode 491 / 1276 in 2883.937s
	Calibrated mode 492 / 1276 in 2889.840s
	Calibrated mode 493 / 1276 in 2895.740s
	Calibrated mode 494 / 1276 in 2901.640s
	Calibrated mode 495 / 1276 in 2907.537s
	Calibrated mode 496 / 1276 in 2913.432s
	Calibrated mode 497 / 1276 in 2919.448s
	Calibrated mode 498 / 1276 in 2925.341s
	Calibrated mode 499 / 1276 in 2931.254s
	Calibrated mode 500 / 1276 in 2937.145s
	Calibrated mode 501 / 1276 in 2943.046s
	Calibrated mode 502 / 1276 in 2948.946s
	Calibrated mode 503 / 1276 in 2954.854s
	Calibrated mode 504 / 1276 in 2960.892s
	Calibrated mode 505 / 1276 in 2966.795s
	Calibrated mode 506 / 1276 in 2972.688s
	Calibrated mode 507 / 1276 in 2978.583s
	Calibrated mode 508 / 1276 in 2984.479s
	Calibrated mode 509 / 1276 in 2990.372s
	Calibrated mode 510 / 1276 in 2996.261s
	Calibrated mode 511 / 1276 in 3002.167s
	Calibrated mode 512 / 1276 in 3008.191s
	Calibrated mode 513 / 1276 in 3014.085s
	Calibrated mode 514 / 1276 in 3019.973s
	Calibrated mode 515 / 1276 in 3025.869s
	Calibrated mode 516 / 1276 in 3031.762s
	Calibrated mode 517 / 1276 in 3037.660s
	Calibrated mode 518 / 1276 in 3043.554s
	Calibrated mode 519 / 1276 in 3049.599s
	Calibrated mode 520 / 1276 in 3055.490s
	Calibrated mode 521 / 1276 in 3061.383s
	Calibrated mode 522 / 1276 in 3067.271s
	Calibrated mode 523 / 1276 in 3073.161s
	Calibrated mode 524 / 1276 in 3079.051s
	Calibrated mode 525 / 1276 in 3084.941s
	Calibrated mode 526 / 1276 in 3090.986s
	Calibrated mode 527 / 1276 in 3096.882s
	Calibrated mode 528 / 1276 in 3102.770s
	Calibrated mode 529 / 1276 in 3108.666s
	Calibrated mode 530 / 1276 in 3114.563s
	Calibrated mode 531 / 1276 in 3120.460s
	Calibrated mode 532 / 1276 in 3126.359s
	Calibrated mode 533 / 1276 in 3132.262s
	Calibrated mode 534 / 1276 in 3138.293s
	Calibrated mode 535 / 1276 in 3144.184s
	Calibrated mode 536 / 1276 in 3150.078s
	Calibrated mode 537 / 1276 in 3155.970s
	Calibrated mode 538 / 1276 in 3161.872s
	Calibrated mode 539 / 1276 in 3167.760s
	Calibrated mode 540 / 1276 in 3173.649s
	Calibrated mode 541 / 1276 in 3179.655s
	Calibrated mode 542 / 1276 in 3185.545s
	Calibrated mode 543 / 1276 in 3191.445s
	Calibrated mode 544 / 1276 in 3197.334s
	Calibrated mode 545 / 1276 in 3203.238s
	Calibrated mode 546 / 1276 in 3209.127s
	Calibrated mode 547 / 1276 in 3215.025s
	Calibrated mode 548 / 1276 in 3221.017s
	Calibrated mode 549 / 1276 in 3226.903s
	Calibrated mode 550 / 1276 in 3232.785s
	Calibrated mode 551 / 1276 in 3238.683s
	Calibrated mode 552 / 1276 in 3244.584s
	Calibrated mode 553 / 1276 in 3250.483s
	Calibrated mode 554 / 1276 in 3256.378s
	Calibrated mode 555 / 1276 in 3262.275s
	Calibrated mode 556 / 1276 in 3268.285s
	Calibrated mode 557 / 1276 in 3274.168s
	Calibrated mode 558 / 1276 in 3280.059s
	Calibrated mode 559 / 1276 in 3285.952s
	Calibrated mode 560 / 1276 in 3291.843s
	Calibrated mode 561 / 1276 in 3297.737s
	Calibrated mode 562 / 1276 in 3303.632s
	Calibrated mode 563 / 1276 in 3309.662s
	Calibrated mode 564 / 1276 in 3315.549s
	Calibrated mode 565 / 1276 in 3321.451s
	Calibrated mode 566 / 1276 in 3327.339s
	Calibrated mode 567 / 1276 in 3333.227s
	Calibrated mode 568 / 1276 in 3339.126s
	Calibrated mode 569 / 1276 in 3345.018s
	Calibrated mode 570 / 1276 in 3351.048s
	Calibrated mode 571 / 1276 in 3356.951s
	Calibrated mode 572 / 1276 in 3362.852s
	Calibrated mode 573 / 1276 in 3368.752s
	Calibrated mode 574 / 1276 in 3374.652s
	Calibrated mode 575 / 1276 in 3380.536s
	Calibrated mode 576 / 1276 in 3386.431s
	Calibrated mode 577 / 1276 in 3392.321s
	Calibrated mode 578 / 1276 in 3398.332s
	Calibrated mode 579 / 1276 in 3404.225s
	Calibrated mode 580 / 1276 in 3410.124s
	Calibrated mode 581 / 1276 in 3416.024s
	Calibrated mode 582 / 1276 in 3421.917s
	Calibrated mode 583 / 1276 in 3427.808s
	Calibrated mode 584 / 1276 in 3433.714s
	Calibrated mode 585 / 1276 in 3439.751s
	Calibrated mode 586 / 1276 in 3445.644s
	Calibrated mode 587 / 1276 in 3451.531s
	Calibrated mode 588 / 1276 in 3457.428s
	Calibrated mode 589 / 1276 in 3463.325s
	Calibrated mode 590 / 1276 in 3469.221s
	Calibrated mode 591 / 1276 in 3475.114s
	Calibrated mode 592 / 1276 in 3481.117s
	Calibrated mode 593 / 1276 in 3487.016s
	Calibrated mode 594 / 1276 in 3492.915s
	Calibrated mode 595 / 1276 in 3498.809s
	Calibrated mode 596 / 1276 in 3504.698s
	Calibrated mode 597 / 1276 in 3510.598s
	Calibrated mode 598 / 1276 in 3516.500s
	Calibrated mode 599 / 1276 in 3522.393s
	Calibrated mode 600 / 1276 in 3528.408s
	Calibrated mode 601 / 1276 in 3534.303s
	Calibrated mode 602 / 1276 in 3540.204s
	Calibrated mode 603 / 1276 in 3546.101s
	Calibrated mode 604 / 1276 in 3552.004s
	Calibrated mode 605 / 1276 in 3557.906s
	Calibrated mode 606 / 1276 in 3563.802s
	Calibrated mode 607 / 1276 in 3569.824s
	Calibrated mode 608 / 1276 in 3575.711s
	Calibrated mode 609 / 1276 in 3581.604s
	Calibrated mode 610 / 1276 in 3587.503s
	Calibrated mode 611 / 1276 in 3593.393s
	Calibrated mode 612 / 1276 in 3599.285s
	Calibrated mode 613 / 1276 in 3605.175s
	Calibrated mode 614 / 1276 in 3611.197s
	Calibrated mode 615 / 1276 in 3617.077s
	Calibrated mode 616 / 1276 in 3622.967s
	Calibrated mode 617 / 1276 in 3628.863s
	Calibrated mode 618 / 1276 in 3634.754s
	Calibrated mode 619 / 1276 in 3640.650s
	Calibrated mode 620 / 1276 in 3646.551s
	Calibrated mode 621 / 1276 in 3652.586s
	Calibrated mode 622 / 1276 in 3658.485s
	Calibrated mode 623 / 1276 in 3664.382s
	Calibrated mode 624 / 1276 in 3670.275s
	Calibrated mode 625 / 1276 in 3676.179s
	Calibrated mode 626 / 1276 in 3682.076s
	Calibrated mode 627 / 1276 in 3687.963s
	Calibrated mode 628 / 1276 in 3693.857s
	Calibrated mode 629 / 1276 in 3699.899s
	Calibrated mode 630 / 1276 in 3705.794s
	Calibrated mode 631 / 1276 in 3711.690s
	Calibrated mode 632 / 1276 in 3717.577s
	Calibrated mode 633 / 1276 in 3723.471s
	Calibrated mode 634 / 1276 in 3729.364s
	Calibrated mode 635 / 1276 in 3735.258s
	Calibrated mode 636 / 1276 in 3741.253s
	Calibrated mode 637 / 1276 in 3747.144s
	Calibrated mode 638 / 1276 in 3753.044s
	Calibrated mode 639 / 1276 in 3758.943s
	Calibrated mode 640 / 1276 in 3764.825s
	Calibrated mode 641 / 1276 in 3770.718s
	Calibrated mode 642 / 1276 in 3776.603s
	Calibrated mode 643 / 1276 in 3782.626s
	Calibrated mode 644 / 1276 in 3788.517s
	Calibrated mode 645 / 1276 in 3794.413s
	Calibrated mode 646 / 1276 in 3800.306s
	Calibrated mode 647 / 1276 in 3806.191s
	Calibrated mode 648 / 1276 in 3812.089s
	Calibrated mode 649 / 1276 in 3817.992s
	Calibrated mode 650 / 1276 in 3823.888s
	Calibrated mode 651 / 1276 in 3829.898s
	Calibrated mode 652 / 1276 in 3835.798s
	Calibrated mode 653 / 1276 in 3841.685s
	Calibrated mode 654 / 1276 in 3847.585s
	Calibrated mode 655 / 1276 in 3853.490s
	Calibrated mode 656 / 1276 in 3859.389s
	Calibrated mode 657 / 1276 in 3865.290s
	Calibrated mode 658 / 1276 in 3871.324s
	Calibrated mode 659 / 1276 in 3877.208s
	Calibrated mode 660 / 1276 in 3883.098s
	Calibrated mode 661 / 1276 in 3888.989s
	Calibrated mode 662 / 1276 in 3894.882s
	Calibrated mode 663 / 1276 in 3900.768s
	Calibrated mode 664 / 1276 in 3906.664s
	Calibrated mode 665 / 1276 in 3912.652s
	Calibrated mode 666 / 1276 in 3918.545s
	Calibrated mode 667 / 1276 in 3924.442s
	Calibrated mode 668 / 1276 in 3930.335s
	Calibrated mode 669 / 1276 in 3936.217s
	Calibrated mode 670 / 1276 in 3942.109s
	Calibrated mode 671 / 1276 in 3947.994s
	Calibrated mode 672 / 1276 in 3953.889s
	Calibrated mode 673 / 1276 in 3959.894s
	Calibrated mode 674 / 1276 in 3965.791s
	Calibrated mode 675 / 1276 in 3971.687s
	Calibrated mode 676 / 1276 in 3977.582s
	Calibrated mode 677 / 1276 in 3983.480s
	Calibrated mode 678 / 1276 in 3989.375s
	Calibrated mode 679 / 1276 in 3995.279s
	Calibrated mode 680 / 1276 in 4001.299s
	Calibrated mode 681 / 1276 in 4007.194s
	Calibrated mode 682 / 1276 in 4013.088s
	Calibrated mode 683 / 1276 in 4019.000s
	Calibrated mode 684 / 1276 in 4024.898s
	Calibrated mode 685 / 1276 in 4030.805s
	Calibrated mode 686 / 1276 in 4036.706s
	Calibrated mode 687 / 1276 in 4042.746s
	Calibrated mode 688 / 1276 in 4048.645s
	Calibrated mode 689 / 1276 in 4054.538s
	Calibrated mode 690 / 1276 in 4060.429s
	Calibrated mode 691 / 1276 in 4066.329s
	Calibrated mode 692 / 1276 in 4072.231s
	Calibrated mode 693 / 1276 in 4078.132s
	Calibrated mode 694 / 1276 in 4084.032s
	Calibrated mode 695 / 1276 in 4090.059s
	Calibrated mode 696 / 1276 in 4095.952s
	Calibrated mode 697 / 1276 in 4101.848s
	Calibrated mode 698 / 1276 in 4107.744s
	Calibrated mode 699 / 1276 in 4113.637s
	Calibrated mode 700 / 1276 in 4119.542s
	Calibrated mode 701 / 1276 in 4125.430s
	Calibrated mode 702 / 1276 in 4131.456s
	Calibrated mode 703 / 1276 in 4137.358s
	Calibrated mode 704 / 1276 in 4143.262s
	Calibrated mode 705 / 1276 in 4149.168s
	Calibrated mode 706 / 1276 in 4155.082s
	Calibrated mode 707 / 1276 in 4160.976s
	Calibrated mode 708 / 1276 in 4166.872s
	Calibrated mode 709 / 1276 in 4172.900s
	Calibrated mode 710 / 1276 in 4178.796s
	Calibrated mode 711 / 1276 in 4184.694s
	Calibrated mode 712 / 1276 in 4190.588s
	Calibrated mode 713 / 1276 in 4196.486s
	Calibrated mode 714 / 1276 in 4202.383s
	Calibrated mode 715 / 1276 in 4208.276s
	Calibrated mode 716 / 1276 in 4214.170s
	Calibrated mode 717 / 1276 in 4220.200s
	Calibrated mode 718 / 1276 in 4226.083s
	Calibrated mode 719 / 1276 in 4231.968s
	Calibrated mode 720 / 1276 in 4237.858s
	Calibrated mode 721 / 1276 in 4243.751s
	Calibrated mode 722 / 1276 in 4249.645s
	Calibrated mode 723 / 1276 in 4255.544s
	Calibrated mode 724 / 1276 in 4261.591s
	Calibrated mode 725 / 1276 in 4267.475s
	Calibrated mode 726 / 1276 in 4273.373s
	Calibrated mode 727 / 1276 in 4279.270s
	Calibrated mode 728 / 1276 in 4285.162s
	Calibrated mode 729 / 1276 in 4291.052s
	Calibrated mode 730 / 1276 in 4296.950s
	Calibrated mode 731 / 1276 in 4302.972s
	Calibrated mode 732 / 1276 in 4308.866s
	Calibrated mode 733 / 1276 in 4314.756s
	Calibrated mode 734 / 1276 in 4320.648s
	Calibrated mode 735 / 1276 in 4326.543s
	Calibrated mode 736 / 1276 in 4332.452s
	Calibrated mode 737 / 1276 in 4338.343s
	Calibrated mode 738 / 1276 in 4344.375s
	Calibrated mode 739 / 1276 in 4350.247s
	Calibrated mode 740 / 1276 in 4356.116s
	Calibrated mode 741 / 1276 in 4361.994s
	Calibrated mode 742 / 1276 in 4367.879s
	Calibrated mode 743 / 1276 in 4373.763s
	Calibrated mode 744 / 1276 in 4379.663s
	Calibrated mode 745 / 1276 in 4385.556s
	Calibrated mode 746 / 1276 in 4391.554s
	Calibrated mode 747 / 1276 in 4397.440s
	Calibrated mode 748 / 1276 in 4403.317s
	Calibrated mode 749 / 1276 in 4409.208s
	Calibrated mode 750 / 1276 in 4415.105s
	Calibrated mode 751 / 1276 in 4420.972s
	Calibrated mode 752 / 1276 in 4426.865s
	Calibrated mode 753 / 1276 in 4432.863s
	Calibrated mode 754 / 1276 in 4438.748s
	Calibrated mode 755 / 1276 in 4444.641s
	Calibrated mode 756 / 1276 in 4450.537s
	Calibrated mode 757 / 1276 in 4456.435s
	Calibrated mode 758 / 1276 in 4462.317s
	Calibrated mode 759 / 1276 in 4468.207s
	Calibrated mode 760 / 1276 in 4474.237s
	Calibrated mode 761 / 1276 in 4480.132s
	Calibrated mode 762 / 1276 in 4486.021s
	Calibrated mode 763 / 1276 in 4491.911s
	Calibrated mode 764 / 1276 in 4497.802s
	Calibrated mode 765 / 1276 in 4503.692s
	Calibrated mode 766 / 1276 in 4509.583s
	Calibrated mode 767 / 1276 in 4515.479s
	Calibrated mode 768 / 1276 in 4521.470s
	Calibrated mode 769 / 1276 in 4527.360s
	Calibrated mode 770 / 1276 in 4533.257s
	Calibrated mode 771 / 1276 in 4539.139s
	Calibrated mode 772 / 1276 in 4545.027s
	Calibrated mode 773 / 1276 in 4550.918s
	Calibrated mode 774 / 1276 in 4556.811s
	Calibrated mode 775 / 1276 in 4562.847s
	Calibrated mode 776 / 1276 in 4568.733s
	Calibrated mode 777 / 1276 in 4574.633s
	Calibrated mode 778 / 1276 in 4580.526s
	Calibrated mode 779 / 1276 in 4586.428s
	Calibrated mode 780 / 1276 in 4592.318s
	Calibrated mode 781 / 1276 in 4598.219s
	Calibrated mode 782 / 1276 in 4604.220s
	Calibrated mode 783 / 1276 in 4610.118s
	Calibrated mode 784 / 1276 in 4616.016s
	Calibrated mode 785 / 1276 in 4621.916s
	Calibrated mode 786 / 1276 in 4627.816s
	Calibrated mode 787 / 1276 in 4633.748s
	Calibrated mode 788 / 1276 in 4639.651s
	Calibrated mode 789 / 1276 in 4645.548s
	Calibrated mode 790 / 1276 in 4651.579s
	Calibrated mode 791 / 1276 in 4657.472s
	Calibrated mode 792 / 1276 in 4663.374s
	Calibrated mode 793 / 1276 in 4669.268s
	Calibrated mode 794 / 1276 in 4675.161s
	Calibrated mode 795 / 1276 in 4681.059s
	Calibrated mode 796 / 1276 in 4686.948s
	Calibrated mode 797 / 1276 in 4692.969s
	Calibrated mode 798 / 1276 in 4698.874s
	Calibrated mode 799 / 1276 in 4704.780s
	Calibrated mode 800 / 1276 in 4710.680s
	Calibrated mode 801 / 1276 in 4716.574s
	Calibrated mode 802 / 1276 in 4722.469s
	Calibrated mode 803 / 1276 in 4728.366s
	Calibrated mode 804 / 1276 in 4734.368s
	Calibrated mode 805 / 1276 in 4740.259s
	Calibrated mode 806 / 1276 in 4746.156s
	Calibrated mode 807 / 1276 in 4752.046s
	Calibrated mode 808 / 1276 in 4757.946s
	Calibrated mode 809 / 1276 in 4763.845s
	Calibrated mode 810 / 1276 in 4769.739s
	Calibrated mode 811 / 1276 in 4775.627s
	Calibrated mode 812 / 1276 in 4781.645s
	Calibrated mode 813 / 1276 in 4787.537s
	Calibrated mode 814 / 1276 in 4793.407s
	Calibrated mode 815 / 1276 in 4799.304s
	Calibrated mode 816 / 1276 in 4805.188s
	Calibrated mode 817 / 1276 in 4811.082s
	Calibrated mode 818 / 1276 in 4816.975s
	Calibrated mode 819 / 1276 in 4823.012s
	Calibrated mode 820 / 1276 in 4828.895s
	Calibrated mode 821 / 1276 in 4834.781s
	Calibrated mode 822 / 1276 in 4840.678s
	Calibrated mode 823 / 1276 in 4846.579s
	Calibrated mode 824 / 1276 in 4852.472s
	Calibrated mode 825 / 1276 in 4858.363s
	Calibrated mode 826 / 1276 in 4864.392s
	Calibrated mode 827 / 1276 in 4870.281s
	Calibrated mode 828 / 1276 in 4876.175s
	Calibrated mode 829 / 1276 in 4882.066s
	Calibrated mode 830 / 1276 in 4887.949s
	Calibrated mode 831 / 1276 in 4893.828s
	Calibrated mode 832 / 1276 in 4899.731s
	Calibrated mode 833 / 1276 in 4905.618s
	Calibrated mode 834 / 1276 in 4911.662s
	Calibrated mode 835 / 1276 in 4917.549s
	Calibrated mode 836 / 1276 in 4923.435s
	Calibrated mode 837 / 1276 in 4929.340s
	Calibrated mode 838 / 1276 in 4935.296s
	Calibrated mode 839 / 1276 in 4941.186s
	Calibrated mode 840 / 1276 in 4947.084s
	Calibrated mode 841 / 1276 in 4953.111s
	Calibrated mode 842 / 1276 in 4959.005s
	Calibrated mode 843 / 1276 in 4964.901s
	Calibrated mode 844 / 1276 in 4970.793s
	Calibrated mode 845 / 1276 in 4976.676s
	Calibrated mode 846 / 1276 in 4982.571s
	Calibrated mode 847 / 1276 in 4988.465s
	Calibrated mode 848 / 1276 in 4994.491s
	Calibrated mode 849 / 1276 in 5000.387s
	Calibrated mode 850 / 1276 in 5006.281s
	Calibrated mode 851 / 1276 in 5012.185s
	Calibrated mode 852 / 1276 in 5018.073s
	Calibrated mode 853 / 1276 in 5023.966s
	Calibrated mode 854 / 1276 in 5029.859s
	Calibrated mode 855 / 1276 in 5035.882s
	Calibrated mode 856 / 1276 in 5041.779s
	Calibrated mode 857 / 1276 in 5047.665s
	Calibrated mode 858 / 1276 in 5053.555s
	Calibrated mode 859 / 1276 in 5059.455s
	Calibrated mode 860 / 1276 in 5065.347s
	Calibrated mode 861 / 1276 in 5071.240s
	Calibrated mode 862 / 1276 in 5077.131s
	Calibrated mode 863 / 1276 in 5083.163s
	Calibrated mode 864 / 1276 in 5089.051s
	Calibrated mode 865 / 1276 in 5094.945s
	Calibrated mode 866 / 1276 in 5100.835s
	Calibrated mode 867 / 1276 in 5106.727s
	Calibrated mode 868 / 1276 in 5112.632s
	Calibrated mode 869 / 1276 in 5118.531s
	Calibrated mode 870 / 1276 in 5124.552s
	Calibrated mode 871 / 1276 in 5130.446s
	Calibrated mode 872 / 1276 in 5136.341s
	Calibrated mode 873 / 1276 in 5142.224s
	Calibrated mode 874 / 1276 in 5148.120s
	Calibrated mode 875 / 1276 in 5154.025s
	Calibrated mode 876 / 1276 in 5159.924s
	Calibrated mode 877 / 1276 in 5165.937s
	Calibrated mode 878 / 1276 in 5171.833s
	Calibrated mode 879 / 1276 in 5177.729s
	Calibrated mode 880 / 1276 in 5183.623s
	Calibrated mode 881 / 1276 in 5189.523s
	Calibrated mode 882 / 1276 in 5195.419s
	Calibrated mode 883 / 1276 in 5201.310s
	Calibrated mode 884 / 1276 in 5207.201s
	Calibrated mode 885 / 1276 in 5213.217s
	Calibrated mode 886 / 1276 in 5219.105s
	Calibrated mode 887 / 1276 in 5225.001s
	Calibrated mode 888 / 1276 in 5230.895s
	Calibrated mode 889 / 1276 in 5236.794s
	Calibrated mode 890 / 1276 in 5242.688s
	Calibrated mode 891 / 1276 in 5248.600s
	Calibrated mode 892 / 1276 in 5254.640s
	Calibrated mode 893 / 1276 in 5260.536s
	Calibrated mode 894 / 1276 in 5266.437s
	Calibrated mode 895 / 1276 in 5272.328s
	Calibrated mode 896 / 1276 in 5278.225s
	Calibrated mode 897 / 1276 in 5284.127s
	Calibrated mode 898 / 1276 in 5290.032s
	Calibrated mode 899 / 1276 in 5296.065s
	Calibrated mode 900 / 1276 in 5301.962s
	Calibrated mode 901 / 1276 in 5307.859s
	Calibrated mode 902 / 1276 in 5313.757s
	Calibrated mode 903 / 1276 in 5319.631s
	Calibrated mode 904 / 1276 in 5325.511s
	Calibrated mode 905 / 1276 in 5331.392s
	Calibrated mode 906 / 1276 in 5337.286s
	Calibrated mode 907 / 1276 in 5343.282s
	Calibrated mode 908 / 1276 in 5349.162s
	Calibrated mode 909 / 1276 in 5355.044s
	Calibrated mode 910 / 1276 in 5360.922s
	Calibrated mode 911 / 1276 in 5366.810s
	Calibrated mode 912 / 1276 in 5372.709s
	Calibrated mode 913 / 1276 in 5378.601s
	Calibrated mode 914 / 1276 in 5384.630s
	Calibrated mode 915 / 1276 in 5390.514s
	Calibrated mode 916 / 1276 in 5396.414s
	Calibrated mode 917 / 1276 in 5402.305s
	Calibrated mode 918 / 1276 in 5408.198s
	Calibrated mode 919 / 1276 in 5414.095s
	Calibrated mode 920 / 1276 in 5419.996s
	Calibrated mode 921 / 1276 in 5425.999s
	Calibrated mode 922 / 1276 in 5431.898s
	Calibrated mode 923 / 1276 in 5437.788s
	Calibrated mode 924 / 1276 in 5443.678s
	Calibrated mode 925 / 1276 in 5449.572s
	Calibrated mode 926 / 1276 in 5455.465s
	Calibrated mode 927 / 1276 in 5461.359s
	Calibrated mode 928 / 1276 in 5467.255s
	Calibrated mode 929 / 1276 in 5473.293s
	Calibrated mode 930 / 1276 in 5479.185s
	Calibrated mode 931 / 1276 in 5485.083s
	Calibrated mode 932 / 1276 in 5490.976s
	Calibrated mode 933 / 1276 in 5496.873s
	Calibrated mode 934 / 1276 in 5502.753s
	Calibrated mode 935 / 1276 in 5508.626s
	Calibrated mode 936 / 1276 in 5514.642s
	Calibrated mode 937 / 1276 in 5520.529s
	Calibrated mode 938 / 1276 in 5526.421s
	Calibrated mode 939 / 1276 in 5532.318s
	Calibrated mode 940 / 1276 in 5538.209s
	Calibrated mode 941 / 1276 in 5544.111s
	Calibrated mode 942 / 1276 in 5550.012s
	Calibrated mode 943 / 1276 in 5556.029s
	Calibrated mode 944 / 1276 in 5561.926s
	Calibrated mode 945 / 1276 in 5567.831s
	Calibrated mode 946 / 1276 in 5573.728s
	Calibrated mode 947 / 1276 in 5579.626s
	Calibrated mode 948 / 1276 in 5585.516s
	Calibrated mode 949 / 1276 in 5591.410s
	Calibrated mode 950 / 1276 in 5597.306s
	Calibrated mode 951 / 1276 in 5603.352s
	Calibrated mode 952 / 1276 in 5609.243s
	Calibrated mode 953 / 1276 in 5615.138s
	Calibrated mode 954 / 1276 in 5621.034s
	Calibrated mode 955 / 1276 in 5626.930s
	Calibrated mode 956 / 1276 in 5632.824s
	Calibrated mode 957 / 1276 in 5638.709s
	Calibrated mode 958 / 1276 in 5644.729s
	Calibrated mode 959 / 1276 in 5650.626s
	Calibrated mode 960 / 1276 in 5656.518s
	Calibrated mode 961 / 1276 in 5662.410s
	Calibrated mode 962 / 1276 in 5668.310s
	Calibrated mode 963 / 1276 in 5674.208s
	Calibrated mode 964 / 1276 in 5680.102s
	Calibrated mode 965 / 1276 in 5686.099s
	Calibrated mode 966 / 1276 in 5691.988s
	Calibrated mode 967 / 1276 in 5697.885s
	Calibrated mode 968 / 1276 in 5703.773s
	Calibrated mode 969 / 1276 in 5709.661s
	Calibrated mode 970 / 1276 in 5715.555s
	Calibrated mode 971 / 1276 in 5721.452s
	Calibrated mode 972 / 1276 in 5727.492s
	Calibrated mode 973 / 1276 in 5733.385s
	Calibrated mode 974 / 1276 in 5739.282s
	Calibrated mode 975 / 1276 in 5745.178s
	Calibrated mode 976 / 1276 in 5751.074s
	Calibrated mode 977 / 1276 in 5756.973s
	Calibrated mode 978 / 1276 in 5762.874s
	Calibrated mode 979 / 1276 in 5768.773s
	Calibrated mode 980 / 1276 in 5774.809s
	Calibrated mode 981 / 1276 in 5780.694s
	Calibrated mode 982 / 1276 in 5786.587s
	Calibrated mode 983 / 1276 in 5792.477s
	Calibrated mode 984 / 1276 in 5798.371s
	Calibrated mode 985 / 1276 in 5804.261s
	Calibrated mode 986 / 1276 in 5810.160s
	Calibrated mode 987 / 1276 in 5816.184s
	Calibrated mode 988 / 1276 in 5822.075s
	Calibrated mode 989 / 1276 in 5827.961s
	Calibrated mode 990 / 1276 in 5833.855s
	Calibrated mode 991 / 1276 in 5839.746s
	Calibrated mode 992 / 1276 in 5845.648s
	Calibrated mode 993 / 1276 in 5851.536s
	Calibrated mode 994 / 1276 in 5857.555s
	Calibrated mode 995 / 1276 in 5863.442s
	Calibrated mode 996 / 1276 in 5869.340s
	Calibrated mode 997 / 1276 in 5875.233s
	Calibrated mode 998 / 1276 in 5881.125s
	Calibrated mode 999 / 1276 in 5887.017s
	Calibrated mode 1000 / 1276 in 5892.906s
	Calibrated mode 1001 / 1276 in 5898.784s
	Calibrated mode 1002 / 1276 in 5904.789s
	Calibrated mode 1003 / 1276 in 5910.684s
	Calibrated mode 1004 / 1276 in 5916.575s
	Calibrated mode 1005 / 1276 in 5922.466s
	Calibrated mode 1006 / 1276 in 5928.365s
	Calibrated mode 1007 / 1276 in 5934.266s
	Calibrated mode 1008 / 1276 in 5940.167s
	Calibrated mode 1009 / 1276 in 5946.200s
	Calibrated mode 1010 / 1276 in 5952.092s
	Calibrated mode 1011 / 1276 in 5957.978s
	Calibrated mode 1012 / 1276 in 5963.867s
	Calibrated mode 1013 / 1276 in 5969.793s
	Calibrated mode 1014 / 1276 in 5975.701s
	Calibrated mode 1015 / 1276 in 5981.596s
	Calibrated mode 1016 / 1276 in 5987.643s
	Calibrated mode 1017 / 1276 in 5993.525s
	Calibrated mode 1018 / 1276 in 5999.426s
	Calibrated mode 1019 / 1276 in 6005.323s
	Calibrated mode 1020 / 1276 in 6011.234s
	Calibrated mode 1021 / 1276 in 6017.134s
	Calibrated mode 1022 / 1276 in 6023.028s
	Calibrated mode 1023 / 1276 in 6028.912s
	Calibrated mode 1024 / 1276 in 6034.922s
	Calibrated mode 1025 / 1276 in 6040.827s
	Calibrated mode 1026 / 1276 in 6046.713s
	Calibrated mode 1027 / 1276 in 6052.608s
	Calibrated mode 1028 / 1276 in 6058.500s
	Calibrated mode 1029 / 1276 in 6064.383s
	Calibrated mode 1030 / 1276 in 6070.277s
	Calibrated mode 1031 / 1276 in 6076.287s
	Calibrated mode 1032 / 1276 in 6082.176s
	Calibrated mode 1033 / 1276 in 6088.075s
	Calibrated mode 1034 / 1276 in 6093.964s
	Calibrated mode 1035 / 1276 in 6099.863s
	Calibrated mode 1036 / 1276 in 6105.759s
	Calibrated mode 1037 / 1276 in 6111.648s
	Calibrated mode 1038 / 1276 in 6117.685s
	Calibrated mode 1039 / 1276 in 6123.584s
	Calibrated mode 1040 / 1276 in 6129.474s
	Calibrated mode 1041 / 1276 in 6135.348s
	Calibrated mode 1042 / 1276 in 6141.243s
	Calibrated mode 1043 / 1276 in 6147.136s
	Calibrated mode 1044 / 1276 in 6153.028s
	Calibrated mode 1045 / 1276 in 6158.923s
	Calibrated mode 1046 / 1276 in 6164.961s
	Calibrated mode 1047 / 1276 in 6170.865s
	Calibrated mode 1048 / 1276 in 6176.768s
	Calibrated mode 1049 / 1276 in 6182.672s
	Calibrated mode 1050 / 1276 in 6188.575s
	Calibrated mode 1051 / 1276 in 6194.476s
	Calibrated mode 1052 / 1276 in 6200.383s
	Calibrated mode 1053 / 1276 in 6206.435s
	Calibrated mode 1054 / 1276 in 6212.335s
	Calibrated mode 1055 / 1276 in 6218.232s
	Calibrated mode 1056 / 1276 in 6224.131s
	Calibrated mode 1057 / 1276 in 6230.033s
	Calibrated mode 1058 / 1276 in 6235.938s
	Calibrated mode 1059 / 1276 in 6241.846s
	Calibrated mode 1060 / 1276 in 6247.887s
	Calibrated mode 1061 / 1276 in 6253.795s
	Calibrated mode 1062 / 1276 in 6259.693s
	Calibrated mode 1063 / 1276 in 6265.594s
	Calibrated mode 1064 / 1276 in 6271.485s
	Calibrated mode 1065 / 1276 in 6277.388s
	Calibrated mode 1066 / 1276 in 6283.296s
	Calibrated mode 1067 / 1276 in 6289.188s
	Calibrated mode 1068 / 1276 in 6295.194s
	Calibrated mode 1069 / 1276 in 6301.085s
	Calibrated mode 1070 / 1276 in 6306.983s
	Calibrated mode 1071 / 1276 in 6312.886s
	Calibrated mode 1072 / 1276 in 6318.793s
	Calibrated mode 1073 / 1276 in 6324.704s
	Calibrated mode 1074 / 1276 in 6330.600s
	Calibrated mode 1075 / 1276 in 6336.621s
	Calibrated mode 1076 / 1276 in 6342.518s
	Calibrated mode 1077 / 1276 in 6348.420s
	Calibrated mode 1078 / 1276 in 6354.312s
	Calibrated mode 1079 / 1276 in 6360.221s
	Calibrated mode 1080 / 1276 in 6366.121s
	Calibrated mode 1081 / 1276 in 6372.031s
	Calibrated mode 1082 / 1276 in 6378.062s
	Calibrated mode 1083 / 1276 in 6383.973s
	Calibrated mode 1084 / 1276 in 6389.870s
	Calibrated mode 1085 / 1276 in 6395.760s
	Calibrated mode 1086 / 1276 in 6401.664s
	Calibrated mode 1087 / 1276 in 6407.559s
	Calibrated mode 1088 / 1276 in 6413.461s
	Calibrated mode 1089 / 1276 in 6419.502s
	Calibrated mode 1090 / 1276 in 6425.401s
	Calibrated mode 1091 / 1276 in 6431.303s
	Calibrated mode 1092 / 1276 in 6437.210s
	Calibrated mode 1093 / 1276 in 6443.110s
	Calibrated mode 1094 / 1276 in 6449.002s
	Calibrated mode 1095 / 1276 in 6454.902s
	Calibrated mode 1096 / 1276 in 6460.810s
	Calibrated mode 1097 / 1276 in 6466.840s
	Calibrated mode 1098 / 1276 in 6472.736s
	Calibrated mode 1099 / 1276 in 6478.645s
	Calibrated mode 1100 / 1276 in 6484.543s
	Calibrated mode 1101 / 1276 in 6490.448s
	Calibrated mode 1102 / 1276 in 6496.345s
	Calibrated mode 1103 / 1276 in 6502.246s
	Calibrated mode 1104 / 1276 in 6508.260s
	Calibrated mode 1105 / 1276 in 6514.164s
	Calibrated mode 1106 / 1276 in 6520.047s
	Calibrated mode 1107 / 1276 in 6525.935s
	Calibrated mode 1108 / 1276 in 6531.832s
	Calibrated mode 1109 / 1276 in 6537.735s
	Calibrated mode 1110 / 1276 in 6543.641s
	Calibrated mode 1111 / 1276 in 6549.659s
	Calibrated mode 1112 / 1276 in 6555.560s
	Calibrated mode 1113 / 1276 in 6561.460s
	Calibrated mode 1114 / 1276 in 6567.359s
	Calibrated mode 1115 / 1276 in 6573.251s
	Calibrated mode 1116 / 1276 in 6579.149s
	Calibrated mode 1117 / 1276 in 6585.045s
	Calibrated mode 1118 / 1276 in 6590.947s
	Calibrated mode 1119 / 1276 in 6596.986s
	Calibrated mode 1120 / 1276 in 6602.886s
	Calibrated mode 1121 / 1276 in 6608.779s
	Calibrated mode 1122 / 1276 in 6614.673s
	Calibrated mode 1123 / 1276 in 6620.567s
	Calibrated mode 1124 / 1276 in 6626.462s
	Calibrated mode 1125 / 1276 in 6632.360s
	Calibrated mode 1126 / 1276 in 6638.390s
	Calibrated mode 1127 / 1276 in 6644.285s
	Calibrated mode 1128 / 1276 in 6650.187s
	Calibrated mode 1129 / 1276 in 6656.088s
	Calibrated mode 1130 / 1276 in 6661.993s
	Calibrated mode 1131 / 1276 in 6667.897s
	Calibrated mode 1132 / 1276 in 6673.789s
	Calibrated mode 1133 / 1276 in 6679.820s
	Calibrated mode 1134 / 1276 in 6685.706s
	Calibrated mode 1135 / 1276 in 6691.740s
	Calibrated mode 1136 / 1276 in 6697.639s
	Calibrated mode 1137 / 1276 in 6703.533s
	Calibrated mode 1138 / 1276 in 6709.425s
	Calibrated mode 1139 / 1276 in 6715.328s
	Calibrated mode 1140 / 1276 in 6721.228s
	Calibrated mode 1141 / 1276 in 6727.266s
	Calibrated mode 1142 / 1276 in 6733.164s
	Calibrated mode 1143 / 1276 in 6739.065s
	Calibrated mode 1144 / 1276 in 6744.968s
	Calibrated mode 1145 / 1276 in 6750.866s
	Calibrated mode 1146 / 1276 in 6756.775s
	Calibrated mode 1147 / 1276 in 6762.681s
	Calibrated mode 1148 / 1276 in 6768.711s
	Calibrated mode 1149 / 1276 in 6774.607s
	Calibrated mode 1150 / 1276 in 6780.509s
	Calibrated mode 1151 / 1276 in 6786.411s
	Calibrated mode 1152 / 1276 in 6792.317s
	Calibrated mode 1153 / 1276 in 6798.223s
	Calibrated mode 1154 / 1276 in 6804.132s
	Calibrated mode 1155 / 1276 in 6810.162s
	Calibrated mode 1156 / 1276 in 6816.055s
	Calibrated mode 1157 / 1276 in 6821.957s
	Calibrated mode 1158 / 1276 in 6827.853s
	Calibrated mode 1159 / 1276 in 6833.757s
	Calibrated mode 1160 / 1276 in 6839.661s
	Calibrated mode 1161 / 1276 in 6845.557s
	Calibrated mode 1162 / 1276 in 6851.462s
	Calibrated mode 1163 / 1276 in 6857.513s
	Calibrated mode 1164 / 1276 in 6863.411s
	Calibrated mode 1165 / 1276 in 6869.309s
	Calibrated mode 1166 / 1276 in 6875.199s
	Calibrated mode 1167 / 1276 in 6881.107s
	Calibrated mode 1168 / 1276 in 6886.999s
	Calibrated mode 1169 / 1276 in 6892.891s
	Calibrated mode 1170 / 1276 in 6898.914s
	Calibrated mode 1171 / 1276 in 6904.811s
	Calibrated mode 1172 / 1276 in 6910.707s
	Calibrated mode 1173 / 1276 in 6916.607s
	Calibrated mode 1174 / 1276 in 6922.513s
	Calibrated mode 1175 / 1276 in 6928.415s
	Calibrated mode 1176 / 1276 in 6934.307s
	Calibrated mode 1177 / 1276 in 6940.354s
	Calibrated mode 1178 / 1276 in 6946.789s
	Calibrated mode 1179 / 1276 in 6952.686s
	Calibrated mode 1180 / 1276 in 6958.586s
	Calibrated mode 1181 / 1276 in 6964.475s
	Calibrated mode 1182 / 1276 in 6970.383s
	Calibrated mode 1183 / 1276 in 6976.290s
	Calibrated mode 1184 / 1276 in 6982.209s
	Calibrated mode 1185 / 1276 in 6988.216s
	Calibrated mode 1186 / 1276 in 6994.107s
	Calibrated mode 1187 / 1276 in 6999.989s
	Calibrated mode 1188 / 1276 in 7005.864s
	Calibrated mode 1189 / 1276 in 7011.753s
	Calibrated mode 1190 / 1276 in 7017.658s
	Calibrated mode 1191 / 1276 in 7023.564s
	Calibrated mode 1192 / 1276 in 7029.590s
	Calibrated mode 1193 / 1276 in 7035.505s
	Calibrated mode 1194 / 1276 in 7041.407s
	Calibrated mode 1195 / 1276 in 7047.310s
	Calibrated mode 1196 / 1276 in 7053.217s
	Calibrated mode 1197 / 1276 in 7059.121s
	Calibrated mode 1198 / 1276 in 7065.030s
	Calibrated mode 1199 / 1276 in 7071.067s
	Calibrated mode 1200 / 1276 in 7076.964s
	Calibrated mode 1201 / 1276 in 7082.871s
	Calibrated mode 1202 / 1276 in 7088.770s
	Calibrated mode 1203 / 1276 in 7094.666s
	Calibrated mode 1204 / 1276 in 7100.567s
	Calibrated mode 1205 / 1276 in 7106.474s
	Calibrated mode 1206 / 1276 in 7112.487s
	Calibrated mode 1207 / 1276 in 7118.391s
	Calibrated mode 1208 / 1276 in 7124.288s
	Calibrated mode 1209 / 1276 in 7130.186s
	Calibrated mode 1210 / 1276 in 7136.087s
	Calibrated mode 1211 / 1276 in 7141.997s
	Calibrated mode 1212 / 1276 in 7147.892s
	Calibrated mode 1213 / 1276 in 7153.798s
	Calibrated mode 1214 / 1276 in 7159.843s
	Calibrated mode 1215 / 1276 in 7165.748s
	Calibrated mode 1216 / 1276 in 7171.642s
	Calibrated mode 1217 / 1276 in 7177.539s
	Calibrated mode 1218 / 1276 in 7183.429s
	Calibrated mode 1219 / 1276 in 7189.325s
	Calibrated mode 1220 / 1276 in 7195.220s
	Calibrated mode 1221 / 1276 in 7201.230s
	Calibrated mode 1222 / 1276 in 7207.128s
	Calibrated mode 1223 / 1276 in 7213.022s
	Calibrated mode 1224 / 1276 in 7218.927s
	Calibrated mode 1225 / 1276 in 7224.831s
	Calibrated mode 1226 / 1276 in 7230.732s
	Calibrated mode 1227 / 1276 in 7236.621s
	Calibrated mode 1228 / 1276 in 7242.659s
	Calibrated mode 1229 / 1276 in 7248.553s
	Calibrated mode 1230 / 1276 in 7254.446s
	Calibrated mode 1231 / 1276 in 7260.339s
	Calibrated mode 1232 / 1276 in 7266.240s
	Calibrated mode 1233 / 1276 in 7272.127s
	Calibrated mode 1234 / 1276 in 7278.004s
	Calibrated mode 1235 / 1276 in 7283.912s
	Calibrated mode 1236 / 1276 in 7289.968s
	Calibrated mode 1237 / 1276 in 7295.864s
	Calibrated mode 1238 / 1276 in 7301.762s
	Calibrated mode 1239 / 1276 in 7307.667s
	Calibrated mode 1240 / 1276 in 7313.565s
	Calibrated mode 1241 / 1276 in 7319.465s
	Calibrated mode 1242 / 1276 in 7325.366s
	Calibrated mode 1243 / 1276 in 7331.394s
	Calibrated mode 1244 / 1276 in 7337.300s
	Calibrated mode 1245 / 1276 in 7343.198s
	Calibrated mode 1246 / 1276 in 7349.088s
	Calibrated mode 1247 / 1276 in 7354.988s
	Calibrated mode 1248 / 1276 in 7360.897s
	Calibrated mode 1249 / 1276 in 7366.788s
	Calibrated mode 1250 / 1276 in 7372.815s
	Calibrated mode 1251 / 1276 in 7378.712s
	Calibrated mode 1252 / 1276 in 7384.609s
	Calibrated mode 1253 / 1276 in 7390.508s
	Calibrated mode 1254 / 1276 in 7396.410s
	Calibrated mode 1255 / 1276 in 7402.322s
	Calibrated mode 1256 / 1276 in 7408.229s
	Calibrated mode 1257 / 1276 in 7414.132s
	Calibrated mode 1258 / 1276 in 7420.170s
	Calibrated mode 1259 / 1276 in 7426.062s
	Calibrated mode 1260 / 1276 in 7431.968s
	Calibrated mode 1261 / 1276 in 7437.871s
	Calibrated mode 1262 / 1276 in 7443.783s
	Calibrated mode 1263 / 1276 in 7449.681s
	Calibrated mode 1264 / 1276 in 7455.588s
	Calibrated mode 1265 / 1276 in 7461.617s
	Calibrated mode 1266 / 1276 in 7467.514s
	Calibrated mode 1267 / 1276 in 7473.414s
	Calibrated mode 1268 / 1276 in 7479.312s
	Calibrated mode 1269 / 1276 in 7485.213s
	Calibrated mode 1270 / 1276 in 7491.113s
	Calibrated mode 1271 / 1276 in 7497.010s
	Calibrated mode 1272 / 1276 in 7503.043s
	Calibrated mode 1273 / 1276 in 7508.945s
	Calibrated mode 1274 / 1276 in 7514.843s
	Calibrated mode 1275 / 1276 in 7520.744s
	Calibrated mode 1276 / 1276 in 7526.648s
Calibration complete.
Saved data to:  /groups/douglase/kians-data-files/roman-cgi-iefc-data/response-data/spc_wide_2dm_annular_6to20
Saved data to:  /groups/douglase/kians-data-files/roman-cgi-iefc-data/calibration-data/spc_wide_2dm_annular_6to20
Figure(500x500)
Detailed performance metrics for this job will be available at https://metrics.hpc.arizona.edu/#job_viewer?action=show&realm=SUPREMM&resource_id=73&local_job_id=6226198 by 8am on 2023/01/18.
