<IPython.core.display.HTML object>
INFO:numexpr.utils:Note: NumExpr detected 64 cores but "NUMEXPR_MAX_THREADS" not set, so enforcing safe limit of 8.
INFO:numexpr.utils:NumExpr defaulting to 8 threads.
Figure(500x500)
3826008.430443306
Figure(500x500)
Figure(500x500)
Figure(500x500)
Figure(500x500)
Figure(500x500)
Saved data to:  /home/kianmilani/Projects/roman-cgi-iefc-data/response-data/spc_wide_iefc_2dm_weight_map_20230713.fits
Figure(1250x500)
Calibrating iEFC...
	Calibrated mode 1/1780 in 4.608s
	Calibrated mode 2/1780 in 9.232s
	Calibrated mode 3/1780 in 13.849s
	Calibrated mode 4/1780 in 18.453s
	Calibrated mode 5/1780 in 23.042s
	Calibrated mode 6/1780 in 27.704s
	Calibrated mode 7/1780 in 32.300s
	Calibrated mode 8/1780 in 36.900s
	Calibrated mode 9/1780 in 41.492s
	Calibrated mode 10/1780 in 46.090s
	Calibrated mode 11/1780 in 50.680s
	Calibrated mode 12/1780 in 55.279s
	Calibrated mode 13/1780 in 59.885s
	Calibrated mode 14/1780 in 64.575s
	Calibrated mode 15/1780 in 69.179s
	Calibrated mode 16/1780 in 73.789s
	Calibrated mode 17/1780 in 78.374s
	Calibrated mode 18/1780 in 82.958s
	Calibrated mode 19/1780 in 87.556s
	Calibrated mode 20/1780 in 92.153s
	Calibrated mode 21/1780 in 96.823s
	Calibrated mode 22/1780 in 101.406s
	Calibrated mode 23/1780 in 106.004s
	Calibrated mode 24/1780 in 110.601s
	Calibrated mode 25/1780 in 115.200s
	Calibrated mode 26/1780 in 119.807s
	Calibrated mode 27/1780 in 124.425s
	Calibrated mode 28/1780 in 129.061s
	Calibrated mode 29/1780 in 133.754s
	Calibrated mode 30/1780 in 138.364s
	Calibrated mode 31/1780 in 142.965s
	Calibrated mode 32/1780 in 147.571s
	Calibrated mode 33/1780 in 152.187s
	Calibrated mode 34/1780 in 156.805s
	Calibrated mode 35/1780 in 161.418s
	Calibrated mode 36/1780 in 166.051s
	Calibrated mode 37/1780 in 170.649s
	Calibrated mode 38/1780 in 175.330s
	Calibrated mode 39/1780 in 179.926s
	Calibrated mode 40/1780 in 184.532s
	Calibrated mode 41/1780 in 189.132s
	Calibrated mode 42/1780 in 193.747s
	Calibrated mode 43/1780 in 198.367s
	Calibrated mode 44/1780 in 202.969s
	Calibrated mode 45/1780 in 207.581s
	Calibrated mode 46/1780 in 212.256s
	Calibrated mode 47/1780 in 216.869s
	Calibrated mode 48/1780 in 221.486s
	Calibrated mode 49/1780 in 226.093s
	Calibrated mode 50/1780 in 230.700s
	Calibrated mode 51/1780 in 235.298s
	Calibrated mode 52/1780 in 239.912s
	Calibrated mode 53/1780 in 244.577s
	Calibrated mode 54/1780 in 249.210s
	Calibrated mode 55/1780 in 253.835s
	Calibrated mode 56/1780 in 258.462s
	Calibrated mode 57/1780 in 263.073s
	Calibrated mode 58/1780 in 267.681s
	Calibrated mode 59/1780 in 272.301s
	Calibrated mode 60/1780 in 276.916s
	Calibrated mode 61/1780 in 281.602s
	Calibrated mode 62/1780 in 286.198s
	Calibrated mode 63/1780 in 290.797s
	Calibrated mode 64/1780 in 295.394s
	Calibrated mode 65/1780 in 299.983s
	Calibrated mode 66/1780 in 304.577s
	Calibrated mode 67/1780 in 309.170s
	Calibrated mode 68/1780 in 313.769s
	Calibrated mode 69/1780 in 318.372s
	Calibrated mode 70/1780 in 323.033s
	Calibrated mode 71/1780 in 327.638s
	Calibrated mode 72/1780 in 332.238s
	Calibrated mode 73/1780 in 336.844s
	Calibrated mode 74/1780 in 341.445s
	Calibrated mode 75/1780 in 346.042s
	Calibrated mode 76/1780 in 350.639s
	Calibrated mode 77/1780 in 355.239s
	Calibrated mode 78/1780 in 359.912s
	Calibrated mode 79/1780 in 364.518s
	Calibrated mode 80/1780 in 369.127s
	Calibrated mode 81/1780 in 373.733s
	Calibrated mode 82/1780 in 378.330s
	Calibrated mode 83/1780 in 382.927s
	Calibrated mode 84/1780 in 387.530s
	Calibrated mode 85/1780 in 392.206s
	Calibrated mode 86/1780 in 396.817s
	Calibrated mode 87/1780 in 401.420s
	Calibrated mode 88/1780 in 406.023s
	Calibrated mode 89/1780 in 410.621s
	Calibrated mode 90/1780 in 415.223s
	Calibrated mode 91/1780 in 419.828s
	Calibrated mode 92/1780 in 424.426s
	Calibrated mode 93/1780 in 429.074s
	Calibrated mode 94/1780 in 433.660s
	Calibrated mode 95/1780 in 438.242s
	Calibrated mode 96/1780 in 442.824s
	Calibrated mode 97/1780 in 447.408s
	Calibrated mode 98/1780 in 451.996s
	Calibrated mode 99/1780 in 456.607s
	Calibrated mode 100/1780 in 461.217s
	Calibrated mode 101/1780 in 465.818s
	Calibrated mode 102/1780 in 470.488s
	Calibrated mode 103/1780 in 475.078s
	Calibrated mode 104/1780 in 479.672s
	Calibrated mode 105/1780 in 484.281s
	Calibrated mode 106/1780 in 488.886s
	Calibrated mode 107/1780 in 493.485s
	Calibrated mode 108/1780 in 498.088s
	Calibrated mode 109/1780 in 502.687s
	Calibrated mode 110/1780 in 507.344s
	Calibrated mode 111/1780 in 511.941s
	Calibrated mode 112/1780 in 516.534s
	Calibrated mode 113/1780 in 521.129s
	Calibrated mode 114/1780 in 525.729s
	Calibrated mode 115/1780 in 530.329s
	Calibrated mode 116/1780 in 534.929s
	Calibrated mode 117/1780 in 539.594s
	Calibrated mode 118/1780 in 544.179s
	Calibrated mode 119/1780 in 548.770s
	Calibrated mode 120/1780 in 553.362s
	Calibrated mode 121/1780 in 557.956s
	Calibrated mode 122/1780 in 562.554s
	Calibrated mode 123/1780 in 567.155s
	Calibrated mode 124/1780 in 571.752s
	Calibrated mode 125/1780 in 576.412s
	Calibrated mode 126/1780 in 580.999s
	Calibrated mode 127/1780 in 585.587s
	Calibrated mode 128/1780 in 590.177s
	Calibrated mode 129/1780 in 594.775s
	Calibrated mode 130/1780 in 599.380s
	Calibrated mode 131/1780 in 603.982s
	Calibrated mode 132/1780 in 608.584s
	Calibrated mode 133/1780 in 613.181s
	Calibrated mode 134/1780 in 617.839s
	Calibrated mode 135/1780 in 622.429s
	Calibrated mode 136/1780 in 627.028s
	Calibrated mode 137/1780 in 631.621s
	Calibrated mode 138/1780 in 636.212s
	Calibrated mode 139/1780 in 640.803s
	Calibrated mode 140/1780 in 645.392s
	Calibrated mode 141/1780 in 649.991s
	Calibrated mode 142/1780 in 654.663s
	Calibrated mode 143/1780 in 659.253s
	Calibrated mode 144/1780 in 663.851s
	Calibrated mode 145/1780 in 668.437s
	Calibrated mode 146/1780 in 673.020s
	Calibrated mode 147/1780 in 677.607s
	Calibrated mode 148/1780 in 682.192s
	Calibrated mode 149/1780 in 686.849s
	Calibrated mode 150/1780 in 691.439s
	Calibrated mode 151/1780 in 696.023s
	Calibrated mode 152/1780 in 700.616s
	Calibrated mode 153/1780 in 705.221s
	Calibrated mode 154/1780 in 709.822s
	Calibrated mode 155/1780 in 714.411s
	Calibrated mode 156/1780 in 719.003s
	Calibrated mode 157/1780 in 723.656s
	Calibrated mode 158/1780 in 728.241s
	Calibrated mode 159/1780 in 732.830s
	Calibrated mode 160/1780 in 737.415s
	Calibrated mode 161/1780 in 741.999s
	Calibrated mode 162/1780 in 746.596s
	Calibrated mode 163/1780 in 751.187s
	Calibrated mode 164/1780 in 755.774s
	Calibrated mode 165/1780 in 760.363s
	Calibrated mode 166/1780 in 765.019s
	Calibrated mode 167/1780 in 769.594s
	Calibrated mode 168/1780 in 774.181s
	Calibrated mode 169/1780 in 778.767s
	Calibrated mode 170/1780 in 783.368s
	Calibrated mode 171/1780 in 787.992s
	Calibrated mode 172/1780 in 792.602s
	Calibrated mode 173/1780 in 797.273s
	Calibrated mode 174/1780 in 801.873s
	Calibrated mode 175/1780 in 806.475s
	Calibrated mode 176/1780 in 811.055s
	Calibrated mode 177/1780 in 815.641s
	Calibrated mode 178/1780 in 820.229s
	Calibrated mode 179/1780 in 824.828s
	Calibrated mode 180/1780 in 829.431s
	Calibrated mode 181/1780 in 834.117s
	Calibrated mode 182/1780 in 838.672s
	Calibrated mode 183/1780 in 843.252s
	Calibrated mode 184/1780 in 847.833s
	Calibrated mode 185/1780 in 852.440s
	Calibrated mode 186/1780 in 857.040s
	Calibrated mode 187/1780 in 861.639s
	Calibrated mode 188/1780 in 866.244s
	Calibrated mode 189/1780 in 870.904s
	Calibrated mode 190/1780 in 875.506s
	Calibrated mode 191/1780 in 880.109s
	Calibrated mode 192/1780 in 884.710s
	Calibrated mode 193/1780 in 889.310s
	Calibrated mode 194/1780 in 893.914s
	Calibrated mode 195/1780 in 898.527s
	Calibrated mode 196/1780 in 903.126s
	Calibrated mode 197/1780 in 907.724s
	Calibrated mode 198/1780 in 912.401s
	Calibrated mode 199/1780 in 916.998s
	Calibrated mode 200/1780 in 921.592s
	Calibrated mode 201/1780 in 926.195s
	Calibrated mode 202/1780 in 930.800s
	Calibrated mode 203/1780 in 935.405s
	Calibrated mode 204/1780 in 940.017s
	Calibrated mode 205/1780 in 944.697s
	Calibrated mode 206/1780 in 949.301s
	Calibrated mode 207/1780 in 953.914s
	Calibrated mode 208/1780 in 958.523s
	Calibrated mode 209/1780 in 963.141s
	Calibrated mode 210/1780 in 967.751s
	Calibrated mode 211/1780 in 972.354s
	Calibrated mode 212/1780 in 976.952s
	Calibrated mode 213/1780 in 981.635s
	Calibrated mode 214/1780 in 986.255s
	Calibrated mode 215/1780 in 990.849s
	Calibrated mode 216/1780 in 995.445s
	Calibrated mode 217/1780 in 1000.053s
	Calibrated mode 218/1780 in 1004.659s
	Calibrated mode 219/1780 in 1009.266s
	Calibrated mode 220/1780 in 1013.867s
	Calibrated mode 221/1780 in 1018.552s
	Calibrated mode 222/1780 in 1023.138s
	Calibrated mode 223/1780 in 1027.736s
	Calibrated mode 224/1780 in 1032.341s
	Calibrated mode 225/1780 in 1036.943s
	Calibrated mode 226/1780 in 1041.546s
	Calibrated mode 227/1780 in 1046.142s
	Calibrated mode 228/1780 in 1050.739s
	Calibrated mode 229/1780 in 1055.335s
	Calibrated mode 230/1780 in 1060.002s
	Calibrated mode 231/1780 in 1064.598s
	Calibrated mode 232/1780 in 1069.190s
	Calibrated mode 233/1780 in 1073.783s
	Calibrated mode 234/1780 in 1078.388s
	Calibrated mode 235/1780 in 1082.979s
	Calibrated mode 236/1780 in 1087.566s
	Calibrated mode 237/1780 in 1092.245s
	Calibrated mode 238/1780 in 1096.840s
	Calibrated mode 239/1780 in 1101.442s
	Calibrated mode 240/1780 in 1106.033s
	Calibrated mode 241/1780 in 1110.607s
	Calibrated mode 242/1780 in 1115.190s
	Calibrated mode 243/1780 in 1119.786s
	Calibrated mode 244/1780 in 1124.378s
	Calibrated mode 245/1780 in 1129.023s
	Calibrated mode 246/1780 in 1133.603s
	Calibrated mode 247/1780 in 1138.197s
	Calibrated mode 248/1780 in 1142.791s
	Calibrated mode 249/1780 in 1147.382s
	Calibrated mode 250/1780 in 1151.971s
	Calibrated mode 251/1780 in 1156.559s
	Calibrated mode 252/1780 in 1161.141s
	Calibrated mode 253/1780 in 1165.778s
	Calibrated mode 254/1780 in 1170.360s
	Calibrated mode 255/1780 in 1174.939s
	Calibrated mode 256/1780 in 1179.521s
	Calibrated mode 257/1780 in 1184.100s
	Calibrated mode 258/1780 in 1188.690s
	Calibrated mode 259/1780 in 1193.275s
	Calibrated mode 260/1780 in 1197.874s
	Calibrated mode 261/1780 in 1202.455s
	Calibrated mode 262/1780 in 1207.121s
	Calibrated mode 263/1780 in 1211.705s
	Calibrated mode 264/1780 in 1216.319s
	Calibrated mode 265/1780 in 1220.912s
	Calibrated mode 266/1780 in 1225.498s
	Calibrated mode 267/1780 in 1230.092s
	Calibrated mode 268/1780 in 1234.706s
	Calibrated mode 269/1780 in 1239.380s
	Calibrated mode 270/1780 in 1243.998s
	Calibrated mode 271/1780 in 1248.603s
	Calibrated mode 272/1780 in 1253.190s
	Calibrated mode 273/1780 in 1257.778s
	Calibrated mode 274/1780 in 1262.376s
	Calibrated mode 275/1780 in 1266.986s
	Calibrated mode 276/1780 in 1271.588s
	Calibrated mode 277/1780 in 1276.291s
	Calibrated mode 278/1780 in 1280.897s
	Calibrated mode 279/1780 in 1285.526s
	Calibrated mode 280/1780 in 1290.156s
	Calibrated mode 281/1780 in 1294.797s
	Calibrated mode 282/1780 in 1299.404s
	Calibrated mode 283/1780 in 1304.003s
	Calibrated mode 284/1780 in 1308.603s
	Calibrated mode 285/1780 in 1313.267s
	Calibrated mode 286/1780 in 1317.850s
	Calibrated mode 287/1780 in 1322.441s
	Calibrated mode 288/1780 in 1327.028s
	Calibrated mode 289/1780 in 1331.632s
	Calibrated mode 290/1780 in 1336.237s
	Calibrated mode 291/1780 in 1340.849s
	Calibrated mode 292/1780 in 1345.467s
	Calibrated mode 293/1780 in 1350.098s
	Calibrated mode 294/1780 in 1354.780s
	Calibrated mode 295/1780 in 1359.388s
	Calibrated mode 296/1780 in 1364.011s
	Calibrated mode 297/1780 in 1368.638s
	Calibrated mode 298/1780 in 1373.243s
	Calibrated mode 299/1780 in 1377.842s
	Calibrated mode 300/1780 in 1382.444s
	Calibrated mode 301/1780 in 1387.114s
	Calibrated mode 302/1780 in 1391.708s
	Calibrated mode 303/1780 in 1396.303s
	Calibrated mode 304/1780 in 1400.911s
	Calibrated mode 305/1780 in 1405.520s
	Calibrated mode 306/1780 in 1410.138s
	Calibrated mode 307/1780 in 1414.751s
	Calibrated mode 308/1780 in 1419.357s
	Calibrated mode 309/1780 in 1424.024s
	Calibrated mode 310/1780 in 1428.623s
	Calibrated mode 311/1780 in 1433.221s
	Calibrated mode 312/1780 in 1437.829s
	Calibrated mode 313/1780 in 1442.441s
	Calibrated mode 314/1780 in 1447.050s
	Calibrated mode 315/1780 in 1451.666s
	Calibrated mode 316/1780 in 1456.282s
	Calibrated mode 317/1780 in 1460.963s
	Calibrated mode 318/1780 in 1465.569s
	Calibrated mode 319/1780 in 1470.171s
	Calibrated mode 320/1780 in 1474.766s
	Calibrated mode 321/1780 in 1479.365s
	Calibrated mode 322/1780 in 1483.969s
	Calibrated mode 323/1780 in 1488.562s
	Calibrated mode 324/1780 in 1493.142s
	Calibrated mode 325/1780 in 1497.733s
	Calibrated mode 326/1780 in 1502.391s
	Calibrated mode 327/1780 in 1507.000s
	Calibrated mode 328/1780 in 1511.573s
	Calibrated mode 329/1780 in 1516.197s
	Calibrated mode 330/1780 in 1520.828s
	Calibrated mode 331/1780 in 1525.454s
	Calibrated mode 332/1780 in 1530.065s
	Calibrated mode 333/1780 in 1534.755s
	Calibrated mode 334/1780 in 1539.350s
	Calibrated mode 335/1780 in 1543.962s
	Calibrated mode 336/1780 in 1548.591s
	Calibrated mode 337/1780 in 1553.214s
	Calibrated mode 338/1780 in 1557.843s
	Calibrated mode 339/1780 in 1562.461s
	Calibrated mode 340/1780 in 1567.065s
	Calibrated mode 341/1780 in 1571.750s
	Calibrated mode 342/1780 in 1576.354s
	Calibrated mode 343/1780 in 1580.980s
	Calibrated mode 344/1780 in 1585.599s
	Calibrated mode 345/1780 in 1590.221s
	Calibrated mode 346/1780 in 1594.845s
	Calibrated mode 347/1780 in 1599.468s
	Calibrated mode 348/1780 in 1604.063s
	Calibrated mode 349/1780 in 1608.762s
	Calibrated mode 350/1780 in 1613.388s
	Calibrated mode 351/1780 in 1618.016s
	Calibrated mode 352/1780 in 1622.622s
	Calibrated mode 353/1780 in 1627.215s
	Calibrated mode 354/1780 in 1631.808s
	Calibrated mode 355/1780 in 1636.401s
	Calibrated mode 356/1780 in 1640.996s
	Calibrated mode 357/1780 in 1645.592s
	Calibrated mode 358/1780 in 1650.277s
	Calibrated mode 359/1780 in 1654.868s
	Calibrated mode 360/1780 in 1659.457s
	Calibrated mode 361/1780 in 1664.061s
	Calibrated mode 362/1780 in 1668.675s
	Calibrated mode 363/1780 in 1673.303s
	Calibrated mode 364/1780 in 1677.928s
	Calibrated mode 365/1780 in 1682.609s
	Calibrated mode 366/1780 in 1687.208s
	Calibrated mode 367/1780 in 1691.807s
	Calibrated mode 368/1780 in 1696.405s
	Calibrated mode 369/1780 in 1701.007s
	Calibrated mode 370/1780 in 1705.611s
	Calibrated mode 371/1780 in 1710.217s
	Calibrated mode 372/1780 in 1714.830s
	Calibrated mode 373/1780 in 1719.508s
	Calibrated mode 374/1780 in 1724.104s
	Calibrated mode 375/1780 in 1728.699s
	Calibrated mode 376/1780 in 1733.294s
	Calibrated mode 377/1780 in 1737.885s
	Calibrated mode 378/1780 in 1742.480s
	Calibrated mode 379/1780 in 1747.082s
	Calibrated mode 380/1780 in 1751.684s
	Calibrated mode 381/1780 in 1756.341s
	Calibrated mode 382/1780 in 1760.937s
	Calibrated mode 383/1780 in 1765.527s
	Calibrated mode 384/1780 in 1770.122s
	Calibrated mode 385/1780 in 1774.705s
	Calibrated mode 386/1780 in 1779.298s
	Calibrated mode 387/1780 in 1783.889s
	Calibrated mode 388/1780 in 1788.482s
	Calibrated mode 389/1780 in 1793.079s
	Calibrated mode 390/1780 in 1797.746s
	Calibrated mode 391/1780 in 1802.335s
	Calibrated mode 392/1780 in 1806.922s
	Calibrated mode 393/1780 in 1811.518s
	Calibrated mode 394/1780 in 1816.105s
	Calibrated mode 395/1780 in 1820.697s
	Calibrated mode 396/1780 in 1825.293s
	Calibrated mode 397/1780 in 1829.879s
	Calibrated mode 398/1780 in 1834.545s
	Calibrated mode 399/1780 in 1839.125s
	Calibrated mode 400/1780 in 1843.715s
	Calibrated mode 401/1780 in 1848.302s
	Calibrated mode 402/1780 in 1852.885s
	Calibrated mode 403/1780 in 1857.473s
	Calibrated mode 404/1780 in 1862.069s
	Calibrated mode 405/1780 in 1866.713s
	Calibrated mode 406/1780 in 1871.307s
	Calibrated mode 407/1780 in 1875.897s
	Calibrated mode 408/1780 in 1880.495s
	Calibrated mode 409/1780 in 1885.081s
	Calibrated mode 410/1780 in 1889.669s
	Calibrated mode 411/1780 in 1894.262s
	Calibrated mode 412/1780 in 1898.864s
	Calibrated mode 413/1780 in 1903.541s
	Calibrated mode 414/1780 in 1908.134s
	Calibrated mode 415/1780 in 1912.716s
	Calibrated mode 416/1780 in 1917.302s
	Calibrated mode 417/1780 in 1921.894s
	Calibrated mode 418/1780 in 1926.487s
	Calibrated mode 419/1780 in 1931.086s
	Calibrated mode 420/1780 in 1935.671s
	Calibrated mode 421/1780 in 1940.252s
	Calibrated mode 422/1780 in 1944.908s
	Calibrated mode 423/1780 in 1949.489s
	Calibrated mode 424/1780 in 1954.085s
	Calibrated mode 425/1780 in 1958.675s
	Calibrated mode 426/1780 in 1963.273s
	Calibrated mode 427/1780 in 1967.867s
	Calibrated mode 428/1780 in 1972.460s
	Calibrated mode 429/1780 in 1977.053s
	Calibrated mode 430/1780 in 1981.714s
	Calibrated mode 431/1780 in 1986.310s
	Calibrated mode 432/1780 in 1990.922s
	Calibrated mode 433/1780 in 1995.534s
	Calibrated mode 434/1780 in 2000.146s
	Calibrated mode 435/1780 in 2004.758s
	Calibrated mode 436/1780 in 2009.369s
	Calibrated mode 437/1780 in 2014.071s
	Calibrated mode 438/1780 in 2018.686s
	Calibrated mode 439/1780 in 2023.292s
	Calibrated mode 440/1780 in 2027.892s
	Calibrated mode 441/1780 in 2032.486s
	Calibrated mode 442/1780 in 2037.105s
	Calibrated mode 443/1780 in 2041.723s
	Calibrated mode 444/1780 in 2046.345s
	Calibrated mode 445/1780 in 2050.955s
	Calibrated mode 446/1780 in 2055.619s
	Calibrated mode 447/1780 in 2060.222s
	Calibrated mode 448/1780 in 2064.803s
	Calibrated mode 449/1780 in 2069.387s
	Calibrated mode 450/1780 in 2073.994s
	Calibrated mode 451/1780 in 2078.600s
	Calibrated mode 452/1780 in 2083.206s
	Calibrated mode 453/1780 in 2087.821s
	Calibrated mode 454/1780 in 2092.432s
	Calibrated mode 455/1780 in 2097.102s
	Calibrated mode 456/1780 in 2101.708s
	Calibrated mode 457/1780 in 2106.307s
	Calibrated mode 458/1780 in 2110.918s
	Calibrated mode 459/1780 in 2115.530s
	Calibrated mode 460/1780 in 2120.125s
	Calibrated mode 461/1780 in 2124.736s
	Calibrated mode 462/1780 in 2129.387s
	Calibrated mode 463/1780 in 2133.945s
	Calibrated mode 464/1780 in 2138.509s
	Calibrated mode 465/1780 in 2143.081s
	Calibrated mode 466/1780 in 2147.665s
	Calibrated mode 467/1780 in 2152.252s
	Calibrated mode 468/1780 in 2156.990s
	Calibrated mode 469/1780 in 2161.604s
	Calibrated mode 470/1780 in 2166.266s
	Calibrated mode 471/1780 in 2170.863s
	Calibrated mode 472/1780 in 2175.448s
	Calibrated mode 473/1780 in 2180.023s
	Calibrated mode 474/1780 in 2184.612s
	Calibrated mode 475/1780 in 2189.203s
	Calibrated mode 476/1780 in 2193.790s
	Calibrated mode 477/1780 in 2198.384s
	Calibrated mode 478/1780 in 2203.050s
	Calibrated mode 479/1780 in 2207.641s
	Calibrated mode 480/1780 in 2212.240s
	Calibrated mode 481/1780 in 2216.937s
	Calibrated mode 482/1780 in 2221.560s
	Calibrated mode 483/1780 in 2226.183s
	Calibrated mode 484/1780 in 2230.793s
	Calibrated mode 485/1780 in 2235.395s
	Calibrated mode 486/1780 in 2240.011s
	Calibrated mode 487/1780 in 2244.688s
	Calibrated mode 488/1780 in 2249.282s
	Calibrated mode 489/1780 in 2253.874s
	Calibrated mode 490/1780 in 2258.468s
	Calibrated mode 491/1780 in 2263.149s
	Calibrated mode 492/1780 in 2267.756s
	Calibrated mode 493/1780 in 2272.382s
	Calibrated mode 494/1780 in 2276.986s
	Calibrated mode 495/1780 in 2281.651s
	Calibrated mode 496/1780 in 2286.244s
	Calibrated mode 497/1780 in 2290.855s
	Calibrated mode 498/1780 in 2295.457s
	Calibrated mode 499/1780 in 2300.068s
	Calibrated mode 500/1780 in 2304.671s
	Calibrated mode 501/1780 in 2309.274s
	Calibrated mode 502/1780 in 2313.877s
	Calibrated mode 503/1780 in 2318.535s
	Calibrated mode 504/1780 in 2323.135s
	Calibrated mode 505/1780 in 2327.732s
	Calibrated mode 506/1780 in 2332.402s
	Calibrated mode 507/1780 in 2337.014s
	Calibrated mode 508/1780 in 2341.615s
	Calibrated mode 509/1780 in 2346.211s
	Calibrated mode 510/1780 in 2350.805s
	Calibrated mode 511/1780 in 2355.451s
	Calibrated mode 512/1780 in 2360.021s
	Calibrated mode 513/1780 in 2364.591s
	Calibrated mode 514/1780 in 2369.159s
	Calibrated mode 515/1780 in 2373.726s
	Calibrated mode 516/1780 in 2378.292s
	Calibrated mode 517/1780 in 2382.864s
	Calibrated mode 518/1780 in 2387.441s
	Calibrated mode 519/1780 in 2392.017s
	Calibrated mode 520/1780 in 2396.658s
	Calibrated mode 521/1780 in 2401.232s
	Calibrated mode 522/1780 in 2405.809s
	Calibrated mode 523/1780 in 2410.390s
	Calibrated mode 524/1780 in 2414.976s
	Calibrated mode 525/1780 in 2419.564s
	Calibrated mode 526/1780 in 2424.155s
	Calibrated mode 527/1780 in 2428.755s
	Calibrated mode 528/1780 in 2433.422s
	Calibrated mode 529/1780 in 2438.074s
	Calibrated mode 530/1780 in 2442.729s
	Calibrated mode 531/1780 in 2447.312s
	Calibrated mode 532/1780 in 2451.887s
	Calibrated mode 533/1780 in 2456.473s
	Calibrated mode 534/1780 in 2461.161s
	Calibrated mode 535/1780 in 2465.823s
	Calibrated mode 536/1780 in 2470.405s
	Calibrated mode 537/1780 in 2474.993s
	Calibrated mode 538/1780 in 2479.577s
	Calibrated mode 539/1780 in 2484.173s
	Calibrated mode 540/1780 in 2488.756s
	Calibrated mode 541/1780 in 2493.356s
	Calibrated mode 542/1780 in 2497.954s
	Calibrated mode 543/1780 in 2502.793s
	Calibrated mode 544/1780 in 2507.396s
	Calibrated mode 545/1780 in 2511.995s
	Calibrated mode 546/1780 in 2516.578s
	Calibrated mode 547/1780 in 2521.169s
	Calibrated mode 548/1780 in 2525.770s
	Calibrated mode 549/1780 in 2530.355s
	Calibrated mode 550/1780 in 2534.947s
	Calibrated mode 551/1780 in 2539.529s
	Calibrated mode 552/1780 in 2544.188s
	Calibrated mode 553/1780 in 2548.763s
	Calibrated mode 554/1780 in 2553.339s
	Calibrated mode 555/1780 in 2557.946s
	Calibrated mode 556/1780 in 2562.548s
	Calibrated mode 557/1780 in 2567.153s
	Calibrated mode 558/1780 in 2571.758s
	Calibrated mode 559/1780 in 2576.357s
	Calibrated mode 560/1780 in 2581.019s
	Calibrated mode 561/1780 in 2585.709s
	Calibrated mode 562/1780 in 2590.318s
	Calibrated mode 563/1780 in 2594.929s
	Calibrated mode 564/1780 in 2599.521s
	Calibrated mode 565/1780 in 2604.104s
	Calibrated mode 566/1780 in 2608.683s
	Calibrated mode 567/1780 in 2613.272s
	Calibrated mode 568/1780 in 2617.926s
	Calibrated mode 569/1780 in 2622.516s
	Calibrated mode 570/1780 in 2627.114s
	Calibrated mode 571/1780 in 2632.043s
	Calibrated mode 572/1780 in 2636.641s
	Calibrated mode 573/1780 in 2641.238s
	Calibrated mode 574/1780 in 2645.838s
	Calibrated mode 575/1780 in 2650.443s
	Calibrated mode 576/1780 in 2655.112s
	Calibrated mode 577/1780 in 2659.714s
	Calibrated mode 578/1780 in 2664.332s
	Calibrated mode 579/1780 in 2668.931s
	Calibrated mode 580/1780 in 2673.532s
	Calibrated mode 581/1780 in 2678.091s
	Calibrated mode 582/1780 in 2682.652s
	Calibrated mode 583/1780 in 2687.218s
	Calibrated mode 584/1780 in 2691.779s
	Calibrated mode 585/1780 in 2696.407s
	Calibrated mode 586/1780 in 2700.970s
	Calibrated mode 587/1780 in 2705.530s
	Calibrated mode 588/1780 in 2710.099s
	Calibrated mode 589/1780 in 2714.663s
	Calibrated mode 590/1780 in 2719.227s
	Calibrated mode 591/1780 in 2723.792s
	Calibrated mode 592/1780 in 2728.356s
	Calibrated mode 593/1780 in 2732.989s
	Calibrated mode 594/1780 in 2737.551s
	Calibrated mode 595/1780 in 2742.117s
	Calibrated mode 596/1780 in 2746.686s
	Calibrated mode 597/1780 in 2751.253s
	Calibrated mode 598/1780 in 2755.822s
	Calibrated mode 599/1780 in 2760.391s
	Calibrated mode 600/1780 in 2764.963s
	Calibrated mode 601/1780 in 2769.595s
	Calibrated mode 602/1780 in 2774.161s
	Calibrated mode 603/1780 in 2778.732s
	Calibrated mode 604/1780 in 2783.300s
	Calibrated mode 605/1780 in 2787.872s
	Calibrated mode 606/1780 in 2792.443s
	Calibrated mode 607/1780 in 2797.013s
	Calibrated mode 608/1780 in 2801.590s
	Calibrated mode 609/1780 in 2806.239s
	Calibrated mode 610/1780 in 2810.814s
	Calibrated mode 611/1780 in 2815.391s
	Calibrated mode 612/1780 in 2819.966s
	Calibrated mode 613/1780 in 2824.541s
	Calibrated mode 614/1780 in 2829.124s
	Calibrated mode 615/1780 in 2833.698s
	Calibrated mode 616/1780 in 2838.274s
	Calibrated mode 617/1780 in 2842.846s
	Calibrated mode 618/1780 in 2847.497s
	Calibrated mode 619/1780 in 2852.071s
	Calibrated mode 620/1780 in 2856.647s
	Calibrated mode 621/1780 in 2861.229s
	Calibrated mode 622/1780 in 2865.810s
	Calibrated mode 623/1780 in 2870.392s
	Calibrated mode 624/1780 in 2874.970s
	Calibrated mode 625/1780 in 2879.546s
	Calibrated mode 626/1780 in 2884.184s
	Calibrated mode 627/1780 in 2888.760s
	Calibrated mode 628/1780 in 2893.335s
	Calibrated mode 629/1780 in 2897.914s
	Calibrated mode 630/1780 in 2902.494s
	Calibrated mode 631/1780 in 2907.067s
	Calibrated mode 632/1780 in 2911.642s
	Calibrated mode 633/1780 in 2916.216s
	Calibrated mode 634/1780 in 2920.868s
	Calibrated mode 635/1780 in 2925.445s
	Calibrated mode 636/1780 in 2930.021s
	Calibrated mode 637/1780 in 2934.600s
	Calibrated mode 638/1780 in 2939.179s
	Calibrated mode 639/1780 in 2943.754s
	Calibrated mode 640/1780 in 2948.331s
	Calibrated mode 641/1780 in 2952.907s
	Calibrated mode 642/1780 in 2957.553s
	Calibrated mode 643/1780 in 2962.128s
	Calibrated mode 644/1780 in 2966.703s
	Calibrated mode 645/1780 in 2971.279s
	Calibrated mode 646/1780 in 2975.858s
	Calibrated mode 647/1780 in 2980.438s
	Calibrated mode 648/1780 in 2985.014s
	Calibrated mode 649/1780 in 2989.590s
	Calibrated mode 650/1780 in 2994.168s
	Calibrated mode 651/1780 in 2998.810s
	Calibrated mode 652/1780 in 3003.379s
	Calibrated mode 653/1780 in 3007.944s
	Calibrated mode 654/1780 in 3012.518s
	Calibrated mode 655/1780 in 3017.094s
	Calibrated mode 656/1780 in 3021.668s
	Calibrated mode 657/1780 in 3026.245s
	Calibrated mode 658/1780 in 3030.821s
	Calibrated mode 659/1780 in 3035.471s
	Calibrated mode 660/1780 in 3040.038s
	Calibrated mode 661/1780 in 3044.608s
	Calibrated mode 662/1780 in 3049.179s
	Calibrated mode 663/1780 in 3053.749s
	Calibrated mode 664/1780 in 3058.324s
	Calibrated mode 665/1780 in 3062.898s
	Calibrated mode 666/1780 in 3067.472s
	Calibrated mode 667/1780 in 3072.118s
	Calibrated mode 668/1780 in 3076.693s
	Calibrated mode 669/1780 in 3081.260s
	Calibrated mode 670/1780 in 3085.829s
	Calibrated mode 671/1780 in 3090.405s
	Calibrated mode 672/1780 in 3094.980s
	Calibrated mode 673/1780 in 3099.556s
	Calibrated mode 674/1780 in 3104.132s
	Calibrated mode 675/1780 in 3108.778s
	Calibrated mode 676/1780 in 3113.348s
	Calibrated mode 677/1780 in 3117.919s
	Calibrated mode 678/1780 in 3122.494s
	Calibrated mode 679/1780 in 3127.072s
	Calibrated mode 680/1780 in 3131.659s
	Calibrated mode 681/1780 in 3136.248s
	Calibrated mode 682/1780 in 3140.835s
	Calibrated mode 683/1780 in 3145.423s
	Calibrated mode 684/1780 in 3150.006s
	Calibrated mode 685/1780 in 3154.662s
	Calibrated mode 686/1780 in 3159.248s
	Calibrated mode 687/1780 in 3163.836s
	Calibrated mode 688/1780 in 3168.426s
	Calibrated mode 689/1780 in 3173.014s
	Calibrated mode 690/1780 in 3177.606s
	Calibrated mode 691/1780 in 3182.205s
	Calibrated mode 692/1780 in 3186.800s
	Calibrated mode 693/1780 in 3191.447s
	Calibrated mode 694/1780 in 3196.039s
	Calibrated mode 695/1780 in 3200.630s
	Calibrated mode 696/1780 in 3205.222s
	Calibrated mode 697/1780 in 3209.820s
	Calibrated mode 698/1780 in 3214.415s
	Calibrated mode 699/1780 in 3219.006s
	Calibrated mode 700/1780 in 3223.675s
	Calibrated mode 701/1780 in 3228.269s
	Calibrated mode 702/1780 in 3232.864s
	Calibrated mode 703/1780 in 3237.461s
	Calibrated mode 704/1780 in 3242.058s
	Calibrated mode 705/1780 in 3246.659s
	Calibrated mode 706/1780 in 3251.259s
	Calibrated mode 707/1780 in 3255.864s
	Calibrated mode 708/1780 in 3260.467s
	Calibrated mode 709/1780 in 3265.137s
	Calibrated mode 710/1780 in 3269.736s
	Calibrated mode 711/1780 in 3274.340s
	Calibrated mode 712/1780 in 3278.934s
	Calibrated mode 713/1780 in 3283.529s
	Calibrated mode 714/1780 in 3288.128s
	Calibrated mode 715/1780 in 3292.724s
	Calibrated mode 716/1780 in 3297.326s
	Calibrated mode 717/1780 in 3301.929s
	Calibrated mode 718/1780 in 3306.596s
	Calibrated mode 719/1780 in 3311.196s
	Calibrated mode 720/1780 in 3315.794s
	Calibrated mode 721/1780 in 3320.393s
	Calibrated mode 722/1780 in 3324.996s
	Calibrated mode 723/1780 in 3329.601s
	Calibrated mode 724/1780 in 3334.203s
	Calibrated mode 725/1780 in 3338.807s
	Calibrated mode 726/1780 in 3343.482s
	Calibrated mode 727/1780 in 3348.082s
	Calibrated mode 728/1780 in 3352.683s
	Calibrated mode 729/1780 in 3357.285s
	Calibrated mode 730/1780 in 3361.888s
	Calibrated mode 731/1780 in 3366.499s
	Calibrated mode 732/1780 in 3371.102s
	Calibrated mode 733/1780 in 3375.779s
	Calibrated mode 734/1780 in 3380.380s
	Calibrated mode 735/1780 in 3384.982s
	Calibrated mode 736/1780 in 3389.583s
	Calibrated mode 737/1780 in 3394.185s
	Calibrated mode 738/1780 in 3398.785s
	Calibrated mode 739/1780 in 3403.391s
	Calibrated mode 740/1780 in 3407.993s
	Calibrated mode 741/1780 in 3412.586s
	Calibrated mode 742/1780 in 3417.247s
	Calibrated mode 743/1780 in 3421.844s
	Calibrated mode 744/1780 in 3426.444s
	Calibrated mode 745/1780 in 3431.049s
	Calibrated mode 746/1780 in 3435.652s
	Calibrated mode 747/1780 in 3440.251s
	Calibrated mode 748/1780 in 3444.853s
	Calibrated mode 749/1780 in 3449.454s
	Calibrated mode 750/1780 in 3454.099s
	Calibrated mode 751/1780 in 3458.777s
	Calibrated mode 752/1780 in 3463.376s
	Calibrated mode 753/1780 in 3467.978s
	Calibrated mode 754/1780 in 3472.581s
	Calibrated mode 755/1780 in 3477.184s
	Calibrated mode 756/1780 in 3481.788s
	Calibrated mode 757/1780 in 3486.388s
	Calibrated mode 758/1780 in 3490.991s
	Calibrated mode 759/1780 in 3495.657s
	Calibrated mode 760/1780 in 3500.251s
	Calibrated mode 761/1780 in 3504.844s
	Calibrated mode 762/1780 in 3509.441s
	Calibrated mode 763/1780 in 3514.036s
	Calibrated mode 764/1780 in 3518.631s
	Calibrated mode 765/1780 in 3523.224s
	Calibrated mode 766/1780 in 3527.820s
	Calibrated mode 767/1780 in 3532.480s
	Calibrated mode 768/1780 in 3537.069s
	Calibrated mode 769/1780 in 3541.662s
	Calibrated mode 770/1780 in 3546.258s
	Calibrated mode 771/1780 in 3550.858s
	Calibrated mode 772/1780 in 3555.448s
	Calibrated mode 773/1780 in 3560.043s
	Calibrated mode 774/1780 in 3564.639s
	Calibrated mode 775/1780 in 3569.308s
	Calibrated mode 776/1780 in 3573.900s
	Calibrated mode 777/1780 in 3578.487s
	Calibrated mode 778/1780 in 3583.072s
	Calibrated mode 779/1780 in 3587.657s
	Calibrated mode 780/1780 in 3592.249s
	Calibrated mode 781/1780 in 3596.837s
	Calibrated mode 782/1780 in 3601.424s
	Calibrated mode 783/1780 in 3606.015s
	Calibrated mode 784/1780 in 3610.615s
	Calibrated mode 785/1780 in 3615.268s
	Calibrated mode 786/1780 in 3619.849s
	Calibrated mode 787/1780 in 3624.433s
	Calibrated mode 788/1780 in 3629.011s
	Calibrated mode 789/1780 in 3633.589s
	Calibrated mode 790/1780 in 3638.169s
	Calibrated mode 791/1780 in 3642.750s
	Calibrated mode 792/1780 in 3647.330s
	Calibrated mode 793/1780 in 3651.973s
	Calibrated mode 794/1780 in 3656.551s
	Calibrated mode 795/1780 in 3661.129s
	Calibrated mode 796/1780 in 3665.708s
	Calibrated mode 797/1780 in 3670.287s
	Calibrated mode 798/1780 in 3674.867s
	Calibrated mode 799/1780 in 3679.449s
	Calibrated mode 800/1780 in 3684.030s
	Calibrated mode 801/1780 in 3688.682s
	Calibrated mode 802/1780 in 3693.262s
	Calibrated mode 803/1780 in 3697.838s
	Calibrated mode 804/1780 in 3702.418s
	Calibrated mode 805/1780 in 3706.993s
	Calibrated mode 806/1780 in 3711.567s
	Calibrated mode 807/1780 in 3716.145s
	Calibrated mode 808/1780 in 3720.724s
	Calibrated mode 809/1780 in 3725.362s
	Calibrated mode 810/1780 in 3729.942s
	Calibrated mode 811/1780 in 3734.518s
	Calibrated mode 812/1780 in 3739.097s
	Calibrated mode 813/1780 in 3743.675s
	Calibrated mode 814/1780 in 3748.248s
	Calibrated mode 815/1780 in 3752.826s
	Calibrated mode 816/1780 in 3757.403s
	Calibrated mode 817/1780 in 3761.980s
	Calibrated mode 818/1780 in 3766.632s
	Calibrated mode 819/1780 in 3771.206s
	Calibrated mode 820/1780 in 3775.779s
	Calibrated mode 821/1780 in 3780.356s
	Calibrated mode 822/1780 in 3784.938s
	Calibrated mode 823/1780 in 3789.523s
	Calibrated mode 824/1780 in 3794.102s
	Calibrated mode 825/1780 in 3798.683s
	Calibrated mode 826/1780 in 3803.338s
	Calibrated mode 827/1780 in 3807.910s
	Calibrated mode 828/1780 in 3812.489s
	Calibrated mode 829/1780 in 3817.065s
	Calibrated mode 830/1780 in 3821.642s
	Calibrated mode 831/1780 in 3826.222s
	Calibrated mode 832/1780 in 3830.803s
	Calibrated mode 833/1780 in 3835.384s
	Calibrated mode 834/1780 in 3840.029s
	Calibrated mode 835/1780 in 3844.610s
	Calibrated mode 836/1780 in 3849.193s
	Calibrated mode 837/1780 in 3853.775s
	Calibrated mode 838/1780 in 3858.359s
	Calibrated mode 839/1780 in 3862.943s
	Calibrated mode 840/1780 in 3867.526s
	Calibrated mode 841/1780 in 3872.106s
	Calibrated mode 842/1780 in 3876.766s
	Calibrated mode 843/1780 in 3881.345s
	Calibrated mode 844/1780 in 3885.928s
	Calibrated mode 845/1780 in 3890.509s
	Calibrated mode 846/1780 in 3895.092s
	Calibrated mode 847/1780 in 3899.673s
	Calibrated mode 848/1780 in 3904.255s
	Calibrated mode 849/1780 in 3908.838s
	Calibrated mode 850/1780 in 3913.425s
	Calibrated mode 851/1780 in 3918.007s
	Calibrated mode 852/1780 in 3922.652s
	Calibrated mode 853/1780 in 3927.230s
	Calibrated mode 854/1780 in 3931.806s
	Calibrated mode 855/1780 in 3936.384s
	Calibrated mode 856/1780 in 3940.966s
	Calibrated mode 857/1780 in 3945.543s
	Calibrated mode 858/1780 in 3950.118s
	Calibrated mode 859/1780 in 3954.693s
	Calibrated mode 860/1780 in 3959.332s
	Calibrated mode 861/1780 in 3963.906s
	Calibrated mode 862/1780 in 3968.480s
	Calibrated mode 863/1780 in 3973.060s
	Calibrated mode 864/1780 in 3977.638s
	Calibrated mode 865/1780 in 3982.215s
	Calibrated mode 866/1780 in 3986.793s
	Calibrated mode 867/1780 in 3991.368s
	Calibrated mode 868/1780 in 3996.017s
	Calibrated mode 869/1780 in 4000.588s
	Calibrated mode 870/1780 in 4005.161s
	Calibrated mode 871/1780 in 4009.737s
	Calibrated mode 872/1780 in 4014.314s
	Calibrated mode 873/1780 in 4018.894s
	Calibrated mode 874/1780 in 4023.471s
	Calibrated mode 875/1780 in 4028.053s
	Calibrated mode 876/1780 in 4032.700s
	Calibrated mode 877/1780 in 4037.276s
	Calibrated mode 878/1780 in 4041.846s
	Calibrated mode 879/1780 in 4046.421s
	Calibrated mode 880/1780 in 4050.996s
	Calibrated mode 881/1780 in 4055.570s
	Calibrated mode 882/1780 in 4060.142s
	Calibrated mode 883/1780 in 4064.715s
	Calibrated mode 884/1780 in 4069.284s
	Calibrated mode 885/1780 in 4073.926s
	Calibrated mode 886/1780 in 4078.500s
	Calibrated mode 887/1780 in 4083.073s
	Calibrated mode 888/1780 in 4087.650s
	Calibrated mode 889/1780 in 4092.227s
	Calibrated mode 890/1780 in 4096.806s
	Calibrated mode 891/1780 in 4101.378s
	Calibrated mode 892/1780 in 4105.958s
	Calibrated mode 893/1780 in 4110.532s
	Calibrated mode 894/1780 in 4115.182s
	Calibrated mode 895/1780 in 4119.753s
	Calibrated mode 896/1780 in 4124.327s
	Calibrated mode 897/1780 in 4128.900s
	Calibrated mode 898/1780 in 4133.474s
	Calibrated mode 899/1780 in 4138.047s
	Calibrated mode 900/1780 in 4142.622s
	Calibrated mode 901/1780 in 4147.259s
	Calibrated mode 902/1780 in 4151.836s
	Calibrated mode 903/1780 in 4156.412s
	Calibrated mode 904/1780 in 4160.982s
	Calibrated mode 905/1780 in 4165.556s
	Calibrated mode 906/1780 in 4170.134s
	Calibrated mode 907/1780 in 4174.709s
	Calibrated mode 908/1780 in 4179.285s
	Calibrated mode 909/1780 in 4183.860s
	Calibrated mode 910/1780 in 4188.507s
	Calibrated mode 911/1780 in 4193.084s
	Calibrated mode 912/1780 in 4197.657s
	Calibrated mode 913/1780 in 4202.230s
	Calibrated mode 914/1780 in 4206.809s
	Calibrated mode 915/1780 in 4211.388s
	Calibrated mode 916/1780 in 4215.961s
	Calibrated mode 917/1780 in 4220.542s
	Calibrated mode 918/1780 in 4225.119s
	Calibrated mode 919/1780 in 4229.768s
	Calibrated mode 920/1780 in 4234.342s
	Calibrated mode 921/1780 in 4238.912s
	Calibrated mode 922/1780 in 4243.486s
	Calibrated mode 923/1780 in 4248.061s
	Calibrated mode 924/1780 in 4252.634s
	Calibrated mode 925/1780 in 4257.209s
	Calibrated mode 926/1780 in 4261.790s
	Calibrated mode 927/1780 in 4266.431s
	Calibrated mode 928/1780 in 4271.010s
	Calibrated mode 929/1780 in 4275.584s
	Calibrated mode 930/1780 in 4280.159s
	Calibrated mode 931/1780 in 4284.733s
	Calibrated mode 932/1780 in 4289.303s
	Calibrated mode 933/1780 in 4293.879s
	Calibrated mode 934/1780 in 4298.457s
	Calibrated mode 935/1780 in 4303.110s
	Calibrated mode 936/1780 in 4307.689s
	Calibrated mode 937/1780 in 4312.269s
	Calibrated mode 938/1780 in 4316.844s
	Calibrated mode 939/1780 in 4321.422s
	Calibrated mode 940/1780 in 4326.002s
	Calibrated mode 941/1780 in 4330.586s
	Calibrated mode 942/1780 in 4335.173s
	Calibrated mode 943/1780 in 4339.755s
	Calibrated mode 944/1780 in 4344.399s
	Calibrated mode 945/1780 in 4348.972s
	Calibrated mode 946/1780 in 4353.551s
	Calibrated mode 947/1780 in 4358.127s
	Calibrated mode 948/1780 in 4362.703s
	Calibrated mode 949/1780 in 4367.281s
	Calibrated mode 950/1780 in 4371.861s
	Calibrated mode 951/1780 in 4376.444s
	Calibrated mode 952/1780 in 4381.028s
	Calibrated mode 953/1780 in 4385.678s
	Calibrated mode 954/1780 in 4390.256s
	Calibrated mode 955/1780 in 4394.831s
	Calibrated mode 956/1780 in 4399.414s
	Calibrated mode 957/1780 in 4403.996s
	Calibrated mode 958/1780 in 4408.578s
	Calibrated mode 959/1780 in 4413.161s
	Calibrated mode 960/1780 in 4417.740s
	Calibrated mode 961/1780 in 4422.391s
	Calibrated mode 962/1780 in 4426.967s
	Calibrated mode 963/1780 in 4431.547s
	Calibrated mode 964/1780 in 4436.126s
	Calibrated mode 965/1780 in 4440.708s
	Calibrated mode 966/1780 in 4445.291s
	Calibrated mode 967/1780 in 4449.877s
	Calibrated mode 968/1780 in 4454.460s
	Calibrated mode 969/1780 in 4459.108s
	Calibrated mode 970/1780 in 4463.683s
	Calibrated mode 971/1780 in 4468.247s
	Calibrated mode 972/1780 in 4472.811s
	Calibrated mode 973/1780 in 4477.381s
	Calibrated mode 974/1780 in 4481.952s
	Calibrated mode 975/1780 in 4486.528s
	Calibrated mode 976/1780 in 4491.104s
	Calibrated mode 977/1780 in 4495.752s
	Calibrated mode 978/1780 in 4500.330s
	Calibrated mode 979/1780 in 4504.906s
	Calibrated mode 980/1780 in 4509.484s
	Calibrated mode 981/1780 in 4514.065s
	Calibrated mode 982/1780 in 4518.644s
	Calibrated mode 983/1780 in 4523.222s
	Calibrated mode 984/1780 in 4527.802s
	Calibrated mode 985/1780 in 4532.384s
	Calibrated mode 986/1780 in 4536.962s
	Calibrated mode 987/1780 in 4541.614s
	Calibrated mode 988/1780 in 4546.191s
	Calibrated mode 989/1780 in 4550.766s
	Calibrated mode 990/1780 in 4555.345s
	Calibrated mode 991/1780 in 4559.926s
	Calibrated mode 992/1780 in 4564.505s
	Calibrated mode 993/1780 in 4569.088s
	Calibrated mode 994/1780 in 4573.672s
	Calibrated mode 995/1780 in 4578.320s
	Calibrated mode 996/1780 in 4582.892s
	Calibrated mode 997/1780 in 4587.470s
	Calibrated mode 998/1780 in 4592.045s
	Calibrated mode 999/1780 in 4596.624s
	Calibrated mode 1000/1780 in 4601.204s
	Calibrated mode 1001/1780 in 4605.783s
	Calibrated mode 1002/1780 in 4610.363s
	Calibrated mode 1003/1780 in 4615.015s
	Calibrated mode 1004/1780 in 4619.599s
	Calibrated mode 1005/1780 in 4624.185s
	Calibrated mode 1006/1780 in 4628.771s
	Calibrated mode 1007/1780 in 4633.356s
	Calibrated mode 1008/1780 in 4637.938s
	Calibrated mode 1009/1780 in 4642.520s
	Calibrated mode 1010/1780 in 4647.107s
	Calibrated mode 1011/1780 in 4651.763s
	Calibrated mode 1012/1780 in 4656.342s
	Calibrated mode 1013/1780 in 4660.927s
	Calibrated mode 1014/1780 in 4665.517s
	Calibrated mode 1015/1780 in 4670.103s
	Calibrated mode 1016/1780 in 4674.689s
	Calibrated mode 1017/1780 in 4679.276s
	Calibrated mode 1018/1780 in 4683.865s
	Calibrated mode 1019/1780 in 4688.455s
	Calibrated mode 1020/1780 in 4693.046s
	Calibrated mode 1021/1780 in 4697.696s
	Calibrated mode 1022/1780 in 4702.278s
	Calibrated mode 1023/1780 in 4706.862s
	Calibrated mode 1024/1780 in 4711.444s
	Calibrated mode 1025/1780 in 4716.030s
	Calibrated mode 1026/1780 in 4720.621s
	Calibrated mode 1027/1780 in 4725.213s
	Calibrated mode 1028/1780 in 4729.812s
	Calibrated mode 1029/1780 in 4734.473s
	Calibrated mode 1030/1780 in 4739.063s
	Calibrated mode 1031/1780 in 4743.653s
	Calibrated mode 1032/1780 in 4748.247s
	Calibrated mode 1033/1780 in 4752.839s
	Calibrated mode 1034/1780 in 4757.436s
	Calibrated mode 1035/1780 in 4762.033s
	Calibrated mode 1036/1780 in 4766.704s
	Calibrated mode 1037/1780 in 4771.296s
	Calibrated mode 1038/1780 in 4775.891s
	Calibrated mode 1039/1780 in 4780.484s
	Calibrated mode 1040/1780 in 4785.079s
	Calibrated mode 1041/1780 in 4789.669s
	Calibrated mode 1042/1780 in 4794.267s
	Calibrated mode 1043/1780 in 4798.865s
	Calibrated mode 1044/1780 in 4803.466s
	Calibrated mode 1045/1780 in 4808.128s
	Calibrated mode 1046/1780 in 4812.725s
	Calibrated mode 1047/1780 in 4817.325s
	Calibrated mode 1048/1780 in 4821.921s
	Calibrated mode 1049/1780 in 4826.519s
	Calibrated mode 1050/1780 in 4831.113s
	Calibrated mode 1051/1780 in 4835.708s
	Calibrated mode 1052/1780 in 4840.304s
	Calibrated mode 1053/1780 in 4844.905s
	Calibrated mode 1054/1780 in 4849.582s
	Calibrated mode 1055/1780 in 4854.180s
	Calibrated mode 1056/1780 in 4858.781s
	Calibrated mode 1057/1780 in 4863.379s
	Calibrated mode 1058/1780 in 4867.978s
	Calibrated mode 1059/1780 in 4872.575s
	Calibrated mode 1060/1780 in 4877.171s
	Calibrated mode 1061/1780 in 4881.771s
	Calibrated mode 1062/1780 in 4886.445s
	Calibrated mode 1063/1780 in 4891.034s
	Calibrated mode 1064/1780 in 4895.630s
	Calibrated mode 1065/1780 in 4900.223s
	Calibrated mode 1066/1780 in 4904.823s
	Calibrated mode 1067/1780 in 4909.420s
	Calibrated mode 1068/1780 in 4914.017s
	Calibrated mode 1069/1780 in 4918.619s
	Calibrated mode 1070/1780 in 4923.282s
	Calibrated mode 1071/1780 in 4927.881s
	Calibrated mode 1072/1780 in 4932.481s
	Calibrated mode 1073/1780 in 4937.080s
	Calibrated mode 1074/1780 in 4941.686s
	Calibrated mode 1075/1780 in 4946.285s
	Calibrated mode 1076/1780 in 4950.887s
	Calibrated mode 1077/1780 in 4955.493s
	Calibrated mode 1078/1780 in 4960.090s
	Calibrated mode 1079/1780 in 4964.771s
	Calibrated mode 1080/1780 in 4969.374s
	Calibrated mode 1081/1780 in 4973.975s
	Calibrated mode 1082/1780 in 4978.573s
	Calibrated mode 1083/1780 in 4983.171s
	Calibrated mode 1084/1780 in 4987.772s
	Calibrated mode 1085/1780 in 4992.376s
	Calibrated mode 1086/1780 in 4996.980s
	Calibrated mode 1087/1780 in 5001.582s
	Calibrated mode 1088/1780 in 5006.265s
	Calibrated mode 1089/1780 in 5010.868s
	Calibrated mode 1090/1780 in 5015.469s
	Calibrated mode 1091/1780 in 5020.071s
	Calibrated mode 1092/1780 in 5024.671s
	Calibrated mode 1093/1780 in 5029.275s
	Calibrated mode 1094/1780 in 5033.877s
	Calibrated mode 1095/1780 in 5038.482s
	Calibrated mode 1096/1780 in 5043.087s
	Calibrated mode 1097/1780 in 5047.749s
	Calibrated mode 1098/1780 in 5052.355s
	Calibrated mode 1099/1780 in 5056.957s
	Calibrated mode 1100/1780 in 5061.561s
	Calibrated mode 1101/1780 in 5066.164s
	Calibrated mode 1102/1780 in 5070.768s
	Calibrated mode 1103/1780 in 5075.374s
	Calibrated mode 1104/1780 in 5079.978s
	Calibrated mode 1105/1780 in 5084.660s
	Calibrated mode 1106/1780 in 5089.270s
	Calibrated mode 1107/1780 in 5093.877s
	Calibrated mode 1108/1780 in 5098.485s
	Calibrated mode 1109/1780 in 5103.092s
	Calibrated mode 1110/1780 in 5107.699s
	Calibrated mode 1111/1780 in 5112.308s
	Calibrated mode 1112/1780 in 5116.917s
	Calibrated mode 1113/1780 in 5121.603s
	Calibrated mode 1114/1780 in 5126.210s
	Calibrated mode 1115/1780 in 5130.814s
	Calibrated mode 1116/1780 in 5135.420s
	Calibrated mode 1117/1780 in 5140.029s
	Calibrated mode 1118/1780 in 5144.637s
	Calibrated mode 1119/1780 in 5149.247s
	Calibrated mode 1120/1780 in 5153.857s
	Calibrated mode 1121/1780 in 5158.463s
	Calibrated mode 1122/1780 in 5163.069s
	Calibrated mode 1123/1780 in 5167.740s
	Calibrated mode 1124/1780 in 5172.349s
	Calibrated mode 1125/1780 in 5176.957s
	Calibrated mode 1126/1780 in 5181.567s
	Calibrated mode 1127/1780 in 5186.178s
	Calibrated mode 1128/1780 in 5190.781s
	Calibrated mode 1129/1780 in 5195.389s
	Calibrated mode 1130/1780 in 5199.996s
	Calibrated mode 1131/1780 in 5204.687s
	Calibrated mode 1132/1780 in 5209.293s
	Calibrated mode 1133/1780 in 5213.907s
	Calibrated mode 1134/1780 in 5218.520s
	Calibrated mode 1135/1780 in 5223.133s
	Calibrated mode 1136/1780 in 5227.749s
	Calibrated mode 1137/1780 in 5232.365s
	Calibrated mode 1138/1780 in 5236.976s
	Calibrated mode 1139/1780 in 5241.658s
	Calibrated mode 1140/1780 in 5246.271s
	Calibrated mode 1141/1780 in 5250.881s
	Calibrated mode 1142/1780 in 5255.488s
	Calibrated mode 1143/1780 in 5260.100s
	Calibrated mode 1144/1780 in 5264.710s
	Calibrated mode 1145/1780 in 5269.318s
	Calibrated mode 1146/1780 in 5273.930s
	Calibrated mode 1147/1780 in 5278.539s
	Calibrated mode 1148/1780 in 5283.207s
	Calibrated mode 1149/1780 in 5287.809s
	Calibrated mode 1150/1780 in 5292.417s
	Calibrated mode 1151/1780 in 5297.025s
	Calibrated mode 1152/1780 in 5301.630s
	Calibrated mode 1153/1780 in 5306.238s
	Calibrated mode 1154/1780 in 5310.843s
	Calibrated mode 1155/1780 in 5315.446s
	Calibrated mode 1156/1780 in 5320.054s
	Calibrated mode 1157/1780 in 5324.736s
	Calibrated mode 1158/1780 in 5329.340s
	Calibrated mode 1159/1780 in 5333.942s
	Calibrated mode 1160/1780 in 5338.550s
	Calibrated mode 1161/1780 in 5343.155s
	Calibrated mode 1162/1780 in 5347.760s
	Calibrated mode 1163/1780 in 5352.370s
	Calibrated mode 1164/1780 in 5356.975s
	Calibrated mode 1165/1780 in 5361.652s
	Calibrated mode 1166/1780 in 5366.256s
	Calibrated mode 1167/1780 in 5370.858s
	Calibrated mode 1168/1780 in 5375.460s
	Calibrated mode 1169/1780 in 5380.066s
	Calibrated mode 1170/1780 in 5384.668s
	Calibrated mode 1171/1780 in 5389.271s
	Calibrated mode 1172/1780 in 5393.876s
	Calibrated mode 1173/1780 in 5398.549s
	Calibrated mode 1174/1780 in 5403.154s
	Calibrated mode 1175/1780 in 5407.756s
	Calibrated mode 1176/1780 in 5412.361s
	Calibrated mode 1177/1780 in 5416.963s
	Calibrated mode 1178/1780 in 5421.564s
	Calibrated mode 1179/1780 in 5426.165s
	Calibrated mode 1180/1780 in 5430.771s
	Calibrated mode 1181/1780 in 5435.377s
	Calibrated mode 1182/1780 in 5440.055s
	Calibrated mode 1183/1780 in 5444.659s
	Calibrated mode 1184/1780 in 5449.259s
	Calibrated mode 1185/1780 in 5453.861s
	Calibrated mode 1186/1780 in 5458.465s
	Calibrated mode 1187/1780 in 5463.067s
	Calibrated mode 1188/1780 in 5467.668s
	Calibrated mode 1189/1780 in 5472.279s
	Calibrated mode 1190/1780 in 5476.880s
	Calibrated mode 1191/1780 in 5481.552s
	Calibrated mode 1192/1780 in 5486.154s
	Calibrated mode 1193/1780 in 5490.747s
	Calibrated mode 1194/1780 in 5495.347s
	Calibrated mode 1195/1780 in 5499.947s
	Calibrated mode 1196/1780 in 5504.545s
	Calibrated mode 1197/1780 in 5509.146s
	Calibrated mode 1198/1780 in 5513.745s
	Calibrated mode 1199/1780 in 5518.343s
	Calibrated mode 1200/1780 in 5523.006s
	Calibrated mode 1201/1780 in 5527.595s
	Calibrated mode 1202/1780 in 5532.191s
	Calibrated mode 1203/1780 in 5536.782s
	Calibrated mode 1204/1780 in 5541.374s
	Calibrated mode 1205/1780 in 5545.967s
	Calibrated mode 1206/1780 in 5550.563s
	Calibrated mode 1207/1780 in 5555.158s
	Calibrated mode 1208/1780 in 5559.833s
	Calibrated mode 1209/1780 in 5564.428s
	Calibrated mode 1210/1780 in 5569.023s
	Calibrated mode 1211/1780 in 5573.616s
	Calibrated mode 1212/1780 in 5578.208s
	Calibrated mode 1213/1780 in 5582.799s
	Calibrated mode 1214/1780 in 5587.393s
	Calibrated mode 1215/1780 in 5591.994s
	Calibrated mode 1216/1780 in 5596.656s
	Calibrated mode 1217/1780 in 5601.243s
	Calibrated mode 1218/1780 in 5605.830s
	Calibrated mode 1219/1780 in 5610.413s
	Calibrated mode 1220/1780 in 5614.999s
	Calibrated mode 1221/1780 in 5619.586s
	Calibrated mode 1222/1780 in 5624.178s
	Calibrated mode 1223/1780 in 5628.770s
	Calibrated mode 1224/1780 in 5633.364s
	Calibrated mode 1225/1780 in 5637.953s
	Calibrated mode 1226/1780 in 5642.612s
	Calibrated mode 1227/1780 in 5647.202s
	Calibrated mode 1228/1780 in 5651.792s
	Calibrated mode 1229/1780 in 5656.382s
	Calibrated mode 1230/1780 in 5660.975s
	Calibrated mode 1231/1780 in 5665.568s
	Calibrated mode 1232/1780 in 5670.158s
	Calibrated mode 1233/1780 in 5674.752s
	Calibrated mode 1234/1780 in 5679.422s
	Calibrated mode 1235/1780 in 5684.012s
	Calibrated mode 1236/1780 in 5688.607s
	Calibrated mode 1237/1780 in 5693.196s
	Calibrated mode 1238/1780 in 5697.792s
	Calibrated mode 1239/1780 in 5702.388s
	Calibrated mode 1240/1780 in 5706.983s
	Calibrated mode 1241/1780 in 5711.578s
	Calibrated mode 1242/1780 in 5716.243s
	Calibrated mode 1243/1780 in 5720.838s
	Calibrated mode 1244/1780 in 5725.432s
	Calibrated mode 1245/1780 in 5730.024s
	Calibrated mode 1246/1780 in 5734.625s
	Calibrated mode 1247/1780 in 5739.219s
	Calibrated mode 1248/1780 in 5743.818s
	Calibrated mode 1249/1780 in 5748.416s
	Calibrated mode 1250/1780 in 5753.016s
	Calibrated mode 1251/1780 in 5757.685s
	Calibrated mode 1252/1780 in 5762.285s
	Calibrated mode 1253/1780 in 5766.884s
	Calibrated mode 1254/1780 in 5771.483s
	Calibrated mode 1255/1780 in 5776.084s
	Calibrated mode 1256/1780 in 5780.685s
	Calibrated mode 1257/1780 in 5785.284s
	Calibrated mode 1258/1780 in 5789.884s
	Calibrated mode 1259/1780 in 5794.484s
	Calibrated mode 1260/1780 in 5799.162s
	Calibrated mode 1261/1780 in 5803.759s
	Calibrated mode 1262/1780 in 5808.354s
	Calibrated mode 1263/1780 in 5812.952s
	Calibrated mode 1264/1780 in 5817.556s
	Calibrated mode 1265/1780 in 5822.163s
	Calibrated mode 1266/1780 in 5826.769s
	Calibrated mode 1267/1780 in 5831.376s
	Calibrated mode 1268/1780 in 5836.054s
	Calibrated mode 1269/1780 in 5840.662s
	Calibrated mode 1270/1780 in 5845.266s
	Calibrated mode 1271/1780 in 5849.867s
	Calibrated mode 1272/1780 in 5854.476s
	Calibrated mode 1273/1780 in 5859.078s
	Calibrated mode 1274/1780 in 5863.683s
	Calibrated mode 1275/1780 in 5868.289s
	Calibrated mode 1276/1780 in 5872.897s
	Calibrated mode 1277/1780 in 5877.577s
	Calibrated mode 1278/1780 in 5882.189s
	Calibrated mode 1279/1780 in 5886.801s
	Calibrated mode 1280/1780 in 5891.416s
	Calibrated mode 1281/1780 in 5896.028s
	Calibrated mode 1282/1780 in 5900.637s
	Calibrated mode 1283/1780 in 5905.248s
	Calibrated mode 1284/1780 in 5909.867s
	Calibrated mode 1285/1780 in 5914.558s
	Calibrated mode 1286/1780 in 5919.163s
	Calibrated mode 1287/1780 in 5923.772s
	Calibrated mode 1288/1780 in 5928.382s
	Calibrated mode 1289/1780 in 5932.996s
	Calibrated mode 1290/1780 in 5937.606s
	Calibrated mode 1291/1780 in 5942.218s
	Calibrated mode 1292/1780 in 5946.832s
	Calibrated mode 1293/1780 in 5951.445s
	Calibrated mode 1294/1780 in 5956.061s
	Calibrated mode 1295/1780 in 5960.740s
	Calibrated mode 1296/1780 in 5965.346s
	Calibrated mode 1297/1780 in 5969.960s
	Calibrated mode 1298/1780 in 5974.571s
	Calibrated mode 1299/1780 in 5979.180s
	Calibrated mode 1300/1780 in 5983.786s
	Calibrated mode 1301/1780 in 5988.400s
	Calibrated mode 1302/1780 in 5993.013s
	Calibrated mode 1303/1780 in 5997.691s
	Calibrated mode 1304/1780 in 6002.299s
	Calibrated mode 1305/1780 in 6006.906s
	Calibrated mode 1306/1780 in 6011.512s
	Calibrated mode 1307/1780 in 6016.125s
	Calibrated mode 1308/1780 in 6020.733s
	Calibrated mode 1309/1780 in 6025.344s
	Calibrated mode 1310/1780 in 6029.951s
	Calibrated mode 1311/1780 in 6034.631s
	Calibrated mode 1312/1780 in 6039.238s
	Calibrated mode 1313/1780 in 6043.838s
	Calibrated mode 1314/1780 in 6048.442s
	Calibrated mode 1315/1780 in 6053.046s
	Calibrated mode 1316/1780 in 6057.649s
	Calibrated mode 1317/1780 in 6062.253s
	Calibrated mode 1318/1780 in 6066.857s
	Calibrated mode 1319/1780 in 6071.460s
	Calibrated mode 1320/1780 in 6076.128s
	Calibrated mode 1321/1780 in 6080.724s
	Calibrated mode 1322/1780 in 6085.319s
	Calibrated mode 1323/1780 in 6089.913s
	Calibrated mode 1324/1780 in 6094.508s
	Calibrated mode 1325/1780 in 6099.102s
	Calibrated mode 1326/1780 in 6103.702s
	Calibrated mode 1327/1780 in 6108.304s
	Calibrated mode 1328/1780 in 6112.901s
	Calibrated mode 1329/1780 in 6117.570s
	Calibrated mode 1330/1780 in 6122.159s
	Calibrated mode 1331/1780 in 6126.748s
	Calibrated mode 1332/1780 in 6131.343s
	Calibrated mode 1333/1780 in 6135.941s
	Calibrated mode 1334/1780 in 6140.536s
	Calibrated mode 1335/1780 in 6145.136s
	Calibrated mode 1336/1780 in 6149.733s
	Calibrated mode 1337/1780 in 6154.330s
	Calibrated mode 1338/1780 in 6158.996s
	Calibrated mode 1339/1780 in 6163.584s
	Calibrated mode 1340/1780 in 6168.174s
	Calibrated mode 1341/1780 in 6172.766s
	Calibrated mode 1342/1780 in 6177.356s
	Calibrated mode 1343/1780 in 6181.945s
	Calibrated mode 1344/1780 in 6186.536s
	Calibrated mode 1345/1780 in 6191.125s
	Calibrated mode 1346/1780 in 6195.778s
	Calibrated mode 1347/1780 in 6200.364s
	Calibrated mode 1348/1780 in 6204.951s
	Calibrated mode 1349/1780 in 6209.537s
	Calibrated mode 1350/1780 in 6214.118s
	Calibrated mode 1351/1780 in 6218.697s
	Calibrated mode 1352/1780 in 6223.278s
	Calibrated mode 1353/1780 in 6227.861s
	Calibrated mode 1354/1780 in 6232.523s
	Calibrated mode 1355/1780 in 6237.101s
	Calibrated mode 1356/1780 in 6241.682s
	Calibrated mode 1357/1780 in 6246.263s
	Calibrated mode 1358/1780 in 6250.841s
	Calibrated mode 1359/1780 in 6255.428s
	Calibrated mode 1360/1780 in 6260.012s
	Calibrated mode 1361/1780 in 6264.595s
	Calibrated mode 1362/1780 in 6269.176s
	Calibrated mode 1363/1780 in 6273.752s
	Calibrated mode 1364/1780 in 6278.403s
	Calibrated mode 1365/1780 in 6282.979s
	Calibrated mode 1366/1780 in 6287.559s
	Calibrated mode 1367/1780 in 6292.139s
	Calibrated mode 1368/1780 in 6296.722s
	Calibrated mode 1369/1780 in 6301.305s
	Calibrated mode 1370/1780 in 6305.888s
	Calibrated mode 1371/1780 in 6310.469s
	Calibrated mode 1372/1780 in 6315.122s
	Calibrated mode 1373/1780 in 6319.703s
	Calibrated mode 1374/1780 in 6324.280s
	Calibrated mode 1375/1780 in 6328.862s
	Calibrated mode 1376/1780 in 6333.445s
	Calibrated mode 1377/1780 in 6338.027s
	Calibrated mode 1378/1780 in 6342.611s
	Calibrated mode 1379/1780 in 6347.192s
	Calibrated mode 1380/1780 in 6351.846s
	Calibrated mode 1381/1780 in 6356.428s
	Calibrated mode 1382/1780 in 6361.015s
	Calibrated mode 1383/1780 in 6365.597s
	Calibrated mode 1384/1780 in 6370.185s
	Calibrated mode 1385/1780 in 6374.773s
	Calibrated mode 1386/1780 in 6379.364s
	Calibrated mode 1387/1780 in 6383.951s
	Calibrated mode 1388/1780 in 6388.537s
	Calibrated mode 1389/1780 in 6393.195s
	Calibrated mode 1390/1780 in 6397.775s
	Calibrated mode 1391/1780 in 6402.356s
	Calibrated mode 1392/1780 in 6406.940s
	Calibrated mode 1393/1780 in 6411.529s
	Calibrated mode 1394/1780 in 6416.117s
	Calibrated mode 1395/1780 in 6420.706s
	Calibrated mode 1396/1780 in 6425.292s
	Calibrated mode 1397/1780 in 6429.880s
	Calibrated mode 1398/1780 in 6434.540s
	Calibrated mode 1399/1780 in 6439.121s
	Calibrated mode 1400/1780 in 6443.704s
	Calibrated mode 1401/1780 in 6448.292s
	Calibrated mode 1402/1780 in 6452.873s
	Calibrated mode 1403/1780 in 6457.456s
	Calibrated mode 1404/1780 in 6462.038s
	Calibrated mode 1405/1780 in 6466.618s
	Calibrated mode 1406/1780 in 6471.200s
	Calibrated mode 1407/1780 in 6475.850s
	Calibrated mode 1408/1780 in 6480.435s
	Calibrated mode 1409/1780 in 6485.017s
	Calibrated mode 1410/1780 in 6489.601s
	Calibrated mode 1411/1780 in 6494.191s
	Calibrated mode 1412/1780 in 6498.777s
	Calibrated mode 1413/1780 in 6503.366s
	Calibrated mode 1414/1780 in 6507.952s
	Calibrated mode 1415/1780 in 6512.610s
	Calibrated mode 1416/1780 in 6517.190s
	Calibrated mode 1417/1780 in 6521.775s
	Calibrated mode 1418/1780 in 6526.358s
	Calibrated mode 1419/1780 in 6530.947s
	Calibrated mode 1420/1780 in 6535.530s
	Calibrated mode 1421/1780 in 6540.118s
	Calibrated mode 1422/1780 in 6544.706s
	Calibrated mode 1423/1780 in 6549.294s
	Calibrated mode 1424/1780 in 6553.946s
	Calibrated mode 1425/1780 in 6558.528s
	Calibrated mode 1426/1780 in 6563.110s
	Calibrated mode 1427/1780 in 6567.693s
	Calibrated mode 1428/1780 in 6572.270s
	Calibrated mode 1429/1780 in 6576.848s
	Calibrated mode 1430/1780 in 6581.433s
	Calibrated mode 1431/1780 in 6586.013s
	Calibrated mode 1432/1780 in 6590.595s
	Calibrated mode 1433/1780 in 6595.256s
	Calibrated mode 1434/1780 in 6599.832s
	Calibrated mode 1435/1780 in 6604.412s
	Calibrated mode 1436/1780 in 6608.993s
	Calibrated mode 1437/1780 in 6613.580s
	Calibrated mode 1438/1780 in 6618.163s
	Calibrated mode 1439/1780 in 6622.747s
	Calibrated mode 1440/1780 in 6627.335s
	Calibrated mode 1441/1780 in 6631.914s
	Calibrated mode 1442/1780 in 6636.567s
	Calibrated mode 1443/1780 in 6641.146s
	Calibrated mode 1444/1780 in 6645.722s
	Calibrated mode 1445/1780 in 6650.305s
	Calibrated mode 1446/1780 in 6654.890s
	Calibrated mode 1447/1780 in 6659.472s
	Calibrated mode 1448/1780 in 6664.053s
	Calibrated mode 1449/1780 in 6668.637s
	Calibrated mode 1450/1780 in 6673.291s
	Calibrated mode 1451/1780 in 6677.871s
	Calibrated mode 1452/1780 in 6682.452s
	Calibrated mode 1453/1780 in 6687.032s
	Calibrated mode 1454/1780 in 6691.611s
	Calibrated mode 1455/1780 in 6696.188s
	Calibrated mode 1456/1780 in 6700.771s
	Calibrated mode 1457/1780 in 6705.348s
	Calibrated mode 1458/1780 in 6709.932s
	Calibrated mode 1459/1780 in 6714.589s
	Calibrated mode 1460/1780 in 6719.166s
	Calibrated mode 1461/1780 in 6723.747s
	Calibrated mode 1462/1780 in 6728.327s
	Calibrated mode 1463/1780 in 6732.908s
	Calibrated mode 1464/1780 in 6737.493s
	Calibrated mode 1465/1780 in 6742.078s
	Calibrated mode 1466/1780 in 6746.661s
	Calibrated mode 1467/1780 in 6751.239s
	Calibrated mode 1468/1780 in 6755.889s
	Calibrated mode 1469/1780 in 6760.470s
	Calibrated mode 1470/1780 in 6765.048s
	Calibrated mode 1471/1780 in 6769.628s
	Calibrated mode 1472/1780 in 6774.206s
	Calibrated mode 1473/1780 in 6778.786s
	Calibrated mode 1474/1780 in 6783.365s
	Calibrated mode 1475/1780 in 6787.949s
	Calibrated mode 1476/1780 in 6792.531s
	Calibrated mode 1477/1780 in 6797.179s
	Calibrated mode 1478/1780 in 6801.759s
	Calibrated mode 1479/1780 in 6806.334s
	Calibrated mode 1480/1780 in 6810.912s
	Calibrated mode 1481/1780 in 6815.489s
	Calibrated mode 1482/1780 in 6820.070s
	Calibrated mode 1483/1780 in 6824.651s
	Calibrated mode 1484/1780 in 6829.232s
	Calibrated mode 1485/1780 in 6833.892s
	Calibrated mode 1486/1780 in 6838.471s
	Calibrated mode 1487/1780 in 6843.051s
	Calibrated mode 1488/1780 in 6847.633s
	Calibrated mode 1489/1780 in 6852.221s
	Calibrated mode 1490/1780 in 6856.806s
	Calibrated mode 1491/1780 in 6861.387s
	Calibrated mode 1492/1780 in 6865.968s
	Calibrated mode 1493/1780 in 6870.547s
	Calibrated mode 1494/1780 in 6875.203s
	Calibrated mode 1495/1780 in 6879.782s
	Calibrated mode 1496/1780 in 6884.364s
	Calibrated mode 1497/1780 in 6888.945s
	Calibrated mode 1498/1780 in 6893.531s
	Calibrated mode 1499/1780 in 6898.115s
	Calibrated mode 1500/1780 in 6902.696s
	Calibrated mode 1501/1780 in 6907.276s
	Calibrated mode 1502/1780 in 6911.857s
	Calibrated mode 1503/1780 in 6916.511s
	Calibrated mode 1504/1780 in 6921.087s
	Calibrated mode 1505/1780 in 6925.664s
	Calibrated mode 1506/1780 in 6930.242s
	Calibrated mode 1507/1780 in 6934.821s
	Calibrated mode 1508/1780 in 6939.400s
	Calibrated mode 1509/1780 in 6943.978s
	Calibrated mode 1510/1780 in 6948.557s
	Calibrated mode 1511/1780 in 6953.137s
	Calibrated mode 1512/1780 in 6957.787s
	Calibrated mode 1513/1780 in 6962.365s
	Calibrated mode 1514/1780 in 6966.948s
	Calibrated mode 1515/1780 in 6971.526s
	Calibrated mode 1516/1780 in 6976.108s
	Calibrated mode 1517/1780 in 6980.689s
	Calibrated mode 1518/1780 in 6985.273s
	Calibrated mode 1519/1780 in 6989.858s
	Calibrated mode 1520/1780 in 6994.514s
	Calibrated mode 1521/1780 in 6999.094s
	Calibrated mode 1522/1780 in 7003.678s
	Calibrated mode 1523/1780 in 7008.260s
	Calibrated mode 1524/1780 in 7012.841s
	Calibrated mode 1525/1780 in 7017.421s
	Calibrated mode 1526/1780 in 7022.003s
	Calibrated mode 1527/1780 in 7026.585s
	Calibrated mode 1528/1780 in 7031.170s
	Calibrated mode 1529/1780 in 7035.817s
	Calibrated mode 1530/1780 in 7040.394s
	Calibrated mode 1531/1780 in 7044.972s
	Calibrated mode 1532/1780 in 7049.549s
	Calibrated mode 1533/1780 in 7054.124s
	Calibrated mode 1534/1780 in 7058.701s
	Calibrated mode 1535/1780 in 7063.275s
	Calibrated mode 1536/1780 in 7067.854s
	Calibrated mode 1537/1780 in 7072.436s
	Calibrated mode 1538/1780 in 7077.096s
	Calibrated mode 1539/1780 in 7081.679s
	Calibrated mode 1540/1780 in 7086.260s
	Calibrated mode 1541/1780 in 7090.841s
	Calibrated mode 1542/1780 in 7095.423s
	Calibrated mode 1543/1780 in 7100.005s
	Calibrated mode 1544/1780 in 7104.587s
	Calibrated mode 1545/1780 in 7109.171s
	Calibrated mode 1546/1780 in 7113.757s
	Calibrated mode 1547/1780 in 7118.419s
	Calibrated mode 1548/1780 in 7123.000s
	Calibrated mode 1549/1780 in 7127.581s
	Calibrated mode 1550/1780 in 7132.168s
	Calibrated mode 1551/1780 in 7136.754s
	Calibrated mode 1552/1780 in 7141.340s
	Calibrated mode 1553/1780 in 7145.927s
	Calibrated mode 1554/1780 in 7150.512s
	Calibrated mode 1555/1780 in 7155.167s
	Calibrated mode 1556/1780 in 7159.749s
	Calibrated mode 1557/1780 in 7164.331s
	Calibrated mode 1558/1780 in 7168.913s
	Calibrated mode 1559/1780 in 7173.494s
	Calibrated mode 1560/1780 in 7178.071s
	Calibrated mode 1561/1780 in 7182.652s
	Calibrated mode 1562/1780 in 7187.236s
	Calibrated mode 1563/1780 in 7191.823s
	Calibrated mode 1564/1780 in 7196.484s
	Calibrated mode 1565/1780 in 7201.066s
	Calibrated mode 1566/1780 in 7205.649s
	Calibrated mode 1567/1780 in 7210.230s
	Calibrated mode 1568/1780 in 7214.808s
	Calibrated mode 1569/1780 in 7219.388s
	Calibrated mode 1570/1780 in 7223.973s
	Calibrated mode 1571/1780 in 7228.556s
	Calibrated mode 1572/1780 in 7233.133s
	Calibrated mode 1573/1780 in 7237.712s
	Calibrated mode 1574/1780 in 7242.362s
	Calibrated mode 1575/1780 in 7246.940s
	Calibrated mode 1576/1780 in 7251.522s
	Calibrated mode 1577/1780 in 7256.102s
	Calibrated mode 1578/1780 in 7260.682s
	Calibrated mode 1579/1780 in 7265.260s
	Calibrated mode 1580/1780 in 7269.843s
	Calibrated mode 1581/1780 in 7274.431s
	Calibrated mode 1582/1780 in 7279.079s
	Calibrated mode 1583/1780 in 7283.663s
	Calibrated mode 1584/1780 in 7288.240s
	Calibrated mode 1585/1780 in 7292.820s
	Calibrated mode 1586/1780 in 7297.400s
	Calibrated mode 1587/1780 in 7301.984s
	Calibrated mode 1588/1780 in 7306.570s
	Calibrated mode 1589/1780 in 7311.154s
	Calibrated mode 1590/1780 in 7315.808s
	Calibrated mode 1591/1780 in 7320.392s
	Calibrated mode 1592/1780 in 7324.976s
	Calibrated mode 1593/1780 in 7329.557s
	Calibrated mode 1594/1780 in 7334.137s
	Calibrated mode 1595/1780 in 7338.720s
	Calibrated mode 1596/1780 in 7343.302s
	Calibrated mode 1597/1780 in 7347.888s
	Calibrated mode 1598/1780 in 7352.468s
	Calibrated mode 1599/1780 in 7357.127s
	Calibrated mode 1600/1780 in 7361.710s
	Calibrated mode 1601/1780 in 7366.292s
	Calibrated mode 1602/1780 in 7370.879s
	Calibrated mode 1603/1780 in 7375.467s
	Calibrated mode 1604/1780 in 7380.053s
	Calibrated mode 1605/1780 in 7384.644s
	Calibrated mode 1606/1780 in 7389.239s
	Calibrated mode 1607/1780 in 7393.825s
	Calibrated mode 1608/1780 in 7398.417s
	Calibrated mode 1609/1780 in 7403.077s
	Calibrated mode 1610/1780 in 7407.665s
	Calibrated mode 1611/1780 in 7412.252s
	Calibrated mode 1612/1780 in 7416.835s
	Calibrated mode 1613/1780 in 7421.420s
	Calibrated mode 1614/1780 in 7426.007s
	Calibrated mode 1615/1780 in 7430.604s
	Calibrated mode 1616/1780 in 7435.193s
	Calibrated mode 1617/1780 in 7439.853s
	Calibrated mode 1618/1780 in 7444.440s
	Calibrated mode 1619/1780 in 7449.027s
	Calibrated mode 1620/1780 in 7453.619s
	Calibrated mode 1621/1780 in 7458.213s
	Calibrated mode 1622/1780 in 7462.809s
	Calibrated mode 1623/1780 in 7467.402s
	Calibrated mode 1624/1780 in 7471.995s
	Calibrated mode 1625/1780 in 7476.669s
	Calibrated mode 1626/1780 in 7481.265s
	Calibrated mode 1627/1780 in 7485.854s
	Calibrated mode 1628/1780 in 7490.449s
	Calibrated mode 1629/1780 in 7495.042s
	Calibrated mode 1630/1780 in 7499.635s
	Calibrated mode 1631/1780 in 7504.228s
	Calibrated mode 1632/1780 in 7508.824s
	Calibrated mode 1633/1780 in 7513.420s
	Calibrated mode 1634/1780 in 7518.089s
	Calibrated mode 1635/1780 in 7522.682s
	Calibrated mode 1636/1780 in 7527.272s
	Calibrated mode 1637/1780 in 7531.867s
	Calibrated mode 1638/1780 in 7536.463s
	Calibrated mode 1639/1780 in 7541.056s
	Calibrated mode 1640/1780 in 7545.653s
	Calibrated mode 1641/1780 in 7550.251s
	Calibrated mode 1642/1780 in 7554.849s
	Calibrated mode 1643/1780 in 7559.447s
	Calibrated mode 1644/1780 in 7564.118s
	Calibrated mode 1645/1780 in 7568.715s
	Calibrated mode 1646/1780 in 7573.311s
	Calibrated mode 1647/1780 in 7577.911s
	Calibrated mode 1648/1780 in 7582.509s
	Calibrated mode 1649/1780 in 7587.106s
	Calibrated mode 1650/1780 in 7591.704s
	Calibrated mode 1651/1780 in 7596.302s
	Calibrated mode 1652/1780 in 7600.980s
	Calibrated mode 1653/1780 in 7605.576s
	Calibrated mode 1654/1780 in 7610.175s
	Calibrated mode 1655/1780 in 7614.774s
	Calibrated mode 1656/1780 in 7619.376s
	Calibrated mode 1657/1780 in 7623.978s
	Calibrated mode 1658/1780 in 7628.582s
	Calibrated mode 1659/1780 in 7633.187s
	Calibrated mode 1660/1780 in 7637.793s
	Calibrated mode 1661/1780 in 7642.470s
	Calibrated mode 1662/1780 in 7647.073s
	Calibrated mode 1663/1780 in 7651.678s
	Calibrated mode 1664/1780 in 7656.284s
	Calibrated mode 1665/1780 in 7660.884s
	Calibrated mode 1666/1780 in 7665.492s
	Calibrated mode 1667/1780 in 7670.098s
	Calibrated mode 1668/1780 in 7674.704s
	Calibrated mode 1669/1780 in 7679.315s
	Calibrated mode 1670/1780 in 7683.992s
	Calibrated mode 1671/1780 in 7688.599s
	Calibrated mode 1672/1780 in 7693.205s
	Calibrated mode 1673/1780 in 7697.810s
	Calibrated mode 1674/1780 in 7702.413s
	Calibrated mode 1675/1780 in 7707.015s
	Calibrated mode 1676/1780 in 7711.618s
	Calibrated mode 1677/1780 in 7716.223s
	Calibrated mode 1678/1780 in 7720.834s
	Calibrated mode 1679/1780 in 7725.524s
	Calibrated mode 1680/1780 in 7730.131s
	Calibrated mode 1681/1780 in 7734.737s
	Calibrated mode 1682/1780 in 7739.344s
	Calibrated mode 1683/1780 in 7743.953s
	Calibrated mode 1684/1780 in 7748.567s
	Calibrated mode 1685/1780 in 7753.178s
	Calibrated mode 1686/1780 in 7757.792s
	Calibrated mode 1687/1780 in 7762.409s
	Calibrated mode 1688/1780 in 7767.088s
	Calibrated mode 1689/1780 in 7771.688s
	Calibrated mode 1690/1780 in 7776.291s
	Calibrated mode 1691/1780 in 7780.889s
	Calibrated mode 1692/1780 in 7785.488s
	Calibrated mode 1693/1780 in 7790.086s
	Calibrated mode 1694/1780 in 7794.694s
	Calibrated mode 1695/1780 in 7799.304s
	Calibrated mode 1696/1780 in 7803.978s
	Calibrated mode 1697/1780 in 7808.580s
	Calibrated mode 1698/1780 in 7813.181s
	Calibrated mode 1699/1780 in 7817.788s
	Calibrated mode 1700/1780 in 7822.392s
	Calibrated mode 1701/1780 in 7827.078s
	Calibrated mode 1702/1780 in 7831.687s
	Calibrated mode 1703/1780 in 7836.294s
	Calibrated mode 1704/1780 in 7840.899s
	Calibrated mode 1705/1780 in 7845.586s
	Calibrated mode 1706/1780 in 7850.192s
	Calibrated mode 1707/1780 in 7854.798s
	Calibrated mode 1708/1780 in 7859.405s
	Calibrated mode 1709/1780 in 7864.005s
	Calibrated mode 1710/1780 in 7868.608s
	Calibrated mode 1711/1780 in 7873.218s
	Calibrated mode 1712/1780 in 7877.832s
	Calibrated mode 1713/1780 in 7882.454s
	Calibrated mode 1714/1780 in 7887.060s
	Calibrated mode 1715/1780 in 7891.735s
	Calibrated mode 1716/1780 in 7896.341s
	Calibrated mode 1717/1780 in 7900.951s
	Calibrated mode 1718/1780 in 7905.564s
	Calibrated mode 1719/1780 in 7910.176s
	Calibrated mode 1720/1780 in 7914.788s
	Calibrated mode 1721/1780 in 7919.402s
	Calibrated mode 1722/1780 in 7924.012s
	Calibrated mode 1723/1780 in 7928.690s
	Calibrated mode 1724/1780 in 7933.293s
	Calibrated mode 1725/1780 in 7937.902s
	Calibrated mode 1726/1780 in 7942.510s
	Calibrated mode 1727/1780 in 7947.115s
	Calibrated mode 1728/1780 in 7951.723s
	Calibrated mode 1729/1780 in 7956.336s
	Calibrated mode 1730/1780 in 7960.942s
	Calibrated mode 1731/1780 in 7965.628s
	Calibrated mode 1732/1780 in 7970.236s
	Calibrated mode 1733/1780 in 7974.839s
	Calibrated mode 1734/1780 in 7979.448s
	Calibrated mode 1735/1780 in 7984.057s
	Calibrated mode 1736/1780 in 7988.668s
	Calibrated mode 1737/1780 in 7993.281s
	Calibrated mode 1738/1780 in 7997.896s
	Calibrated mode 1739/1780 in 8002.505s
	Calibrated mode 1740/1780 in 8007.185s
	Calibrated mode 1741/1780 in 8011.787s
	Calibrated mode 1742/1780 in 8016.390s
	Calibrated mode 1743/1780 in 8020.996s
	Calibrated mode 1744/1780 in 8025.601s
	Calibrated mode 1745/1780 in 8030.208s
	Calibrated mode 1746/1780 in 8034.819s
	Calibrated mode 1747/1780 in 8039.426s
	Calibrated mode 1748/1780 in 8044.035s
	Calibrated mode 1749/1780 in 8048.643s
	Calibrated mode 1750/1780 in 8053.317s
	Calibrated mode 1751/1780 in 8057.923s
	Calibrated mode 1752/1780 in 8062.522s
	Calibrated mode 1753/1780 in 8067.124s
	Calibrated mode 1754/1780 in 8071.732s
	Calibrated mode 1755/1780 in 8076.342s
	Calibrated mode 1756/1780 in 8080.951s
	Calibrated mode 1757/1780 in 8085.558s
	Calibrated mode 1758/1780 in 8090.167s
	Calibrated mode 1759/1780 in 8094.850s
	Calibrated mode 1760/1780 in 8099.451s
	Calibrated mode 1761/1780 in 8104.061s
	Calibrated mode 1762/1780 in 8108.668s
	Calibrated mode 1763/1780 in 8113.276s
	Calibrated mode 1764/1780 in 8117.888s
	Calibrated mode 1765/1780 in 8122.495s
	Calibrated mode 1766/1780 in 8127.099s
	Calibrated mode 1767/1780 in 8131.787s
	Calibrated mode 1768/1780 in 8136.433s
	Calibrated mode 1769/1780 in 8141.037s
	Calibrated mode 1770/1780 in 8145.641s
	Calibrated mode 1771/1780 in 8150.242s
	Calibrated mode 1772/1780 in 8154.844s
	Calibrated mode 1773/1780 in 8159.450s
	Calibrated mode 1774/1780 in 8164.057s
	Calibrated mode 1775/1780 in 8168.663s
	Calibrated mode 1776/1780 in 8173.329s
	Calibrated mode 1777/1780 in 8177.930s
	Calibrated mode 1778/1780 in 8182.531s
	Calibrated mode 1779/1780 in 8187.126s
	Calibrated mode 1780/1780 in 8191.725s
Calibration complete.
Saved data to:  /home/kianmilani/Projects/roman-cgi-iefc-data/response-data/spc_wide_iefc_2dm_poke_response_matrix_20230713.fits
Saved data to:  /home/kianmilani/Projects/roman-cgi-iefc-data/response-data/spc_wide_iefc_2dm_poke_response_cube_20230713.fits
